[0.026s] Invoking command in '/home/avees/coordinator_node/build/coordinator': CMAKE_PREFIX_PATH=${CMAKE_PREFIX_PATH}:/opt/ros/foxy /usr/bin/cmake --build /home/avees/coordinator_node/build/coordinator -- -j6 -l6
[0.150s] [35m[1mScanning dependencies of target coordinator_node[0m
[0.267s] [  6%] [32mBuilding CXX object CMakeFiles/coordinator_node.dir/src/main.cpp.o[0m
[0.268s] [  6%] [32mBuilding CXX object CMakeFiles/coordinator_node.dir/src/coordinator.cpp.o[0m
[7.395s] In file included from [01m[K/opt/ros/foxy/include/rclcpp/client.hpp:40[m[K,
[7.395s]                  from [01m[K/opt/ros/foxy/include/rclcpp/callback_group.hpp:23[m[K,
[7.395s]                  from [01m[K/opt/ros/foxy/include/rclcpp/any_executable.hpp:20[m[K,
[7.396s]                  from [01m[K/opt/ros/foxy/include/rclcpp/memory_strategy.hpp:24[m[K,
[7.396s]                  from [01m[K/opt/ros/foxy/include/rclcpp/memory_strategies.hpp:18[m[K,
[7.396s]                  from [01m[K/opt/ros/foxy/include/rclcpp/executor_options.hpp:20[m[K,
[7.396s]                  from [01m[K/opt/ros/foxy/include/rclcpp/executor.hpp:33[m[K,
[7.396s]                  from [01m[K/opt/ros/foxy/include/rclcpp/executors/multi_threaded_executor.hpp:26[m[K,
[7.396s]                  from [01m[K/opt/ros/foxy/include/rclcpp/executors.hpp:21[m[K,
[7.396s]                  from [01m[K/opt/ros/foxy/include/rclcpp/rclcpp.hpp:146[m[K,
[7.397s]                  from [01m[K/home/avees/coordinator_node/src/coordinator/include/coordinator/coordinator.hpp:5[m[K,
[7.397s]                  from [01m[K/home/avees/coordinator_node/src/coordinator/src/coordinator.cpp:1[m[K:
[7.397s] [01m[K/home/avees/coordinator_node/src/coordinator/src/coordinator.cpp:[m[K In lambda function:
[7.397s] [01m[K/home/avees/coordinator_node/src/coordinator/src/coordinator.cpp:40:17:[m[K [01;31m[Kerror: [m[Kuse of deleted function ‘[01m[Kstd::atomic<long unsigned int>::atomic(const std::atomic<long unsigned int>&)[m[K’
[7.397s]    40 |                 [01;31m[KRCLCPP_INFO[m[K(this->get_logger(), "ReadyFlag from node_%d, frame_id=%s, ready_frame=%lu new_frame=%lu current_frame=%lu ",node_id, msg->frame_id.c_str(), ready_frame_, new_frame_, current_frame_);
[7.397s]       |                 [01;31m[K^~~~~~~~~~~[m[K
[7.397s] In file included from [01m[K/usr/include/c++/9/future:42[m[K,
[7.397s]                  from [01m[K/opt/ros/foxy/include/rclcpp/executors.hpp:18[m[K,
[7.398s]                  from [01m[K/opt/ros/foxy/include/rclcpp/rclcpp.hpp:146[m[K,
[7.398s]                  from [01m[K/home/avees/coordinator_node/src/coordinator/include/coordinator/coordinator.hpp:5[m[K,
[7.398s]                  from [01m[K/home/avees/coordinator_node/src/coordinator/src/coordinator.cpp:1[m[K:
[7.398s] [01m[K/usr/include/c++/9/atomic:824:7:[m[K [01;36m[Knote: [m[Kdeclared here
[7.398s]   824 |       [01;36m[Katomic[m[K(const atomic&) = delete;
[7.398s]       |       [01;36m[K^~~~~~[m[K
[7.452s] [01m[K/home/avees/coordinator_node/src/coordinator/src/coordinator.cpp:[m[K In member function ‘[01m[Kvoid Coordinator::split_scheduling(const std::vector<int>&, uint64_t)[m[K’:
[7.452s] [01m[K/home/avees/coordinator_node/src/coordinator/src/coordinator.cpp:246:23:[m[K [01;35m[Kwarning: [m[Kcomparison of integer expressions of different signedness: ‘[01m[Kint[m[K’ and ‘[01m[Kstd::vector<int>::size_type[m[K’ {aka ‘[01m[Klong unsigned int[m[K’} [[01;35m[K-Wsign-compare[m[K]
[7.453s]   246 |     for (int i = 0; [01;35m[Ki < avail_nodes.size()[m[K; i++) {
[7.453s]       |                     [01;35m[K~~^~~~~~~~~~~~~~~~~~~~[m[K
[7.467s] [01m[K/home/avees/coordinator_node/src/coordinator/src/coordinator.cpp:287:26:[m[K [01;35m[Kwarning: [m[Knarrowing conversion of ‘[01m[Kframe_time[m[K’ from ‘[01m[Kuint64_t[m[K’ {aka ‘[01m[Klong unsigned int[m[K’} to ‘[01m[Klong int[m[K’ [[01;35m[K-Wnarrowing[m[K]
[7.467s]   287 |             roi_.data = {[01;35m[Kframe_time[m[K, x_offset, y_offset, w_offset, h_offset};
[7.467s]       |                          [01;35m[K^~~~~~~~~~[m[K
[7.468s] [01m[K/home/avees/coordinator_node/src/coordinator/src/coordinator.cpp:287:26:[m[K [01;35m[Kwarning: [m[Knarrowing conversion of ‘[01m[Kframe_time[m[K’ from ‘[01m[Kuint64_t[m[K’ {aka ‘[01m[Klong unsigned int[m[K’} to ‘[01m[Klong int[m[K’ [[01;35m[K-Wnarrowing[m[K]
[7.473s] [01m[K/home/avees/coordinator_node/src/coordinator/src/coordinator.cpp:291:66:[m[K [01;35m[Kwarning: [m[Knarrowing conversion of ‘[01m[Kframe_time[m[K’ from ‘[01m[Kuint64_t[m[K’ {aka ‘[01m[Klong unsigned int[m[K’} to ‘[01m[Klong int[m[K’ [[01;35m[K-Wnarrowing[m[K]
[7.473s]   291 |             total_roi_msg.data.insert(total_roi_msg.data.end(), {[01;35m[Kframe_time[m[K, x_offset, y_offset, w_offset, h_offset});
[7.473s]       |                                                                  [01;35m[K^~~~~~~~~~[m[K
[7.473s] [01m[K/home/avees/coordinator_node/src/coordinator/src/coordinator.cpp:291:66:[m[K [01;35m[Kwarning: [m[Knarrowing conversion of ‘[01m[Kframe_time[m[K’ from ‘[01m[Kuint64_t[m[K’ {aka ‘[01m[Klong unsigned int[m[K’} to ‘[01m[Klong int[m[K’ [[01;35m[K-Wnarrowing[m[K]
[14.366s] make[2]: *** [CMakeFiles/coordinator_node.dir/build.make:76: CMakeFiles/coordinator_node.dir/src/coordinator.cpp.o] Error 1
[14.367s] make[1]: *** [CMakeFiles/Makefile2:78: CMakeFiles/coordinator_node.dir/all] Error 2
[14.367s] make: *** [Makefile:141: all] Error 2
[14.374s] Invoked command in '/home/avees/coordinator_node/build/coordinator' returned '2': CMAKE_PREFIX_PATH=${CMAKE_PREFIX_PATH}:/opt/ros/foxy /usr/bin/cmake --build /home/avees/coordinator_node/build/coordinator -- -j6 -l6
