[01m[K/home/avees/coordinator/src/coordinator.cpp:[m[K In member function ‘[01m[Kvoid Coordinator::FrameCallback(const FramePtr&)[m[K’:
[01m[K/home/avees/coordinator/src/coordinator.cpp:188:8:[m[K [01;31m[Kerror: [m[K‘[01m[Kstruct TimestampData[m[K’ has no member named ‘[01m[Kstart_framecallback[m[K’
  188 |     ts.[01;31m[Kstart_framecallback[m[K = get_time_in_ms();
      |        [01;31m[K^~~~~~~~~~~~~~~~~~~[m[K
[01m[K/home/avees/coordinator/src/coordinator.cpp:[m[K In member function ‘[01m[Kvoid Coordinator::split_scheduling()[m[K’:
[01m[K/home/avees/coordinator/src/coordinator.cpp:210:8:[m[K [01;31m[Kerror: [m[K‘[01m[Kstruct TimestampData[m[K’ has no member named ‘[01m[Kstart_split_preprocess[m[K’
  210 |     ts.[01;31m[Kstart_split_preprocess[m[K = get_time_in_ms();
      |        [01;31m[K^~~~~~~~~~~~~~~~~~~~~~[m[K
[01m[K/home/avees/coordinator/src/coordinator.cpp:228:8:[m[K [01;31m[Kerror: [m[K‘[01m[Kstruct TimestampData[m[K’ has no member named ‘[01m[Kend_split_preprocess[m[K’
  228 |     ts.[01;31m[Kend_split_preprocess[m[K = get_time_in_ms();
      |        [01;31m[K^~~~~~~~~~~~~~~~~~~~[m[K
[01m[K/home/avees/coordinator/src/coordinator.cpp:[m[K In member function ‘[01m[Kvoid Coordinator::SaveTimestamp(const TimestampData&)[m[K’:
[01m[K/home/avees/coordinator/src/coordinator.cpp:297:28:[m[K [01;31m[Kerror: [m[K‘[01m[Kconst struct TimestampData[m[K’ has no member named ‘[01m[Kstart_framecallback[m[K’
  297 |         csv_file_ << data. [01;31m[Kstart_framecallback[m[K << ","
      |                            [01;31m[K^~~~~~~~~~~~~~~~~~~[m[K
[01m[K/home/avees/coordinator/src/coordinator.cpp:302:27:[m[K [01;31m[Kerror: [m[K‘[01m[Kconst struct TimestampData[m[K’ has no member named ‘[01m[Kstart_split_preprocess[m[K’
  302 |                   << data.[01;31m[Kstart_split_preprocess[m[K << ","
      |                           [01;31m[K^~~~~~~~~~~~~~~~~~~~~~[m[K
[01m[K/home/avees/coordinator/src/coordinator.cpp:303:28:[m[K [01;31m[Kerror: [m[K‘[01m[Kconst struct TimestampData[m[K’ has no member named ‘[01m[Kend_split_preprocess[m[K’
  303 |                   << (data.[01;31m[Kend_split_preprocess[m[K - data.start_split_preprocess) << ","
      |                            [01;31m[K^~~~~~~~~~~~~~~~~~~~[m[K
[01m[K/home/avees/coordinator/src/coordinator.cpp:303:56:[m[K [01;31m[Kerror: [m[K‘[01m[Kconst struct TimestampData[m[K’ has no member named ‘[01m[Kstart_split_preprocess[m[K’
  303 |                   << (data.end_split_preprocess - data.[01;31m[Kstart_split_preprocess[m[K) << ","
      |                                                        [01;31m[K^~~~~~~~~~~~~~~~~~~~~~[m[K
[01m[K/home/avees/coordinator/src/coordinator.cpp:304:27:[m[K [01;31m[Kerror: [m[K‘[01m[Kconst struct TimestampData[m[K’ has no member named ‘[01m[Kend_split_preprocess[m[K’
  304 |                   << data.[01;31m[Kend_split_preprocess[m[K << ","
      |                           [01;31m[K^~~~~~~~~~~~~~~~~~~~[m[K
make[2]: *** [CMakeFiles/coordinator_node.dir/build.make:76: CMakeFiles/coordinator_node.dir/src/coordinator.cpp.o] Error 1
make[1]: *** [CMakeFiles/Makefile2:78: CMakeFiles/coordinator_node.dir/all] Error 2
make: *** [Makefile:141: all] Error 2
