[0.024s] Invoking command in '/home/avees/coordinator/build/coordinator': CMAKE_PREFIX_PATH=/opt/ros/foxy /usr/bin/cmake --build /home/avees/coordinator/build/coordinator -- -j6 -l6
[0.131s] [35m[1mScanning dependencies of target coordinator_node[0m
[0.223s] [  6%] [32mBuilding CXX object CMakeFiles/coordinator_node.dir/src/coordinator.cpp.o[0m
[0.223s] [  6%] [32mBuilding CXX object CMakeFiles/coordinator_node.dir/src/main.cpp.o[0m
[4.545s] In file included from [01m[K/home/avees/coordinator/src/main.cpp:2[m[K:
[4.546s] [01m[K/home/avees/coordinator/include/coordinator/coordinator.hpp:61:24:[m[K [01;35m[Kwarning: [m[Kconverting to ‘[01m[Krclcpp::Time[m[K’ from initializer list would use explicit constructor ‘[01m[Krclcpp::Time::Time(int64_t, rcl_clock_type_t)[m[K’
[4.546s]    61 |         {1, NodeStatus{[01;35m[K}[m[K},
[4.546s]       |                        [01;35m[K^[m[K
[4.547s] [01m[K/home/avees/coordinator/include/coordinator/coordinator.hpp:61:24:[m[K [01;36m[Knote: [m[Kin C++11 and above a default constructor can be explicit
[4.547s] [01m[K/home/avees/coordinator/include/coordinator/coordinator.hpp:62:24:[m[K [01;35m[Kwarning: [m[Kconverting to ‘[01m[Krclcpp::Time[m[K’ from initializer list would use explicit constructor ‘[01m[Krclcpp::Time::Time(int64_t, rcl_clock_type_t)[m[K’
[4.547s]    62 |         {2, NodeStatus{[01;35m[K}[m[K},
[4.547s]       |                        [01;35m[K^[m[K
[4.547s] [01m[K/home/avees/coordinator/include/coordinator/coordinator.hpp:62:24:[m[K [01;36m[Knote: [m[Kin C++11 and above a default constructor can be explicit
[4.547s] [01m[K/home/avees/coordinator/include/coordinator/coordinator.hpp:63:24:[m[K [01;35m[Kwarning: [m[Kconverting to ‘[01m[Krclcpp::Time[m[K’ from initializer list would use explicit constructor ‘[01m[Krclcpp::Time::Time(int64_t, rcl_clock_type_t)[m[K’
[4.547s]    63 |         {3, NodeStatus{[01;35m[K}[m[K},
[4.548s]       |                        [01;35m[K^[m[K
[4.548s] [01m[K/home/avees/coordinator/include/coordinator/coordinator.hpp:63:24:[m[K [01;36m[Knote: [m[Kin C++11 and above a default constructor can be explicit
[4.548s] [01m[K/home/avees/coordinator/include/coordinator/coordinator.hpp:64:24:[m[K [01;35m[Kwarning: [m[Kconverting to ‘[01m[Krclcpp::Time[m[K’ from initializer list would use explicit constructor ‘[01m[Krclcpp::Time::Time(int64_t, rcl_clock_type_t)[m[K’
[4.548s]    64 |         {4, NodeStatus{[01;35m[K}[m[K},
[4.548s]       |                        [01;35m[K^[m[K
[4.548s] [01m[K/home/avees/coordinator/include/coordinator/coordinator.hpp:64:24:[m[K [01;36m[Knote: [m[Kin C++11 and above a default constructor can be explicit
[4.548s] [01m[K/home/avees/coordinator/include/coordinator/coordinator.hpp:65:24:[m[K [01;35m[Kwarning: [m[Kconverting to ‘[01m[Krclcpp::Time[m[K’ from initializer list would use explicit constructor ‘[01m[Krclcpp::Time::Time(int64_t, rcl_clock_type_t)[m[K’
[4.548s]    65 |         {5, NodeStatus{[01;35m[K}[m[K}
[4.549s]       |                        [01;35m[K^[m[K
[4.549s] [01m[K/home/avees/coordinator/include/coordinator/coordinator.hpp:65:24:[m[K [01;36m[Knote: [m[Kin C++11 and above a default constructor can be explicit
[4.628s] In file included from [01m[K/home/avees/coordinator/src/coordinator.cpp:1[m[K:
[4.628s] [01m[K/home/avees/coordinator/include/coordinator/coordinator.hpp:61:24:[m[K [01;35m[Kwarning: [m[Kconverting to ‘[01m[Krclcpp::Time[m[K’ from initializer list would use explicit constructor ‘[01m[Krclcpp::Time::Time(int64_t, rcl_clock_type_t)[m[K’
[4.628s]    61 |         {1, NodeStatus{[01;35m[K}[m[K},
[4.629s]       |                        [01;35m[K^[m[K
[4.629s] [01m[K/home/avees/coordinator/include/coordinator/coordinator.hpp:61:24:[m[K [01;36m[Knote: [m[Kin C++11 and above a default constructor can be explicit
[4.629s] [01m[K/home/avees/coordinator/include/coordinator/coordinator.hpp:62:24:[m[K [01;35m[Kwarning: [m[Kconverting to ‘[01m[Krclcpp::Time[m[K’ from initializer list would use explicit constructor ‘[01m[Krclcpp::Time::Time(int64_t, rcl_clock_type_t)[m[K’
[4.629s]    62 |         {2, NodeStatus{[01;35m[K}[m[K},
[4.629s]       |                        [01;35m[K^[m[K
[4.629s] [01m[K/home/avees/coordinator/include/coordinator/coordinator.hpp:62:24:[m[K [01;36m[Knote: [m[Kin C++11 and above a default constructor can be explicit
[4.629s] [01m[K/home/avees/coordinator/include/coordinator/coordinator.hpp:63:24:[m[K [01;35m[Kwarning: [m[Kconverting to ‘[01m[Krclcpp::Time[m[K’ from initializer list would use explicit constructor ‘[01m[Krclcpp::Time::Time(int64_t, rcl_clock_type_t)[m[K’
[4.630s]    63 |         {3, NodeStatus{[01;35m[K}[m[K},
[4.630s]       |                        [01;35m[K^[m[K
[4.630s] [01m[K/home/avees/coordinator/include/coordinator/coordinator.hpp:63:24:[m[K [01;36m[Knote: [m[Kin C++11 and above a default constructor can be explicit
[4.630s] [01m[K/home/avees/coordinator/include/coordinator/coordinator.hpp:64:24:[m[K [01;35m[Kwarning: [m[Kconverting to ‘[01m[Krclcpp::Time[m[K’ from initializer list would use explicit constructor ‘[01m[Krclcpp::Time::Time(int64_t, rcl_clock_type_t)[m[K’
[4.630s]    64 |         {4, NodeStatus{[01;35m[K}[m[K},
[4.630s]       |                        [01;35m[K^[m[K
[4.631s] [01m[K/home/avees/coordinator/include/coordinator/coordinator.hpp:64:24:[m[K [01;36m[Knote: [m[Kin C++11 and above a default constructor can be explicit
[4.631s] [01m[K/home/avees/coordinator/include/coordinator/coordinator.hpp:65:24:[m[K [01;35m[Kwarning: [m[Kconverting to ‘[01m[Krclcpp::Time[m[K’ from initializer list would use explicit constructor ‘[01m[Krclcpp::Time::Time(int64_t, rcl_clock_type_t)[m[K’
[4.631s]    65 |         {5, NodeStatus{[01;35m[K}[m[K}
[4.631s]       |                        [01;35m[K^[m[K
[4.631s] [01m[K/home/avees/coordinator/include/coordinator/coordinator.hpp:65:24:[m[K [01;36m[Knote: [m[Kin C++11 and above a default constructor can be explicit
[15.133s] [  9%] [32m[1mLinking CXX executable coordinator_node[0m
[16.200s] [100%] Built target coordinator_node
[16.225s] Invoked command in '/home/avees/coordinator/build/coordinator' returned '0': CMAKE_PREFIX_PATH=/opt/ros/foxy /usr/bin/cmake --build /home/avees/coordinator/build/coordinator -- -j6 -l6
[16.255s] Invoking command in '/home/avees/coordinator/build/coordinator': CMAKE_PREFIX_PATH=/opt/ros/foxy /usr/bin/cmake --install /home/avees/coordinator/build/coordinator
[16.272s] -- Install configuration: ""
[16.272s] -- Installing: /home/avees/coordinator/install/coordinator/lib/coordinator/coordinator_node
[16.283s] -- Set runtime path of "/home/avees/coordinator/install/coordinator/lib/coordinator/coordinator_node" to ""
[16.283s] -- Up-to-date: /home/avees/coordinator/install/coordinator/share/coordinator/launch
[16.283s] -- Up-to-date: /home/avees/coordinator/install/coordinator/share/coordinator/launch/coordinator_launch.py
[16.284s] -- Up-to-date: /home/avees/coordinator/install/coordinator/share/coordinator/config
[16.284s] -- Up-to-date: /home/avees/coordinator/install/coordinator/share/coordinator/config/params.yaml
[16.285s] -- Up-to-date: /home/avees/coordinator/install/coordinator/share/ament_index/resource_index/package_run_dependencies/coordinator
[16.285s] -- Up-to-date: /home/avees/coordinator/install/coordinator/share/ament_index/resource_index/parent_prefix_path/coordinator
[16.286s] -- Up-to-date: /home/avees/coordinator/install/coordinator/share/coordinator/environment/ament_prefix_path.sh
[16.286s] -- Up-to-date: /home/avees/coordinator/install/coordinator/share/coordinator/environment/ament_prefix_path.dsv
[16.286s] -- Up-to-date: /home/avees/coordinator/install/coordinator/share/coordinator/environment/path.sh
[16.286s] -- Up-to-date: /home/avees/coordinator/install/coordinator/share/coordinator/environment/path.dsv
[16.286s] -- Up-to-date: /home/avees/coordinator/install/coordinator/share/coordinator/local_setup.bash
[16.286s] -- Up-to-date: /home/avees/coordinator/install/coordinator/share/coordinator/local_setup.sh
[16.287s] -- Up-to-date: /home/avees/coordinator/install/coordinator/share/coordinator/local_setup.zsh
[16.287s] -- Up-to-date: /home/avees/coordinator/install/coordinator/share/coordinator/local_setup.dsv
[16.287s] -- Installing: /home/avees/coordinator/install/coordinator/share/coordinator/package.dsv
[16.287s] -- Up-to-date: /home/avees/coordinator/install/coordinator/share/ament_index/resource_index/packages/coordinator
[16.287s] -- Up-to-date: /home/avees/coordinator/install/coordinator/share/coordinator/cmake/coordinatorConfig.cmake
[16.288s] -- Up-to-date: /home/avees/coordinator/install/coordinator/share/coordinator/cmake/coordinatorConfig-version.cmake
[16.290s] -- Up-to-date: /home/avees/coordinator/install/coordinator/share/coordinator/package.xml
[16.291s] Invoked command in '/home/avees/coordinator/build/coordinator' returned '0': CMAKE_PREFIX_PATH=/opt/ros/foxy /usr/bin/cmake --install /home/avees/coordinator/build/coordinator
