[0.023s] Invoking command in '/home/avees/coordinator_node/build/coordinator': CMAKE_PREFIX_PATH=${CMAKE_PREFIX_PATH}:/opt/ros/foxy /usr/bin/cmake /home/avees/coordinator_node/src/coordinator -DCMAKE_INSTALL_PREFIX=/home/avees/coordinator_node/install/coordinator
[0.158s] -- The C compiler identification is GNU 9.4.0
[0.263s] -- The CXX compiler identification is GNU 9.4.0
[0.276s] -- Check for working C compiler: /usr/bin/cc
[0.419s] -- Check for working C compiler: /usr/bin/cc -- works
[0.423s] -- Detecting C compiler ABI info
[0.565s] -- Detecting C compiler ABI info - done
[0.589s] -- Detecting C compile features
[0.590s] -- Detecting C compile features - done
[0.596s] -- Check for working CXX compiler: /usr/bin/c++
[0.751s] -- Check for working CXX compiler: /usr/bin/c++ -- works
[0.753s] -- Detecting CXX compiler ABI info
[0.915s] -- Detecting CXX compiler ABI info - done
[0.952s] -- Detecting CXX compile features
[0.953s] -- Detecting CXX compile features - done
[0.959s] -- Found ament_cmake: 0.9.12 (/opt/ros/foxy/share/ament_cmake/cmake)
[1.013s] -- Found PythonInterp: /usr/bin/python3 (found suitable version "3.8.10", minimum required is "3") 
[1.013s] -- Using PYTHON_EXECUTABLE: /usr/bin/python3
[1.466s] -- Found rclcpp: 2.4.3 (/opt/ros/foxy/share/rclcpp/cmake)
[1.560s] -- Using all available rosidl_typesupport_c: rosidl_typesupport_fastrtps_c;rosidl_typesupport_introspection_c
[1.573s] -- Found rosidl_adapter: 1.3.1 (/opt/ros/foxy/share/rosidl_adapter/cmake)
[1.815s] -- Found OpenSSL: /usr/lib/aarch64-linux-gnu/libcrypto.so (found version "1.1.1f")  
[1.872s] -- Found FastRTPS: /opt/ros/foxy/include  
[2.028s] -- Using all available rosidl_typesupport_cpp: rosidl_typesupport_fastrtps_cpp;rosidl_typesupport_introspection_cpp
[2.140s] -- Found rmw_implementation_cmake: 1.0.4 (/opt/ros/foxy/share/rmw_implementation_cmake/cmake)
[2.143s] -- Using RMW implementation 'rmw_fastrtps_cpp' as default
[2.146s] -- Looking for pthread.h
[2.289s] -- Looking for pthread.h - found
[2.290s] -- Performing Test CMAKE_HAVE_LIBC_PTHREAD
[2.440s] -- Performing Test CMAKE_HAVE_LIBC_PTHREAD - Failed
[2.441s] -- Looking for pthread_create in pthreads
[2.575s] -- Looking for pthread_create in pthreads - not found
[2.576s] -- Looking for pthread_create in pthread
[2.723s] -- Looking for pthread_create in pthread - found
[2.724s] -- Found Threads: TRUE  
[3.014s] -- Found sensor_msgs: 2.0.5 (/opt/ros/foxy/share/sensor_msgs/cmake)
[3.232s] -- Found camera_info_manager: 2.4.0 (/opt/ros/foxy/share/camera_info_manager/cmake)
[3.274s] -- Setting yaml-cpp_DIR to: '/opt/ros/foxy/share/yaml_cpp_vendor/cmake/../../../opt/yaml_cpp_vendor/lib/cmake/yaml-cpp'
[3.355s] -- Found diagnostic_msgs: 2.0.5 (/opt/ros/foxy/share/diagnostic_msgs/cmake)
[3.421s] -- Found image_transport: 2.4.0 (/opt/ros/foxy/share/image_transport/cmake)
[3.509s] -- Found cv_bridge: 3.0.7 (/opt/ros/foxy/share/cv_bridge/cmake)
[3.545s] -- Found OpenCV: /usr (found version "4.5.4") 
[3.565s] CMake Error at CMakeLists.txt:20 (find_package):
[3.566s]   By not providing "Findavt_vimba_camera_msgs.cmake" in CMAKE_MODULE_PATH
[3.566s]   this project has asked CMake to find a package configuration file provided
[3.566s]   by "avt_vimba_camera_msgs", but CMake did not find one.
[3.566s] 
[3.566s]   Could not find a package configuration file provided by
[3.567s]   "avt_vimba_camera_msgs" with any of the following names:
[3.567s] 
[3.567s]     avt_vimba_camera_msgsConfig.cmake
[3.567s]     avt_vimba_camera_msgs-config.cmake
[3.567s] 
[3.567s]   Add the installation prefix of "avt_vimba_camera_msgs" to CMAKE_PREFIX_PATH
[3.568s]   or set "avt_vimba_camera_msgs_DIR" to a directory containing one of the
[3.568s]   above files.  If "avt_vimba_camera_msgs" provides a separate development
[3.568s]   package or SDK, be sure it has been installed.
[3.568s] 
[3.568s] 
[3.570s] -- Configuring incomplete, errors occurred!
[3.570s] See also "/home/avees/coordinator_node/build/coordinator/CMakeFiles/CMakeOutput.log".
[3.570s] See also "/home/avees/coordinator_node/build/coordinator/CMakeFiles/CMakeError.log".
[3.595s] Invoked command in '/home/avees/coordinator_node/build/coordinator' returned '1': CMAKE_PREFIX_PATH=${CMAKE_PREFIX_PATH}:/opt/ros/foxy /usr/bin/cmake /home/avees/coordinator_node/src/coordinator -DCMAKE_INSTALL_PREFIX=/home/avees/coordinator_node/install/coordinator
