[0.031s] Invoking command in '/home/avees/coordinator_node/build/coordinator': CMAKE_PREFIX_PATH=${CMAKE_PREFIX_PATH}:/opt/ros/foxy /usr/bin/cmake --build /home/avees/coordinator_node/build/coordinator -- -j6 -l6
[0.430s] [35m[1mScanning dependencies of target coordinator_node[0m
[0.603s] [  6%] [32mBuilding CXX object CMakeFiles/coordinator_node.dir/src/coordinator.cpp.o[0m
[0.603s] [  6%] [32mBuilding CXX object CMakeFiles/coordinator_node.dir/src/main.cpp.o[0m
[8.135s] [01m[K/home/avees/coordinator_node/src/coordinator/src/coordinator.cpp:[m[K In member function ‘[01m[Kvoid Coordinator::split_scheduling(const std::vector<int>&, uint64_t)[m[K’:
[8.135s] [01m[K/home/avees/coordinator_node/src/coordinator/src/coordinator.cpp:277:26:[m[K [01;35m[Kwarning: [m[Knarrowing conversion of ‘[01m[Kframe_time[m[K’ from ‘[01m[Kuint64_t[m[K’ {aka ‘[01m[Klong unsigned int[m[K’} to ‘[01m[Klong int[m[K’ [[01;35m[K-Wnarrowing[m[K]
[8.135s]   277 |             roi_.data = {[01;35m[Kframe_time[m[K, x_offset, y_offset, w_offset, h_offset};
[8.136s]       |                          [01;35m[K^~~~~~~~~~[m[K
[8.136s] [01m[K/home/avees/coordinator_node/src/coordinator/src/coordinator.cpp:277:26:[m[K [01;35m[Kwarning: [m[Knarrowing conversion of ‘[01m[Kframe_time[m[K’ from ‘[01m[Kuint64_t[m[K’ {aka ‘[01m[Klong unsigned int[m[K’} to ‘[01m[Klong int[m[K’ [[01;35m[K-Wnarrowing[m[K]
[8.140s] [01m[K/home/avees/coordinator_node/src/coordinator/src/coordinator.cpp:281:66:[m[K [01;35m[Kwarning: [m[Knarrowing conversion of ‘[01m[Kframe_time[m[K’ from ‘[01m[Kuint64_t[m[K’ {aka ‘[01m[Klong unsigned int[m[K’} to ‘[01m[Klong int[m[K’ [[01;35m[K-Wnarrowing[m[K]
[8.140s]   281 |             total_roi_msg.data.insert(total_roi_msg.data.end(), {[01;35m[Kframe_time[m[K, x_offset, y_offset, w_offset, h_offset});
[8.140s]       |                                                                  [01;35m[K^~~~~~~~~~[m[K
[8.140s] [01m[K/home/avees/coordinator_node/src/coordinator/src/coordinator.cpp:281:66:[m[K [01;35m[Kwarning: [m[Knarrowing conversion of ‘[01m[Kframe_time[m[K’ from ‘[01m[Kuint64_t[m[K’ {aka ‘[01m[Klong unsigned int[m[K’} to ‘[01m[Klong int[m[K’ [[01;35m[K-Wnarrowing[m[K]
[23.714s] [  9%] [32m[1mLinking CXX executable coordinator_node[0m
[26.107s] /usr/bin/ld: warning: libopencv_imgcodecs.so.4.2, needed by /opt/ros/foxy/lib/libcv_bridge.so, may conflict with libopencv_imgcodecs.so.4.5
[26.107s] /usr/bin/ld: warning: libopencv_core.so.4.2, needed by /opt/ros/foxy/lib/libcv_bridge.so, may conflict with libopencv_core.so.4.5
[26.132s] [100%] Built target coordinator_node
[26.162s] Invoked command in '/home/avees/coordinator_node/build/coordinator' returned '0': CMAKE_PREFIX_PATH=${CMAKE_PREFIX_PATH}:/opt/ros/foxy /usr/bin/cmake --build /home/avees/coordinator_node/build/coordinator -- -j6 -l6
[26.200s] Invoking command in '/home/avees/coordinator_node/build/coordinator': CMAKE_PREFIX_PATH=${CMAKE_PREFIX_PATH}:/opt/ros/foxy /usr/bin/cmake --install /home/avees/coordinator_node/build/coordinator
[26.221s] -- Install configuration: ""
[26.249s] -- Installing: /home/avees/coordinator_node/install/coordinator/lib/coordinator/coordinator_node
[26.262s] -- Set runtime path of "/home/avees/coordinator_node/install/coordinator/lib/coordinator/coordinator_node" to ""
[26.263s] -- Up-to-date: /home/avees/coordinator_node/install/coordinator/share/coordinator/launch
[26.263s] -- Up-to-date: /home/avees/coordinator_node/install/coordinator/share/coordinator/launch/coordinator_launch.py
[26.263s] -- Up-to-date: /home/avees/coordinator_node/install/coordinator/share/coordinator/config
[26.263s] -- Up-to-date: /home/avees/coordinator_node/install/coordinator/share/coordinator/config/params.yaml
[26.263s] -- Up-to-date: /home/avees/coordinator_node/install/coordinator/share/ament_index/resource_index/package_run_dependencies/coordinator
[26.264s] -- Up-to-date: /home/avees/coordinator_node/install/coordinator/share/ament_index/resource_index/parent_prefix_path/coordinator
[26.264s] -- Up-to-date: /home/avees/coordinator_node/install/coordinator/share/coordinator/environment/ament_prefix_path.sh
[26.264s] -- Up-to-date: /home/avees/coordinator_node/install/coordinator/share/coordinator/environment/ament_prefix_path.dsv
[26.264s] -- Up-to-date: /home/avees/coordinator_node/install/coordinator/share/coordinator/environment/path.sh
[26.264s] -- Up-to-date: /home/avees/coordinator_node/install/coordinator/share/coordinator/environment/path.dsv
[26.265s] -- Up-to-date: /home/avees/coordinator_node/install/coordinator/share/coordinator/local_setup.bash
[26.265s] -- Up-to-date: /home/avees/coordinator_node/install/coordinator/share/coordinator/local_setup.sh
[26.265s] -- Up-to-date: /home/avees/coordinator_node/install/coordinator/share/coordinator/local_setup.zsh
[26.265s] -- Up-to-date: /home/avees/coordinator_node/install/coordinator/share/coordinator/local_setup.dsv
[26.265s] -- Installing: /home/avees/coordinator_node/install/coordinator/share/coordinator/package.dsv
[26.266s] -- Up-to-date: /home/avees/coordinator_node/install/coordinator/share/ament_index/resource_index/packages/coordinator
[26.266s] -- Up-to-date: /home/avees/coordinator_node/install/coordinator/share/coordinator/cmake/ament_cmake_export_dependencies-extras.cmake
[26.266s] -- Up-to-date: /home/avees/coordinator_node/install/coordinator/share/coordinator/cmake/coordinatorConfig.cmake
[26.266s] -- Up-to-date: /home/avees/coordinator_node/install/coordinator/share/coordinator/cmake/coordinatorConfig-version.cmake
[26.266s] -- Up-to-date: /home/avees/coordinator_node/install/coordinator/share/coordinator/package.xml
[26.271s] Invoked command in '/home/avees/coordinator_node/build/coordinator' returned '0': CMAKE_PREFIX_PATH=${CMAKE_PREFIX_PATH}:/opt/ros/foxy /usr/bin/cmake --install /home/avees/coordinator_node/build/coordinator
