[0.031s] Invoking command in '/home/avees/coordinator_node/build/coordinator': CMAKE_PREFIX_PATH=${CMAKE_PREFIX_PATH}:/opt/ros/foxy /usr/bin/cmake --build /home/avees/coordinator_node/build/coordinator -- -j6 -l6
[0.376s] [100%] Built target coordinator_node
[0.408s] Invoked command in '/home/avees/coordinator_node/build/coordinator' returned '0': CMAKE_PREFIX_PATH=${CMAKE_PREFIX_PATH}:/opt/ros/foxy /usr/bin/cmake --build /home/avees/coordinator_node/build/coordinator -- -j6 -l6
[0.447s] Invoking command in '/home/avees/coordinator_node/build/coordinator': CMAKE_PREFIX_PATH=${CMAKE_PREFIX_PATH}:/opt/ros/foxy /usr/bin/cmake --install /home/avees/coordinator_node/build/coordinator
[0.472s] -- Install configuration: ""
[0.473s] -- Up-to-date: /home/avees/coordinator_node/install/coordinator/lib/coordinator/coordinator_node
[0.473s] -- Up-to-date: /home/avees/coordinator_node/install/coordinator/share/coordinator/launch
[0.473s] -- Up-to-date: /home/avees/coordinator_node/install/coordinator/share/coordinator/launch/coordinator_launch.py
[0.474s] -- Up-to-date: /home/avees/coordinator_node/install/coordinator/share/coordinator/config
[0.474s] -- Up-to-date: /home/avees/coordinator_node/install/coordinator/share/coordinator/config/params.yaml
[0.475s] -- Up-to-date: /home/avees/coordinator_node/install/coordinator/share/ament_index/resource_index/package_run_dependencies/coordinator
[0.475s] -- Up-to-date: /home/avees/coordinator_node/install/coordinator/share/ament_index/resource_index/parent_prefix_path/coordinator
[0.475s] -- Up-to-date: /home/avees/coordinator_node/install/coordinator/share/coordinator/environment/ament_prefix_path.sh
[0.475s] -- Up-to-date: /home/avees/coordinator_node/install/coordinator/share/coordinator/environment/ament_prefix_path.dsv
[0.475s] -- Up-to-date: /home/avees/coordinator_node/install/coordinator/share/coordinator/environment/path.sh
[0.475s] -- Up-to-date: /home/avees/coordinator_node/install/coordinator/share/coordinator/environment/path.dsv
[0.475s] -- Up-to-date: /home/avees/coordinator_node/install/coordinator/share/coordinator/local_setup.bash
[0.476s] -- Up-to-date: /home/avees/coordinator_node/install/coordinator/share/coordinator/local_setup.sh
[0.476s] -- Up-to-date: /home/avees/coordinator_node/install/coordinator/share/coordinator/local_setup.zsh
[0.476s] -- Up-to-date: /home/avees/coordinator_node/install/coordinator/share/coordinator/local_setup.dsv
[0.476s] -- Installing: /home/avees/coordinator_node/install/coordinator/share/coordinator/package.dsv
[0.476s] -- Up-to-date: /home/avees/coordinator_node/install/coordinator/share/ament_index/resource_index/packages/coordinator
[0.477s] -- Up-to-date: /home/avees/coordinator_node/install/coordinator/share/coordinator/cmake/ament_cmake_export_dependencies-extras.cmake
[0.477s] -- Up-to-date: /home/avees/coordinator_node/install/coordinator/share/coordinator/cmake/coordinatorConfig.cmake
[0.477s] -- Up-to-date: /home/avees/coordinator_node/install/coordinator/share/coordinator/cmake/coordinatorConfig-version.cmake
[0.477s] -- Up-to-date: /home/avees/coordinator_node/install/coordinator/share/coordinator/package.xml
[0.482s] Invoked command in '/home/avees/coordinator_node/build/coordinator' returned '0': CMAKE_PREFIX_PATH=${CMAKE_PREFIX_PATH}:/opt/ros/foxy /usr/bin/cmake --install /home/avees/coordinator_node/build/coordinator
