[35m[1mScanning dependencies of target coordinator_node[0m
[  3%] [32mBuilding CXX object CMakeFiles/coordinator_node.dir/src/coordinator.cpp.o[0m
[01m[K/home/avees/coordinator_node/src/coordinator/src/coordinator.cpp:[m[K In member function ‘[01m[Kvoid Coordinator::split_scheduling(const std::vector<int>&, uint64_t)[m[K’:
[01m[K/home/avees/coordinator_node/src/coordinator/src/coordinator.cpp:248:23:[m[K [01;35m[Kwarning: [m[Kcomparison of integer expressions of different signedness: ‘[01m[Kint[m[K’ and ‘[01m[Kstd::vector<int>::size_type[m[K’ {aka ‘[01m[Klong unsigned int[m[K’} [[01;35m[K-Wsign-compare[m[K]
  248 |     for (int i = 0; [01;35m[Ki < avail_nodes.size()[m[K; i++) {
      |                     [01;35m[K~~^~~~~~~~~~~~~~~~~~~~[m[K
[01m[K/home/avees/coordinator_node/src/coordinator/src/coordinator.cpp:289:26:[m[K [01;35m[Kwarning: [m[Knarrowing conversion of ‘[01m[Kframe_time[m[K’ from ‘[01m[Kuint64_t[m[K’ {aka ‘[01m[Klong unsigned int[m[K’} to ‘[01m[Klong int[m[K’ [[01;35m[K-Wnarrowing[m[K]
  289 |             roi_.data = {[01;35m[Kframe_time[m[K, x_offset, y_offset, w_offset, h_offset};
      |                          [01;35m[K^~~~~~~~~~[m[K
[01m[K/home/avees/coordinator_node/src/coordinator/src/coordinator.cpp:289:26:[m[K [01;35m[Kwarning: [m[Knarrowing conversion of ‘[01m[Kframe_time[m[K’ from ‘[01m[Kuint64_t[m[K’ {aka ‘[01m[Klong unsigned int[m[K’} to ‘[01m[Klong int[m[K’ [[01;35m[K-Wnarrowing[m[K]
[01m[K/home/avees/coordinator_node/src/coordinator/src/coordinator.cpp:293:66:[m[K [01;35m[Kwarning: [m[Knarrowing conversion of ‘[01m[Kframe_time[m[K’ from ‘[01m[Kuint64_t[m[K’ {aka ‘[01m[Klong unsigned int[m[K’} to ‘[01m[Klong int[m[K’ [[01;35m[K-Wnarrowing[m[K]
  293 |             total_roi_msg.data.insert(total_roi_msg.data.end(), {[01;35m[Kframe_time[m[K, x_offset, y_offset, w_offset, h_offset});
      |                                                                  [01;35m[K^~~~~~~~~~[m[K
[01m[K/home/avees/coordinator_node/src/coordinator/src/coordinator.cpp:293:66:[m[K [01;35m[Kwarning: [m[Knarrowing conversion of ‘[01m[Kframe_time[m[K’ from ‘[01m[Kuint64_t[m[K’ {aka ‘[01m[Klong unsigned int[m[K’} to ‘[01m[Klong int[m[K’ [[01;35m[K-Wnarrowing[m[K]
[  6%] [32m[1mLinking CXX executable coordinator_node[0m
/usr/bin/ld: warning: libopencv_imgcodecs.so.4.2, needed by /opt/ros/foxy/lib/libcv_bridge.so, may conflict with libopencv_imgcodecs.so.4.5
/usr/bin/ld: warning: libopencv_core.so.4.2, needed by /opt/ros/foxy/lib/libcv_bridge.so, may conflict with libopencv_core.so.4.5
[100%] Built target coordinator_node
-- Install configuration: ""
-- Installing: /home/avees/coordinator_node/install/coordinator/lib/coordinator/coordinator_node
-- Set runtime path of "/home/avees/coordinator_node/install/coordinator/lib/coordinator/coordinator_node" to ""
-- Up-to-date: /home/avees/coordinator_node/install/coordinator/share/coordinator/launch
-- Up-to-date: /home/avees/coordinator_node/install/coordinator/share/coordinator/launch/coordinator_launch.py
-- Up-to-date: /home/avees/coordinator_node/install/coordinator/share/coordinator/config
-- Up-to-date: /home/avees/coordinator_node/install/coordinator/share/coordinator/config/params.yaml
-- Up-to-date: /home/avees/coordinator_node/install/coordinator/share/ament_index/resource_index/package_run_dependencies/coordinator
-- Up-to-date: /home/avees/coordinator_node/install/coordinator/share/ament_index/resource_index/parent_prefix_path/coordinator
-- Up-to-date: /home/avees/coordinator_node/install/coordinator/share/coordinator/environment/ament_prefix_path.sh
-- Up-to-date: /home/avees/coordinator_node/install/coordinator/share/coordinator/environment/ament_prefix_path.dsv
-- Up-to-date: /home/avees/coordinator_node/install/coordinator/share/coordinator/environment/path.sh
-- Up-to-date: /home/avees/coordinator_node/install/coordinator/share/coordinator/environment/path.dsv
-- Up-to-date: /home/avees/coordinator_node/install/coordinator/share/coordinator/local_setup.bash
-- Up-to-date: /home/avees/coordinator_node/install/coordinator/share/coordinator/local_setup.sh
-- Up-to-date: /home/avees/coordinator_node/install/coordinator/share/coordinator/local_setup.zsh
-- Up-to-date: /home/avees/coordinator_node/install/coordinator/share/coordinator/local_setup.dsv
-- Installing: /home/avees/coordinator_node/install/coordinator/share/coordinator/package.dsv
-- Up-to-date: /home/avees/coordinator_node/install/coordinator/share/ament_index/resource_index/packages/coordinator
-- Up-to-date: /home/avees/coordinator_node/install/coordinator/share/coordinator/cmake/ament_cmake_export_dependencies-extras.cmake
-- Up-to-date: /home/avees/coordinator_node/install/coordinator/share/coordinator/cmake/coordinatorConfig.cmake
-- Up-to-date: /home/avees/coordinator_node/install/coordinator/share/coordinator/cmake/coordinatorConfig-version.cmake
-- Up-to-date: /home/avees/coordinator_node/install/coordinator/share/coordinator/package.xml
