[0.026s] Invoking command in '/home/avees/coordinator_node/build/coordinator': CMAKE_PREFIX_PATH=${CMAKE_PREFIX_PATH}:/opt/ros/foxy /usr/bin/cmake --build /home/avees/coordinator_node/build/coordinator -- -j6 -l6
[0.150s] [35m[1mScanning dependencies of target coordinator_node[0m
[0.263s] [  3%] [32mBuilding CXX object CMakeFiles/coordinator_node.dir/src/coordinator.cpp.o[0m
[7.224s] [01m[K/home/avees/coordinator_node/src/coordinator/src/coordinator.cpp:[m[K In member function ‘[01m[Kvoid Coordinator::split_scheduling(const std::vector<int>&, uint64_t)[m[K’:
[7.224s] [01m[K/home/avees/coordinator_node/src/coordinator/src/coordinator.cpp:248:23:[m[K [01;35m[Kwarning: [m[Kcomparison of integer expressions of different signedness: ‘[01m[Kint[m[K’ and ‘[01m[Kstd::vector<int>::size_type[m[K’ {aka ‘[01m[Klong unsigned int[m[K’} [[01;35m[K-Wsign-compare[m[K]
[7.225s]   248 |     for (int i = 0; [01;35m[Ki < avail_nodes.size()[m[K; i++) {
[7.225s]       |                     [01;35m[K~~^~~~~~~~~~~~~~~~~~~~[m[K
[7.238s] [01m[K/home/avees/coordinator_node/src/coordinator/src/coordinator.cpp:289:26:[m[K [01;35m[Kwarning: [m[Knarrowing conversion of ‘[01m[Kframe_time[m[K’ from ‘[01m[Kuint64_t[m[K’ {aka ‘[01m[Klong unsigned int[m[K’} to ‘[01m[Klong int[m[K’ [[01;35m[K-Wnarrowing[m[K]
[7.238s]   289 |             roi_.data = {[01;35m[Kframe_time[m[K, x_offset, y_offset, w_offset, h_offset};
[7.238s]       |                          [01;35m[K^~~~~~~~~~[m[K
[7.238s] [01m[K/home/avees/coordinator_node/src/coordinator/src/coordinator.cpp:289:26:[m[K [01;35m[Kwarning: [m[Knarrowing conversion of ‘[01m[Kframe_time[m[K’ from ‘[01m[Kuint64_t[m[K’ {aka ‘[01m[Klong unsigned int[m[K’} to ‘[01m[Klong int[m[K’ [[01;35m[K-Wnarrowing[m[K]
[7.243s] [01m[K/home/avees/coordinator_node/src/coordinator/src/coordinator.cpp:293:66:[m[K [01;35m[Kwarning: [m[Knarrowing conversion of ‘[01m[Kframe_time[m[K’ from ‘[01m[Kuint64_t[m[K’ {aka ‘[01m[Klong unsigned int[m[K’} to ‘[01m[Klong int[m[K’ [[01;35m[K-Wnarrowing[m[K]
[7.243s]   293 |             total_roi_msg.data.insert(total_roi_msg.data.end(), {[01;35m[Kframe_time[m[K, x_offset, y_offset, w_offset, h_offset});
[7.243s]       |                                                                  [01;35m[K^~~~~~~~~~[m[K
[7.244s] [01m[K/home/avees/coordinator_node/src/coordinator/src/coordinator.cpp:293:66:[m[K [01;35m[Kwarning: [m[Knarrowing conversion of ‘[01m[Kframe_time[m[K’ from ‘[01m[Kuint64_t[m[K’ {aka ‘[01m[Klong unsigned int[m[K’} to ‘[01m[Klong int[m[K’ [[01;35m[K-Wnarrowing[m[K]
[22.293s] [  6%] [32m[1mLinking CXX executable coordinator_node[0m
[24.152s] /usr/bin/ld: warning: libopencv_imgcodecs.so.4.2, needed by /opt/ros/foxy/lib/libcv_bridge.so, may conflict with libopencv_imgcodecs.so.4.5
[24.152s] /usr/bin/ld: warning: libopencv_core.so.4.2, needed by /opt/ros/foxy/lib/libcv_bridge.so, may conflict with libopencv_core.so.4.5
[24.175s] [100%] Built target coordinator_node
[24.203s] Invoked command in '/home/avees/coordinator_node/build/coordinator' returned '0': CMAKE_PREFIX_PATH=${CMAKE_PREFIX_PATH}:/opt/ros/foxy /usr/bin/cmake --build /home/avees/coordinator_node/build/coordinator -- -j6 -l6
[24.236s] Invoking command in '/home/avees/coordinator_node/build/coordinator': CMAKE_PREFIX_PATH=${CMAKE_PREFIX_PATH}:/opt/ros/foxy /usr/bin/cmake --install /home/avees/coordinator_node/build/coordinator
[24.254s] -- Install configuration: ""
[24.254s] -- Installing: /home/avees/coordinator_node/install/coordinator/lib/coordinator/coordinator_node
[24.267s] -- Set runtime path of "/home/avees/coordinator_node/install/coordinator/lib/coordinator/coordinator_node" to ""
[24.268s] -- Up-to-date: /home/avees/coordinator_node/install/coordinator/share/coordinator/launch
[24.268s] -- Up-to-date: /home/avees/coordinator_node/install/coordinator/share/coordinator/launch/coordinator_launch.py
[24.269s] -- Up-to-date: /home/avees/coordinator_node/install/coordinator/share/coordinator/config
[24.269s] -- Up-to-date: /home/avees/coordinator_node/install/coordinator/share/coordinator/config/params.yaml
[24.270s] -- Up-to-date: /home/avees/coordinator_node/install/coordinator/share/ament_index/resource_index/package_run_dependencies/coordinator
[24.270s] -- Up-to-date: /home/avees/coordinator_node/install/coordinator/share/ament_index/resource_index/parent_prefix_path/coordinator
[24.270s] -- Up-to-date: /home/avees/coordinator_node/install/coordinator/share/coordinator/environment/ament_prefix_path.sh
[24.271s] -- Up-to-date: /home/avees/coordinator_node/install/coordinator/share/coordinator/environment/ament_prefix_path.dsv
[24.271s] -- Up-to-date: /home/avees/coordinator_node/install/coordinator/share/coordinator/environment/path.sh
[24.271s] -- Up-to-date: /home/avees/coordinator_node/install/coordinator/share/coordinator/environment/path.dsv
[24.271s] -- Up-to-date: /home/avees/coordinator_node/install/coordinator/share/coordinator/local_setup.bash
[24.272s] -- Up-to-date: /home/avees/coordinator_node/install/coordinator/share/coordinator/local_setup.sh
[24.272s] -- Up-to-date: /home/avees/coordinator_node/install/coordinator/share/coordinator/local_setup.zsh
[24.273s] -- Up-to-date: /home/avees/coordinator_node/install/coordinator/share/coordinator/local_setup.dsv
[24.275s] -- Installing: /home/avees/coordinator_node/install/coordinator/share/coordinator/package.dsv
[24.276s] -- Up-to-date: /home/avees/coordinator_node/install/coordinator/share/ament_index/resource_index/packages/coordinator
[24.276s] -- Up-to-date: /home/avees/coordinator_node/install/coordinator/share/coordinator/cmake/ament_cmake_export_dependencies-extras.cmake
[24.277s] -- Up-to-date: /home/avees/coordinator_node/install/coordinator/share/coordinator/cmake/coordinatorConfig.cmake
[24.277s] -- Up-to-date: /home/avees/coordinator_node/install/coordinator/share/coordinator/cmake/coordinatorConfig-version.cmake
[24.278s] -- Up-to-date: /home/avees/coordinator_node/install/coordinator/share/coordinator/package.xml
[24.279s] Invoked command in '/home/avees/coordinator_node/build/coordinator' returned '0': CMAKE_PREFIX_PATH=${CMAKE_PREFIX_PATH}:/opt/ros/foxy /usr/bin/cmake --install /home/avees/coordinator_node/build/coordinator
