-- Found ament_cmake: 0.9.12 (/opt/ros/foxy/share/ament_cmake/cmake)
-- Using PYTHON_EXECUTABLE: /usr/bin/python3
-- Found rclcpp: 2.4.3 (/opt/ros/foxy/share/rclcpp/cmake)
-- Using all available rosidl_typesupport_c: rosidl_typesupport_fastrtps_c;rosidl_typesupport_introspection_c
-- Found rosidl_adapter: 1.3.1 (/opt/ros/foxy/share/rosidl_adapter/cmake)
-- Using all available rosidl_typesupport_cpp: rosidl_typesupport_fastrtps_cpp;rosidl_typesupport_introspection_cpp
-- Found rmw_implementation_cmake: 1.0.4 (/opt/ros/foxy/share/rmw_implementation_cmake/cmake)
-- Using RMW implementation 'rmw_fastrtps_cpp' as default
-- Found sensor_msgs: 2.0.5 (/opt/ros/foxy/share/sensor_msgs/cmake)
-- Found camera_info_manager: 2.4.0 (/opt/ros/foxy/share/camera_info_manager/cmake)
-- Setting yaml-cpp_DIR to: '/opt/ros/foxy/share/yaml_cpp_vendor/cmake/../../../opt/yaml_cpp_vendor/lib/cmake/yaml-cpp'
-- Found diagnostic_msgs: 2.0.5 (/opt/ros/foxy/share/diagnostic_msgs/cmake)
-- Found image_transport: 2.4.0 (/opt/ros/foxy/share/image_transport/cmake)
-- Found cv_bridge: 3.0.7 (/opt/ros/foxy/share/cv_bridge/cmake)
-- Found ament_lint_auto: 0.9.8 (/opt/ros/foxy/share/ament_lint_auto/cmake)
-- Added test 'copyright' to check source files copyright and LICENSE
-- Added test 'cppcheck' to perform static code analysis on C / C++ code
-- Configured cppcheck include dirs: $<BUILD_INTERFACE:/home/avees/coordinator/include>
-- Configured cppcheck exclude dirs and/or files: 
-- Added test 'cpplint' to check C / C++ code against the Google style
-- Configured cpplint exclude dirs and/or files: 
-- Added test 'flake8' to check Python code syntax and style conventions
-- Added test 'lint_cmake' to check CMake code style
-- Added test 'pep257' to check Python code against some of the style conventions in PEP 257
-- Added test 'uncrustify' to check C / C++ code style
-- Configured uncrustify additional arguments: 
-- Added test 'xmllint' to check XML markup files
-- Configuring done
-- Generating done
-- Build files have been written to: /home/avees/coordinator/build/coordinator
[100%] Built target coordinator_node
-- Install configuration: ""
-- Up-to-date: /home/avees/coordinator/install/coordinator/lib/coordinator/coordinator_node
-- Installing: /home/avees/coordinator/install/coordinator/share/coordinator/launch
-- Installing: /home/avees/coordinator/install/coordinator/share/coordinator/launch/coordinator_launch.py
-- Installing: /home/avees/coordinator/install/coordinator/share/coordinator/config
-- Installing: /home/avees/coordinator/install/coordinator/share/coordinator/config/params.yaml
-- Up-to-date: /home/avees/coordinator/install/coordinator/share/ament_index/resource_index/package_run_dependencies/coordinator
-- Up-to-date: /home/avees/coordinator/install/coordinator/share/ament_index/resource_index/parent_prefix_path/coordinator
-- Up-to-date: /home/avees/coordinator/install/coordinator/share/coordinator/environment/ament_prefix_path.sh
-- Installing: /home/avees/coordinator/install/coordinator/share/coordinator/environment/ament_prefix_path.dsv
-- Up-to-date: /home/avees/coordinator/install/coordinator/share/coordinator/environment/path.sh
-- Installing: /home/avees/coordinator/install/coordinator/share/coordinator/environment/path.dsv
-- Up-to-date: /home/avees/coordinator/install/coordinator/share/coordinator/local_setup.bash
-- Up-to-date: /home/avees/coordinator/install/coordinator/share/coordinator/local_setup.sh
-- Up-to-date: /home/avees/coordinator/install/coordinator/share/coordinator/local_setup.zsh
-- Installing: /home/avees/coordinator/install/coordinator/share/coordinator/local_setup.dsv
-- Installing: /home/avees/coordinator/install/coordinator/share/coordinator/package.dsv
-- Up-to-date: /home/avees/coordinator/install/coordinator/share/ament_index/resource_index/packages/coordinator
-- Up-to-date: /home/avees/coordinator/install/coordinator/share/coordinator/cmake/coordinatorConfig.cmake
-- Up-to-date: /home/avees/coordinator/install/coordinator/share/coordinator/cmake/coordinatorConfig-version.cmake
-- Up-to-date: /home/avees/coordinator/install/coordinator/share/coordinator/package.xml
