[0.397s] DEBUG:colcon:Command line arguments: ['/usr/bin/colcon', 'build']
[0.397s] DEBUG:colcon:Parsed command line arguments: Namespace(allow_overriding=[], ament_cmake_args=None, base_paths=['.'], build_base='build', catkin_cmake_args=None, catkin_skip_building_tests=False, cmake_args=None, cmake_clean_cache=False, cmake_clean_first=False, cmake_force_configure=False, cmake_target=None, cmake_target_skip_unavailable=False, continue_on_error=False, event_handlers=None, executor='parallel', ignore_user_meta=False, install_base='install', log_base=None, log_level=None, main=<bound method BuildVerb.main of <colcon_core.verb.build.BuildVerb object at 0xffffae6c8820>>, merge_install=False, metas=['./colcon.meta'], mixin=None, mixin_files=None, mixin_verb=('build',), packages_above=None, packages_above_and_dependencies=None, packages_above_depth=None, packages_end=None, packages_ignore=None, packages_ignore_regex=None, packages_select=None, packages_select_build_failed=False, packages_select_by_dep=None, packages_select_regex=None, packages_select_test_failures=False, packages_skip=None, packages_skip_build_finished=False, packages_skip_by_dep=None, packages_skip_regex=None, packages_skip_test_passed=False, packages_skip_up_to=None, packages_start=None, packages_up_to=None, packages_up_to_regex=None, parallel_workers=6, paths=None, symlink_install=False, test_result_base=None, verb_extension=<colcon_core.verb.build.BuildVerb object at 0xffffae6c8820>, verb_name='build', verb_parser=<colcon_mixin.mixin.mixin_argument.MixinArgumentDecorator object at 0xffffae6d40d0>)
[0.719s] Level 1:colcon.colcon_core.package_discovery:discover_packages(colcon_meta) check parameters
[0.719s] Level 1:colcon.colcon_core.package_discovery:discover_packages(recursive) check parameters
[0.719s] Level 1:colcon.colcon_core.package_discovery:discover_packages(ignore) check parameters
[0.719s] Level 1:colcon.colcon_core.package_discovery:discover_packages(path) check parameters
[0.719s] Level 1:colcon.colcon_core.package_discovery:discover_packages(colcon_meta) discover
[0.720s] Level 1:colcon.colcon_core.package_discovery:discover_packages(recursive) discover
[0.720s] INFO:colcon.colcon_core.package_discovery:Crawling recursively for packages in '/home/avees/coordinator'
[0.720s] Level 1:colcon.colcon_core.package_identification:_identify(.) by extensions ['ignore', 'ignore_ament_install']
[0.720s] Level 1:colcon.colcon_core.package_identification:_identify(.) by extension 'ignore'
[0.720s] Level 1:colcon.colcon_core.package_identification:_identify(.) by extension 'ignore_ament_install'
[0.721s] Level 1:colcon.colcon_core.package_identification:_identify(.) by extensions ['colcon_pkg']
[0.721s] Level 1:colcon.colcon_core.package_identification:_identify(.) by extension 'colcon_pkg'
[0.721s] Level 1:colcon.colcon_core.package_identification:_identify(.) by extensions ['colcon_meta']
[0.721s] Level 1:colcon.colcon_core.package_identification:_identify(.) by extension 'colcon_meta'
[0.721s] Level 1:colcon.colcon_core.package_identification:_identify(.) by extensions ['ros']
[0.721s] Level 1:colcon.colcon_core.package_identification:_identify(.) by extension 'ros'
[0.752s] DEBUG:colcon.colcon_core.package_identification:Package '.' with type 'ros.ament_cmake' and name 'coordinator'
[0.752s] Level 1:colcon.colcon_core.package_discovery:discover_packages(recursive) using defaults
[0.752s] Level 1:colcon.colcon_core.package_discovery:discover_packages(ignore) discover
[0.753s] Level 1:colcon.colcon_core.package_discovery:discover_packages(ignore) using defaults
[0.753s] Level 1:colcon.colcon_core.package_discovery:discover_packages(path) discover
[0.753s] Level 1:colcon.colcon_core.package_discovery:discover_packages(path) using defaults
[0.785s] Level 1:colcon.colcon_core.package_discovery:discover_packages(prefix_path) check parameters
[0.786s] Level 1:colcon.colcon_core.package_discovery:discover_packages(prefix_path) discover
[0.789s] DEBUG:colcon.colcon_installed_package_information.package_discovery:Found 1 installed packages in /home/avees/coordinator/install
[0.792s] DEBUG:colcon.colcon_installed_package_information.package_discovery:Found 260 installed packages in /opt/ros/foxy
[0.797s] Level 1:colcon.colcon_core.package_discovery:discover_packages(prefix_path) using defaults
[0.950s] Level 5:colcon.colcon_core.verb:set package 'coordinator' build argument 'cmake_args' from command line to 'None'
[0.951s] Level 5:colcon.colcon_core.verb:set package 'coordinator' build argument 'cmake_target' from command line to 'None'
[0.951s] Level 5:colcon.colcon_core.verb:set package 'coordinator' build argument 'cmake_target_skip_unavailable' from command line to 'False'
[0.951s] Level 5:colcon.colcon_core.verb:set package 'coordinator' build argument 'cmake_clean_cache' from command line to 'False'
[0.951s] Level 5:colcon.colcon_core.verb:set package 'coordinator' build argument 'cmake_clean_first' from command line to 'False'
[0.951s] Level 5:colcon.colcon_core.verb:set package 'coordinator' build argument 'cmake_force_configure' from command line to 'False'
[0.951s] Level 5:colcon.colcon_core.verb:set package 'coordinator' build argument 'ament_cmake_args' from command line to 'None'
[0.951s] Level 5:colcon.colcon_core.verb:set package 'coordinator' build argument 'catkin_cmake_args' from command line to 'None'
[0.951s] Level 5:colcon.colcon_core.verb:set package 'coordinator' build argument 'catkin_skip_building_tests' from command line to 'False'
[0.951s] DEBUG:colcon.colcon_core.verb:Building package 'coordinator' with the following arguments: {'ament_cmake_args': None, 'build_base': '/home/avees/coordinator/build/coordinator', 'catkin_cmake_args': None, 'catkin_skip_building_tests': False, 'cmake_args': None, 'cmake_clean_cache': False, 'cmake_clean_first': False, 'cmake_force_configure': False, 'cmake_target': None, 'cmake_target_skip_unavailable': False, 'install_base': '/home/avees/coordinator/install/coordinator', 'merge_install': False, 'path': '/home/avees/coordinator', 'symlink_install': False, 'test_result_base': None}
[0.952s] INFO:colcon.colcon_core.executor:Executing jobs using 'parallel' executor
[0.954s] DEBUG:colcon.colcon_parallel_executor.executor.parallel:run_until_complete
[0.955s] INFO:colcon.colcon_ros.task.ament_cmake.build:Building ROS package in '/home/avees/coordinator' with build type 'ament_cmake'
[0.955s] INFO:colcon.colcon_cmake.task.cmake.build:Building CMake package in '/home/avees/coordinator'
[0.959s] INFO:colcon.colcon_core.plugin_system:Skipping extension 'colcon_core.shell.bat': Not used on non-Windows systems
[0.959s] INFO:colcon.colcon_core.shell:Skip shell extension 'powershell' for command environment: Not usable outside of PowerShell
[0.960s] DEBUG:colcon.colcon_core.shell:Skip shell extension 'dsv' for command environment
[0.985s] DEBUG:colcon.colcon_core.event_handler.log_command:Invoking command in '/home/avees/coordinator/build/coordinator': CMAKE_PREFIX_PATH=${CMAKE_PREFIX_PATH}:/opt/ros/foxy /usr/bin/cmake --build /home/avees/coordinator/build/coordinator -- -j6 -l6
[17.800s] DEBUG:colcon.colcon_core.event_handler.log_command:Invoked command in '/home/avees/coordinator/build/coordinator' returned '0': CMAKE_PREFIX_PATH=${CMAKE_PREFIX_PATH}:/opt/ros/foxy /usr/bin/cmake --build /home/avees/coordinator/build/coordinator -- -j6 -l6
[17.831s] DEBUG:colcon.colcon_core.event_handler.log_command:Invoking command in '/home/avees/coordinator/build/coordinator': CMAKE_PREFIX_PATH=${CMAKE_PREFIX_PATH}:/opt/ros/foxy /usr/bin/cmake --install /home/avees/coordinator/build/coordinator
[17.872s] Level 1:colcon.colcon_core.environment:create_environment_scripts_only(coordinator)
[17.874s] DEBUG:colcon.colcon_core.event_handler.log_command:Invoked command in '/home/avees/coordinator/build/coordinator' returned '0': CMAKE_PREFIX_PATH=${CMAKE_PREFIX_PATH}:/opt/ros/foxy /usr/bin/cmake --install /home/avees/coordinator/build/coordinator
[17.879s] Level 1:colcon.colcon_core.environment:checking '/home/avees/coordinator/install/coordinator' for CMake module files
[17.880s] Level 1:colcon.colcon_core.environment:checking '/home/avees/coordinator/install/coordinator' for CMake config files
[17.881s] Level 1:colcon.colcon_core.shell:create_environment_hook('coordinator', 'cmake_prefix_path')
[17.882s] INFO:colcon.colcon_core.shell:Creating environment hook '/home/avees/coordinator/install/coordinator/share/coordinator/hook/cmake_prefix_path.ps1'
[17.883s] INFO:colcon.colcon_core.shell:Creating environment descriptor '/home/avees/coordinator/install/coordinator/share/coordinator/hook/cmake_prefix_path.dsv'
[17.884s] INFO:colcon.colcon_core.shell:Creating environment hook '/home/avees/coordinator/install/coordinator/share/coordinator/hook/cmake_prefix_path.sh'
[17.887s] Level 1:colcon.colcon_core.environment:checking '/home/avees/coordinator/install/coordinator/lib'
[17.887s] Level 1:colcon.colcon_core.environment:checking '/home/avees/coordinator/install/coordinator/bin'
[17.888s] Level 1:colcon.colcon_core.environment:checking '/home/avees/coordinator/install/coordinator/lib/pkgconfig/coordinator.pc'
[17.888s] Level 1:colcon.colcon_core.environment:checking '/home/avees/coordinator/install/coordinator/lib/python3.8/site-packages'
[17.889s] Level 1:colcon.colcon_core.environment:checking '/home/avees/coordinator/install/coordinator/bin'
[17.889s] INFO:colcon.colcon_core.shell:Creating package script '/home/avees/coordinator/install/coordinator/share/coordinator/package.ps1'
[17.891s] INFO:colcon.colcon_core.shell:Creating package descriptor '/home/avees/coordinator/install/coordinator/share/coordinator/package.dsv'
[17.893s] INFO:colcon.colcon_core.shell:Creating package script '/home/avees/coordinator/install/coordinator/share/coordinator/package.sh'
[17.894s] INFO:colcon.colcon_core.shell:Creating package script '/home/avees/coordinator/install/coordinator/share/coordinator/package.bash'
[17.896s] INFO:colcon.colcon_core.shell:Creating package script '/home/avees/coordinator/install/coordinator/share/coordinator/package.zsh'
[17.897s] Level 1:colcon.colcon_core.environment:create_file_with_runtime_dependencies(/home/avees/coordinator/install/coordinator/share/colcon-core/packages/coordinator)
[17.899s] Level 1:colcon.colcon_core.environment:create_environment_scripts_only(coordinator)
[17.899s] Level 1:colcon.colcon_core.environment:checking '/home/avees/coordinator/install/coordinator' for CMake module files
[17.900s] Level 1:colcon.colcon_core.environment:checking '/home/avees/coordinator/install/coordinator' for CMake config files
[17.901s] Level 1:colcon.colcon_core.shell:create_environment_hook('coordinator', 'cmake_prefix_path')
[17.901s] INFO:colcon.colcon_core.shell:Creating environment hook '/home/avees/coordinator/install/coordinator/share/coordinator/hook/cmake_prefix_path.ps1'
[17.902s] INFO:colcon.colcon_core.shell:Creating environment descriptor '/home/avees/coordinator/install/coordinator/share/coordinator/hook/cmake_prefix_path.dsv'
[17.903s] INFO:colcon.colcon_core.shell:Creating environment hook '/home/avees/coordinator/install/coordinator/share/coordinator/hook/cmake_prefix_path.sh'
[17.904s] Level 1:colcon.colcon_core.environment:checking '/home/avees/coordinator/install/coordinator/lib'
[17.905s] Level 1:colcon.colcon_core.environment:checking '/home/avees/coordinator/install/coordinator/bin'
[17.905s] Level 1:colcon.colcon_core.environment:checking '/home/avees/coordinator/install/coordinator/lib/pkgconfig/coordinator.pc'
[17.905s] Level 1:colcon.colcon_core.environment:checking '/home/avees/coordinator/install/coordinator/lib/python3.8/site-packages'
[17.906s] Level 1:colcon.colcon_core.environment:checking '/home/avees/coordinator/install/coordinator/bin'
[17.906s] INFO:colcon.colcon_core.shell:Creating package script '/home/avees/coordinator/install/coordinator/share/coordinator/package.ps1'
[17.907s] INFO:colcon.colcon_core.shell:Creating package descriptor '/home/avees/coordinator/install/coordinator/share/coordinator/package.dsv'
[17.908s] INFO:colcon.colcon_core.shell:Creating package script '/home/avees/coordinator/install/coordinator/share/coordinator/package.sh'
[17.909s] INFO:colcon.colcon_core.shell:Creating package script '/home/avees/coordinator/install/coordinator/share/coordinator/package.bash'
[17.910s] INFO:colcon.colcon_core.shell:Creating package script '/home/avees/coordinator/install/coordinator/share/coordinator/package.zsh'
[17.911s] Level 1:colcon.colcon_core.environment:create_file_with_runtime_dependencies(/home/avees/coordinator/install/coordinator/share/colcon-core/packages/coordinator)
[17.912s] DEBUG:colcon.colcon_parallel_executor.executor.parallel:closing loop
[17.912s] DEBUG:colcon.colcon_parallel_executor.executor.parallel:loop closed
[17.913s] DEBUG:colcon.colcon_parallel_executor.executor.parallel:run_until_complete finished with '0'
[17.913s] DEBUG:colcon.colcon_core.event_reactor:joining thread
[17.931s] INFO:colcon.colcon_core.plugin_system:Skipping extension 'colcon_notification.desktop_notification.terminal_notifier': Not used on non-Darwin systems
[17.931s] INFO:colcon.colcon_core.plugin_system:Skipping extension 'colcon_notification.desktop_notification.win32': Not used on non-Windows systems
[17.931s] INFO:colcon.colcon_notification.desktop_notification:Sending desktop notification using 'notify2'
[17.974s] DEBUG:colcon.colcon_core.event_reactor:joined thread
[17.975s] INFO:colcon.colcon_core.shell:Creating prefix script '/home/avees/coordinator/install/local_setup.ps1'
[17.978s] INFO:colcon.colcon_core.shell:Creating prefix util module '/home/avees/coordinator/install/_local_setup_util_ps1.py'
[17.982s] INFO:colcon.colcon_core.shell:Creating prefix chain script '/home/avees/coordinator/install/setup.ps1'
[17.986s] INFO:colcon.colcon_core.shell:Creating prefix script '/home/avees/coordinator/install/local_setup.sh'
[17.987s] INFO:colcon.colcon_core.shell:Creating prefix util module '/home/avees/coordinator/install/_local_setup_util_sh.py'
[17.988s] INFO:colcon.colcon_core.shell:Creating prefix chain script '/home/avees/coordinator/install/setup.sh'
[17.990s] INFO:colcon.colcon_core.shell:Creating prefix script '/home/avees/coordinator/install/local_setup.bash'
[17.991s] INFO:colcon.colcon_core.shell:Creating prefix chain script '/home/avees/coordinator/install/setup.bash'
[17.993s] INFO:colcon.colcon_core.shell:Creating prefix script '/home/avees/coordinator/install/local_setup.zsh'
[17.994s] INFO:colcon.colcon_core.shell:Creating prefix chain script '/home/avees/coordinator/install/setup.zsh'
