[0.029s] Invoking command in '/home/avees/coordinator_node/build/coordinator': CMAKE_PREFIX_PATH=/opt/ros/foxy /usr/bin/cmake --build /home/avees/coordinator_node/build/coordinator -- -j6 -l6
[0.179s] [35m[1mScanning dependencies of target coordinator_node[0m
[0.290s] [  3%] [32mBuilding CXX object CMakeFiles/coordinator_node.dir/src/coordinator.cpp.o[0m
[7.606s] [01m[K/home/avees/coordinator_node/src/coordinator/src/coordinator.cpp:[m[K In member function ‘[01m[Kvoid Coordinator::split_scheduling(const std::vector<int>&, uint64_t)[m[K’:
[7.606s] [01m[K/home/avees/coordinator_node/src/coordinator/src/coordinator.cpp:277:34:[m[K [01;31m[Kerror: [m[K‘[01m[Kcx[m[K’ was not declared in this scope; did you mean ‘[01m[Kcv[m[K’?
[7.606s]   277 |             int node_index =     [01;31m[Kcx[m[K[count];
[7.607s]       |                                  [01;31m[K^~[m[K
[7.607s]       |                                  [32m[Kcv[m[K
[7.607s] [01m[K/home/avees/coordinator_node/src/coordinator/src/coordinator.cpp:284:26:[m[K [01;35m[Kwarning: [m[Knarrowing conversion of ‘[01m[Kframe_time[m[K’ from ‘[01m[Kuint64_t[m[K’ {aka ‘[01m[Klong unsigned int[m[K’} to ‘[01m[Klong int[m[K’ [[01;35m[K-Wnarrowing[m[K]
[7.608s]   284 |             roi_.data = {[01;35m[Kframe_time[m[K, x_offset, y_offset, w_offset, h_offset};
[7.608s]       |                          [01;35m[K^~~~~~~~~~[m[K
[7.608s] [01m[K/home/avees/coordinator_node/src/coordinator/src/coordinator.cpp:284:26:[m[K [01;35m[Kwarning: [m[Knarrowing conversion of ‘[01m[Kframe_time[m[K’ from ‘[01m[Kuint64_t[m[K’ {aka ‘[01m[Klong unsigned int[m[K’} to ‘[01m[Klong int[m[K’ [[01;35m[K-Wnarrowing[m[K]
[7.611s] [01m[K/home/avees/coordinator_node/src/coordinator/src/coordinator.cpp:288:66:[m[K [01;35m[Kwarning: [m[Knarrowing conversion of ‘[01m[Kframe_time[m[K’ from ‘[01m[Kuint64_t[m[K’ {aka ‘[01m[Klong unsigned int[m[K’} to ‘[01m[Klong int[m[K’ [[01;35m[K-Wnarrowing[m[K]
[7.612s]   288 |         total_roi_msg.data.insert(total_roi_msg.data.end(), {[01;35m[Kframe_time[m[K, x_offset, y_offset, w_offset, h_offset});
[7.612s]       |                                                              [01;35m[K^~~~~~~~~~[m[K
[7.612s] 
[7.612s] [01m[K/home/avees/coordinator_node/src/coordinator/src/coordinator.cpp:288:66:[m[K [01;35m[Kwarning: [m[Knarrowing conversion of ‘[01m[Kframe_time[m[K’ from ‘[01m[Kuint64_t[m[K’ {aka ‘[01m[Klong unsigned int[m[K’} to ‘[01m[Klong int[m[K’ [[01;35m[K-Wnarrowing[m[K]
[14.304s] make[2]: *** [CMakeFiles/coordinator_node.dir/build.make:76: CMakeFiles/coordinator_node.dir/src/coordinator.cpp.o] Error 1
[14.305s] make[1]: *** [CMakeFiles/Makefile2:78: CMakeFiles/coordinator_node.dir/all] Error 2
[14.306s] make: *** [Makefile:141: all] Error 2
[14.312s] Invoked command in '/home/avees/coordinator_node/build/coordinator' returned '2': CMAKE_PREFIX_PATH=/opt/ros/foxy /usr/bin/cmake --build /home/avees/coordinator_node/build/coordinator -- -j6 -l6
