[0.395s] DEBUG:colcon:Command line arguments: ['/usr/bin/colcon', 'build']
[0.395s] DEBUG:colcon:Parsed command line arguments: Namespace(allow_overriding=[], ament_cmake_args=None, base_paths=['.'], build_base='build', catkin_cmake_args=None, catkin_skip_building_tests=False, cmake_args=None, cmake_clean_cache=False, cmake_clean_first=False, cmake_force_configure=False, cmake_target=None, cmake_target_skip_unavailable=False, continue_on_error=False, event_handlers=None, executor='parallel', ignore_user_meta=False, install_base='install', log_base=None, log_level=None, main=<bound method BuildVerb.main of <colcon_core.verb.build.BuildVerb object at 0xffffa974f850>>, merge_install=False, metas=['./colcon.meta'], mixin=None, mixin_files=None, mixin_verb=('build',), packages_above=None, packages_above_and_dependencies=None, packages_above_depth=None, packages_end=None, packages_ignore=None, packages_ignore_regex=None, packages_select=None, packages_select_build_failed=False, packages_select_by_dep=None, packages_select_regex=None, packages_select_test_failures=False, packages_skip=None, packages_skip_build_finished=False, packages_skip_by_dep=None, packages_skip_regex=None, packages_skip_test_passed=False, packages_skip_up_to=None, packages_start=None, packages_up_to=None, packages_up_to_regex=None, parallel_workers=6, paths=None, symlink_install=False, test_result_base=None, verb_extension=<colcon_core.verb.build.BuildVerb object at 0xffffa974f850>, verb_name='build', verb_parser=<colcon_mixin.mixin.mixin_argument.MixinArgumentDecorator object at 0xffffa975b100>)
[0.714s] Level 1:colcon.colcon_core.package_discovery:discover_packages(colcon_meta) check parameters
[0.714s] Level 1:colcon.colcon_core.package_discovery:discover_packages(recursive) check parameters
[0.714s] Level 1:colcon.colcon_core.package_discovery:discover_packages(ignore) check parameters
[0.714s] Level 1:colcon.colcon_core.package_discovery:discover_packages(path) check parameters
[0.714s] Level 1:colcon.colcon_core.package_discovery:discover_packages(colcon_meta) discover
[0.715s] Level 1:colcon.colcon_core.package_discovery:discover_packages(recursive) discover
[0.715s] INFO:colcon.colcon_core.package_discovery:Crawling recursively for packages in '/home/avees/coordinator'
[0.715s] Level 1:colcon.colcon_core.package_identification:_identify(.) by extensions ['ignore', 'ignore_ament_install']
[0.715s] Level 1:colcon.colcon_core.package_identification:_identify(.) by extension 'ignore'
[0.715s] Level 1:colcon.colcon_core.package_identification:_identify(.) by extension 'ignore_ament_install'
[0.715s] Level 1:colcon.colcon_core.package_identification:_identify(.) by extensions ['colcon_pkg']
[0.716s] Level 1:colcon.colcon_core.package_identification:_identify(.) by extension 'colcon_pkg'
[0.716s] Level 1:colcon.colcon_core.package_identification:_identify(.) by extensions ['colcon_meta']
[0.716s] Level 1:colcon.colcon_core.package_identification:_identify(.) by extension 'colcon_meta'
[0.716s] Level 1:colcon.colcon_core.package_identification:_identify(.) by extensions ['ros']
[0.716s] Level 1:colcon.colcon_core.package_identification:_identify(.) by extension 'ros'
[0.747s] DEBUG:colcon.colcon_core.package_identification:Package '.' with type 'ros.ament_cmake' and name 'coordinator'
[0.747s] Level 1:colcon.colcon_core.package_discovery:discover_packages(recursive) using defaults
[0.748s] Level 1:colcon.colcon_core.package_discovery:discover_packages(ignore) discover
[0.748s] Level 1:colcon.colcon_core.package_discovery:discover_packages(ignore) using defaults
[0.748s] Level 1:colcon.colcon_core.package_discovery:discover_packages(path) discover
[0.748s] Level 1:colcon.colcon_core.package_discovery:discover_packages(path) using defaults
[0.781s] Level 1:colcon.colcon_core.package_discovery:discover_packages(prefix_path) check parameters
[0.781s] Level 1:colcon.colcon_core.package_discovery:discover_packages(prefix_path) discover
[0.785s] DEBUG:colcon.colcon_installed_package_information.package_discovery:Found 1 installed packages in /home/avees/coordinator/install
[0.787s] DEBUG:colcon.colcon_installed_package_information.package_discovery:Found 260 installed packages in /opt/ros/foxy
[0.792s] Level 1:colcon.colcon_core.package_discovery:discover_packages(prefix_path) using defaults
[0.945s] Level 5:colcon.colcon_core.verb:set package 'coordinator' build argument 'cmake_args' from command line to 'None'
[0.945s] Level 5:colcon.colcon_core.verb:set package 'coordinator' build argument 'cmake_target' from command line to 'None'
[0.945s] Level 5:colcon.colcon_core.verb:set package 'coordinator' build argument 'cmake_target_skip_unavailable' from command line to 'False'
[0.945s] Level 5:colcon.colcon_core.verb:set package 'coordinator' build argument 'cmake_clean_cache' from command line to 'False'
[0.946s] Level 5:colcon.colcon_core.verb:set package 'coordinator' build argument 'cmake_clean_first' from command line to 'False'
[0.946s] Level 5:colcon.colcon_core.verb:set package 'coordinator' build argument 'cmake_force_configure' from command line to 'False'
[0.946s] Level 5:colcon.colcon_core.verb:set package 'coordinator' build argument 'ament_cmake_args' from command line to 'None'
[0.946s] Level 5:colcon.colcon_core.verb:set package 'coordinator' build argument 'catkin_cmake_args' from command line to 'None'
[0.946s] Level 5:colcon.colcon_core.verb:set package 'coordinator' build argument 'catkin_skip_building_tests' from command line to 'False'
[0.946s] DEBUG:colcon.colcon_core.verb:Building package 'coordinator' with the following arguments: {'ament_cmake_args': None, 'build_base': '/home/avees/coordinator/build/coordinator', 'catkin_cmake_args': None, 'catkin_skip_building_tests': False, 'cmake_args': None, 'cmake_clean_cache': False, 'cmake_clean_first': False, 'cmake_force_configure': False, 'cmake_target': None, 'cmake_target_skip_unavailable': False, 'install_base': '/home/avees/coordinator/install/coordinator', 'merge_install': False, 'path': '/home/avees/coordinator', 'symlink_install': False, 'test_result_base': None}
[0.946s] INFO:colcon.colcon_core.executor:Executing jobs using 'parallel' executor
[0.949s] DEBUG:colcon.colcon_parallel_executor.executor.parallel:run_until_complete
[0.949s] INFO:colcon.colcon_ros.task.ament_cmake.build:Building ROS package in '/home/avees/coordinator' with build type 'ament_cmake'
[0.950s] INFO:colcon.colcon_cmake.task.cmake.build:Building CMake package in '/home/avees/coordinator'
[0.954s] INFO:colcon.colcon_core.plugin_system:Skipping extension 'colcon_core.shell.bat': Not used on non-Windows systems
[0.954s] INFO:colcon.colcon_core.shell:Skip shell extension 'powershell' for command environment: Not usable outside of PowerShell
[0.954s] DEBUG:colcon.colcon_core.shell:Skip shell extension 'dsv' for command environment
[0.982s] DEBUG:colcon.colcon_core.event_handler.log_command:Invoking command in '/home/avees/coordinator/build/coordinator': CMAKE_PREFIX_PATH=${CMAKE_PREFIX_PATH}:/opt/ros/foxy /usr/bin/cmake --build /home/avees/coordinator/build/coordinator -- -j6 -l6
[17.918s] DEBUG:colcon.colcon_core.event_handler.log_command:Invoked command in '/home/avees/coordinator/build/coordinator' returned '0': CMAKE_PREFIX_PATH=${CMAKE_PREFIX_PATH}:/opt/ros/foxy /usr/bin/cmake --build /home/avees/coordinator/build/coordinator -- -j6 -l6
[17.950s] DEBUG:colcon.colcon_core.event_handler.log_command:Invoking command in '/home/avees/coordinator/build/coordinator': CMAKE_PREFIX_PATH=${CMAKE_PREFIX_PATH}:/opt/ros/foxy /usr/bin/cmake --install /home/avees/coordinator/build/coordinator
[17.985s] Level 1:colcon.colcon_core.environment:create_environment_scripts_only(coordinator)
[17.987s] DEBUG:colcon.colcon_core.event_handler.log_command:Invoked command in '/home/avees/coordinator/build/coordinator' returned '0': CMAKE_PREFIX_PATH=${CMAKE_PREFIX_PATH}:/opt/ros/foxy /usr/bin/cmake --install /home/avees/coordinator/build/coordinator
[17.996s] Level 1:colcon.colcon_core.environment:checking '/home/avees/coordinator/install/coordinator' for CMake module files
[17.998s] Level 1:colcon.colcon_core.environment:checking '/home/avees/coordinator/install/coordinator' for CMake config files
[17.999s] Level 1:colcon.colcon_core.shell:create_environment_hook('coordinator', 'cmake_prefix_path')
[17.999s] INFO:colcon.colcon_core.shell:Creating environment hook '/home/avees/coordinator/install/coordinator/share/coordinator/hook/cmake_prefix_path.ps1'
[18.002s] INFO:colcon.colcon_core.shell:Creating environment descriptor '/home/avees/coordinator/install/coordinator/share/coordinator/hook/cmake_prefix_path.dsv'
[18.003s] INFO:colcon.colcon_core.shell:Creating environment hook '/home/avees/coordinator/install/coordinator/share/coordinator/hook/cmake_prefix_path.sh'
[18.006s] Level 1:colcon.colcon_core.environment:checking '/home/avees/coordinator/install/coordinator/lib'
[18.007s] Level 1:colcon.colcon_core.environment:checking '/home/avees/coordinator/install/coordinator/bin'
[18.007s] Level 1:colcon.colcon_core.environment:checking '/home/avees/coordinator/install/coordinator/lib/pkgconfig/coordinator.pc'
[18.008s] Level 1:colcon.colcon_core.environment:checking '/home/avees/coordinator/install/coordinator/lib/python3.8/site-packages'
[18.008s] Level 1:colcon.colcon_core.environment:checking '/home/avees/coordinator/install/coordinator/bin'
[18.009s] INFO:colcon.colcon_core.shell:Creating package script '/home/avees/coordinator/install/coordinator/share/coordinator/package.ps1'
[18.012s] INFO:colcon.colcon_core.shell:Creating package descriptor '/home/avees/coordinator/install/coordinator/share/coordinator/package.dsv'
[18.013s] INFO:colcon.colcon_core.shell:Creating package script '/home/avees/coordinator/install/coordinator/share/coordinator/package.sh'
[18.015s] INFO:colcon.colcon_core.shell:Creating package script '/home/avees/coordinator/install/coordinator/share/coordinator/package.bash'
[18.017s] INFO:colcon.colcon_core.shell:Creating package script '/home/avees/coordinator/install/coordinator/share/coordinator/package.zsh'
[18.018s] Level 1:colcon.colcon_core.environment:create_file_with_runtime_dependencies(/home/avees/coordinator/install/coordinator/share/colcon-core/packages/coordinator)
[18.020s] Level 1:colcon.colcon_core.environment:create_environment_scripts_only(coordinator)
[18.021s] Level 1:colcon.colcon_core.environment:checking '/home/avees/coordinator/install/coordinator' for CMake module files
[18.022s] Level 1:colcon.colcon_core.environment:checking '/home/avees/coordinator/install/coordinator' for CMake config files
[18.022s] Level 1:colcon.colcon_core.shell:create_environment_hook('coordinator', 'cmake_prefix_path')
[18.023s] INFO:colcon.colcon_core.shell:Creating environment hook '/home/avees/coordinator/install/coordinator/share/coordinator/hook/cmake_prefix_path.ps1'
[18.024s] INFO:colcon.colcon_core.shell:Creating environment descriptor '/home/avees/coordinator/install/coordinator/share/coordinator/hook/cmake_prefix_path.dsv'
[18.024s] INFO:colcon.colcon_core.shell:Creating environment hook '/home/avees/coordinator/install/coordinator/share/coordinator/hook/cmake_prefix_path.sh'
[18.026s] Level 1:colcon.colcon_core.environment:checking '/home/avees/coordinator/install/coordinator/lib'
[18.026s] Level 1:colcon.colcon_core.environment:checking '/home/avees/coordinator/install/coordinator/bin'
[18.026s] Level 1:colcon.colcon_core.environment:checking '/home/avees/coordinator/install/coordinator/lib/pkgconfig/coordinator.pc'
[18.027s] Level 1:colcon.colcon_core.environment:checking '/home/avees/coordinator/install/coordinator/lib/python3.8/site-packages'
[18.027s] Level 1:colcon.colcon_core.environment:checking '/home/avees/coordinator/install/coordinator/bin'
[18.028s] INFO:colcon.colcon_core.shell:Creating package script '/home/avees/coordinator/install/coordinator/share/coordinator/package.ps1'
[18.029s] INFO:colcon.colcon_core.shell:Creating package descriptor '/home/avees/coordinator/install/coordinator/share/coordinator/package.dsv'
[18.030s] INFO:colcon.colcon_core.shell:Creating package script '/home/avees/coordinator/install/coordinator/share/coordinator/package.sh'
[18.031s] INFO:colcon.colcon_core.shell:Creating package script '/home/avees/coordinator/install/coordinator/share/coordinator/package.bash'
[18.031s] INFO:colcon.colcon_core.shell:Creating package script '/home/avees/coordinator/install/coordinator/share/coordinator/package.zsh'
[18.032s] Level 1:colcon.colcon_core.environment:create_file_with_runtime_dependencies(/home/avees/coordinator/install/coordinator/share/colcon-core/packages/coordinator)
[18.033s] DEBUG:colcon.colcon_parallel_executor.executor.parallel:closing loop
[18.034s] DEBUG:colcon.colcon_parallel_executor.executor.parallel:loop closed
[18.034s] DEBUG:colcon.colcon_parallel_executor.executor.parallel:run_until_complete finished with '0'
[18.034s] DEBUG:colcon.colcon_core.event_reactor:joining thread
[18.048s] INFO:colcon.colcon_core.plugin_system:Skipping extension 'colcon_notification.desktop_notification.terminal_notifier': Not used on non-Darwin systems
[18.048s] INFO:colcon.colcon_core.plugin_system:Skipping extension 'colcon_notification.desktop_notification.win32': Not used on non-Windows systems
[18.048s] INFO:colcon.colcon_notification.desktop_notification:Sending desktop notification using 'notify2'
[18.089s] DEBUG:colcon.colcon_core.event_reactor:joined thread
[18.091s] INFO:colcon.colcon_core.shell:Creating prefix script '/home/avees/coordinator/install/local_setup.ps1'
[18.094s] INFO:colcon.colcon_core.shell:Creating prefix util module '/home/avees/coordinator/install/_local_setup_util_ps1.py'
[18.097s] INFO:colcon.colcon_core.shell:Creating prefix chain script '/home/avees/coordinator/install/setup.ps1'
[18.100s] INFO:colcon.colcon_core.shell:Creating prefix script '/home/avees/coordinator/install/local_setup.sh'
[18.101s] INFO:colcon.colcon_core.shell:Creating prefix util module '/home/avees/coordinator/install/_local_setup_util_sh.py'
[18.102s] INFO:colcon.colcon_core.shell:Creating prefix chain script '/home/avees/coordinator/install/setup.sh'
[18.105s] INFO:colcon.colcon_core.shell:Creating prefix script '/home/avees/coordinator/install/local_setup.bash'
[18.106s] INFO:colcon.colcon_core.shell:Creating prefix chain script '/home/avees/coordinator/install/setup.bash'
[18.108s] INFO:colcon.colcon_core.shell:Creating prefix script '/home/avees/coordinator/install/local_setup.zsh'
[18.109s] INFO:colcon.colcon_core.shell:Creating prefix chain script '/home/avees/coordinator/install/setup.zsh'
