-- The C compiler identification is GNU 9.4.0
-- The CXX compiler identification is GNU 9.4.0
-- Check for working C compiler: /usr/bin/cc
-- Check for working C compiler: /usr/bin/cc -- works
-- Detecting C compiler ABI info
-- Detecting C compiler ABI info - done
-- Detecting C compile features
-- Detecting C compile features - done
-- Check for working CXX compiler: /usr/bin/c++
-- Check for working CXX compiler: /usr/bin/c++ -- works
-- Detecting CXX compiler ABI info
-- Detecting CXX compiler ABI info - done
-- Detecting CXX compile features
-- Detecting CXX compile features - done
-- Found ament_cmake: 0.9.12 (/opt/ros/foxy/share/ament_cmake/cmake)
-- Found PythonInterp: /usr/bin/python3 (found suitable version "3.8.10", minimum required is "3") 
-- Using PYTHON_EXECUTABLE: /usr/bin/python3
-- Found rclcpp: 2.4.3 (/opt/ros/foxy/share/rclcpp/cmake)
-- Using all available rosidl_typesupport_c: rosidl_typesupport_fastrtps_c;rosidl_typesupport_introspection_c
-- Found rosidl_adapter: 1.3.1 (/opt/ros/foxy/share/rosidl_adapter/cmake)
-- Found OpenSSL: /usr/lib/aarch64-linux-gnu/libcrypto.so (found version "1.1.1f")  
-- Found FastRTPS: /opt/ros/foxy/include  
-- Using all available rosidl_typesupport_cpp: rosidl_typesupport_fastrtps_cpp;rosidl_typesupport_introspection_cpp
-- Found rmw_implementation_cmake: 1.0.4 (/opt/ros/foxy/share/rmw_implementation_cmake/cmake)
-- Using RMW implementation 'rmw_fastrtps_cpp' as default
-- Looking for pthread.h
-- Looking for pthread.h - found
-- Performing Test CMAKE_HAVE_LIBC_PTHREAD
-- Performing Test CMAKE_HAVE_LIBC_PTHREAD - Failed
-- Looking for pthread_create in pthreads
-- Looking for pthread_create in pthreads - not found
-- Looking for pthread_create in pthread
-- Looking for pthread_create in pthread - found
-- Found Threads: TRUE  
-- Found sensor_msgs: 2.0.5 (/opt/ros/foxy/share/sensor_msgs/cmake)
-- Found camera_info_manager: 2.4.0 (/opt/ros/foxy/share/camera_info_manager/cmake)
-- Setting yaml-cpp_DIR to: '/opt/ros/foxy/share/yaml_cpp_vendor/cmake/../../../opt/yaml_cpp_vendor/lib/cmake/yaml-cpp'
-- Found diagnostic_msgs: 2.0.5 (/opt/ros/foxy/share/diagnostic_msgs/cmake)
-- Found image_transport: 2.4.0 (/opt/ros/foxy/share/image_transport/cmake)
-- Found cv_bridge: 3.0.7 (/opt/ros/foxy/share/cv_bridge/cmake)
-- Found OpenCV: /usr (found suitable version "4.5.4", minimum required is "4") 
-- Found ament_lint_auto: 0.9.8 (/opt/ros/foxy/share/ament_lint_auto/cmake)
-- Added test 'copyright' to check source files copyright and LICENSE
-- Added test 'cppcheck' to perform static code analysis on C / C++ code
-- Configured cppcheck include dirs: $<BUILD_INTERFACE:/home/avees/coordinator/include>
-- Configured cppcheck exclude dirs and/or files: 
-- Added test 'cpplint' to check C / C++ code against the Google style
-- Configured cpplint exclude dirs and/or files: 
-- Added test 'lint_cmake' to check CMake code style
-- Added test 'uncrustify' to check C / C++ code style
-- Configured uncrustify additional arguments: 
-- Added test 'xmllint' to check XML markup files
-- Configuring done
-- Generating done
-- Build files have been written to: /home/avees/coordinator/build/coordinator
[35m[1mScanning dependencies of target coordinator_node[0m
[ 12%] [32mBuilding CXX object CMakeFiles/coordinator_node.dir/src/frame_observer.cpp.o[0m
[ 12%] [32mBuilding CXX object CMakeFiles/coordinator_node.dir/include/VimbaCPP/Source/BaseFeature.cpp.o[0m
[ 12%] [32mBuilding CXX object CMakeFiles/coordinator_node.dir/src/coordinator.cpp.o[0m
[ 16%] [32mBuilding CXX object CMakeFiles/coordinator_node.dir/src/avt_vimba_camera.cpp.o[0m
[ 12%] [32mBuilding CXX object CMakeFiles/coordinator_node.dir/src/main.cpp.o[0m
[ 19%] [32mBuilding CXX object CMakeFiles/coordinator_node.dir/include/VimbaCPP/Source/AncillaryData.cpp.o[0m
[01m[K/home/avees/coordinator/include/VimbaCPP/Source/BaseFeature.cpp:28:[m[K [01;35m[Kwarning: [m[Kignoring #pragma warning  [[01;35m[K-Wunknown-pragmas[m[K]
   28 | #pragma warning(disable:4996)
      | 
[01m[K/home/avees/coordinator/include/VimbaCPP/Source/BaseFeature.cpp:30:[m[K [01;35m[Kwarning: [m[Kignoring #pragma warning  [[01;35m[K-Wunknown-pragmas[m[K]
   30 | #pragma warning(default:4996)
      | 
[01m[K/home/avees/coordinator/include/VimbaCPP/Source/AncillaryData.cpp:[m[K In copy constructor ‘[01m[KAVT::VmbAPI::AncillaryData::AncillaryData(const AVT::VmbAPI::AncillaryData&)[m[K’:
[01m[K/home/avees/coordinator/include/VimbaCPP/Source/AncillaryData.cpp:46:1:[m[K [01;35m[Kwarning: [m[Kbase class ‘[01m[Kclass AVT::VmbAPI::BasicLockable[m[K’ should be explicitly initialized in the copy constructor [[01;35m[K-Wextra[m[K]
   46 | [01;35m[KAncillaryData[m[K::AncillaryData( const AncillaryData& )
      | [01;35m[K^~~~~~~~~~~~~[m[K
[01m[K/home/avees/coordinator/include/VimbaCPP/Source/AncillaryData.cpp:46:1:[m[K [01;35m[Kwarning: [m[Kbase class ‘[01m[Kclass AVT::VmbAPI::FeatureContainer[m[K’ should be explicitly initialized in the copy constructor [[01;35m[K-Wextra[m[K]
[ 22%] [32mBuilding CXX object CMakeFiles/coordinator_node.dir/include/VimbaCPP/Source/BasicLockable.cpp.o[0m
In file included from [01m[K/home/avees/coordinator/include/VimbaCPP/Source/BaseFeature.cpp:29[m[K:
[01m[K/home/avees/coordinator/include/VimbaCPP/Source/BaseFeature.h:[m[K In constructor ‘[01m[KAVT::VmbAPI::BaseFeature::BaseFeature(const VmbFeatureInfo_t*, AVT::VmbAPI::FeatureContainer*)[m[K’:
[01m[K/home/avees/coordinator/include/VimbaCPP/Source/BaseFeature.h:118:11:[m[K [01;35m[Kwarning: [m[K‘[01m[KAVT::VmbAPI::BaseFeature::m_pImpl[m[K’ will be initialized after [[01;35m[K-Wreorder[m[K]
  118 |     Impl *[01;35m[Km_pImpl[m[K;
      |           [01;35m[K^~~~~~~[m[K
[01m[K/home/avees/coordinator/include/VimbaCPP/Source/BaseFeature.h:108:23:[m[K [01;35m[Kwarning: [m[K  ‘[01m[KAVT::VmbAPI::FeatureContainer* AVT::VmbAPI::BaseFeature::m_pFeatureContainer[m[K’ [[01;35m[K-Wreorder[m[K]
  108 |     FeatureContainer *[01;35m[Km_pFeatureContainer[m[K;
      |                       [01;35m[K^~~~~~~~~~~~~~~~~~~[m[K
[01m[K/home/avees/coordinator/include/VimbaCPP/Source/BaseFeature.cpp:55:1:[m[K [01;35m[Kwarning: [m[K  when initialized here [[01;35m[K-Wreorder[m[K]
   55 | [01;35m[KBaseFeature[m[K::BaseFeature( const VmbFeatureInfo_t *pFeatureInfo, FeatureContainer *pFeatureContainer )
      | [01;35m[K^~~~~~~~~~~[m[K
[01m[K/home/avees/coordinator/include/VimbaCPP/Source/BaseFeature.cpp:[m[K In copy constructor ‘[01m[KAVT::VmbAPI::BaseFeature::BaseFeature(const AVT::VmbAPI::BaseFeature&)[m[K’:
[01m[K/home/avees/coordinator/include/VimbaCPP/Source/BaseFeature.cpp:98:1:[m[K [01;35m[Kwarning: [m[Kbase class ‘[01m[Kclass AVT::VmbAPI::BasicLockable[m[K’ should be explicitly initialized in the copy constructor [[01;35m[K-Wextra[m[K]
   98 | [01;35m[KBaseFeature[m[K::BaseFeature( const BaseFeature& )
      | [01;35m[K^~~~~~~~~~~[m[K
[ 25%] [32mBuilding CXX object CMakeFiles/coordinator_node.dir/include/VimbaCPP/Source/BoolFeature.cpp.o[0m
[ 29%] [32mBuilding CXX object CMakeFiles/coordinator_node.dir/include/VimbaCPP/Source/Camera.cpp.o[0m
[01m[K/home/avees/coordinator/include/VimbaCPP/Source/Camera.cpp:27:[m[K [01;35m[Kwarning: [m[Kignoring #pragma warning  [[01;35m[K-Wunknown-pragmas[m[K]
   27 | #pragma warning(disable:4996)
      | 
[01m[K/home/avees/coordinator/include/VimbaCPP/Source/Camera.cpp:29:[m[K [01;35m[Kwarning: [m[Kignoring #pragma warning  [[01;35m[K-Wunknown-pragmas[m[K]
   29 | #pragma warning(default:4996)
      | 
[ 32%] [32mBuilding CXX object CMakeFiles/coordinator_node.dir/include/VimbaCPP/Source/Clock.cpp.o[0m
[ 35%] [32mBuilding CXX object CMakeFiles/coordinator_node.dir/include/VimbaCPP/Source/CommandFeature.cpp.o[0m
[ 38%] [32mBuilding CXX object CMakeFiles/coordinator_node.dir/include/VimbaCPP/Source/Condition.cpp.o[0m
In file included from [01m[K/home/avees/coordinator/include/VimbaCPP/Source/Condition.cpp:29[m[K:
[01m[K/home/avees/coordinator/include/VimbaCPP/Source/Condition.h:[m[K In constructor ‘[01m[KAVT::VmbAPI::Condition::Condition()[m[K’:
[01m[K/home/avees/coordinator/include/VimbaCPP/Source/Condition.h:44:29:[m[K [01;35m[Kwarning: [m[K‘[01m[KAVT::VmbAPI::Condition::m_nWaiterNumber[m[K’ will be initialized after [[01;35m[K-Wreorder[m[K]
   44 |     unsigned long           [01;35m[Km_nWaiterNumber[m[K;
      |                             [01;35m[K^~~~~~~~~~~~~~~[m[K
[01m[K/home/avees/coordinator/include/VimbaCPP/Source/Condition.h:43:29:[m[K [01;35m[Kwarning: [m[K  ‘[01m[Klong unsigned int AVT::VmbAPI::Condition::m_nReleaseNumber[m[K’ [[01;35m[K-Wreorder[m[K]
   43 |     unsigned long           [01;35m[Km_nReleaseNumber[m[K;
      |                             [01;35m[K^~~~~~~~~~~~~~~~[m[K
[01m[K/home/avees/coordinator/include/VimbaCPP/Source/Condition.cpp:34:1:[m[K [01;35m[Kwarning: [m[K  when initialized here [[01;35m[K-Wreorder[m[K]
   34 | [01;35m[KCondition[m[K::Condition()
      | [01;35m[K^~~~~~~~~[m[K
[01m[K/home/avees/coordinator/include/VimbaCPP/Source/Camera.cpp:[m[K In copy constructor ‘[01m[KAVT::VmbAPI::Camera::Camera(const AVT::VmbAPI::Camera&)[m[K’:
[01m[K/home/avees/coordinator/include/VimbaCPP/Source/Camera.cpp:490:1:[m[K [01;35m[Kwarning: [m[Kbase class ‘[01m[Kclass AVT::VmbAPI::BasicLockable[m[K’ should be explicitly initialized in the copy constructor [[01;35m[K-Wextra[m[K]
  490 | [01;35m[KCamera[m[K::Camera( const Camera& )
      | [01;35m[K^~~~~~[m[K
[01m[K/home/avees/coordinator/include/VimbaCPP/Source/Camera.cpp:490:1:[m[K [01;35m[Kwarning: [m[Kbase class ‘[01m[Kclass AVT::VmbAPI::FeatureContainer[m[K’ should be explicitly initialized in the copy constructor [[01;35m[K-Wextra[m[K]
[ 41%] [32mBuilding CXX object CMakeFiles/coordinator_node.dir/include/VimbaCPP/Source/ConditionHelper.cpp.o[0m
[ 45%] [32mBuilding CXX object CMakeFiles/coordinator_node.dir/include/VimbaCPP/Source/DefaultCameraFactory.cpp.o[0m
In file included from [01m[K/home/avees/coordinator/include/VimbaCPP/Source/ConditionHelper.cpp:29[m[K:
[01m[K/home/avees/coordinator/include/VimbaCPP/Source/ConditionHelper.h:[m[K In constructor ‘[01m[KAVT::VmbAPI::ConditionHelper::ConditionHelper()[m[K’:
[01m[K/home/avees/coordinator/include/VimbaCPP/Source/ConditionHelper.h:63:41:[m[K [01;35m[Kwarning: [m[K‘[01m[KAVT::VmbAPI::ConditionHelper::m_nNumListReads[m[K’ will be initialized after [[01;35m[K-Wreorder[m[K]
   63 |     int                                 [01;35m[Km_nNumListReads[m[K;
      |                                         [01;35m[K^~~~~~~~~~~~~~~[m[K
[01m[K/home/avees/coordinator/include/VimbaCPP/Source/ConditionHelper.h:61:41:[m[K [01;35m[Kwarning: [m[K  ‘[01m[Kbool AVT::VmbAPI::ConditionHelper::m_bIsWritingList[m[K’ [[01;35m[K-Wreorder[m[K]
   61 |     bool                                [01;35m[Km_bIsWritingList[m[K;
      |                                         [01;35m[K^~~~~~~~~~~~~~~~[m[K
[01m[K/home/avees/coordinator/include/VimbaCPP/Source/ConditionHelper.cpp:36:1:[m[K [01;35m[Kwarning: [m[K  when initialized here [[01;35m[K-Wreorder[m[K]
   36 | [01;35m[KConditionHelper[m[K::ConditionHelper()
      | [01;35m[K^~~~~~~~~~~~~~~[m[K
[ 48%] [32mBuilding CXX object CMakeFiles/coordinator_node.dir/include/VimbaCPP/Source/EnumEntry.cpp.o[0m
[ 51%] [32mBuilding CXX object CMakeFiles/coordinator_node.dir/include/VimbaCPP/Source/EnumFeature.cpp.o[0m
[ 54%] [32mBuilding CXX object CMakeFiles/coordinator_node.dir/include/VimbaCPP/Source/Feature.cpp.o[0m
[01m[K/home/avees/coordinator/include/VimbaCPP/Source/Feature.cpp:29:[m[K [01;35m[Kwarning: [m[Kignoring #pragma warning  [[01;35m[K-Wunknown-pragmas[m[K]
   29 | #pragma warning(disable:4996)
      | 
[01m[K/home/avees/coordinator/include/VimbaCPP/Source/Feature.cpp:31:[m[K [01;35m[Kwarning: [m[Kignoring #pragma warning  [[01;35m[K-Wunknown-pragmas[m[K]
   31 | #pragma warning(default:4996)
      | 
[01m[K/home/avees/coordinator/include/VimbaCPP/Source/EnumEntry.cpp:[m[K In constructor ‘[01m[KAVT::VmbAPI::EnumEntry::PrivateImpl::PrivateImpl(const char*, const char*, const char*, const char*, const char*, VmbFeatureVisibility_t, VmbInt64_t)[m[K’:
[01m[K/home/avees/coordinator/include/VimbaCPP/Source/EnumEntry.cpp:41:33:[m[K [01;35m[Kwarning: [m[K‘[01m[KAVT::VmbAPI::EnumEntry::PrivateImpl::m_nValue[m[K’ will be initialized after [[01;35m[K-Wreorder[m[K]
   41 |     VmbInt64_t                  [01;35m[Km_nValue[m[K;
      |                                 [01;35m[K^~~~~~~~[m[K
[01m[K/home/avees/coordinator/include/VimbaCPP/Source/EnumEntry.cpp:40:33:[m[K [01;35m[Kwarning: [m[K  ‘[01m[KVmbFeatureVisibilityType AVT::VmbAPI::EnumEntry::PrivateImpl::m_Visibility[m[K’ [[01;35m[K-Wreorder[m[K]
   40 |     VmbFeatureVisibilityType    [01;35m[Km_Visibility[m[K;
      |                                 [01;35m[K^~~~~~~~~~~~[m[K
[01m[K/home/avees/coordinator/include/VimbaCPP/Source/EnumEntry.cpp:42:5:[m[K [01;35m[Kwarning: [m[K  when initialized here [[01;35m[K-Wreorder[m[K]
   42 |     [01;35m[KPrivateImpl[m[K(    const char              *pStrName,
      |     [01;35m[K^~~~~~~~~~~[m[K
[ 58%] [32mBuilding CXX object CMakeFiles/coordinator_node.dir/include/VimbaCPP/Source/FeatureContainer.cpp.o[0m
[01m[K/home/avees/coordinator/include/VimbaCPP/Source/Feature.cpp:[m[K In member function ‘[01m[KVmbErrorType AVT::VmbAPI::Feature::SetValue(const VmbInt32_t&)[m[K’:
[01m[K/home/avees/coordinator/include/VimbaCPP/Source/Feature.cpp:115:49:[m[K [01;35m[Kwarning: [m[Ktype qualifiers ignored on cast result type [[01;35m[K-Wignored-qualifiers[m[K]
  115 |     return m_pImpl->SetValue( (const VmbInt64_t)[01;35m[KrnValue[m[K );
      |                                                 [01;35m[K^~~~~~~[m[K
[ 61%] [32mBuilding CXX object CMakeFiles/coordinator_node.dir/include/VimbaCPP/Source/FileLogger.cpp.o[0m
[ 64%] [32mBuilding CXX object CMakeFiles/coordinator_node.dir/include/VimbaCPP/Source/FloatFeature.cpp.o[0m
[01m[K/home/avees/coordinator/include/VimbaCPP/Source/FeatureContainer.cpp:[m[K In copy constructor ‘[01m[KAVT::VmbAPI::FeatureContainer::FeatureContainer(const AVT::VmbAPI::FeatureContainer&)[m[K’:
[01m[K/home/avees/coordinator/include/VimbaCPP/Source/FeatureContainer.cpp:53:1:[m[K [01;35m[Kwarning: [m[Kbase class ‘[01m[Kclass AVT::VmbAPI::BasicLockable[m[K’ should be explicitly initialized in the copy constructor [[01;35m[K-Wextra[m[K]
   53 | [01;35m[KFeatureContainer[m[K::FeatureContainer( const FeatureContainer& )
      | [01;35m[K^~~~~~~~~~~~~~~~[m[K
[ 67%] [32mBuilding CXX object CMakeFiles/coordinator_node.dir/include/VimbaCPP/Source/Frame.cpp.o[0m
[ 70%] [32mBuilding CXX object CMakeFiles/coordinator_node.dir/include/VimbaCPP/Source/FrameHandler.cpp.o[0m
[ 74%] [32mBuilding CXX object CMakeFiles/coordinator_node.dir/include/VimbaCPP/Source/IntFeature.cpp.o[0m
[ 77%] [32mBuilding CXX object CMakeFiles/coordinator_node.dir/include/VimbaCPP/Source/Interface.cpp.o[0m
[01m[K/home/avees/coordinator/include/VimbaCPP/Source/Interface.cpp:27:[m[K [01;35m[Kwarning: [m[Kignoring #pragma warning  [[01;35m[K-Wunknown-pragmas[m[K]
   27 | #pragma warning(disable:4996)
      | 
[01m[K/home/avees/coordinator/include/VimbaCPP/Source/Interface.cpp:29:[m[K [01;35m[Kwarning: [m[Kignoring #pragma warning  [[01;35m[K-Wunknown-pragmas[m[K]
   29 | #pragma warning(default:4996)
      | 
[ 80%] [32mBuilding CXX object CMakeFiles/coordinator_node.dir/include/VimbaCPP/Source/Mutex.cpp.o[0m
In file included from [01m[K/home/avees/coordinator/include/VimbaCPP/Source/FrameHandler.cpp:28[m[K:
[01m[K/home/avees/coordinator/include/VimbaCPP/Source/FrameHandler.h:[m[K In constructor ‘[01m[KAVT::VmbAPI::FrameHandler::FrameHandler(AVT::VmbAPI::FramePtr, AVT::VmbAPI::IFrameObserverPtr)[m[K’:
[01m[K/home/avees/coordinator/include/VimbaCPP/Source/FrameHandler.h:56:29:[m[K [01;35m[Kwarning: [m[K‘[01m[KAVT::VmbAPI::FrameHandler::m_pFrame[m[K’ will be initialized after [[01;35m[K-Wreorder[m[K]
   56 |     FramePtr                [01;35m[Km_pFrame[m[K;
      |                             [01;35m[K^~~~~~~~[m[K
[01m[K/home/avees/coordinator/include/VimbaCPP/Source/FrameHandler.h:55:29:[m[K [01;35m[Kwarning: [m[K  ‘[01m[KAVT::VmbAPI::IFrameObserverPtr AVT::VmbAPI::FrameHandler::m_pObserver[m[K’ [[01;35m[K-Wreorder[m[K]
   55 |     IFrameObserverPtr       [01;35m[Km_pObserver[m[K;
      |                             [01;35m[K^~~~~~~~~~~[m[K
[01m[K/home/avees/coordinator/include/VimbaCPP/Source/FrameHandler.cpp:36:1:[m[K [01;35m[Kwarning: [m[K  when initialized here [[01;35m[K-Wreorder[m[K]
   36 | [01;35m[KFrameHandler[m[K::FrameHandler( FramePtr pFrame, IFrameObserverPtr pFrameObserver )
      | [01;35m[K^~~~~~~~~~~~[m[K
[ 83%] [32mBuilding CXX object CMakeFiles/coordinator_node.dir/include/VimbaCPP/Source/MutexGuard.cpp.o[0m
[ 87%] [32mBuilding CXX object CMakeFiles/coordinator_node.dir/include/VimbaCPP/Source/RawFeature.cpp.o[0m
[01m[K/home/avees/coordinator/include/VimbaCPP/Source/Interface.cpp:[m[K In copy constructor ‘[01m[KAVT::VmbAPI::Interface::Interface(const AVT::VmbAPI::Interface&)[m[K’:
[01m[K/home/avees/coordinator/include/VimbaCPP/Source/Interface.cpp:54:1:[m[K [01;35m[Kwarning: [m[Kbase class ‘[01m[Kclass AVT::VmbAPI::BasicLockable[m[K’ should be explicitly initialized in the copy constructor [[01;35m[K-Wextra[m[K]
   54 | [01;35m[KInterface[m[K::Interface( const Interface& )
      | [01;35m[K^~~~~~~~~[m[K
[01m[K/home/avees/coordinator/include/VimbaCPP/Source/Interface.cpp:54:1:[m[K [01;35m[Kwarning: [m[Kbase class ‘[01m[Kclass AVT::VmbAPI::FeatureContainer[m[K’ should be explicitly initialized in the copy constructor [[01;35m[K-Wextra[m[K]
[ 90%] [32mBuilding CXX object CMakeFiles/coordinator_node.dir/include/VimbaCPP/Source/Semaphore.cpp.o[0m
[ 93%] [32mBuilding CXX object CMakeFiles/coordinator_node.dir/include/VimbaCPP/Source/StringFeature.cpp.o[0m
[ 96%] [32mBuilding CXX object CMakeFiles/coordinator_node.dir/include/VimbaCPP/Source/VimbaSystem.cpp.o[0m
[01m[K/home/avees/coordinator/include/VimbaCPP/Source/Semaphore.cpp:[m[K In constructor ‘[01m[KAVT::VmbAPI::Semaphore::Semaphore(int, int)[m[K’:
[01m[K/home/avees/coordinator/include/VimbaCPP/Source/Semaphore.cpp:37:38:[m[K [01;35m[Kwarning: [m[Kunused parameter ‘[01m[KnMax[m[K’ [[01;35m[K-Wunused-parameter[m[K]
   37 | Semaphore::Semaphore( int nInit, [01;35m[Kint nMax[m[K )
      |                                  [01;35m[K~~~~^~~~[m[K
[01m[K/home/avees/coordinator/include/VimbaCPP/Source/VimbaSystem.cpp:[m[K In copy constructor ‘[01m[KAVT::VmbAPI::VimbaSystem::VimbaSystem(const AVT::VmbAPI::VimbaSystem&)[m[K’:
[01m[K/home/avees/coordinator/include/VimbaCPP/Source/VimbaSystem.cpp:970:1:[m[K [01;35m[Kwarning: [m[Kbase class ‘[01m[Kclass AVT::VmbAPI::BasicLockable[m[K’ should be explicitly initialized in the copy constructor [[01;35m[K-Wextra[m[K]
  970 | [01;35m[KVimbaSystem[m[K::VimbaSystem( const VimbaSystem& )
      | [01;35m[K^~~~~~~~~~~[m[K
[01m[K/home/avees/coordinator/include/VimbaCPP/Source/VimbaSystem.cpp:970:1:[m[K [01;35m[Kwarning: [m[Kbase class ‘[01m[Kclass AVT::VmbAPI::FeatureContainer[m[K’ should be explicitly initialized in the copy constructor [[01;35m[K-Wextra[m[K]
[100%] [32m[1mLinking CXX executable coordinator_node[0m
[100%] Built target coordinator_node
-- Install configuration: ""
-- Installing: /home/avees/coordinator/install/coordinator/lib/coordinator/coordinator_node
-- Set runtime path of "/home/avees/coordinator/install/coordinator/lib/coordinator/coordinator_node" to ""
-- Installing: /home/avees/coordinator/install/coordinator/share/ament_index/resource_index/package_run_dependencies/coordinator
-- Installing: /home/avees/coordinator/install/coordinator/share/ament_index/resource_index/parent_prefix_path/coordinator
-- Installing: /home/avees/coordinator/install/coordinator/share/coordinator/environment/ament_prefix_path.sh
-- Installing: /home/avees/coordinator/install/coordinator/share/coordinator/environment/ament_prefix_path.dsv
-- Installing: /home/avees/coordinator/install/coordinator/share/coordinator/environment/path.sh
-- Installing: /home/avees/coordinator/install/coordinator/share/coordinator/environment/path.dsv
-- Installing: /home/avees/coordinator/install/coordinator/share/coordinator/local_setup.bash
-- Installing: /home/avees/coordinator/install/coordinator/share/coordinator/local_setup.sh
-- Installing: /home/avees/coordinator/install/coordinator/share/coordinator/local_setup.zsh
-- Installing: /home/avees/coordinator/install/coordinator/share/coordinator/local_setup.dsv
-- Installing: /home/avees/coordinator/install/coordinator/share/coordinator/package.dsv
-- Installing: /home/avees/coordinator/install/coordinator/share/ament_index/resource_index/packages/coordinator
-- Installing: /home/avees/coordinator/install/coordinator/share/coordinator/cmake/coordinatorConfig.cmake
-- Installing: /home/avees/coordinator/install/coordinator/share/coordinator/cmake/coordinatorConfig-version.cmake
-- Installing: /home/avees/coordinator/install/coordinator/share/coordinator/package.xml
