[0.019s] Invoking command in '/home/avees/coordinator/build/coordinator': CMAKE_PREFIX_PATH=${CMAKE_PREFIX_PATH}:/opt/ros/foxy /usr/bin/cmake /home/avees/coordinator -DCMAKE_INSTALL_PREFIX=/home/avees/coordinator/install/coordinator
[0.159s] -- The C compiler identification is GNU 9.4.0
[0.256s] -- The CXX compiler identification is GNU 9.4.0
[0.269s] -- Check for working C compiler: /usr/bin/cc
[0.396s] -- Check for working C compiler: /usr/bin/cc -- works
[0.400s] -- Detecting C compiler ABI info
[0.532s] -- Detecting C compiler ABI info - done
[0.558s] -- Detecting C compile features
[0.559s] -- Detecting C compile features - done
[0.565s] -- Check for working CXX compiler: /usr/bin/c++
[0.702s] -- Check for working CXX compiler: /usr/bin/c++ -- works
[0.705s] -- Detecting CXX compiler ABI info
[0.852s] -- Detecting CXX compiler ABI info - done
[0.886s] -- Detecting CXX compile features
[0.887s] -- Detecting CXX compile features - done
[0.893s] -- Found ament_cmake: 0.9.12 (/opt/ros/foxy/share/ament_cmake/cmake)
[0.943s] -- Found PythonInterp: /usr/bin/python3 (found suitable version "3.8.10", minimum required is "3") 
[0.943s] -- Using PYTHON_EXECUTABLE: /usr/bin/python3
[1.362s] -- Found rclcpp: 2.4.3 (/opt/ros/foxy/share/rclcpp/cmake)
[1.448s] -- Using all available rosidl_typesupport_c: rosidl_typesupport_fastrtps_c;rosidl_typesupport_introspection_c
[1.460s] -- Found rosidl_adapter: 1.3.1 (/opt/ros/foxy/share/rosidl_adapter/cmake)
[1.606s] -- Found OpenSSL: /usr/lib/aarch64-linux-gnu/libcrypto.so (found version "1.1.1f")  
[1.660s] -- Found FastRTPS: /opt/ros/foxy/include  
[1.805s] -- Using all available rosidl_typesupport_cpp: rosidl_typesupport_fastrtps_cpp;rosidl_typesupport_introspection_cpp
[1.912s] -- Found rmw_implementation_cmake: 1.0.4 (/opt/ros/foxy/share/rmw_implementation_cmake/cmake)
[1.915s] -- Using RMW implementation 'rmw_fastrtps_cpp' as default
[1.917s] -- Looking for pthread.h
[2.050s] -- Looking for pthread.h - found
[2.050s] -- Performing Test CMAKE_HAVE_LIBC_PTHREAD
[2.182s] -- Performing Test CMAKE_HAVE_LIBC_PTHREAD - Failed
[2.183s] -- Looking for pthread_create in pthreads
[2.299s] -- Looking for pthread_create in pthreads - not found
[2.300s] -- Looking for pthread_create in pthread
[2.435s] -- Looking for pthread_create in pthread - found
[2.438s] -- Found Threads: TRUE  
[2.722s] -- Found sensor_msgs: 2.0.5 (/opt/ros/foxy/share/sensor_msgs/cmake)
[2.930s] -- Found camera_info_manager: 2.4.0 (/opt/ros/foxy/share/camera_info_manager/cmake)
[2.971s] -- Setting yaml-cpp_DIR to: '/opt/ros/foxy/share/yaml_cpp_vendor/cmake/../../../opt/yaml_cpp_vendor/lib/cmake/yaml-cpp'
[3.049s] -- Found diagnostic_msgs: 2.0.5 (/opt/ros/foxy/share/diagnostic_msgs/cmake)
[3.113s] -- Found image_transport: 2.4.0 (/opt/ros/foxy/share/image_transport/cmake)
[3.197s] -- Found cv_bridge: 3.0.7 (/opt/ros/foxy/share/cv_bridge/cmake)
[3.233s] -- Found OpenCV: /usr (found suitable version "4.5.4", minimum required is "4") 
[3.318s] -- Found ament_lint_auto: 0.9.8 (/opt/ros/foxy/share/ament_lint_auto/cmake)
[3.468s] -- Added test 'copyright' to check source files copyright and LICENSE
[3.481s] -- Added test 'cppcheck' to perform static code analysis on C / C++ code
[3.481s] -- Configured cppcheck include dirs: $<BUILD_INTERFACE:/home/avees/coordinator/include>
[3.482s] -- Configured cppcheck exclude dirs and/or files: 
[3.494s] -- Added test 'cpplint' to check C / C++ code against the Google style
[3.494s] -- Configured cpplint exclude dirs and/or files: 
[3.499s] -- Added test 'lint_cmake' to check CMake code style
[3.514s] -- Added test 'uncrustify' to check C / C++ code style
[3.514s] -- Configured uncrustify additional arguments: 
[3.517s] -- Added test 'xmllint' to check XML markup files
[3.524s] -- Configuring done
[3.565s] -- Generating done
[3.580s] -- Build files have been written to: /home/avees/coordinator/build/coordinator
[3.603s] Invoked command in '/home/avees/coordinator/build/coordinator' returned '0': CMAKE_PREFIX_PATH=${CMAKE_PREFIX_PATH}:/opt/ros/foxy /usr/bin/cmake /home/avees/coordinator -DCMAKE_INSTALL_PREFIX=/home/avees/coordinator/install/coordinator
[3.610s] Invoking command in '/home/avees/coordinator/build/coordinator': CMAKE_PREFIX_PATH=${CMAKE_PREFIX_PATH}:/opt/ros/foxy /usr/bin/cmake --build /home/avees/coordinator/build/coordinator -- -j6 -l6
[3.689s] [35m[1mScanning dependencies of target coordinator_node[0m
[3.806s] [ 12%] [32mBuilding CXX object CMakeFiles/coordinator_node.dir/src/frame_observer.cpp.o[0m
[3.807s] [ 12%] [32mBuilding CXX object CMakeFiles/coordinator_node.dir/include/VimbaCPP/Source/BaseFeature.cpp.o[0m
[3.807s] [ 12%] [32mBuilding CXX object CMakeFiles/coordinator_node.dir/src/coordinator.cpp.o[0m
[3.807s] [ 16%] [32mBuilding CXX object CMakeFiles/coordinator_node.dir/src/avt_vimba_camera.cpp.o[0m
[3.807s] [ 12%] [32mBuilding CXX object CMakeFiles/coordinator_node.dir/src/main.cpp.o[0m
[3.808s] [ 19%] [32mBuilding CXX object CMakeFiles/coordinator_node.dir/include/VimbaCPP/Source/AncillaryData.cpp.o[0m
[3.825s] [01m[K/home/avees/coordinator/include/VimbaCPP/Source/BaseFeature.cpp:28:[m[K [01;35m[Kwarning: [m[Kignoring #pragma warning  [[01;35m[K-Wunknown-pragmas[m[K]
[3.826s]    28 | #pragma warning(disable:4996)
[3.826s]       | 
[3.899s] [01m[K/home/avees/coordinator/include/VimbaCPP/Source/BaseFeature.cpp:30:[m[K [01;35m[Kwarning: [m[Kignoring #pragma warning  [[01;35m[K-Wunknown-pragmas[m[K]
[3.900s]    30 | #pragma warning(default:4996)
[3.900s]       | 
[4.392s] [01m[K/home/avees/coordinator/include/VimbaCPP/Source/AncillaryData.cpp:[m[K In copy constructor ‘[01m[KAVT::VmbAPI::AncillaryData::AncillaryData(const AVT::VmbAPI::AncillaryData&)[m[K’:
[4.392s] [01m[K/home/avees/coordinator/include/VimbaCPP/Source/AncillaryData.cpp:46:1:[m[K [01;35m[Kwarning: [m[Kbase class ‘[01m[Kclass AVT::VmbAPI::BasicLockable[m[K’ should be explicitly initialized in the copy constructor [[01;35m[K-Wextra[m[K]
[4.392s]    46 | [01;35m[KAncillaryData[m[K::AncillaryData( const AncillaryData& )
[4.392s]       | [01;35m[K^~~~~~~~~~~~~[m[K
[4.393s] [01m[K/home/avees/coordinator/include/VimbaCPP/Source/AncillaryData.cpp:46:1:[m[K [01;35m[Kwarning: [m[Kbase class ‘[01m[Kclass AVT::VmbAPI::FeatureContainer[m[K’ should be explicitly initialized in the copy constructor [[01;35m[K-Wextra[m[K]
[4.604s] [ 22%] [32mBuilding CXX object CMakeFiles/coordinator_node.dir/include/VimbaCPP/Source/BasicLockable.cpp.o[0m
[4.783s] In file included from [01m[K/home/avees/coordinator/include/VimbaCPP/Source/BaseFeature.cpp:29[m[K:
[4.783s] [01m[K/home/avees/coordinator/include/VimbaCPP/Source/BaseFeature.h:[m[K In constructor ‘[01m[KAVT::VmbAPI::BaseFeature::BaseFeature(const VmbFeatureInfo_t*, AVT::VmbAPI::FeatureContainer*)[m[K’:
[4.783s] [01m[K/home/avees/coordinator/include/VimbaCPP/Source/BaseFeature.h:118:11:[m[K [01;35m[Kwarning: [m[K‘[01m[KAVT::VmbAPI::BaseFeature::m_pImpl[m[K’ will be initialized after [[01;35m[K-Wreorder[m[K]
[4.784s]   118 |     Impl *[01;35m[Km_pImpl[m[K;
[4.784s]       |           [01;35m[K^~~~~~~[m[K
[4.784s] [01m[K/home/avees/coordinator/include/VimbaCPP/Source/BaseFeature.h:108:23:[m[K [01;35m[Kwarning: [m[K  ‘[01m[KAVT::VmbAPI::FeatureContainer* AVT::VmbAPI::BaseFeature::m_pFeatureContainer[m[K’ [[01;35m[K-Wreorder[m[K]
[4.784s]   108 |     FeatureContainer *[01;35m[Km_pFeatureContainer[m[K;
[4.784s]       |                       [01;35m[K^~~~~~~~~~~~~~~~~~~[m[K
[4.784s] [01m[K/home/avees/coordinator/include/VimbaCPP/Source/BaseFeature.cpp:55:1:[m[K [01;35m[Kwarning: [m[K  when initialized here [[01;35m[K-Wreorder[m[K]
[4.784s]    55 | [01;35m[KBaseFeature[m[K::BaseFeature( const VmbFeatureInfo_t *pFeatureInfo, FeatureContainer *pFeatureContainer )
[4.784s]       | [01;35m[K^~~~~~~~~~~[m[K
[4.801s] [01m[K/home/avees/coordinator/include/VimbaCPP/Source/BaseFeature.cpp:[m[K In copy constructor ‘[01m[KAVT::VmbAPI::BaseFeature::BaseFeature(const AVT::VmbAPI::BaseFeature&)[m[K’:
[4.801s] [01m[K/home/avees/coordinator/include/VimbaCPP/Source/BaseFeature.cpp:98:1:[m[K [01;35m[Kwarning: [m[Kbase class ‘[01m[Kclass AVT::VmbAPI::BasicLockable[m[K’ should be explicitly initialized in the copy constructor [[01;35m[K-Wextra[m[K]
[4.801s]    98 | [01;35m[KBaseFeature[m[K::BaseFeature( const BaseFeature& )
[4.801s]       | [01;35m[K^~~~~~~~~~~[m[K
[5.244s] [ 25%] [32mBuilding CXX object CMakeFiles/coordinator_node.dir/include/VimbaCPP/Source/BoolFeature.cpp.o[0m
[5.597s] [ 29%] [32mBuilding CXX object CMakeFiles/coordinator_node.dir/include/VimbaCPP/Source/Camera.cpp.o[0m
[5.616s] [01m[K/home/avees/coordinator/include/VimbaCPP/Source/Camera.cpp:27:[m[K [01;35m[Kwarning: [m[Kignoring #pragma warning  [[01;35m[K-Wunknown-pragmas[m[K]
[5.617s]    27 | #pragma warning(disable:4996)
[5.617s]       | 
[5.687s] [01m[K/home/avees/coordinator/include/VimbaCPP/Source/Camera.cpp:29:[m[K [01;35m[Kwarning: [m[Kignoring #pragma warning  [[01;35m[K-Wunknown-pragmas[m[K]
[5.687s]    29 | #pragma warning(default:4996)
[5.687s]       | 
[5.806s] [ 32%] [32mBuilding CXX object CMakeFiles/coordinator_node.dir/include/VimbaCPP/Source/Clock.cpp.o[0m
[5.896s] [ 35%] [32mBuilding CXX object CMakeFiles/coordinator_node.dir/include/VimbaCPP/Source/CommandFeature.cpp.o[0m
[6.119s] [ 38%] [32mBuilding CXX object CMakeFiles/coordinator_node.dir/include/VimbaCPP/Source/Condition.cpp.o[0m
[6.566s] In file included from [01m[K/home/avees/coordinator/include/VimbaCPP/Source/Condition.cpp:29[m[K:
[6.566s] [01m[K/home/avees/coordinator/include/VimbaCPP/Source/Condition.h:[m[K In constructor ‘[01m[KAVT::VmbAPI::Condition::Condition()[m[K’:
[6.567s] [01m[K/home/avees/coordinator/include/VimbaCPP/Source/Condition.h:44:29:[m[K [01;35m[Kwarning: [m[K‘[01m[KAVT::VmbAPI::Condition::m_nWaiterNumber[m[K’ will be initialized after [[01;35m[K-Wreorder[m[K]
[6.567s]    44 |     unsigned long           [01;35m[Km_nWaiterNumber[m[K;
[6.567s]       |                             [01;35m[K^~~~~~~~~~~~~~~[m[K
[6.567s] [01m[K/home/avees/coordinator/include/VimbaCPP/Source/Condition.h:43:29:[m[K [01;35m[Kwarning: [m[K  ‘[01m[Klong unsigned int AVT::VmbAPI::Condition::m_nReleaseNumber[m[K’ [[01;35m[K-Wreorder[m[K]
[6.567s]    43 |     unsigned long           [01;35m[Km_nReleaseNumber[m[K;
[6.567s]       |                             [01;35m[K^~~~~~~~~~~~~~~~[m[K
[6.567s] [01m[K/home/avees/coordinator/include/VimbaCPP/Source/Condition.cpp:34:1:[m[K [01;35m[Kwarning: [m[K  when initialized here [[01;35m[K-Wreorder[m[K]
[6.568s]    34 | [01;35m[KCondition[m[K::Condition()
[6.568s]       | [01;35m[K^~~~~~~~~[m[K
[6.665s] [01m[K/home/avees/coordinator/include/VimbaCPP/Source/Camera.cpp:[m[K In copy constructor ‘[01m[KAVT::VmbAPI::Camera::Camera(const AVT::VmbAPI::Camera&)[m[K’:
[6.666s] [01m[K/home/avees/coordinator/include/VimbaCPP/Source/Camera.cpp:490:1:[m[K [01;35m[Kwarning: [m[Kbase class ‘[01m[Kclass AVT::VmbAPI::BasicLockable[m[K’ should be explicitly initialized in the copy constructor [[01;35m[K-Wextra[m[K]
[6.666s]   490 | [01;35m[KCamera[m[K::Camera( const Camera& )
[6.666s]       | [01;35m[K^~~~~~[m[K
[6.667s] [01m[K/home/avees/coordinator/include/VimbaCPP/Source/Camera.cpp:490:1:[m[K [01;35m[Kwarning: [m[Kbase class ‘[01m[Kclass AVT::VmbAPI::FeatureContainer[m[K’ should be explicitly initialized in the copy constructor [[01;35m[K-Wextra[m[K]
[6.721s] [ 41%] [32mBuilding CXX object CMakeFiles/coordinator_node.dir/include/VimbaCPP/Source/ConditionHelper.cpp.o[0m
[6.746s] [ 45%] [32mBuilding CXX object CMakeFiles/coordinator_node.dir/include/VimbaCPP/Source/DefaultCameraFactory.cpp.o[0m
[7.312s] In file included from [01m[K/home/avees/coordinator/include/VimbaCPP/Source/ConditionHelper.cpp:29[m[K:
[7.312s] [01m[K/home/avees/coordinator/include/VimbaCPP/Source/ConditionHelper.h:[m[K In constructor ‘[01m[KAVT::VmbAPI::ConditionHelper::ConditionHelper()[m[K’:
[7.312s] [01m[K/home/avees/coordinator/include/VimbaCPP/Source/ConditionHelper.h:63:41:[m[K [01;35m[Kwarning: [m[K‘[01m[KAVT::VmbAPI::ConditionHelper::m_nNumListReads[m[K’ will be initialized after [[01;35m[K-Wreorder[m[K]
[7.312s]    63 |     int                                 [01;35m[Km_nNumListReads[m[K;
[7.313s]       |                                         [01;35m[K^~~~~~~~~~~~~~~[m[K
[7.313s] [01m[K/home/avees/coordinator/include/VimbaCPP/Source/ConditionHelper.h:61:41:[m[K [01;35m[Kwarning: [m[K  ‘[01m[Kbool AVT::VmbAPI::ConditionHelper::m_bIsWritingList[m[K’ [[01;35m[K-Wreorder[m[K]
[7.313s]    61 |     bool                                [01;35m[Km_bIsWritingList[m[K;
[7.313s]       |                                         [01;35m[K^~~~~~~~~~~~~~~~[m[K
[7.313s] [01m[K/home/avees/coordinator/include/VimbaCPP/Source/ConditionHelper.cpp:36:1:[m[K [01;35m[Kwarning: [m[K  when initialized here [[01;35m[K-Wreorder[m[K]
[7.313s]    36 | [01;35m[KConditionHelper[m[K::ConditionHelper()
[7.313s]       | [01;35m[K^~~~~~~~~~~~~~~[m[K
[7.457s] [ 48%] [32mBuilding CXX object CMakeFiles/coordinator_node.dir/include/VimbaCPP/Source/EnumEntry.cpp.o[0m
[7.653s] [ 51%] [32mBuilding CXX object CMakeFiles/coordinator_node.dir/include/VimbaCPP/Source/EnumFeature.cpp.o[0m
[7.822s] [ 54%] [32mBuilding CXX object CMakeFiles/coordinator_node.dir/include/VimbaCPP/Source/Feature.cpp.o[0m
[7.919s] [01m[K/home/avees/coordinator/include/VimbaCPP/Source/Feature.cpp:29:[m[K [01;35m[Kwarning: [m[Kignoring #pragma warning  [[01;35m[K-Wunknown-pragmas[m[K]
[7.920s]    29 | #pragma warning(disable:4996)
[7.920s]       | 
[7.920s] [01m[K/home/avees/coordinator/include/VimbaCPP/Source/Feature.cpp:31:[m[K [01;35m[Kwarning: [m[Kignoring #pragma warning  [[01;35m[K-Wunknown-pragmas[m[K]
[7.921s]    31 | #pragma warning(default:4996)
[7.921s]       | 
[7.921s] [01m[K/home/avees/coordinator/include/VimbaCPP/Source/EnumEntry.cpp:[m[K In constructor ‘[01m[KAVT::VmbAPI::EnumEntry::PrivateImpl::PrivateImpl(const char*, const char*, const char*, const char*, const char*, VmbFeatureVisibility_t, VmbInt64_t)[m[K’:
[7.922s] [01m[K/home/avees/coordinator/include/VimbaCPP/Source/EnumEntry.cpp:41:33:[m[K [01;35m[Kwarning: [m[K‘[01m[KAVT::VmbAPI::EnumEntry::PrivateImpl::m_nValue[m[K’ will be initialized after [[01;35m[K-Wreorder[m[K]
[7.922s]    41 |     VmbInt64_t                  [01;35m[Km_nValue[m[K;
[7.922s]       |                                 [01;35m[K^~~~~~~~[m[K
[7.922s] [01m[K/home/avees/coordinator/include/VimbaCPP/Source/EnumEntry.cpp:40:33:[m[K [01;35m[Kwarning: [m[K  ‘[01m[KVmbFeatureVisibilityType AVT::VmbAPI::EnumEntry::PrivateImpl::m_Visibility[m[K’ [[01;35m[K-Wreorder[m[K]
[7.922s]    40 |     VmbFeatureVisibilityType    [01;35m[Km_Visibility[m[K;
[7.922s]       |                                 [01;35m[K^~~~~~~~~~~~[m[K
[7.922s] [01m[K/home/avees/coordinator/include/VimbaCPP/Source/EnumEntry.cpp:42:5:[m[K [01;35m[Kwarning: [m[K  when initialized here [[01;35m[K-Wreorder[m[K]
[7.923s]    42 |     [01;35m[KPrivateImpl[m[K(    const char              *pStrName,
[7.923s]       |     [01;35m[K^~~~~~~~~~~[m[K
[8.142s] [ 58%] [32mBuilding CXX object CMakeFiles/coordinator_node.dir/include/VimbaCPP/Source/FeatureContainer.cpp.o[0m
[8.503s] [01m[K/home/avees/coordinator/include/VimbaCPP/Source/Feature.cpp:[m[K In member function ‘[01m[KVmbErrorType AVT::VmbAPI::Feature::SetValue(const VmbInt32_t&)[m[K’:
[8.504s] [01m[K/home/avees/coordinator/include/VimbaCPP/Source/Feature.cpp:115:49:[m[K [01;35m[Kwarning: [m[Ktype qualifiers ignored on cast result type [[01;35m[K-Wignored-qualifiers[m[K]
[8.504s]   115 |     return m_pImpl->SetValue( (const VmbInt64_t)[01;35m[KrnValue[m[K );
[8.504s]       |                                                 [01;35m[K^~~~~~~[m[K
[8.795s] [ 61%] [32mBuilding CXX object CMakeFiles/coordinator_node.dir/include/VimbaCPP/Source/FileLogger.cpp.o[0m
[8.831s] [ 64%] [32mBuilding CXX object CMakeFiles/coordinator_node.dir/include/VimbaCPP/Source/FloatFeature.cpp.o[0m
[9.062s] [01m[K/home/avees/coordinator/include/VimbaCPP/Source/FeatureContainer.cpp:[m[K In copy constructor ‘[01m[KAVT::VmbAPI::FeatureContainer::FeatureContainer(const AVT::VmbAPI::FeatureContainer&)[m[K’:
[9.062s] [01m[K/home/avees/coordinator/include/VimbaCPP/Source/FeatureContainer.cpp:53:1:[m[K [01;35m[Kwarning: [m[Kbase class ‘[01m[Kclass AVT::VmbAPI::BasicLockable[m[K’ should be explicitly initialized in the copy constructor [[01;35m[K-Wextra[m[K]
[9.063s]    53 | [01;35m[KFeatureContainer[m[K::FeatureContainer( const FeatureContainer& )
[9.063s]       | [01;35m[K^~~~~~~~~~~~~~~~[m[K
[9.689s] [ 67%] [32mBuilding CXX object CMakeFiles/coordinator_node.dir/include/VimbaCPP/Source/Frame.cpp.o[0m
[9.706s] [ 70%] [32mBuilding CXX object CMakeFiles/coordinator_node.dir/include/VimbaCPP/Source/FrameHandler.cpp.o[0m
[9.744s] [ 74%] [32mBuilding CXX object CMakeFiles/coordinator_node.dir/include/VimbaCPP/Source/IntFeature.cpp.o[0m
[10.485s] [ 77%] [32mBuilding CXX object CMakeFiles/coordinator_node.dir/include/VimbaCPP/Source/Interface.cpp.o[0m
[10.502s] [01m[K/home/avees/coordinator/include/VimbaCPP/Source/Interface.cpp:27:[m[K [01;35m[Kwarning: [m[Kignoring #pragma warning  [[01;35m[K-Wunknown-pragmas[m[K]
[10.502s]    27 | #pragma warning(disable:4996)
[10.502s]       | 
[10.562s] [01m[K/home/avees/coordinator/include/VimbaCPP/Source/Interface.cpp:29:[m[K [01;35m[Kwarning: [m[Kignoring #pragma warning  [[01;35m[K-Wunknown-pragmas[m[K]
[10.562s]    29 | #pragma warning(default:4996)
[10.562s]       | 
[10.599s] [ 80%] [32mBuilding CXX object CMakeFiles/coordinator_node.dir/include/VimbaCPP/Source/Mutex.cpp.o[0m
[10.614s] In file included from [01m[K/home/avees/coordinator/include/VimbaCPP/Source/FrameHandler.cpp:28[m[K:
[10.615s] [01m[K/home/avees/coordinator/include/VimbaCPP/Source/FrameHandler.h:[m[K In constructor ‘[01m[KAVT::VmbAPI::FrameHandler::FrameHandler(AVT::VmbAPI::FramePtr, AVT::VmbAPI::IFrameObserverPtr)[m[K’:
[10.615s] [01m[K/home/avees/coordinator/include/VimbaCPP/Source/FrameHandler.h:56:29:[m[K [01;35m[Kwarning: [m[K‘[01m[KAVT::VmbAPI::FrameHandler::m_pFrame[m[K’ will be initialized after [[01;35m[K-Wreorder[m[K]
[10.615s]    56 |     FramePtr                [01;35m[Km_pFrame[m[K;
[10.615s]       |                             [01;35m[K^~~~~~~~[m[K
[10.615s] [01m[K/home/avees/coordinator/include/VimbaCPP/Source/FrameHandler.h:55:29:[m[K [01;35m[Kwarning: [m[K  ‘[01m[KAVT::VmbAPI::IFrameObserverPtr AVT::VmbAPI::FrameHandler::m_pObserver[m[K’ [[01;35m[K-Wreorder[m[K]
[10.615s]    55 |     IFrameObserverPtr       [01;35m[Km_pObserver[m[K;
[10.616s]       |                             [01;35m[K^~~~~~~~~~~[m[K
[10.616s] [01m[K/home/avees/coordinator/include/VimbaCPP/Source/FrameHandler.cpp:36:1:[m[K [01;35m[Kwarning: [m[K  when initialized here [[01;35m[K-Wreorder[m[K]
[10.616s]    36 | [01;35m[KFrameHandler[m[K::FrameHandler( FramePtr pFrame, IFrameObserverPtr pFrameObserver )
[10.616s]       | [01;35m[K^~~~~~~~~~~~[m[K
[10.930s] [ 83%] [32mBuilding CXX object CMakeFiles/coordinator_node.dir/include/VimbaCPP/Source/MutexGuard.cpp.o[0m
[10.993s] [ 87%] [32mBuilding CXX object CMakeFiles/coordinator_node.dir/include/VimbaCPP/Source/RawFeature.cpp.o[0m
[11.096s] [01m[K/home/avees/coordinator/include/VimbaCPP/Source/Interface.cpp:[m[K In copy constructor ‘[01m[KAVT::VmbAPI::Interface::Interface(const AVT::VmbAPI::Interface&)[m[K’:
[11.096s] [01m[K/home/avees/coordinator/include/VimbaCPP/Source/Interface.cpp:54:1:[m[K [01;35m[Kwarning: [m[Kbase class ‘[01m[Kclass AVT::VmbAPI::BasicLockable[m[K’ should be explicitly initialized in the copy constructor [[01;35m[K-Wextra[m[K]
[11.096s]    54 | [01;35m[KInterface[m[K::Interface( const Interface& )
[11.097s]       | [01;35m[K^~~~~~~~~[m[K
[11.097s] [01m[K/home/avees/coordinator/include/VimbaCPP/Source/Interface.cpp:54:1:[m[K [01;35m[Kwarning: [m[Kbase class ‘[01m[Kclass AVT::VmbAPI::FeatureContainer[m[K’ should be explicitly initialized in the copy constructor [[01;35m[K-Wextra[m[K]
[11.355s] [ 90%] [32mBuilding CXX object CMakeFiles/coordinator_node.dir/include/VimbaCPP/Source/Semaphore.cpp.o[0m
[11.916s] [ 93%] [32mBuilding CXX object CMakeFiles/coordinator_node.dir/include/VimbaCPP/Source/StringFeature.cpp.o[0m
[11.965s] [ 96%] [32mBuilding CXX object CMakeFiles/coordinator_node.dir/include/VimbaCPP/Source/VimbaSystem.cpp.o[0m
[12.352s] [01m[K/home/avees/coordinator/include/VimbaCPP/Source/Semaphore.cpp:[m[K In constructor ‘[01m[KAVT::VmbAPI::Semaphore::Semaphore(int, int)[m[K’:
[12.352s] [01m[K/home/avees/coordinator/include/VimbaCPP/Source/Semaphore.cpp:37:38:[m[K [01;35m[Kwarning: [m[Kunused parameter ‘[01m[KnMax[m[K’ [[01;35m[K-Wunused-parameter[m[K]
[12.352s]    37 | Semaphore::Semaphore( int nInit, [01;35m[Kint nMax[m[K )
[12.352s]       |                                  [01;35m[K~~~~^~~~[m[K
[13.228s] [01m[K/home/avees/coordinator/include/VimbaCPP/Source/VimbaSystem.cpp:[m[K In copy constructor ‘[01m[KAVT::VmbAPI::VimbaSystem::VimbaSystem(const AVT::VmbAPI::VimbaSystem&)[m[K’:
[13.229s] [01m[K/home/avees/coordinator/include/VimbaCPP/Source/VimbaSystem.cpp:970:1:[m[K [01;35m[Kwarning: [m[Kbase class ‘[01m[Kclass AVT::VmbAPI::BasicLockable[m[K’ should be explicitly initialized in the copy constructor [[01;35m[K-Wextra[m[K]
[13.229s]   970 | [01;35m[KVimbaSystem[m[K::VimbaSystem( const VimbaSystem& )
[13.229s]       | [01;35m[K^~~~~~~~~~~[m[K
[13.229s] [01m[K/home/avees/coordinator/include/VimbaCPP/Source/VimbaSystem.cpp:970:1:[m[K [01;35m[Kwarning: [m[Kbase class ‘[01m[Kclass AVT::VmbAPI::FeatureContainer[m[K’ should be explicitly initialized in the copy constructor [[01;35m[K-Wextra[m[K]
[19.270s] [100%] [32m[1mLinking CXX executable coordinator_node[0m
[20.268s] [100%] Built target coordinator_node
[20.293s] Invoked command in '/home/avees/coordinator/build/coordinator' returned '0': CMAKE_PREFIX_PATH=${CMAKE_PREFIX_PATH}:/opt/ros/foxy /usr/bin/cmake --build /home/avees/coordinator/build/coordinator -- -j6 -l6
[20.321s] Invoking command in '/home/avees/coordinator/build/coordinator': CMAKE_PREFIX_PATH=${CMAKE_PREFIX_PATH}:/opt/ros/foxy /usr/bin/cmake --install /home/avees/coordinator/build/coordinator
[20.338s] -- Install configuration: ""
[20.338s] -- Installing: /home/avees/coordinator/install/coordinator/lib/coordinator/coordinator_node
[20.345s] -- Set runtime path of "/home/avees/coordinator/install/coordinator/lib/coordinator/coordinator_node" to ""
[20.345s] -- Installing: /home/avees/coordinator/install/coordinator/share/ament_index/resource_index/package_run_dependencies/coordinator
[20.346s] -- Installing: /home/avees/coordinator/install/coordinator/share/ament_index/resource_index/parent_prefix_path/coordinator
[20.346s] -- Installing: /home/avees/coordinator/install/coordinator/share/coordinator/environment/ament_prefix_path.sh
[20.347s] -- Installing: /home/avees/coordinator/install/coordinator/share/coordinator/environment/ament_prefix_path.dsv
[20.347s] -- Installing: /home/avees/coordinator/install/coordinator/share/coordinator/environment/path.sh
[20.347s] -- Installing: /home/avees/coordinator/install/coordinator/share/coordinator/environment/path.dsv
[20.348s] -- Installing: /home/avees/coordinator/install/coordinator/share/coordinator/local_setup.bash
[20.348s] -- Installing: /home/avees/coordinator/install/coordinator/share/coordinator/local_setup.sh
[20.348s] -- Installing: /home/avees/coordinator/install/coordinator/share/coordinator/local_setup.zsh
[20.348s] -- Installing: /home/avees/coordinator/install/coordinator/share/coordinator/local_setup.dsv
[20.349s] -- Installing: /home/avees/coordinator/install/coordinator/share/coordinator/package.dsv
[20.349s] -- Installing: /home/avees/coordinator/install/coordinator/share/ament_index/resource_index/packages/coordinator
[20.349s] -- Installing: /home/avees/coordinator/install/coordinator/share/coordinator/cmake/coordinatorConfig.cmake
[20.350s] -- Installing: /home/avees/coordinator/install/coordinator/share/coordinator/cmake/coordinatorConfig-version.cmake
[20.350s] -- Installing: /home/avees/coordinator/install/coordinator/share/coordinator/package.xml
[20.355s] Invoked command in '/home/avees/coordinator/build/coordinator' returned '0': CMAKE_PREFIX_PATH=${CMAKE_PREFIX_PATH}:/opt/ros/foxy /usr/bin/cmake --install /home/avees/coordinator/build/coordinator
