[0.044s] Invoking command in '/home/avees/coordinator_node/build/coordinator': CMAKE_PREFIX_PATH=${CMAKE_PREFIX_PATH}:/opt/ros/foxy /usr/bin/cmake --build /home/avees/coordinator_node/build/coordinator -- -j6 -l6
[0.176s] [35m[1mScanning dependencies of target coordinator_node[0m
[0.303s] [  3%] [32mBuilding CXX object CMakeFiles/coordinator_node.dir/src/coordinator.cpp.o[0m
[7.589s] [01m[K/home/avees/coordinator_node/src/coordinator/src/coordinator.cpp:[m[K In lambda function:
[7.590s] [01m[K/home/avees/coordinator_node/src/coordinator/src/coordinator.cpp:50:92:[m[K [01;31m[Kerror: [m[K‘[01m[Knew_frame[m[K’ was not declared in this scope; did you mean ‘[01m[Knew_frame_[m[K’?
[7.590s]    50 |                     std::cout << "current frame: " << current_frame_ << "| new frame: " << [01;31m[Knew_frame[m[K << std::endl;
[7.590s]       |                                                                                            [01;31m[K^~~~~~~~~[m[K
[7.590s]       |                                                                                            [32m[Knew_frame_[m[K
[7.661s] [01m[K/home/avees/coordinator_node/src/coordinator/src/coordinator.cpp:[m[K In member function ‘[01m[Kvoid Coordinator::split_scheduling(const std::vector<int>&, uint64_t)[m[K’:
[7.661s] [01m[K/home/avees/coordinator_node/src/coordinator/src/coordinator.cpp:279:26:[m[K [01;35m[Kwarning: [m[Knarrowing conversion of ‘[01m[Kframe_time[m[K’ from ‘[01m[Kuint64_t[m[K’ {aka ‘[01m[Klong unsigned int[m[K’} to ‘[01m[Klong int[m[K’ [[01;35m[K-Wnarrowing[m[K]
[7.661s]   279 |             roi_.data = {[01;35m[Kframe_time[m[K, x_offset, y_offset, w_offset, h_offset};
[7.661s]       |                          [01;35m[K^~~~~~~~~~[m[K
[7.661s] [01m[K/home/avees/coordinator_node/src/coordinator/src/coordinator.cpp:279:26:[m[K [01;35m[Kwarning: [m[Knarrowing conversion of ‘[01m[Kframe_time[m[K’ from ‘[01m[Kuint64_t[m[K’ {aka ‘[01m[Klong unsigned int[m[K’} to ‘[01m[Klong int[m[K’ [[01;35m[K-Wnarrowing[m[K]
[7.666s] [01m[K/home/avees/coordinator_node/src/coordinator/src/coordinator.cpp:283:66:[m[K [01;35m[Kwarning: [m[Knarrowing conversion of ‘[01m[Kframe_time[m[K’ from ‘[01m[Kuint64_t[m[K’ {aka ‘[01m[Klong unsigned int[m[K’} to ‘[01m[Klong int[m[K’ [[01;35m[K-Wnarrowing[m[K]
[7.666s]   283 |             total_roi_msg.data.insert(total_roi_msg.data.end(), {[01;35m[Kframe_time[m[K, x_offset, y_offset, w_offset, h_offset});
[7.666s]       |                                                                  [01;35m[K^~~~~~~~~~[m[K
[7.666s] [01m[K/home/avees/coordinator_node/src/coordinator/src/coordinator.cpp:283:66:[m[K [01;35m[Kwarning: [m[Knarrowing conversion of ‘[01m[Kframe_time[m[K’ from ‘[01m[Kuint64_t[m[K’ {aka ‘[01m[Klong unsigned int[m[K’} to ‘[01m[Klong int[m[K’ [[01;35m[K-Wnarrowing[m[K]
[14.677s] make[2]: *** [CMakeFiles/coordinator_node.dir/build.make:76: CMakeFiles/coordinator_node.dir/src/coordinator.cpp.o] Error 1
[14.678s] make[1]: *** [CMakeFiles/Makefile2:78: CMakeFiles/coordinator_node.dir/all] Error 2
[14.678s] make: *** [Makefile:141: all] Error 2
[14.696s] Invoked command in '/home/avees/coordinator_node/build/coordinator' returned '2': CMAKE_PREFIX_PATH=${CMAKE_PREFIX_PATH}:/opt/ros/foxy /usr/bin/cmake --build /home/avees/coordinator_node/build/coordinator -- -j6 -l6
