[0.023s] Invoking command in '/home/avees/coordinator/build/coordinator': CMAKE_PREFIX_PATH=/opt/ros/foxy /usr/bin/cmake --build /home/avees/coordinator/build/coordinator -- -j6 -l6
[0.138s] [35m[1mScanning dependencies of target coordinator_node[0m
[0.232s] [  3%] [32mBuilding CXX object CMakeFiles/coordinator_node.dir/src/coordinator.cpp.o[0m
[4.683s] [01m[K/home/avees/coordinator/src/coordinator.cpp:[m[K In lambda function:
[4.686s] [01m[K/home/avees/coordinator/src/coordinator.cpp:37:65:[m[K [01;31m[Kerror: [m[Kno match for ‘[01m[Koperator<<[m[K’ (operand types are ‘[01m[Kstd::basic_ostream<char>[m[K’ and ‘[01m[Krclcpp::Time[m[K’)
[4.689s]    37 |                 [32m[Kstd::cout << "Node" << node_id << ": ready at "[m[K [01;31m[K<<[m[K [34m[Ktime[m[K << std::endl;
[4.689s]       |                 [32m[K~~~~~~~~~~~~~~~~~~~~~~~~~~~~~~~~~~~~~~~~~~~~~~~[m[K [01;31m[K^~[m[K [34m[K~~~~[m[K
[4.689s]       |                                                [32m[K|[m[K                   [34m[K|[m[K
[4.690s]       |                                                [32m[K|[m[K                   [34m[Krclcpp::Time[m[K
[4.690s]       |                                                [32m[Kstd::basic_ostream<char>[m[K
[4.690s] In file included from [01m[K/usr/include/c++/9/iostream:39[m[K,
[4.691s]                  from [01m[K/opt/ros/foxy/include/rclcpp/executor.hpp:22[m[K,
[4.691s]                  from [01m[K/opt/ros/foxy/include/rclcpp/executors/multi_threaded_executor.hpp:26[m[K,
[4.691s]                  from [01m[K/opt/ros/foxy/include/rclcpp/executors.hpp:21[m[K,
[4.691s]                  from [01m[K/opt/ros/foxy/include/rclcpp/rclcpp.hpp:146[m[K,
[4.692s]                  from [01m[K/home/avees/coordinator/include/coordinator/coordinator.hpp:5[m[K,
[4.692s]                  from [01m[K/home/avees/coordinator/src/coordinator.cpp:1[m[K:
[4.692s] [01m[K/usr/include/c++/9/ostream:108:7:[m[K [01;36m[Knote: [m[Kcandidate: ‘[01m[Kstd::basic_ostream<_CharT, _Traits>::__ostream_type& std::basic_ostream<_CharT, _Traits>::operator<<(std::basic_ostream<_CharT, _Traits>::__ostream_type& (*)(std::basic_ostream<_CharT, _Traits>::__ostream_type&)) [with _CharT = char; _Traits = std::char_traits<char>; std::basic_ostream<_CharT, _Traits>::__ostream_type = std::basic_ostream<char>][m[K’
[4.693s]   108 |       [01;36m[Koperator[m[K<<(__ostream_type& (*__pf)(__ostream_type&))
[4.694s]       |       [01;36m[K^~~~~~~~[m[K
[4.694s] [01m[K/usr/include/c++/9/ostream:108:36:[m[K [01;36m[Knote: [m[K  no known conversion for argument 1 from ‘[01m[Krclcpp::Time[m[K’ to ‘[01m[Kstd::basic_ostream<char>::__ostream_type& (*)(std::basic_ostream<char>::__ostream_type&)[m[K’ {aka ‘[01m[Kstd::basic_ostream<char>& (*)(std::basic_ostream<char>&)[m[K’}
[4.694s]   108 |       operator<<([01;36m[K__ostream_type& (*__pf)(__ostream_type&)[m[K)
[4.694s]       |                  [01;36m[K~~~~~~~~~~~~~~~~~~^~~~~~~~~~~~~~~~~~~~~~[m[K
[4.695s] [01m[K/usr/include/c++/9/ostream:117:7:[m[K [01;36m[Knote: [m[Kcandidate: ‘[01m[Kstd::basic_ostream<_CharT, _Traits>::__ostream_type& std::basic_ostream<_CharT, _Traits>::operator<<(std::basic_ostream<_CharT, _Traits>::__ios_type& (*)(std::basic_ostream<_CharT, _Traits>::__ios_type&)) [with _CharT = char; _Traits = std::char_traits<char>; std::basic_ostream<_CharT, _Traits>::__ostream_type = std::basic_ostream<char>; std::basic_ostream<_CharT, _Traits>::__ios_type = std::basic_ios<char>][m[K’
[4.695s]   117 |       [01;36m[Koperator[m[K<<(__ios_type& (*__pf)(__ios_type&))
[4.695s]       |       [01;36m[K^~~~~~~~[m[K
[4.696s] [01m[K/usr/include/c++/9/ostream:117:32:[m[K [01;36m[Knote: [m[K  no known conversion for argument 1 from ‘[01m[Krclcpp::Time[m[K’ to ‘[01m[Kstd::basic_ostream<char>::__ios_type& (*)(std::basic_ostream<char>::__ios_type&)[m[K’ {aka ‘[01m[Kstd::basic_ios<char>& (*)(std::basic_ios<char>&)[m[K’}
[4.696s]   117 |       operator<<([01;36m[K__ios_type& (*__pf)(__ios_type&)[m[K)
[4.696s]       |                  [01;36m[K~~~~~~~~~~~~~~^~~~~~~~~~~~~~~~~~[m[K
[4.696s] [01m[K/usr/include/c++/9/ostream:127:7:[m[K [01;36m[Knote: [m[Kcandidate: ‘[01m[Kstd::basic_ostream<_CharT, _Traits>::__ostream_type& std::basic_ostream<_CharT, _Traits>::operator<<(std::ios_base& (*)(std::ios_base&)) [with _CharT = char; _Traits = std::char_traits<char>; std::basic_ostream<_CharT, _Traits>::__ostream_type = std::basic_ostream<char>][m[K’
[4.697s]   127 |       [01;36m[Koperator[m[K<<(ios_base& (*__pf) (ios_base&))
[4.697s]       |       [01;36m[K^~~~~~~~[m[K
[4.697s] [01m[K/usr/include/c++/9/ostream:127:30:[m[K [01;36m[Knote: [m[K  no known conversion for argument 1 from ‘[01m[Krclcpp::Time[m[K’ to ‘[01m[Kstd::ios_base& (*)(std::ios_base&)[m[K’
[4.697s]   127 |       operator<<([01;36m[Kios_base& (*__pf) (ios_base&)[m[K)
[4.698s]       |                  [01;36m[K~~~~~~~~~~~~^~~~~~~~~~~~~~~~~[m[K
[4.698s] [01m[K/usr/include/c++/9/ostream:166:7:[m[K [01;36m[Knote: [m[Kcandidate: ‘[01m[Kstd::basic_ostream<_CharT, _Traits>::__ostream_type& std::basic_ostream<_CharT, _Traits>::operator<<(long int) [with _CharT = char; _Traits = std::char_traits<char>; std::basic_ostream<_CharT, _Traits>::__ostream_type = std::basic_ostream<char>][m[K’
[4.698s]   166 |       [01;36m[Koperator[m[K<<(long __n)
[4.698s]       |       [01;36m[K^~~~~~~~[m[K
[4.699s] [01m[K/usr/include/c++/9/ostream:166:23:[m[K [01;36m[Knote: [m[K  no known conversion for argument 1 from ‘[01m[Krclcpp::Time[m[K’ to ‘[01m[Klong int[m[K’
[4.700s]   166 |       operator<<([01;36m[Klong __n[m[K)
[4.700s]       |                  [01;36m[K~~~~~^~~[m[K
[4.700s] [01m[K/usr/include/c++/9/ostream:170:7:[m[K [01;36m[Knote: [m[Kcandidate: ‘[01m[Kstd::basic_ostream<_CharT, _Traits>::__ostream_type& std::basic_ostream<_CharT, _Traits>::operator<<(long unsigned int) [with _CharT = char; _Traits = std::char_traits<char>; std::basic_ostream<_CharT, _Traits>::__ostream_type = std::basic_ostream<char>][m[K’
[4.700s]   170 |       [01;36m[Koperator[m[K<<(unsigned long __n)
[4.701s]       |       [01;36m[K^~~~~~~~[m[K
[4.701s] [01m[K/usr/include/c++/9/ostream:170:32:[m[K [01;36m[Knote: [m[K  no known conversion for argument 1 from ‘[01m[Krclcpp::Time[m[K’ to ‘[01m[Klong unsigned int[m[K’
[4.701s]   170 |       operator<<([01;36m[Kunsigned long __n[m[K)
[4.701s]       |                  [01;36m[K~~~~~~~~~~~~~~^~~[m[K
[4.702s] [01m[K/usr/include/c++/9/ostream:174:7:[m[K [01;36m[Knote: [m[Kcandidate: ‘[01m[Kstd::basic_ostream<_CharT, _Traits>::__ostream_type& std::basic_ostream<_CharT, _Traits>::operator<<(bool) [with _CharT = char; _Traits = std::char_traits<char>; std::basic_ostream<_CharT, _Traits>::__ostream_type = std::basic_ostream<char>][m[K’
[4.702s]   174 |       [01;36m[Koperator[m[K<<(bool __n)
[4.702s]       |       [01;36m[K^~~~~~~~[m[K
[4.702s] [01m[K/usr/include/c++/9/ostream:174:23:[m[K [01;36m[Knote: [m[K  no known conversion for argument 1 from ‘[01m[Krclcpp::Time[m[K’ to ‘[01m[Kbool[m[K’
[4.703s]   174 |       operator<<([01;36m[Kbool __n[m[K)
[4.703s]       |                  [01;36m[K~~~~~^~~[m[K
[4.703s] In file included from [01m[K/usr/include/c++/9/ostream:702[m[K,
[4.703s]                  from [01m[K/usr/include/c++/9/iostream:39[m[K,
[4.703s]                  from [01m[K/opt/ros/foxy/include/rclcpp/executor.hpp:22[m[K,
[4.704s]                  from [01m[K/opt/ros/foxy/include/rclcpp/executors/multi_threaded_executor.hpp:26[m[K,
[4.704s]                  from [01m[K/opt/ros/foxy/include/rclcpp/executors.hpp:21[m[K,
[4.704s]                  from [01m[K/opt/ros/foxy/include/rclcpp/rclcpp.hpp:146[m[K,
[4.704s]                  from [01m[K/home/avees/coordinator/include/coordinator/coordinator.hpp:5[m[K,
[4.705s]                  from [01m[K/home/avees/coordinator/src/coordinator.cpp:1[m[K:
[4.705s] [01m[K/usr/include/c++/9/bits/ostream.tcc:91:5:[m[K [01;36m[Knote: [m[Kcandidate: ‘[01m[Kstd::basic_ostream<_CharT, _Traits>& std::basic_ostream<_CharT, _Traits>::operator<<(short int) [with _CharT = char; _Traits = std::char_traits<char>][m[K’
[4.705s]    91 |     [01;36m[Kbasic_ostream<_CharT, _Traits>[m[K::
[4.705s]       |     [01;36m[K^~~~~~~~~~~~~~~~~~~~~~~~~~~~~~[m[K
[4.706s] [01m[K/usr/include/c++/9/bits/ostream.tcc:92:22:[m[K [01;36m[Knote: [m[K  no known conversion for argument 1 from ‘[01m[Krclcpp::Time[m[K’ to ‘[01m[Kshort int[m[K’
[4.706s]    92 |     operator<<([01;36m[Kshort __n[m[K)
[4.706s]       |                [01;36m[K~~~~~~^~~[m[K
[4.706s] In file included from [01m[K/usr/include/c++/9/iostream:39[m[K,
[4.707s]                  from [01m[K/opt/ros/foxy/include/rclcpp/executor.hpp:22[m[K,
[4.707s]                  from [01m[K/opt/ros/foxy/include/rclcpp/executors/multi_threaded_executor.hpp:26[m[K,
[4.707s]                  from [01m[K/opt/ros/foxy/include/rclcpp/executors.hpp:21[m[K,
[4.707s]                  from [01m[K/opt/ros/foxy/include/rclcpp/rclcpp.hpp:146[m[K,
[4.707s]                  from [01m[K/home/avees/coordinator/include/coordinator/coordinator.hpp:5[m[K,
[4.708s]                  from [01m[K/home/avees/coordinator/src/coordinator.cpp:1[m[K:
[4.708s] [01m[K/usr/include/c++/9/ostream:181:7:[m[K [01;36m[Knote: [m[Kcandidate: ‘[01m[Kstd::basic_ostream<_CharT, _Traits>::__ostream_type& std::basic_ostream<_CharT, _Traits>::operator<<(short unsigned int) [with _CharT = char; _Traits = std::char_traits<char>; std::basic_ostream<_CharT, _Traits>::__ostream_type = std::basic_ostream<char>][m[K’
[4.708s]   181 |       [01;36m[Koperator[m[K<<(unsigned short __n)
[4.708s]       |       [01;36m[K^~~~~~~~[m[K
[4.709s] [01m[K/usr/include/c++/9/ostream:181:33:[m[K [01;36m[Knote: [m[K  no known conversion for argument 1 from ‘[01m[Krclcpp::Time[m[K’ to ‘[01m[Kshort unsigned int[m[K’
[4.709s]   181 |       operator<<([01;36m[Kunsigned short __n[m[K)
[4.709s]       |                  [01;36m[K~~~~~~~~~~~~~~~^~~[m[K
[4.709s] In file included from [01m[K/usr/include/c++/9/ostream:702[m[K,
[4.709s]                  from [01m[K/usr/include/c++/9/iostream:39[m[K,
[4.710s]                  from [01m[K/opt/ros/foxy/include/rclcpp/executor.hpp:22[m[K,
[4.710s]                  from [01m[K/opt/ros/foxy/include/rclcpp/executors/multi_threaded_executor.hpp:26[m[K,
[4.710s]                  from [01m[K/opt/ros/foxy/include/rclcpp/executors.hpp:21[m[K,
[4.710s]                  from [01m[K/opt/ros/foxy/include/rclcpp/rclcpp.hpp:146[m[K,
[4.710s]                  from [01m[K/home/avees/coordinator/include/coordinator/coordinator.hpp:5[m[K,
[4.710s]                  from [01m[K/home/avees/coordinator/src/coordinator.cpp:1[m[K:
[4.711s] [01m[K/usr/include/c++/9/bits/ostream.tcc:105:5:[m[K [01;36m[Knote: [m[Kcandidate: ‘[01m[Kstd::basic_ostream<_CharT, _Traits>& std::basic_ostream<_CharT, _Traits>::operator<<(int) [with _CharT = char; _Traits = std::char_traits<char>][m[K’
[4.711s]   105 |     [01;36m[Kbasic_ostream<_CharT, _Traits>[m[K::
[4.711s]       |     [01;36m[K^~~~~~~~~~~~~~~~~~~~~~~~~~~~~~[m[K
[4.711s] [01m[K/usr/include/c++/9/bits/ostream.tcc:106:20:[m[K [01;36m[Knote: [m[K  no known conversion for argument 1 from ‘[01m[Krclcpp::Time[m[K’ to ‘[01m[Kint[m[K’
[4.711s]   106 |     operator<<([01;36m[Kint __n[m[K)
[4.712s]       |                [01;36m[K~~~~^~~[m[K
[4.712s] In file included from [01m[K/usr/include/c++/9/iostream:39[m[K,
[4.712s]                  from [01m[K/opt/ros/foxy/include/rclcpp/executor.hpp:22[m[K,
[4.712s]                  from [01m[K/opt/ros/foxy/include/rclcpp/executors/multi_threaded_executor.hpp:26[m[K,
[4.713s]                  from [01m[K/opt/ros/foxy/include/rclcpp/executors.hpp:21[m[K,
[4.713s]                  from [01m[K/opt/ros/foxy/include/rclcpp/rclcpp.hpp:146[m[K,
[4.713s]                  from [01m[K/home/avees/coordinator/include/coordinator/coordinator.hpp:5[m[K,
[4.713s]                  from [01m[K/home/avees/coordinator/src/coordinator.cpp:1[m[K:
[4.713s] [01m[K/usr/include/c++/9/ostream:192:7:[m[K [01;36m[Knote: [m[Kcandidate: ‘[01m[Kstd::basic_ostream<_CharT, _Traits>::__ostream_type& std::basic_ostream<_CharT, _Traits>::operator<<(unsigned int) [with _CharT = char; _Traits = std::char_traits<char>; std::basic_ostream<_CharT, _Traits>::__ostream_type = std::basic_ostream<char>][m[K’
[4.713s]   192 |       [01;36m[Koperator[m[K<<(unsigned int __n)
[4.714s]       |       [01;36m[K^~~~~~~~[m[K
[4.714s] [01m[K/usr/include/c++/9/ostream:192:31:[m[K [01;36m[Knote: [m[K  no known conversion for argument 1 from ‘[01m[Krclcpp::Time[m[K’ to ‘[01m[Kunsigned int[m[K’
[4.714s]   192 |       operator<<([01;36m[Kunsigned int __n[m[K)
[4.714s]       |                  [01;36m[K~~~~~~~~~~~~~^~~[m[K
[4.714s] [01m[K/usr/include/c++/9/ostream:201:7:[m[K [01;36m[Knote: [m[Kcandidate: ‘[01m[Kstd::basic_ostream<_CharT, _Traits>::__ostream_type& std::basic_ostream<_CharT, _Traits>::operator<<(long long int) [with _CharT = char; _Traits = std::char_traits<char>; std::basic_ostream<_CharT, _Traits>::__ostream_type = std::basic_ostream<char>][m[K’
[4.715s]   201 |       [01;36m[Koperator[m[K<<(long long __n)
[4.715s]       |       [01;36m[K^~~~~~~~[m[K
[4.715s] [01m[K/usr/include/c++/9/ostream:201:28:[m[K [01;36m[Knote: [m[K  no known conversion for argument 1 from ‘[01m[Krclcpp::Time[m[K’ to ‘[01m[Klong long int[m[K’
[4.715s]   201 |       operator<<([01;36m[Klong long __n[m[K)
[4.715s]       |                  [01;36m[K~~~~~~~~~~^~~[m[K
[4.716s] [01m[K/usr/include/c++/9/ostream:205:7:[m[K [01;36m[Knote: [m[Kcandidate: ‘[01m[Kstd::basic_ostream<_CharT, _Traits>::__ostream_type& std::basic_ostream<_CharT, _Traits>::operator<<(long long unsigned int) [with _CharT = char; _Traits = std::char_traits<char>; std::basic_ostream<_CharT, _Traits>::__ostream_type = std::basic_ostream<char>][m[K’
[4.716s]   205 |       [01;36m[Koperator[m[K<<(unsigned long long __n)
[4.716s]       |       [01;36m[K^~~~~~~~[m[K
[4.716s] [01m[K/usr/include/c++/9/ostream:205:37:[m[K [01;36m[Knote: [m[K  no known conversion for argument 1 from ‘[01m[Krclcpp::Time[m[K’ to ‘[01m[Klong long unsigned int[m[K’
[4.716s]   205 |       operator<<([01;36m[Kunsigned long long __n[m[K)
[4.716s]       |                  [01;36m[K~~~~~~~~~~~~~~~~~~~^~~[m[K
[4.717s] [01m[K/usr/include/c++/9/ostream:220:7:[m[K [01;36m[Knote: [m[Kcandidate: ‘[01m[Kstd::basic_ostream<_CharT, _Traits>::__ostream_type& std::basic_ostream<_CharT, _Traits>::operator<<(double) [with _CharT = char; _Traits = std::char_traits<char>; std::basic_ostream<_CharT, _Traits>::__ostream_type = std::basic_ostream<char>][m[K’
[4.717s]   220 |       [01;36m[Koperator[m[K<<(double __f)
[4.717s]       |       [01;36m[K^~~~~~~~[m[K
[4.717s] [01m[K/usr/include/c++/9/ostream:220:25:[m[K [01;36m[Knote: [m[K  no known conversion for argument 1 from ‘[01m[Krclcpp::Time[m[K’ to ‘[01m[Kdouble[m[K’
[4.717s]   220 |       operator<<([01;36m[Kdouble __f[m[K)
[4.717s]       |                  [01;36m[K~~~~~~~^~~[m[K
[4.718s] [01m[K/usr/include/c++/9/ostream:224:7:[m[K [01;36m[Knote: [m[Kcandidate: ‘[01m[Kstd::basic_ostream<_CharT, _Traits>::__ostream_type& std::basic_ostream<_CharT, _Traits>::operator<<(float) [with _CharT = char; _Traits = std::char_traits<char>; std::basic_ostream<_CharT, _Traits>::__ostream_type = std::basic_ostream<char>][m[K’
[4.718s]   224 |       [01;36m[Koperator[m[K<<(float __f)
[4.718s]       |       [01;36m[K^~~~~~~~[m[K
[4.718s] [01m[K/usr/include/c++/9/ostream:224:24:[m[K [01;36m[Knote: [m[K  no known conversion for argument 1 from ‘[01m[Krclcpp::Time[m[K’ to ‘[01m[Kfloat[m[K’
[4.718s]   224 |       operator<<([01;36m[Kfloat __f[m[K)
[4.718s]       |                  [01;36m[K~~~~~~^~~[m[K
[4.719s] [01m[K/usr/include/c++/9/ostream:232:7:[m[K [01;36m[Knote: [m[Kcandidate: ‘[01m[Kstd::basic_ostream<_CharT, _Traits>::__ostream_type& std::basic_ostream<_CharT, _Traits>::operator<<(long double) [with _CharT = char; _Traits = std::char_traits<char>; std::basic_ostream<_CharT, _Traits>::__ostream_type = std::basic_ostream<char>][m[K’
[4.719s]   232 |       [01;36m[Koperator[m[K<<(long double __f)
[4.719s]       |       [01;36m[K^~~~~~~~[m[K
[4.719s] [01m[K/usr/include/c++/9/ostream:232:30:[m[K [01;36m[Knote: [m[K  no known conversion for argument 1 from ‘[01m[Krclcpp::Time[m[K’ to ‘[01m[Klong double[m[K’
[4.719s]   232 |       operator<<([01;36m[Klong double __f[m[K)
[4.719s]       |                  [01;36m[K~~~~~~~~~~~~^~~[m[K
[4.720s] [01m[K/usr/include/c++/9/ostream:245:7:[m[K [01;36m[Knote: [m[Kcandidate: ‘[01m[Kstd::basic_ostream<_CharT, _Traits>::__ostream_type& std::basic_ostream<_CharT, _Traits>::operator<<(const void*) [with _CharT = char; _Traits = std::char_traits<char>; std::basic_ostream<_CharT, _Traits>::__ostream_type = std::basic_ostream<char>][m[K’
[4.720s]   245 |       [01;36m[Koperator[m[K<<(const void* __p)
[4.720s]       |       [01;36m[K^~~~~~~~[m[K
[4.720s] [01m[K/usr/include/c++/9/ostream:245:30:[m[K [01;36m[Knote: [m[K  no known conversion for argument 1 from ‘[01m[Krclcpp::Time[m[K’ to ‘[01m[Kconst void*[m[K’
[4.720s]   245 |       operator<<([01;36m[Kconst void* __p[m[K)
[4.720s]       |                  [01;36m[K~~~~~~~~~~~~^~~[m[K
[4.721s] [01m[K/usr/include/c++/9/ostream:250:7:[m[K [01;36m[Knote: [m[Kcandidate: ‘[01m[Kstd::basic_ostream<_CharT, _Traits>::__ostream_type& std::basic_ostream<_CharT, _Traits>::operator<<(std::nullptr_t) [with _CharT = char; _Traits = std::char_traits<char>; std::basic_ostream<_CharT, _Traits>::__ostream_type = std::basic_ostream<char>; std::nullptr_t = std::nullptr_t][m[K’
[4.721s]   250 |       [01;36m[Koperator[m[K<<(nullptr_t)
[4.721s]       |       [01;36m[K^~~~~~~~[m[K
[4.721s] [01m[K/usr/include/c++/9/ostream:250:18:[m[K [01;36m[Knote: [m[K  no known conversion for argument 1 from ‘[01m[Krclcpp::Time[m[K’ to ‘[01m[Kstd::nullptr_t[m[K’
[4.721s]   250 |       operator<<([01;36m[Knullptr_t[m[K)
[4.721s]       |                  [01;36m[K^~~~~~~~~[m[K
[4.721s] In file included from [01m[K/usr/include/c++/9/ostream:702[m[K,
[4.722s]                  from [01m[K/usr/include/c++/9/iostream:39[m[K,
[4.722s]                  from [01m[K/opt/ros/foxy/include/rclcpp/executor.hpp:22[m[K,
[4.722s]                  from [01m[K/opt/ros/foxy/include/rclcpp/executors/multi_threaded_executor.hpp:26[m[K,
[4.722s]                  from [01m[K/opt/ros/foxy/include/rclcpp/executors.hpp:21[m[K,
[4.722s]                  from [01m[K/opt/ros/foxy/include/rclcpp/rclcpp.hpp:146[m[K,
[4.722s]                  from [01m[K/home/avees/coordinator/include/coordinator/coordinator.hpp:5[m[K,
[4.723s]                  from [01m[K/home/avees/coordinator/src/coordinator.cpp:1[m[K:
[4.723s] [01m[K/usr/include/c++/9/bits/ostream.tcc:119:5:[m[K [01;36m[Knote: [m[Kcandidate: ‘[01m[Kstd::basic_ostream<_CharT, _Traits>& std::basic_ostream<_CharT, _Traits>::operator<<(std::basic_ostream<_CharT, _Traits>::__streambuf_type*) [with _CharT = char; _Traits = std::char_traits<char>; std::basic_ostream<_CharT, _Traits>::__streambuf_type = std::basic_streambuf<char>][m[K’
[4.723s]   119 |     [01;36m[Kbasic_ostream<_CharT, _Traits>[m[K::
[4.723s]       |     [01;36m[K^~~~~~~~~~~~~~~~~~~~~~~~~~~~~~[m[K
[4.723s] [01m[K/usr/include/c++/9/bits/ostream.tcc:120:34:[m[K [01;36m[Knote: [m[K  no known conversion for argument 1 from ‘[01m[Krclcpp::Time[m[K’ to ‘[01m[Kstd::basic_ostream<char>::__streambuf_type*[m[K’ {aka ‘[01m[Kstd::basic_streambuf<char>*[m[K’}
[4.723s]   120 |     operator<<([01;36m[K__streambuf_type* __sbin[m[K)
[4.723s]       |                [01;36m[K~~~~~~~~~~~~~~~~~~^~~~~~[m[K
[4.724s] In file included from [01m[K/opt/ros/foxy/include/rclcpp/executor.hpp:34[m[K,
[4.724s]                  from [01m[K/opt/ros/foxy/include/rclcpp/executors/multi_threaded_executor.hpp:26[m[K,
[4.724s]                  from [01m[K/opt/ros/foxy/include/rclcpp/executors.hpp:21[m[K,
[4.724s]                  from [01m[K/opt/ros/foxy/include/rclcpp/rclcpp.hpp:146[m[K,
[4.724s]                  from [01m[K/home/avees/coordinator/include/coordinator/coordinator.hpp:5[m[K,
[4.724s]                  from [01m[K/home/avees/coordinator/src/coordinator.cpp:1[m[K:
[4.725s] [01m[K/opt/ros/foxy/include/rclcpp/future_return_code.hpp:38:1:[m[K [01;36m[Knote: [m[Kcandidate: ‘[01m[Kstd::ostream& rclcpp::operator<<(std::ostream&, const rclcpp::FutureReturnCode&)[m[K’
[4.725s]    38 | [01;36m[Koperator[m[K<<(std::ostream & os, const FutureReturnCode & future_return_code);
[4.725s]       | [01;36m[K^~~~~~~~[m[K
[4.725s] [01m[K/opt/ros/foxy/include/rclcpp/future_return_code.hpp:38:56:[m[K [01;36m[Knote: [m[K  no known conversion for argument 2 from ‘[01m[Krclcpp::Time[m[K’ to ‘[01m[Kconst rclcpp::FutureReturnCode&[m[K’
[4.725s]    38 | operator<<(std::ostream & os, [01;36m[Kconst FutureReturnCode & future_return_code[m[K);
[4.725s]       |                               [01;36m[K~~~~~~~~~~~~~~~~~~~~~~~~~^~~~~~~~~~~~~~~~~~[m[K
[4.725s] In file included from [01m[K/opt/ros/foxy/include/rclcpp/parameter.hpp:26[m[K,
[4.726s]                  from [01m[K/opt/ros/foxy/include/rclcpp/node_interfaces/node_parameters_interface.hpp:28[m[K,
[4.726s]                  from [01m[K/opt/ros/foxy/include/rclcpp/node.hpp:51[m[K,
[4.726s]                  from [01m[K/opt/ros/foxy/include/rclcpp/executors/single_threaded_executor.hpp:28[m[K,
[4.726s]                  from [01m[K/opt/ros/foxy/include/rclcpp/executors.hpp:22[m[K,
[4.726s]                  from [01m[K/opt/ros/foxy/include/rclcpp/rclcpp.hpp:146[m[K,
[4.726s]                  from [01m[K/home/avees/coordinator/include/coordinator/coordinator.hpp:5[m[K,
[4.726s]                  from [01m[K/home/avees/coordinator/src/coordinator.cpp:1[m[K:
[4.727s] [01m[K/opt/ros/foxy/include/rclcpp/parameter_value.hpp:53:1:[m[K [01;36m[Knote: [m[Kcandidate: ‘[01m[Kstd::ostream& rclcpp::operator<<(std::ostream&, rclcpp::ParameterType)[m[K’
[4.727s]    53 | [01;36m[Koperator[m[K<<(std::ostream & os, ParameterType type);
[4.727s]       | [01;36m[K^~~~~~~~[m[K
[4.727s] [01m[K/opt/ros/foxy/include/rclcpp/parameter_value.hpp:53:45:[m[K [01;36m[Knote: [m[K  no known conversion for argument 2 from ‘[01m[Krclcpp::Time[m[K’ to ‘[01m[Krclcpp::ParameterType[m[K’
[4.727s]    53 | operator<<(std::ostream & os, [01;36m[KParameterType type[m[K);
[4.727s]       |                               [01;36m[K~~~~~~~~~~~~~~^~~~[m[K
[4.727s] In file included from [01m[K/opt/ros/foxy/include/rclcpp/node_interfaces/node_parameters_interface.hpp:28[m[K,
[4.728s]                  from [01m[K/opt/ros/foxy/include/rclcpp/node.hpp:51[m[K,
[4.728s]                  from [01m[K/opt/ros/foxy/include/rclcpp/executors/single_threaded_executor.hpp:28[m[K,
[4.728s]                  from [01m[K/opt/ros/foxy/include/rclcpp/executors.hpp:22[m[K,
[4.728s]                  from [01m[K/opt/ros/foxy/include/rclcpp/rclcpp.hpp:146[m[K,
[4.728s]                  from [01m[K/home/avees/coordinator/include/coordinator/coordinator.hpp:5[m[K,
[4.728s]                  from [01m[K/home/avees/coordinator/src/coordinator.cpp:1[m[K:
[4.728s] [01m[K/opt/ros/foxy/include/rclcpp/parameter.hpp:226:1:[m[K [01;36m[Knote: [m[Kcandidate: ‘[01m[Kstd::ostream& rclcpp::operator<<(std::ostream&, const rclcpp::Parameter&)[m[K’
[4.729s]   226 | [01;36m[Koperator[m[K<<(std::ostream & os, const rclcpp::Parameter & pv);
[4.729s]       | [01;36m[K^~~~~~~~[m[K
[4.729s] [01m[K/opt/ros/foxy/include/rclcpp/parameter.hpp:226:57:[m[K [01;36m[Knote: [m[K  no known conversion for argument 2 from ‘[01m[Krclcpp::Time[m[K’ to ‘[01m[Kconst rclcpp::Parameter&[m[K’
[4.729s]   226 | operator<<(std::ostream & os, [01;36m[Kconst rclcpp::Parameter & pv[m[K);
[4.729s]       |                               [01;36m[K~~~~~~~~~~~~~~~~~~~~~~~~~~^~[m[K
[4.729s] [01m[K/opt/ros/foxy/include/rclcpp/parameter.hpp:230:1:[m[K [01;36m[Knote: [m[Kcandidate: ‘[01m[Kstd::ostream& rclcpp::operator<<(std::ostream&, const std::vector<rclcpp::Parameter>&)[m[K’
[4.729s]   230 | [01;36m[Koperator[m[K<<(std::ostream & os, const std::vector<Parameter> & parameters);
[4.729s]       | [01;36m[K^~~~~~~~[m[K
[4.730s] [01m[K/opt/ros/foxy/include/rclcpp/parameter.hpp:230:62:[m[K [01;36m[Knote: [m[K  no known conversion for argument 2 from ‘[01m[Krclcpp::Time[m[K’ to ‘[01m[Kconst std::vector<rclcpp::Parameter>&[m[K’
[4.730s]   230 | operator<<(std::ostream & os, [01;36m[Kconst std::vector<Parameter> & parameters[m[K);
[4.730s]       |                               [01;36m[K~~~~~~~~~~~~~~~~~~~~~~~~~~~~~~~^~~~~~~~~~[m[K
[4.730s] In file included from [01m[K/usr/include/c++/9/bits/basic_string.h:48[m[K,
[4.730s]                  from [01m[K/usr/include/c++/9/string:55[m[K,
[4.730s]                  from [01m[K/usr/include/c++/9/stdexcept:39[m[K,
[4.730s]                  from [01m[K/usr/include/c++/9/array:39[m[K,
[4.730s]                  from [01m[K/usr/include/c++/9/tuple:39[m[K,
[4.731s]                  from [01m[K/usr/include/c++/9/bits/unique_ptr.h:37[m[K,
[4.731s]                  from [01m[K/usr/include/c++/9/memory:80[m[K,
[4.731s]                  from [01m[K/opt/ros/foxy/include/rclcpp/rclcpp.hpp:144[m[K,
[4.731s]                  from [01m[K/home/avees/coordinator/include/coordinator/coordinator.hpp:5[m[K,
[4.731s]                  from [01m[K/home/avees/coordinator/src/coordinator.cpp:1[m[K:
[4.731s] [01m[K/usr/include/c++/9/string_view:580:5:[m[K [01;36m[Knote: [m[Kcandidate: ‘[01m[Ktemplate<class _CharT, class _Traits> std::basic_ostream<_CharT, _Traits>& std::operator<<(std::basic_ostream<_CharT, _Traits>&, std::basic_string_view<_CharT, _Traits>)[m[K’
[4.731s]   580 |     [01;36m[Koperator[m[K<<(basic_ostream<_CharT, _Traits>& __os,
[4.731s]       |     [01;36m[K^~~~~~~~[m[K
[4.732s] [01m[K/usr/include/c++/9/string_view:580:5:[m[K [01;36m[Knote: [m[K  template argument deduction/substitution failed:
[4.732s] [01m[K/home/avees/coordinator/src/coordinator.cpp:37:68:[m[K [01;36m[Knote: [m[K  ‘[01m[Krclcpp::Time[m[K’ is not derived from ‘[01m[Kstd::basic_string_view<_CharT, _Traits>[m[K’
[4.732s]    37 |                 std::cout << "Node" << node_id << ": ready at " << [01;36m[Ktime[m[K << std::endl;
[4.732s]       |                                                                    [01;36m[K^~~~[m[K
[4.732s] In file included from [01m[K/usr/include/c++/9/string:55[m[K,
[4.732s]                  from [01m[K/usr/include/c++/9/stdexcept:39[m[K,
[4.732s]                  from [01m[K/usr/include/c++/9/array:39[m[K,
[4.733s]                  from [01m[K/usr/include/c++/9/tuple:39[m[K,
[4.733s]                  from [01m[K/usr/include/c++/9/bits/unique_ptr.h:37[m[K,
[4.733s]                  from [01m[K/usr/include/c++/9/memory:80[m[K,
[4.733s]                  from [01m[K/opt/ros/foxy/include/rclcpp/rclcpp.hpp:144[m[K,
[4.733s]                  from [01m[K/home/avees/coordinator/include/coordinator/coordinator.hpp:5[m[K,
[4.733s]                  from [01m[K/home/avees/coordinator/src/coordinator.cpp:1[m[K:
[4.733s] [01m[K/usr/include/c++/9/bits/basic_string.h:6419:5:[m[K [01;36m[Knote: [m[Kcandidate: ‘[01m[Ktemplate<class _CharT, class _Traits, class _Alloc> std::basic_ostream<_CharT, _Traits>& std::operator<<(std::basic_ostream<_CharT, _Traits>&, const std::__cxx11::basic_string<_CharT, _Traits, _Allocator>&)[m[K’
[4.734s]  6419 |     [01;36m[Koperator[m[K<<(basic_ostream<_CharT, _Traits>& __os,
[4.734s]       |     [01;36m[K^~~~~~~~[m[K
[4.734s] [01m[K/usr/include/c++/9/bits/basic_string.h:6419:5:[m[K [01;36m[Knote: [m[K  template argument deduction/substitution failed:
[4.734s] [01m[K/home/avees/coordinator/src/coordinator.cpp:37:68:[m[K [01;36m[Knote: [m[K  ‘[01m[Krclcpp::Time[m[K’ is not derived from ‘[01m[Kconst std::__cxx11::basic_string<_CharT, _Traits, _Allocator>[m[K’
[4.734s]    37 |                 std::cout << "Node" << node_id << ": ready at " << [01;36m[Ktime[m[K << std::endl;
[4.734s]       |                                                                    [01;36m[K^~~~[m[K
[4.735s] In file included from [01m[K/usr/include/c++/9/memory:81[m[K,
[4.735s]                  from [01m[K/opt/ros/foxy/include/rclcpp/rclcpp.hpp:144[m[K,
[4.735s]                  from [01m[K/home/avees/coordinator/include/coordinator/coordinator.hpp:5[m[K,
[4.735s]                  from [01m[K/home/avees/coordinator/src/coordinator.cpp:1[m[K:
[4.735s] [01m[K/usr/include/c++/9/bits/shared_ptr.h:66:5:[m[K [01;36m[Knote: [m[Kcandidate: ‘[01m[Ktemplate<class _Ch, class _Tr, class _Tp, __gnu_cxx::_Lock_policy _Lp> std::basic_ostream<_CharT, _Traits>& std::operator<<(std::basic_ostream<_CharT, _Traits>&, const std::__shared_ptr<_Tp, _Lp>&)[m[K’
[4.735s]    66 |     [01;36m[Koperator[m[K<<(std::basic_ostream<_Ch, _Tr>& __os,
[4.735s]       |     [01;36m[K^~~~~~~~[m[K
[4.735s] [01m[K/usr/include/c++/9/bits/shared_ptr.h:66:5:[m[K [01;36m[Knote: [m[K  template argument deduction/substitution failed:
[4.736s] [01m[K/home/avees/coordinator/src/coordinator.cpp:37:68:[m[K [01;36m[Knote: [m[K  ‘[01m[Krclcpp::Time[m[K’ is not derived from ‘[01m[Kconst std::__shared_ptr<_Tp, _Lp>[m[K’
[4.736s]    37 |                 std::cout << "Node" << node_id << ": ready at " << [01;36m[Ktime[m[K << std::endl;
[4.736s]       |                                                                    [01;36m[K^~~~[m[K
[4.736s] In file included from [01m[K/usr/include/c++/9/mutex:42[m[K,
[4.736s]                  from [01m[K/usr/include/c++/9/future:38[m[K,
[4.736s]                  from [01m[K/opt/ros/foxy/include/rclcpp/executors.hpp:18[m[K,
[4.736s]                  from [01m[K/opt/ros/foxy/include/rclcpp/rclcpp.hpp:146[m[K,
[4.736s]                  from [01m[K/home/avees/coordinator/include/coordinator/coordinator.hpp:5[m[K,
[4.737s]                  from [01m[K/home/avees/coordinator/src/coordinator.cpp:1[m[K:
[4.737s] [01m[K/usr/include/c++/9/system_error:217:5:[m[K [01;36m[Knote: [m[Kcandidate: ‘[01m[Ktemplate<class _CharT, class _Traits> std::basic_ostream<_CharT, _Traits>& std::operator<<(std::basic_ostream<_CharT, _Traits>&, const std::error_code&)[m[K’
[4.737s]   217 |     [01;36m[Koperator[m[K<<(basic_ostream<_CharT, _Traits>& __os, const error_code& __e)
[4.737s]       |     [01;36m[K^~~~~~~~[m[K
[4.737s] [01m[K/usr/include/c++/9/system_error:217:5:[m[K [01;36m[Knote: [m[K  template argument deduction/substitution failed:
[4.738s] [01m[K/home/avees/coordinator/src/coordinator.cpp:37:68:[m[K [01;36m[Knote: [m[K  cannot convert ‘[01m[Ktime[m[K’ (type ‘[01m[Krclcpp::Time[m[K’) to type ‘[01m[Kconst std::error_code&[m[K’
[4.738s]    37 |                 std::cout << "Node" << node_id << ": ready at " << [01;36m[Ktime[m[K << std::endl;
[4.738s]       |                                                                    [01;36m[K^~~~[m[K
[4.738s] In file included from [01m[K/usr/include/c++/9/future:39[m[K,
[4.738s]                  from [01m[K/opt/ros/foxy/include/rclcpp/executors.hpp:18[m[K,
[4.738s]                  from [01m[K/opt/ros/foxy/include/rclcpp/rclcpp.hpp:146[m[K,
[4.738s]                  from [01m[K/home/avees/coordinator/include/coordinator/coordinator.hpp:5[m[K,
[4.739s]                  from [01m[K/home/avees/coordinator/src/coordinator.cpp:1[m[K:
[4.739s] [01m[K/usr/include/c++/9/thread:322:5:[m[K [01;36m[Knote: [m[Kcandidate: ‘[01m[Ktemplate<class _CharT, class _Traits> std::basic_ostream<_CharT, _Traits>& std::operator<<(std::basic_ostream<_CharT, _Traits>&, std::thread::id)[m[K’
[4.739s]   322 |     [01;36m[Koperator[m[K<<(basic_ostream<_CharT, _Traits>& __out, thread::id __id)
[4.739s]       |     [01;36m[K^~~~~~~~[m[K
[4.739s] [01m[K/usr/include/c++/9/thread:322:5:[m[K [01;36m[Knote: [m[K  template argument deduction/substitution failed:
[4.739s] [01m[K/home/avees/coordinator/src/coordinator.cpp:37:68:[m[K [01;36m[Knote: [m[K  cannot convert ‘[01m[Ktime[m[K’ (type ‘[01m[Krclcpp::Time[m[K’) to type ‘[01m[Kstd::thread::id[m[K’
[4.739s]    37 |                 std::cout << "Node" << node_id << ": ready at " << [01;36m[Ktime[m[K << std::endl;
[4.739s]       |                                                                    [01;36m[K^~~~[m[K
[4.740s] In file included from [01m[K/usr/include/c++/9/iostream:39[m[K,
[4.740s]                  from [01m[K/opt/ros/foxy/include/rclcpp/executor.hpp:22[m[K,
[4.740s]                  from [01m[K/opt/ros/foxy/include/rclcpp/executors/multi_threaded_executor.hpp:26[m[K,
[4.740s]                  from [01m[K/opt/ros/foxy/include/rclcpp/executors.hpp:21[m[K,
[4.740s]                  from [01m[K/opt/ros/foxy/include/rclcpp/rclcpp.hpp:146[m[K,
[4.740s]                  from [01m[K/home/avees/coordinator/include/coordinator/coordinator.hpp:5[m[K,
[4.740s]                  from [01m[K/home/avees/coordinator/src/coordinator.cpp:1[m[K:
[4.740s] [01m[K/usr/include/c++/9/ostream:506:5:[m[K [01;36m[Knote: [m[Kcandidate: ‘[01m[Ktemplate<class _CharT, class _Traits> std::basic_ostream<_CharT, _Traits>& std::operator<<(std::basic_ostream<_CharT, _Traits>&, _CharT)[m[K’
[4.741s]   506 |     [01;36m[Koperator[m[K<<(basic_ostream<_CharT, _Traits>& __out, _CharT __c)
[4.741s]       |     [01;36m[K^~~~~~~~[m[K
[4.741s] [01m[K/usr/include/c++/9/ostream:506:5:[m[K [01;36m[Knote: [m[K  template argument deduction/substitution failed:
[4.741s] [01m[K/home/avees/coordinator/src/coordinator.cpp:37:68:[m[K [01;36m[Knote: [m[K  deduced conflicting types for parameter ‘[01m[K_CharT[m[K’ (‘[01m[Kchar[m[K’ and ‘[01m[Krclcpp::Time[m[K’)
[4.741s]    37 |                 std::cout << "Node" << node_id << ": ready at " << [01;36m[Ktime[m[K << std::endl;
[4.741s]       |                                                                    [01;36m[K^~~~[m[K
[4.741s] In file included from [01m[K/usr/include/c++/9/iostream:39[m[K,
[4.741s]                  from [01m[K/opt/ros/foxy/include/rclcpp/executor.hpp:22[m[K,
[4.742s]                  from [01m[K/opt/ros/foxy/include/rclcpp/executors/multi_threaded_executor.hpp:26[m[K,
[4.742s]                  from [01m[K/opt/ros/foxy/include/rclcpp/executors.hpp:21[m[K,
[4.742s]                  from [01m[K/opt/ros/foxy/include/rclcpp/rclcpp.hpp:146[m[K,
[4.742s]                  from [01m[K/home/avees/coordinator/include/coordinator/coordinator.hpp:5[m[K,
[4.742s]                  from [01m[K/home/avees/coordinator/src/coordinator.cpp:1[m[K:
[4.742s] [01m[K/usr/include/c++/9/ostream:511:5:[m[K [01;36m[Knote: [m[Kcandidate: ‘[01m[Ktemplate<class _CharT, class _Traits> std::basic_ostream<_CharT, _Traits>& std::operator<<(std::basic_ostream<_CharT, _Traits>&, char)[m[K’
[4.742s]   511 |     [01;36m[Koperator[m[K<<(basic_ostream<_CharT, _Traits>& __out, char __c)
[4.742s]       |     [01;36m[K^~~~~~~~[m[K
[4.743s] [01m[K/usr/include/c++/9/ostream:511:5:[m[K [01;36m[Knote: [m[K  template argument deduction/substitution failed:
[4.743s] [01m[K/home/avees/coordinator/src/coordinator.cpp:37:68:[m[K [01;36m[Knote: [m[K  cannot convert ‘[01m[Ktime[m[K’ (type ‘[01m[Krclcpp::Time[m[K’) to type ‘[01m[Kchar[m[K’
[4.743s]    37 |                 std::cout << "Node" << node_id << ": ready at " << [01;36m[Ktime[m[K << std::endl;
[4.743s]       |                                                                    [01;36m[K^~~~[m[K
[4.743s] In file included from [01m[K/usr/include/c++/9/iostream:39[m[K,
[4.743s]                  from [01m[K/opt/ros/foxy/include/rclcpp/executor.hpp:22[m[K,
[4.743s]                  from [01m[K/opt/ros/foxy/include/rclcpp/executors/multi_threaded_executor.hpp:26[m[K,
[4.743s]                  from [01m[K/opt/ros/foxy/include/rclcpp/executors.hpp:21[m[K,
[4.743s]                  from [01m[K/opt/ros/foxy/include/rclcpp/rclcpp.hpp:146[m[K,
[4.744s]                  from [01m[K/home/avees/coordinator/include/coordinator/coordinator.hpp:5[m[K,
[4.744s]                  from [01m[K/home/avees/coordinator/src/coordinator.cpp:1[m[K:
[4.744s] [01m[K/usr/include/c++/9/ostream:517:5:[m[K [01;36m[Knote: [m[Kcandidate: ‘[01m[Ktemplate<class _Traits> std::basic_ostream<char, _Traits>& std::operator<<(std::basic_ostream<char, _Traits>&, char)[m[K’
[4.744s]   517 |     [01;36m[Koperator[m[K<<(basic_ostream<char, _Traits>& __out, char __c)
[4.744s]       |     [01;36m[K^~~~~~~~[m[K
[4.744s] [01m[K/usr/include/c++/9/ostream:517:5:[m[K [01;36m[Knote: [m[K  template argument deduction/substitution failed:
[4.744s] [01m[K/home/avees/coordinator/src/coordinator.cpp:37:68:[m[K [01;36m[Knote: [m[K  cannot convert ‘[01m[Ktime[m[K’ (type ‘[01m[Krclcpp::Time[m[K’) to type ‘[01m[Kchar[m[K’
[4.744s]    37 |                 std::cout << "Node" << node_id << ": ready at " << [01;36m[Ktime[m[K << std::endl;
[4.745s]       |                                                                    [01;36m[K^~~~[m[K
[4.745s] In file included from [01m[K/usr/include/c++/9/iostream:39[m[K,
[4.745s]                  from [01m[K/opt/ros/foxy/include/rclcpp/executor.hpp:22[m[K,
[4.745s]                  from [01m[K/opt/ros/foxy/include/rclcpp/executors/multi_threaded_executor.hpp:26[m[K,
[4.745s]                  from [01m[K/opt/ros/foxy/include/rclcpp/executors.hpp:21[m[K,
[4.745s]                  from [01m[K/opt/ros/foxy/include/rclcpp/rclcpp.hpp:146[m[K,
[4.745s]                  from [01m[K/home/avees/coordinator/include/coordinator/coordinator.hpp:5[m[K,
[4.745s]                  from [01m[K/home/avees/coordinator/src/coordinator.cpp:1[m[K:
[4.746s] [01m[K/usr/include/c++/9/ostream:523:5:[m[K [01;36m[Knote: [m[Kcandidate: ‘[01m[Ktemplate<class _Traits> std::basic_ostream<char, _Traits>& std::operator<<(std::basic_ostream<char, _Traits>&, signed char)[m[K’
[4.746s]   523 |     [01;36m[Koperator[m[K<<(basic_ostream<char, _Traits>& __out, signed char __c)
[4.746s]       |     [01;36m[K^~~~~~~~[m[K
[4.746s] [01m[K/usr/include/c++/9/ostream:523:5:[m[K [01;36m[Knote: [m[K  template argument deduction/substitution failed:
[4.746s] [01m[K/home/avees/coordinator/src/coordinator.cpp:37:68:[m[K [01;36m[Knote: [m[K  cannot convert ‘[01m[Ktime[m[K’ (type ‘[01m[Krclcpp::Time[m[K’) to type ‘[01m[Ksigned char[m[K’
[4.746s]    37 |                 std::cout << "Node" << node_id << ": ready at " << [01;36m[Ktime[m[K << std::endl;
[4.746s]       |                                                                    [01;36m[K^~~~[m[K
[4.746s] In file included from [01m[K/usr/include/c++/9/iostream:39[m[K,
[4.747s]                  from [01m[K/opt/ros/foxy/include/rclcpp/executor.hpp:22[m[K,
[4.747s]                  from [01m[K/opt/ros/foxy/include/rclcpp/executors/multi_threaded_executor.hpp:26[m[K,
[4.747s]                  from [01m[K/opt/ros/foxy/include/rclcpp/executors.hpp:21[m[K,
[4.747s]                  from [01m[K/opt/ros/foxy/include/rclcpp/rclcpp.hpp:146[m[K,
[4.747s]                  from [01m[K/home/avees/coordinator/include/coordinator/coordinator.hpp:5[m[K,
[4.747s]                  from [01m[K/home/avees/coordinator/src/coordinator.cpp:1[m[K:
[4.747s] [01m[K/usr/include/c++/9/ostream:528:5:[m[K [01;36m[Knote: [m[Kcandidate: ‘[01m[Ktemplate<class _Traits> std::basic_ostream<char, _Traits>& std::operator<<(std::basic_ostream<char, _Traits>&, unsigned char)[m[K’
[4.747s]   528 |     [01;36m[Koperator[m[K<<(basic_ostream<char, _Traits>& __out, unsigned char __c)
[4.748s]       |     [01;36m[K^~~~~~~~[m[K
[4.748s] [01m[K/usr/include/c++/9/ostream:528:5:[m[K [01;36m[Knote: [m[K  template argument deduction/substitution failed:
[4.748s] [01m[K/home/avees/coordinator/src/coordinator.cpp:37:68:[m[K [01;36m[Knote: [m[K  cannot convert ‘[01m[Ktime[m[K’ (type ‘[01m[Krclcpp::Time[m[K’) to type ‘[01m[Kunsigned char[m[K’
[4.748s]    37 |                 std::cout << "Node" << node_id << ": ready at " << [01;36m[Ktime[m[K << std::endl;
[4.748s]       |                                                                    [01;36m[K^~~~[m[K
[4.748s] In file included from [01m[K/usr/include/c++/9/iostream:39[m[K,
[4.748s]                  from [01m[K/opt/ros/foxy/include/rclcpp/executor.hpp:22[m[K,
[4.748s]                  from [01m[K/opt/ros/foxy/include/rclcpp/executors/multi_threaded_executor.hpp:26[m[K,
[4.749s]                  from [01m[K/opt/ros/foxy/include/rclcpp/executors.hpp:21[m[K,
[4.749s]                  from [01m[K/opt/ros/foxy/include/rclcpp/rclcpp.hpp:146[m[K,
[4.749s]                  from [01m[K/home/avees/coordinator/include/coordinator/coordinator.hpp:5[m[K,
[4.749s]                  from [01m[K/home/avees/coordinator/src/coordinator.cpp:1[m[K:
[4.749s] [01m[K/usr/include/c++/9/ostream:548:5:[m[K [01;36m[Knote: [m[Kcandidate: ‘[01m[Ktemplate<class _CharT, class _Traits> std::basic_ostream<_CharT, _Traits>& std::operator<<(std::basic_ostream<_CharT, _Traits>&, const _CharT*)[m[K’
[4.749s]   548 |     [01;36m[Koperator[m[K<<(basic_ostream<_CharT, _Traits>& __out, const _CharT* __s)
[4.749s]       |     [01;36m[K^~~~~~~~[m[K
[4.749s] [01m[K/usr/include/c++/9/ostream:548:5:[m[K [01;36m[Knote: [m[K  template argument deduction/substitution failed:
[4.750s] [01m[K/home/avees/coordinator/src/coordinator.cpp:37:68:[m[K [01;36m[Knote: [m[K  mismatched types ‘[01m[Kconst _CharT*[m[K’ and ‘[01m[Krclcpp::Time[m[K’
[4.750s]    37 |                 std::cout << "Node" << node_id << ": ready at " << [01;36m[Ktime[m[K << std::endl;
[4.750s]       |                                                                    [01;36m[K^~~~[m[K
[4.750s] In file included from [01m[K/usr/include/c++/9/ostream:702[m[K,
[4.750s]                  from [01m[K/usr/include/c++/9/iostream:39[m[K,
[4.750s]                  from [01m[K/opt/ros/foxy/include/rclcpp/executor.hpp:22[m[K,
[4.750s]                  from [01m[K/opt/ros/foxy/include/rclcpp/executors/multi_threaded_executor.hpp:26[m[K,
[4.750s]                  from [01m[K/opt/ros/foxy/include/rclcpp/executors.hpp:21[m[K,
[4.750s]                  from [01m[K/opt/ros/foxy/include/rclcpp/rclcpp.hpp:146[m[K,
[4.751s]                  from [01m[K/home/avees/coordinator/include/coordinator/coordinator.hpp:5[m[K,
[4.751s]                  from [01m[K/home/avees/coordinator/src/coordinator.cpp:1[m[K:
[4.751s] [01m[K/usr/include/c++/9/bits/ostream.tcc:321:5:[m[K [01;36m[Knote: [m[Kcandidate: ‘[01m[Ktemplate<class _CharT, class _Traits> std::basic_ostream<_CharT, _Traits>& std::operator<<(std::basic_ostream<_CharT, _Traits>&, const char*)[m[K’
[4.751s]   321 |     [01;36m[Koperator[m[K<<(basic_ostream<_CharT, _Traits>& __out, const char* __s)
[4.751s]       |     [01;36m[K^~~~~~~~[m[K
[4.751s] [01m[K/usr/include/c++/9/bits/ostream.tcc:321:5:[m[K [01;36m[Knote: [m[K  template argument deduction/substitution failed:
[4.751s] [01m[K/home/avees/coordinator/src/coordinator.cpp:37:68:[m[K [01;36m[Knote: [m[K  cannot convert ‘[01m[Ktime[m[K’ (type ‘[01m[Krclcpp::Time[m[K’) to type ‘[01m[Kconst char*[m[K’
[4.751s]    37 |                 std::cout << "Node" << node_id << ": ready at " << [01;36m[Ktime[m[K << std::endl;
[4.752s]       |                                                                    [01;36m[K^~~~[m[K
[4.752s] In file included from [01m[K/usr/include/c++/9/iostream:39[m[K,
[4.752s]                  from [01m[K/opt/ros/foxy/include/rclcpp/executor.hpp:22[m[K,
[4.752s]                  from [01m[K/opt/ros/foxy/include/rclcpp/executors/multi_threaded_executor.hpp:26[m[K,
[4.752s]                  from [01m[K/opt/ros/foxy/include/rclcpp/executors.hpp:21[m[K,
[4.752s]                  from [01m[K/opt/ros/foxy/include/rclcpp/rclcpp.hpp:146[m[K,
[4.752s]                  from [01m[K/home/avees/coordinator/include/coordinator/coordinator.hpp:5[m[K,
[4.752s]                  from [01m[K/home/avees/coordinator/src/coordinator.cpp:1[m[K:
[4.753s] [01m[K/usr/include/c++/9/ostream:565:5:[m[K [01;36m[Knote: [m[Kcandidate: ‘[01m[Ktemplate<class _Traits> std::basic_ostream<char, _Traits>& std::operator<<(std::basic_ostream<char, _Traits>&, const char*)[m[K’
[4.753s]   565 |     [01;36m[Koperator[m[K<<(basic_ostream<char, _Traits>& __out, const char* __s)
[4.753s]       |     [01;36m[K^~~~~~~~[m[K
[4.753s] [01m[K/usr/include/c++/9/ostream:565:5:[m[K [01;36m[Knote: [m[K  template argument deduction/substitution failed:
[4.753s] [01m[K/home/avees/coordinator/src/coordinator.cpp:37:68:[m[K [01;36m[Knote: [m[K  cannot convert ‘[01m[Ktime[m[K’ (type ‘[01m[Krclcpp::Time[m[K’) to type ‘[01m[Kconst char*[m[K’
[4.753s]    37 |                 std::cout << "Node" << node_id << ": ready at " << [01;36m[Ktime[m[K << std::endl;
[4.753s]       |                                                                    [01;36m[K^~~~[m[K
[4.753s] In file included from [01m[K/usr/include/c++/9/iostream:39[m[K,
[4.754s]                  from [01m[K/opt/ros/foxy/include/rclcpp/executor.hpp:22[m[K,
[4.754s]                  from [01m[K/opt/ros/foxy/include/rclcpp/executors/multi_threaded_executor.hpp:26[m[K,
[4.754s]                  from [01m[K/opt/ros/foxy/include/rclcpp/executors.hpp:21[m[K,
[4.754s]                  from [01m[K/opt/ros/foxy/include/rclcpp/rclcpp.hpp:146[m[K,
[4.754s]                  from [01m[K/home/avees/coordinator/include/coordinator/coordinator.hpp:5[m[K,
[4.754s]                  from [01m[K/home/avees/coordinator/src/coordinator.cpp:1[m[K:
[4.754s] [01m[K/usr/include/c++/9/ostream:578:5:[m[K [01;36m[Knote: [m[Kcandidate: ‘[01m[Ktemplate<class _Traits> std::basic_ostream<char, _Traits>& std::operator<<(std::basic_ostream<char, _Traits>&, const signed char*)[m[K’
[4.754s]   578 |     [01;36m[Koperator[m[K<<(basic_ostream<char, _Traits>& __out, const signed char* __s)
[4.755s]       |     [01;36m[K^~~~~~~~[m[K
[4.755s] [01m[K/usr/include/c++/9/ostream:578:5:[m[K [01;36m[Knote: [m[K  template argument deduction/substitution failed:
[4.755s] [01m[K/home/avees/coordinator/src/coordinator.cpp:37:68:[m[K [01;36m[Knote: [m[K  cannot convert ‘[01m[Ktime[m[K’ (type ‘[01m[Krclcpp::Time[m[K’) to type ‘[01m[Kconst signed char*[m[K’
[4.755s]    37 |                 std::cout << "Node" << node_id << ": ready at " << [01;36m[Ktime[m[K << std::endl;
[4.755s]       |                                                                    [01;36m[K^~~~[m[K
[4.755s] In file included from [01m[K/usr/include/c++/9/iostream:39[m[K,
[4.755s]                  from [01m[K/opt/ros/foxy/include/rclcpp/executor.hpp:22[m[K,
[4.755s]                  from [01m[K/opt/ros/foxy/include/rclcpp/executors/multi_threaded_executor.hpp:26[m[K,
[4.755s]                  from [01m[K/opt/ros/foxy/include/rclcpp/executors.hpp:21[m[K,
[4.756s]                  from [01m[K/opt/ros/foxy/include/rclcpp/rclcpp.hpp:146[m[K,
[4.756s]                  from [01m[K/home/avees/coordinator/include/coordinator/coordinator.hpp:5[m[K,
[4.756s]                  from [01m[K/home/avees/coordinator/src/coordinator.cpp:1[m[K:
[4.756s] [01m[K/usr/include/c++/9/ostream:583:5:[m[K [01;36m[Knote: [m[Kcandidate: ‘[01m[Ktemplate<class _Traits> std::basic_ostream<char, _Traits>& std::operator<<(std::basic_ostream<char, _Traits>&, const unsigned char*)[m[K’
[4.756s]   583 |     [01;36m[Koperator[m[K<<(basic_ostream<char, _Traits>& __out, const unsigned char* __s)
[4.756s]       |     [01;36m[K^~~~~~~~[m[K
[4.756s] [01m[K/usr/include/c++/9/ostream:583:5:[m[K [01;36m[Knote: [m[K  template argument deduction/substitution failed:
[4.756s] [01m[K/home/avees/coordinator/src/coordinator.cpp:37:68:[m[K [01;36m[Knote: [m[K  cannot convert ‘[01m[Ktime[m[K’ (type ‘[01m[Krclcpp::Time[m[K’) to type ‘[01m[Kconst unsigned char*[m[K’
[4.757s]    37 |                 std::cout << "Node" << node_id << ": ready at " << [01;36m[Ktime[m[K << std::endl;
[4.757s]       |                                                                    [01;36m[K^~~~[m[K
[4.757s] In file included from [01m[K/usr/include/c++/9/iostream:39[m[K,
[4.757s]                  from [01m[K/opt/ros/foxy/include/rclcpp/executor.hpp:22[m[K,
[4.757s]                  from [01m[K/opt/ros/foxy/include/rclcpp/executors/multi_threaded_executor.hpp:26[m[K,
[4.757s]                  from [01m[K/opt/ros/foxy/include/rclcpp/executors.hpp:21[m[K,
[4.757s]                  from [01m[K/opt/ros/foxy/include/rclcpp/rclcpp.hpp:146[m[K,
[4.757s]                  from [01m[K/home/avees/coordinator/include/coordinator/coordinator.hpp:5[m[K,
[4.758s]                  from [01m[K/home/avees/coordinator/src/coordinator.cpp:1[m[K:
[4.758s] [01m[K/usr/include/c++/9/ostream:691:5:[m[K [01;36m[Knote: [m[Kcandidate: ‘[01m[Ktemplate<class _Ostream, class _Tp> typename std::enable_if<std::__and_<std::__not_<std::is_lvalue_reference<_Tp> >, std::__is_convertible_to_basic_ostream<_Ostream>, std::__is_insertable<typename std::__is_convertible_to_basic_ostream<_Tp>::__ostream_type, const _Tp&, void> >::value, typename std::__is_convertible_to_basic_ostream<_Tp>::__ostream_type>::type std::operator<<(_Ostream&&, const _Tp&)[m[K’
[4.758s]   691 |     [01;36m[Koperator[m[K<<(_Ostream&& __os, const _Tp& __x)
[4.758s]       |     [01;36m[K^~~~~~~~[m[K
[4.758s] [01m[K/usr/include/c++/9/ostream:691:5:[m[K [01;36m[Knote: [m[K  template argument deduction/substitution failed:
[4.758s] /usr/include/c++/9/ostream: In substitution of ‘[01m[Ktemplate<class _Ostream, class _Tp> typename std::enable_if<std::__and_<std::__not_<std::is_lvalue_reference<_Tp> >, std::__is_convertible_to_basic_ostream<_Ostream>, std::__is_insertable<typename std::__is_convertible_to_basic_ostream<_Tp>::__ostream_type, const _Tp&, void> >::value, typename std::__is_convertible_to_basic_ostream<_Tp>::__ostream_type>::type std::operator<<(_Ostream&&, const _Tp&) [with _Ostream = std::basic_ostream<char>&; _Tp = rclcpp::Time][m[K’:
[4.758s] [01m[K/home/avees/coordinator/src/coordinator.cpp:37:68:[m[K   required from here
[4.758s] [01m[K/usr/include/c++/9/ostream:691:5:[m[K [01;31m[Kerror: [m[Kno type named ‘[01m[Ktype[m[K’ in ‘[01m[Kstruct std::enable_if<false, std::basic_ostream<char>&>[m[K’
[4.759s] In file included from [01m[K/opt/ros/foxy/include/rclcpp/experimental/buffers/ring_buffer_implementation.hpp:19[m[K,
[4.759s]                  from [01m[K/opt/ros/foxy/include/rclcpp/experimental/create_intra_process_buffer.hpp:25[m[K,
[4.759s]                  from [01m[K/opt/ros/foxy/include/rclcpp/experimental/subscription_intra_process.hpp:29[m[K,
[4.759s]                  from [01m[K/opt/ros/foxy/include/rclcpp/experimental/intra_process_manager.hpp:34[m[K,
[4.759s]                  from [01m[K/opt/ros/foxy/include/rclcpp/subscription_base.hpp:30[m[K,
[4.759s]                  from [01m[K/opt/ros/foxy/include/rclcpp/callback_group.hpp:26[m[K,
[4.759s]                  from [01m[K/opt/ros/foxy/include/rclcpp/any_executable.hpp:20[m[K,
[4.759s]                  from [01m[K/opt/ros/foxy/include/rclcpp/memory_strategy.hpp:24[m[K,
[4.760s]                  from [01m[K/opt/ros/foxy/include/rclcpp/memory_strategies.hpp:18[m[K,
[4.760s]                  from [01m[K/opt/ros/foxy/include/rclcpp/executor_options.hpp:20[m[K,
[4.760s]                  from [01m[K/opt/ros/foxy/include/rclcpp/executor.hpp:33[m[K,
[4.760s]                  from [01m[K/opt/ros/foxy/include/rclcpp/executors/multi_threaded_executor.hpp:26[m[K,
[4.760s]                  from [01m[K/opt/ros/foxy/include/rclcpp/executors.hpp:21[m[K,
[4.760s]                  from [01m[K/opt/ros/foxy/include/rclcpp/rclcpp.hpp:146[m[K,
[4.760s]                  from [01m[K/home/avees/coordinator/include/coordinator/coordinator.hpp:5[m[K,
[4.760s]                  from [01m[K/home/avees/coordinator/src/coordinator.cpp:1[m[K:
[4.761s] [01m[K/usr/include/c++/9/cstddef:130:5:[m[K [01;36m[Knote: [m[Kcandidate: ‘[01m[Ktemplate<class _IntegerType> constexpr std::__byte_op_t<_IntegerType> std::operator<<(std::byte, _IntegerType)[m[K’
[4.761s]   130 |     [01;36m[Koperator[m[K<<(byte __b, _IntegerType __shift) noexcept
[4.761s]       |     [01;36m[K^~~~~~~~[m[K
[4.761s] [01m[K/usr/include/c++/9/cstddef:130:5:[m[K [01;36m[Knote: [m[K  template argument deduction/substitution failed:
[4.761s] [01m[K/home/avees/coordinator/src/coordinator.cpp:37:48:[m[K [01;36m[Knote: [m[K  cannot convert ‘[01m[Kstd::operator<< <std::char_traits<char> >((* &(& std::operator<< <std::char_traits<char> >(std::cout, ((const char*)"Node")))->std::basic_ostream<char>::operator<<(((int)node_id))), ((const char*)": ready at "))[m[K’ (type ‘[01m[Kstd::basic_ostream<char>[m[K’) to type ‘[01m[Kstd::byte[m[K’
[4.761s]    37 |                 [01;36m[Kstd::cout << "Node" << node_id << ": ready at "[m[K << time << std::endl;
[4.761s]       |                 [01;36m[K~~~~~~~~~~~~~~~~~~~~~~~~~~~~~~~^~~~~~~~~~~~~~~~[m[K
[9.869s] make[2]: *** [CMakeFiles/coordinator_node.dir/build.make:76: CMakeFiles/coordinator_node.dir/src/coordinator.cpp.o] Error 1
[9.871s] make[1]: *** [CMakeFiles/Makefile2:78: CMakeFiles/coordinator_node.dir/all] Error 2
[9.872s] make: *** [Makefile:141: all] Error 2
[9.876s] Invoked command in '/home/avees/coordinator/build/coordinator' returned '2': CMAKE_PREFIX_PATH=/opt/ros/foxy /usr/bin/cmake --build /home/avees/coordinator/build/coordinator -- -j6 -l6
