[0.023s] Invoking command in '/home/avees/coordinator/build/coordinator': CMAKE_PREFIX_PATH=/opt/ros/foxy /usr/bin/cmake --build /home/avees/coordinator/build/coordinator -- -j6 -l6
[0.067s] make: Warning: File 'Makefile' has modification time 1750749713 s in the future
[0.182s] make[1]: Warning: File 'CMakeFiles/Makefile2' has modification time 1750749713 s in the future
[0.194s] make[2]: Warning: File 'CMakeFiles/coordinator_node.dir/flags.make' has modification time 1750748260 s in the future
[0.232s] make[2]: warning:  Clock skew detected.  Your build may be incomplete.
[0.243s] make[2]: Warning: File 'CMakeFiles/coordinator_node.dir/flags.make' has modification time 1750748260 s in the future
[0.261s] make[2]: warning:  Clock skew detected.  Your build may be incomplete.
[0.279s] [100%] Built target coordinator_node
[0.280s] make[1]: warning:  Clock skew detected.  Your build may be incomplete.
[0.297s] make: warning:  Clock skew detected.  Your build may be incomplete.
[0.302s] Invoked command in '/home/avees/coordinator/build/coordinator' returned '0': CMAKE_PREFIX_PATH=/opt/ros/foxy /usr/bin/cmake --build /home/avees/coordinator/build/coordinator -- -j6 -l6
[0.330s] Invoking command in '/home/avees/coordinator/build/coordinator': CMAKE_PREFIX_PATH=/opt/ros/foxy /usr/bin/cmake --install /home/avees/coordinator/build/coordinator
[0.348s] -- Install configuration: ""
[0.349s] -- Up-to-date: /home/avees/coordinator/install/coordinator/lib/coordinator/coordinator_node
[0.349s] -- Up-to-date: /home/avees/coordinator/install/coordinator/share/coordinator/launch
[0.350s] -- Up-to-date: /home/avees/coordinator/install/coordinator/share/coordinator/launch/coordinator_launch.py
[0.350s] -- Up-to-date: /home/avees/coordinator/install/coordinator/share/coordinator/config
[0.350s] -- Up-to-date: /home/avees/coordinator/install/coordinator/share/coordinator/config/params.yaml
[0.350s] -- Up-to-date: /home/avees/coordinator/install/coordinator/share/ament_index/resource_index/package_run_dependencies/coordinator
[0.351s] -- Up-to-date: /home/avees/coordinator/install/coordinator/share/ament_index/resource_index/parent_prefix_path/coordinator
[0.351s] -- Up-to-date: /home/avees/coordinator/install/coordinator/share/coordinator/environment/ament_prefix_path.sh
[0.351s] -- Up-to-date: /home/avees/coordinator/install/coordinator/share/coordinator/environment/ament_prefix_path.dsv
[0.352s] -- Up-to-date: /home/avees/coordinator/install/coordinator/share/coordinator/environment/path.sh
[0.352s] -- Up-to-date: /home/avees/coordinator/install/coordinator/share/coordinator/environment/path.dsv
[0.352s] -- Up-to-date: /home/avees/coordinator/install/coordinator/share/coordinator/local_setup.bash
[0.352s] -- Up-to-date: /home/avees/coordinator/install/coordinator/share/coordinator/local_setup.sh
[0.352s] -- Up-to-date: /home/avees/coordinator/install/coordinator/share/coordinator/local_setup.zsh
[0.352s] -- Up-to-date: /home/avees/coordinator/install/coordinator/share/coordinator/local_setup.dsv
[0.352s] -- Installing: /home/avees/coordinator/install/coordinator/share/coordinator/package.dsv
[0.353s] -- Up-to-date: /home/avees/coordinator/install/coordinator/share/ament_index/resource_index/packages/coordinator
[0.353s] -- Up-to-date: /home/avees/coordinator/install/coordinator/share/coordinator/cmake/coordinatorConfig.cmake
[0.353s] -- Up-to-date: /home/avees/coordinator/install/coordinator/share/coordinator/cmake/coordinatorConfig-version.cmake
[0.353s] -- Up-to-date: /home/avees/coordinator/install/coordinator/share/coordinator/package.xml
[0.358s] Invoked command in '/home/avees/coordinator/build/coordinator' returned '0': CMAKE_PREFIX_PATH=/opt/ros/foxy /usr/bin/cmake --install /home/avees/coordinator/build/coordinator
