[35m[1mScanning dependencies of target coordinator_node[0m
[  6%] [32mBuilding CXX object CMakeFiles/coordinator_node.dir/src/main.cpp.o[0m
[  6%] [32mBuilding CXX object CMakeFiles/coordinator_node.dir/src/coordinator.cpp.o[0m
In file included from [01m[K/home/avees/coordinator_node/src/coordinator/src/main.cpp:2[m[K:
[01m[K/home/avees/coordinator_node/src/coordinator/include/coordinator/coordinator.hpp:100:5:[m[K [01;31m[Kerror: [m[Knon-static data member ‘[01m[KMAX_NODES[m[K’ declared ‘[01m[Kconstexpr[m[K’
  100 |     [01;31m[Kconstexpr[m[K int MAX_NODES = 10;
      |     [01;31m[K^~~~~~~~~[m[K
[01m[K/home/avees/coordinator_node/src/coordinator/include/coordinator/coordinator.hpp:101:33:[m[K [01;31m[Kerror: [m[K‘[01m[KMAX_NODES[m[K’ is not a type
  101 |     std::vector<int> ready_node([01;31m[KMAX_NODES[m[K, 0);
      |                                 [01;31m[K^~~~~~~~~[m[K
[01m[K/home/avees/coordinator_node/src/coordinator/include/coordinator/coordinator.hpp:101:44:[m[K [01;31m[Kerror: [m[Kexpected identifier before numeric constant
  101 |     std::vector<int> ready_node(MAX_NODES, [01;31m[K0[m[K);
      |                                            [01;31m[K^[m[K
[01m[K/home/avees/coordinator_node/src/coordinator/include/coordinator/coordinator.hpp:101:44:[m[K [01;31m[Kerror: [m[Kexpected ‘[01m[K,[m[K’ or ‘[01m[K...[m[K’ before numeric constant
[01m[K/home/avees/coordinator_node/src/coordinator/include/coordinator/coordinator.hpp:102:37:[m[K [01;31m[Kerror: [m[K‘[01m[KMAX_NODES[m[K’ is not a type
  102 |     std::vector<int> pre_ready_node([01;31m[KMAX_NODES[m[K, 0);
      |                                     [01;31m[K^~~~~~~~~[m[K
[01m[K/home/avees/coordinator_node/src/coordinator/include/coordinator/coordinator.hpp:102:48:[m[K [01;31m[Kerror: [m[Kexpected identifier before numeric constant
  102 |     std::vector<int> pre_ready_node(MAX_NODES, [01;31m[K0[m[K);
      |                                                [01;31m[K^[m[K
[01m[K/home/avees/coordinator_node/src/coordinator/include/coordinator/coordinator.hpp:102:48:[m[K [01;31m[Kerror: [m[Kexpected ‘[01m[K,[m[K’ or ‘[01m[K...[m[K’ before numeric constant
[01m[K/home/avees/coordinator_node/src/coordinator/include/coordinator/coordinator.hpp:103:30:[m[K [01;31m[Kerror: [m[K‘[01m[KMAX_NODES[m[K’ is not a type
  103 |     std::vector<int> hb_node([01;31m[KMAX_NODES[m[K, 0);
      |                              [01;31m[K^~~~~~~~~[m[K
[01m[K/home/avees/coordinator_node/src/coordinator/include/coordinator/coordinator.hpp:103:41:[m[K [01;31m[Kerror: [m[Kexpected identifier before numeric constant
  103 |     std::vector<int> hb_node(MAX_NODES, [01;31m[K0[m[K);
      |                                         [01;31m[K^[m[K
[01m[K/home/avees/coordinator_node/src/coordinator/include/coordinator/coordinator.hpp:103:41:[m[K [01;31m[Kerror: [m[Kexpected ‘[01m[K,[m[K’ or ‘[01m[K...[m[K’ before numeric constant
In file included from [01m[K/home/avees/coordinator_node/src/coordinator/src/coordinator.cpp:1[m[K:
[01m[K/home/avees/coordinator_node/src/coordinator/include/coordinator/coordinator.hpp:100:5:[m[K [01;31m[Kerror: [m[Knon-static data member ‘[01m[KMAX_NODES[m[K’ declared ‘[01m[Kconstexpr[m[K’
  100 |     [01;31m[Kconstexpr[m[K int MAX_NODES = 10;
      |     [01;31m[K^~~~~~~~~[m[K
[01m[K/home/avees/coordinator_node/src/coordinator/include/coordinator/coordinator.hpp:101:33:[m[K [01;31m[Kerror: [m[K‘[01m[KMAX_NODES[m[K’ is not a type
  101 |     std::vector<int> ready_node([01;31m[KMAX_NODES[m[K, 0);
      |                                 [01;31m[K^~~~~~~~~[m[K
[01m[K/home/avees/coordinator_node/src/coordinator/include/coordinator/coordinator.hpp:101:44:[m[K [01;31m[Kerror: [m[Kexpected identifier before numeric constant
  101 |     std::vector<int> ready_node(MAX_NODES, [01;31m[K0[m[K);
      |                                            [01;31m[K^[m[K
[01m[K/home/avees/coordinator_node/src/coordinator/include/coordinator/coordinator.hpp:101:44:[m[K [01;31m[Kerror: [m[Kexpected ‘[01m[K,[m[K’ or ‘[01m[K...[m[K’ before numeric constant
[01m[K/home/avees/coordinator_node/src/coordinator/include/coordinator/coordinator.hpp:102:37:[m[K [01;31m[Kerror: [m[K‘[01m[KMAX_NODES[m[K’ is not a type
  102 |     std::vector<int> pre_ready_node([01;31m[KMAX_NODES[m[K, 0);
      |                                     [01;31m[K^~~~~~~~~[m[K
[01m[K/home/avees/coordinator_node/src/coordinator/include/coordinator/coordinator.hpp:102:48:[m[K [01;31m[Kerror: [m[Kexpected identifier before numeric constant
  102 |     std::vector<int> pre_ready_node(MAX_NODES, [01;31m[K0[m[K);
      |                                                [01;31m[K^[m[K
[01m[K/home/avees/coordinator_node/src/coordinator/include/coordinator/coordinator.hpp:102:48:[m[K [01;31m[Kerror: [m[Kexpected ‘[01m[K,[m[K’ or ‘[01m[K...[m[K’ before numeric constant
[01m[K/home/avees/coordinator_node/src/coordinator/include/coordinator/coordinator.hpp:103:30:[m[K [01;31m[Kerror: [m[K‘[01m[KMAX_NODES[m[K’ is not a type
  103 |     std::vector<int> hb_node([01;31m[KMAX_NODES[m[K, 0);
      |                              [01;31m[K^~~~~~~~~[m[K
[01m[K/home/avees/coordinator_node/src/coordinator/include/coordinator/coordinator.hpp:103:41:[m[K [01;31m[Kerror: [m[Kexpected identifier before numeric constant
  103 |     std::vector<int> hb_node(MAX_NODES, [01;31m[K0[m[K);
      |                                         [01;31m[K^[m[K
[01m[K/home/avees/coordinator_node/src/coordinator/include/coordinator/coordinator.hpp:103:41:[m[K [01;31m[Kerror: [m[Kexpected ‘[01m[K,[m[K’ or ‘[01m[K...[m[K’ before numeric constant
[01m[K/home/avees/coordinator_node/src/coordinator/src/coordinator.cpp:[m[K In lambda function:
[01m[K/home/avees/coordinator_node/src/coordinator/src/coordinator.cpp:38:31:[m[K [01;31m[Kerror: [m[K‘[01m[Knew_frame_ns_[m[K’ was not declared in this scope; did you mean ‘[01m[Knew_frame_ns[m[K’?
   38 |                 uint64_t ns = [01;31m[Knew_frame_ns_[m[K.load(std::memory_order_relaxed);
      |                               [01;31m[K^~~~~~~~~~~~~[m[K
      |                               [32m[Knew_frame_ns[m[K
[01m[K/home/avees/coordinator_node/src/coordinator/src/coordinator.cpp:53:50:[m[K [01;31m[Kerror: [m[Kinvalid types ‘[01m[K<unresolved overloaded function type>[int][m[K’ for array subscript
   53 |                             ready_node[node_index[01;31m[K][m[K = 1;
      |                                                  [01;31m[K^[m[K
[01m[K/home/avees/coordinator_node/src/coordinator/src/coordinator.cpp:56:44:[m[K [01;31m[Kerror: [m[Kinvalid use of non-static member function ‘[01m[Kstd::vector<int> Coordinator::ready_node(int, int)[m[K’
   56 |                             if( [01;31m[Kready_node == hb_check()[m[K )
      |                                 [01;31m[K~~~~~~~~~~~^~~~~~~~~~~~~[m[K
In file included from [01m[K/home/avees/coordinator_node/src/coordinator/src/coordinator.cpp:1[m[K:
[01m[K/home/avees/coordinator_node/src/coordinator/include/coordinator/coordinator.hpp:101:22:[m[K [01;36m[Knote: [m[Kdeclared here
  101 |     std::vector<int> [01;36m[Kready_node[m[K(MAX_NODES, 0);
      |                      [01;36m[K^~~~~~~~~~[m[K
[01m[K/home/avees/coordinator_node/src/coordinator/src/coordinator.cpp:58:50:[m[K [01;31m[Kerror: [m[Kinvalid use of non-static member function ‘[01m[Kstd::vector<int> Coordinator::ready_node(int, int)[m[K’
   58 |                                 split_scheduling([01;31m[Kready_node[m[K);
      |                                                  [01;31m[K^~~~~~~~~~[m[K
In file included from [01m[K/home/avees/coordinator_node/src/coordinator/src/coordinator.cpp:1[m[K:
[01m[K/home/avees/coordinator_node/src/coordinator/include/coordinator/coordinator.hpp:101:22:[m[K [01;36m[Knote: [m[Kdeclared here
  101 |     std::vector<int> [01;36m[Kready_node[m[K(MAX_NODES, 0);
      |                      [01;36m[K^~~~~~~~~~[m[K
[01m[K/home/avees/coordinator_node/src/coordinator/src/coordinator.cpp:59:43:[m[K [01;31m[Kerror: [m[Kinvalid use of member function ‘[01m[Kstd::vector<int> Coordinator::ready_node(int, int)[m[K’ (did you forget the ‘[01m[K()[m[K’ ?)
   59 |                                 std::fill([01;31m[Kready_node[m[K.begin(), ready_node.end(), 0);
      |                                           [01;31m[K^~~~~~~~~~[m[K
[01m[K/home/avees/coordinator_node/src/coordinator/src/coordinator.cpp:59:63:[m[K [01;31m[Kerror: [m[Kinvalid use of member function ‘[01m[Kstd::vector<int> Coordinator::ready_node(int, int)[m[K’ (did you forget the ‘[01m[K()[m[K’ ?)
   59 |                                 std::fill(ready_node.begin(), [01;31m[Kready_node[m[K.end(), 0);
      |                                                               [01;31m[K^~~~~~~~~~[m[K
[01m[K/home/avees/coordinator_node/src/coordinator/src/coordinator.cpp:60:43:[m[K [01;31m[Kerror: [m[Kinvalid use of member function ‘[01m[Kstd::vector<int> Coordinator::pre_ready_node(int, int)[m[K’ (did you forget the ‘[01m[K()[m[K’ ?)
   60 |                                 std::fill([01;31m[Kpre_ready_node[m[K.begin(), pre_ready_node.end(), 0);
      |                                           [01;31m[K^~~~~~~~~~~~~~[m[K
[01m[K/home/avees/coordinator_node/src/coordinator/src/coordinator.cpp:60:67:[m[K [01;31m[Kerror: [m[Kinvalid use of member function ‘[01m[Kstd::vector<int> Coordinator::pre_ready_node(int, int)[m[K’ (did you forget the ‘[01m[K()[m[K’ ?)
   60 |                                 std::fill(pre_ready_node.begin(), [01;31m[Kpre_ready_node[m[K.end(), 0);
      |                                                                   [01;31m[K^~~~~~~~~~~~~~[m[K
[01m[K/home/avees/coordinator_node/src/coordinator/src/coordinator.cpp:62:59:[m[K [01;31m[Kerror: [m[Kinvalid types ‘[01m[K<unresolved overloaded function type>[int][m[K’ for array subscript
   62 |                             else pre_ready_node[node_index[01;31m[K][m[K = 1;
      |                                                           [01;31m[K^[m[K
[01m[K/home/avees/coordinator_node/src/coordinator/src/coordinator.cpp:70:39:[m[K [01;31m[Kerror: [m[Kinvalid use of member function ‘[01m[Kstd::vector<int> Coordinator::ready_node(int, int)[m[K’ (did you forget the ‘[01m[K()[m[K’ ?)
   70 |                             std::fill([01;31m[Kready_node[m[K.begin(), ready_node.end(), 0);
      |                                       [01;31m[K^~~~~~~~~~[m[K
[01m[K/home/avees/coordinator_node/src/coordinator/src/coordinator.cpp:70:59:[m[K [01;31m[Kerror: [m[Kinvalid use of member function ‘[01m[Kstd::vector<int> Coordinator::ready_node(int, int)[m[K’ (did you forget the ‘[01m[K()[m[K’ ?)
   70 |                             std::fill(ready_node.begin(), [01;31m[Kready_node[m[K.end(), 0);
      |                                                           [01;31m[K^~~~~~~~~~[m[K
[01m[K/home/avees/coordinator_node/src/coordinator/src/coordinator.cpp:73:46:[m[K [01;31m[Kerror: [m[Kinvalid types ‘[01m[K<unresolved overloaded function type>[int][m[K’ for array subscript
   73 |                         ready_node[node_index[01;31m[K][m[K = 1;
      |                                              [01;31m[K^[m[K
[01m[K/home/avees/coordinator_node/src/coordinator/src/coordinator.cpp:74:42:[m[K [01;31m[Kerror: [m[K‘[01m[Kvector_AND[m[K’ was not declared in this scope
   74 |                         if(ready_node == [01;31m[Kvector_AND[m[K(pre_ready_node, hb_check()))
      |                                          [01;31m[K^~~~~~~~~~[m[K
[01m[K/home/avees/coordinator_node/src/coordinator/src/coordinator.cpp:77:46:[m[K [01;31m[Kerror: [m[Kinvalid use of non-static member function ‘[01m[Kstd::vector<int> Coordinator::ready_node(int, int)[m[K’
   77 |                             split_scheduling([01;31m[Kready_node[m[K);
      |                                              [01;31m[K^~~~~~~~~~[m[K
In file included from [01m[K/home/avees/coordinator_node/src/coordinator/src/coordinator.cpp:1[m[K:
[01m[K/home/avees/coordinator_node/src/coordinator/include/coordinator/coordinator.hpp:101:22:[m[K [01;36m[Knote: [m[Kdeclared here
  101 |     std::vector<int> [01;36m[Kready_node[m[K(MAX_NODES, 0);
      |                      [01;36m[K^~~~~~~~~~[m[K
[01m[K/home/avees/coordinator_node/src/coordinator/src/coordinator.cpp:78:39:[m[K [01;31m[Kerror: [m[Kinvalid use of member function ‘[01m[Kstd::vector<int> Coordinator::ready_node(int, int)[m[K’ (did you forget the ‘[01m[K()[m[K’ ?)
   78 |                             std::fill([01;31m[Kready_node[m[K.begin(), ready_node.end(), 0);
      |                                       [01;31m[K^~~~~~~~~~[m[K
[01m[K/home/avees/coordinator_node/src/coordinator/src/coordinator.cpp:78:59:[m[K [01;31m[Kerror: [m[Kinvalid use of member function ‘[01m[Kstd::vector<int> Coordinator::ready_node(int, int)[m[K’ (did you forget the ‘[01m[K()[m[K’ ?)
   78 |                             std::fill(ready_node.begin(), [01;31m[Kready_node[m[K.end(), 0);
      |                                                           [01;31m[K^~~~~~~~~~[m[K
[01m[K/home/avees/coordinator_node/src/coordinator/src/coordinator.cpp:[m[K In constructor ‘[01m[KCoordinator::Coordinator()[m[K’:
[01m[K/home/avees/coordinator_node/src/coordinator/src/coordinator.cpp:83:16:[m[K [01;31m[Kerror: [m[Kno match for ‘[01m[Koperator=[m[K’ (operand types are ‘[01m[Kstd::map<int, std::shared_ptr<rclcpp::Subscription<std_msgs::msg::Bool_<std::allocator<void> > > > >::mapped_type[m[K’ {aka ‘[01m[Kstd::shared_ptr<rclcpp::Subscription<std_msgs::msg::Bool_<std::allocator<void> > > >[m[K’} and ‘[01m[Kstd::shared_ptr<rclcpp::Subscription<std_msgs::msg::Header_<std::allocator<void> >, std::allocator<void>, rclcpp::message_memory_strategy::MessageMemoryStrategy<std_msgs::msg::Header_<std::allocator<void> >, std::allocator<void> > > >[m[K’)
   83 |         sub_opt[01;31m[K)[m[K
      |                [01;31m[K^[m[K
In file included from [01m[K/usr/include/c++/9/memory:81[m[K,
                 from [01m[K/opt/ros/foxy/include/rclcpp/rclcpp.hpp:144[m[K,
                 from [01m[K/home/avees/coordinator_node/src/coordinator/include/coordinator/coordinator.hpp:5[m[K,
                 from [01m[K/home/avees/coordinator_node/src/coordinator/src/coordinator.cpp:1[m[K:
[01m[K/usr/include/c++/9/bits/shared_ptr.h:309:19:[m[K [01;36m[Knote: [m[Kcandidate: ‘[01m[Kstd::shared_ptr<_Tp>& std::shared_ptr<_Tp>::operator=(const std::shared_ptr<_Tp>&) [with _Tp = rclcpp::Subscription<std_msgs::msg::Bool_<std::allocator<void> > >][m[K’
  309 |       shared_ptr& [01;36m[Koperator[m[K=(const shared_ptr&) noexcept = default;
      |                   [01;36m[K^~~~~~~~[m[K
[01m[K/usr/include/c++/9/bits/shared_ptr.h:309:29:[m[K [01;36m[Knote: [m[K  no known conversion for argument 1 from ‘[01m[Kstd::shared_ptr<rclcpp::Subscription<std_msgs::msg::Header_<std::allocator<void> >, std::allocator<void>, rclcpp::message_memory_strategy::MessageMemoryStrategy<std_msgs::msg::Header_<std::allocator<void> >, std::allocator<void> > > >[m[K’ to ‘[01m[Kconst std::shared_ptr<rclcpp::Subscription<std_msgs::msg::Bool_<std::allocator<void> > > >&[m[K’
  309 |       shared_ptr& operator=([01;36m[Kconst shared_ptr&[m[K) noexcept = default;
      |                             [01;36m[K^~~~~~~~~~~~~~~~~[m[K
[01m[K/usr/include/c++/9/bits/shared_ptr.h:313:2:[m[K [01;36m[Knote: [m[Kcandidate: ‘[01m[Ktemplate<class _Yp> std::shared_ptr<_Tp>::_Assignable<const std::shared_ptr<_Yp>&> std::shared_ptr<_Tp>::operator=(const std::shared_ptr<_Yp>&) [with _Yp = _Yp; _Tp = rclcpp::Subscription<std_msgs::msg::Bool_<std::allocator<void> > >][m[K’
  313 |  [01;36m[Koperator[m[K=(const shared_ptr<_Yp>& __r) noexcept
      |  [01;36m[K^~~~~~~~[m[K
[01m[K/usr/include/c++/9/bits/shared_ptr.h:313:2:[m[K [01;36m[Knote: [m[K  template argument deduction/substitution failed:
/usr/include/c++/9/bits/shared_ptr.h: In substitution of ‘[01m[Ktemplate<class _Tp> template<class _Arg> using _Assignable = typename std::enable_if<std::is_assignable<std::__shared_ptr<_Tp>&, _Arg>::value, std::shared_ptr<_Tp>&>::type [with _Arg = const std::shared_ptr<rclcpp::Subscription<std_msgs::msg::Header_<std::allocator<void> >, std::allocator<void>, rclcpp::message_memory_strategy::MessageMemoryStrategy<std_msgs::msg::Header_<std::allocator<void> >, std::allocator<void> > > >&; _Tp = rclcpp::Subscription<std_msgs::msg::Bool_<std::allocator<void> > >][m[K’:
[01m[K/usr/include/c++/9/bits/shared_ptr.h:313:2:[m[K   required by substitution of ‘[01m[Ktemplate<class _Yp> std::shared_ptr<rclcpp::Subscription<std_msgs::msg::Bool_<std::allocator<void> > > >::_Assignable<const std::shared_ptr<_Tp>&> std::shared_ptr<rclcpp::Subscription<std_msgs::msg::Bool_<std::allocator<void> > > >::operator=<_Yp>(const std::shared_ptr<_Tp>&) [with _Yp = rclcpp::Subscription<std_msgs::msg::Header_<std::allocator<void> >, std::allocator<void>, rclcpp::message_memory_strategy::MessageMemoryStrategy<std_msgs::msg::Header_<std::allocator<void> >, std::allocator<void> > >][m[K’
[01m[K/home/avees/coordinator_node/src/coordinator/src/coordinator.cpp:83:16:[m[K   required from here
[01m[K/usr/include/c++/9/bits/shared_ptr.h:111:8:[m[K [01;31m[Kerror: [m[Kno type named ‘[01m[Ktype[m[K’ in ‘[01m[Kstruct std::enable_if<false, std::shared_ptr<rclcpp::Subscription<std_msgs::msg::Bool_<std::allocator<void> > > >&>[m[K’
  111 |  using [01;31m[K_Assignable[m[K = typename enable_if<
      |        [01;31m[K^~~~~~~~~~~[m[K
[01m[K/usr/include/c++/9/bits/shared_ptr.h:324:2:[m[K [01;36m[Knote: [m[Kcandidate: ‘[01m[Ktemplate<class _Yp> std::shared_ptr<_Tp>::_Assignable<std::auto_ptr<_Up> > std::shared_ptr<_Tp>::operator=(std::auto_ptr<_Up>&&) [with _Yp = _Yp; _Tp = rclcpp::Subscription<std_msgs::msg::Bool_<std::allocator<void> > >][m[K’
  324 |  [01;36m[Koperator[m[K=(auto_ptr<_Yp>&& __r)
      |  [01;36m[K^~~~~~~~[m[K
[01m[K/usr/include/c++/9/bits/shared_ptr.h:324:2:[m[K [01;36m[Knote: [m[K  template argument deduction/substitution failed:
[01m[K/home/avees/coordinator_node/src/coordinator/src/coordinator.cpp:83:16:[m[K [01;36m[Knote: [m[K  ‘[01m[Kstd::shared_ptr<rclcpp::Subscription<std_msgs::msg::Header_<std::allocator<void> >, std::allocator<void>, rclcpp::message_memory_strategy::MessageMemoryStrategy<std_msgs::msg::Header_<std::allocator<void> >, std::allocator<void> > > >[m[K’ is not derived from ‘[01m[Kstd::auto_ptr<_Up>[m[K’
   83 |         sub_opt[01;36m[K)[m[K
      |                [01;36m[K^[m[K
In file included from [01m[K/usr/include/c++/9/memory:81[m[K,
                 from [01m[K/opt/ros/foxy/include/rclcpp/rclcpp.hpp:144[m[K,
                 from [01m[K/home/avees/coordinator_node/src/coordinator/include/coordinator/coordinator.hpp:5[m[K,
                 from [01m[K/home/avees/coordinator_node/src/coordinator/src/coordinator.cpp:1[m[K:
[01m[K/usr/include/c++/9/bits/shared_ptr.h:333:7:[m[K [01;36m[Knote: [m[Kcandidate: ‘[01m[Kstd::shared_ptr<_Tp>& std::shared_ptr<_Tp>::operator=(std::shared_ptr<_Tp>&&) [with _Tp = rclcpp::Subscription<std_msgs::msg::Bool_<std::allocator<void> > >][m[K’
  333 |       [01;36m[Koperator[m[K=(shared_ptr&& __r) noexcept
      |       [01;36m[K^~~~~~~~[m[K
[01m[K/usr/include/c++/9/bits/shared_ptr.h:333:30:[m[K [01;36m[Knote: [m[K  no known conversion for argument 1 from ‘[01m[Kstd::shared_ptr<rclcpp::Subscription<std_msgs::msg::Header_<std::allocator<void> >, std::allocator<void>, rclcpp::message_memory_strategy::MessageMemoryStrategy<std_msgs::msg::Header_<std::allocator<void> >, std::allocator<void> > > >[m[K’ to ‘[01m[Kstd::shared_ptr<rclcpp::Subscription<std_msgs::msg::Bool_<std::allocator<void> > > >&&[m[K’
  333 |       operator=([01;36m[Kshared_ptr&& __r[m[K) noexcept
      |                 [01;36m[K~~~~~~~~~~~~~^~~[m[K
[01m[K/usr/include/c++/9/bits/shared_ptr.h:341:2:[m[K [01;36m[Knote: [m[Kcandidate: ‘[01m[Ktemplate<class _Yp> std::shared_ptr<_Tp>::_Assignable<std::shared_ptr<_Yp> > std::shared_ptr<_Tp>::operator=(std::shared_ptr<_Yp>&&) [with _Yp = _Yp; _Tp = rclcpp::Subscription<std_msgs::msg::Bool_<std::allocator<void> > >][m[K’
  341 |  [01;36m[Koperator[m[K=(shared_ptr<_Yp>&& __r) noexcept
      |  [01;36m[K^~~~~~~~[m[K
[01m[K/usr/include/c++/9/bits/shared_ptr.h:341:2:[m[K [01;36m[Knote: [m[K  template argument deduction/substitution failed:
/usr/include/c++/9/bits/shared_ptr.h: In substitution of ‘[01m[Ktemplate<class _Tp> template<class _Arg> using _Assignable = typename std::enable_if<std::is_assignable<std::__shared_ptr<_Tp>&, _Arg>::value, std::shared_ptr<_Tp>&>::type [with _Arg = std::shared_ptr<rclcpp::Subscription<std_msgs::msg::Header_<std::allocator<void> >, std::allocator<void>, rclcpp::message_memory_strategy::MessageMemoryStrategy<std_msgs::msg::Header_<std::allocator<void> >, std::allocator<void> > > >; _Tp = rclcpp::Subscription<std_msgs::msg::Bool_<std::allocator<void> > >][m[K’:
[01m[K/usr/include/c++/9/bits/shared_ptr.h:341:2:[m[K   required by substitution of ‘[01m[Ktemplate<class _Yp> std::shared_ptr<rclcpp::Subscription<std_msgs::msg::Bool_<std::allocator<void> > > >::_Assignable<std::shared_ptr<_Tp> > std::shared_ptr<rclcpp::Subscription<std_msgs::msg::Bool_<std::allocator<void> > > >::operator=<_Yp>(std::shared_ptr<_Tp>&&) [with _Yp = rclcpp::Subscription<std_msgs::msg::Header_<std::allocator<void> >, std::allocator<void>, rclcpp::message_memory_strategy::MessageMemoryStrategy<std_msgs::msg::Header_<std::allocator<void> >, std::allocator<void> > >][m[K’
[01m[K/home/avees/coordinator_node/src/coordinator/src/coordinator.cpp:83:16:[m[K   required from here
[01m[K/usr/include/c++/9/bits/shared_ptr.h:111:8:[m[K [01;31m[Kerror: [m[Kno type named ‘[01m[Ktype[m[K’ in ‘[01m[Kstruct std::enable_if<false, std::shared_ptr<rclcpp::Subscription<std_msgs::msg::Bool_<std::allocator<void> > > >&>[m[K’
  111 |  using [01;31m[K_Assignable[m[K = typename enable_if<
      |        [01;31m[K^~~~~~~~~~~[m[K
[01m[K/usr/include/c++/9/bits/shared_ptr.h:349:2:[m[K [01;36m[Knote: [m[Kcandidate: ‘[01m[Ktemplate<class _Yp, class _Del> std::shared_ptr<_Tp>::_Assignable<std::unique_ptr<_Up, _Ep> > std::shared_ptr<_Tp>::operator=(std::unique_ptr<_Up, _Ep>&&) [with _Yp = _Yp; _Del = _Del; _Tp = rclcpp::Subscription<std_msgs::msg::Bool_<std::allocator<void> > >][m[K’
  349 |  [01;36m[Koperator[m[K=(unique_ptr<_Yp, _Del>&& __r)
      |  [01;36m[K^~~~~~~~[m[K
[01m[K/usr/include/c++/9/bits/shared_ptr.h:349:2:[m[K [01;36m[Knote: [m[K  template argument deduction/substitution failed:
[01m[K/home/avees/coordinator_node/src/coordinator/src/coordinator.cpp:83:16:[m[K [01;36m[Knote: [m[K  ‘[01m[Kstd::shared_ptr<rclcpp::Subscription<std_msgs::msg::Header_<std::allocator<void> >, std::allocator<void>, rclcpp::message_memory_strategy::MessageMemoryStrategy<std_msgs::msg::Header_<std::allocator<void> >, std::allocator<void> > > >[m[K’ is not derived from ‘[01m[Kstd::unique_ptr<_Tp, _Dp>[m[K’
   83 |         sub_opt[01;36m[K)[m[K
      |                [01;36m[K^[m[K
[01m[K/home/avees/coordinator_node/src/coordinator/src/coordinator.cpp:[m[K In function ‘[01m[Kstd::vector<int> hb_check()[m[K’:
[01m[K/home/avees/coordinator_node/src/coordinator/src/coordinator.cpp:154:24:[m[K [01;31m[Kerror: [m[Kinvalid use of ‘[01m[Kthis[m[K’ in non-member function
  154 |     rclcpp::Time now = [01;31m[Kthis[m[K->get_clock()->now();
      |                        [01;31m[K^~~~[m[K
[01m[K/home/avees/coordinator_node/src/coordinator/src/coordinator.cpp:158:29:[m[K [01;31m[Kerror: [m[K‘[01m[Klast_hb_map_[m[K’ was not declared in this scope
  158 |         auto hb_timestamp = [01;31m[Klast_hb_map_[m[K.find(node_id);
      |                             [01;31m[K^~~~~~~~~~~~[m[K
[01m[K/home/avees/coordinator_node/src/coordinator/src/coordinator.cpp:163:44:[m[K [01;31m[Kerror: [m[K‘[01m[Kit_hb[m[K’ was not declared in this scope
  163 |             rclcpp::Duration delta = now - [01;31m[Kit_hb[m[K->second;
      |                                            [01;31m[K^~~~~[m[K
[01m[K/home/avees/coordinator_node/src/coordinator/src/coordinator.cpp:164:25:[m[K [01;31m[Kerror: [m[K‘[01m[KHB_TIMEOUT_NS[m[K’ was not declared in this scope
  164 |             if (delta < [01;31m[KHB_TIMEOUT_NS[m[K)
      |                         [01;31m[K^~~~~~~~~~~~~[m[K
[01m[K/home/avees/coordinator_node/src/coordinator/src/coordinator.cpp:167:9:[m[K [01;31m[Kerror: [m[K‘[01m[Khb_node[m[K’ was not declared in this scope
  167 |         [01;31m[Khb_node[m[K[node_id] = is_alive ? 1 : 0;
      |         [01;31m[K^~~~~~~[m[K
[01m[K/home/avees/coordinator_node/src/coordinator/src/coordinator.cpp:169:12:[m[K [01;31m[Kerror: [m[K‘[01m[Khb_node[m[K’ was not declared in this scope
  169 |     return [01;31m[Khb_node[m[K;
      |            [01;31m[K^~~~~~~[m[K
[01m[K/home/avees/coordinator_node/src/coordinator/src/coordinator.cpp:[m[K In member function ‘[01m[Kvoid Coordinator::FrameCallback(const FramePtr&)[m[K’:
[01m[K/home/avees/coordinator_node/src/coordinator/src/coordinator.cpp:200:5:[m[K [01;31m[Kerror: [m[K‘[01m[Knew_frame_ns_[m[K’ was not declared in this scope; did you mean ‘[01m[Knew_frame_ns[m[K’?
  200 |     [01;31m[Knew_frame_ns_[m[K.store(frame_time.nanoseconds(), std::memory_order_relaxed);
      |     [01;31m[K^~~~~~~~~~~~~[m[K
      |     [32m[Knew_frame_ns[m[K
make[2]: *** [CMakeFiles/coordinator_node.dir/build.make:63: CMakeFiles/coordinator_node.dir/src/main.cpp.o] Error 1
make[2]: *** Waiting for unfinished jobs....
make[2]: *** [CMakeFiles/coordinator_node.dir/build.make:76: CMakeFiles/coordinator_node.dir/src/coordinator.cpp.o] Error 1
make[1]: *** [CMakeFiles/Makefile2:78: CMakeFiles/coordinator_node.dir/all] Error 2
make: *** [Makefile:141: all] Error 2
