[0.636s] DEBUG:colcon:Command line arguments: ['/usr/bin/colcon', 'build']
[0.636s] DEBUG:colcon:Parsed command line arguments: Namespace(allow_overriding=[], ament_cmake_args=None, base_paths=['.'], build_base='build', catkin_cmake_args=None, catkin_skip_building_tests=False, cmake_args=None, cmake_clean_cache=False, cmake_clean_first=False, cmake_force_configure=False, cmake_target=None, cmake_target_skip_unavailable=False, continue_on_error=False, event_handlers=None, executor='parallel', ignore_user_meta=False, install_base='install', log_base=None, log_level=None, main=<bound method BuildVerb.main of <colcon_core.verb.build.BuildVerb object at 0xffff81170850>>, merge_install=False, metas=['./colcon.meta'], mixin=None, mixin_files=None, mixin_verb=('build',), packages_above=None, packages_above_and_dependencies=None, packages_above_depth=None, packages_end=None, packages_ignore=None, packages_ignore_regex=None, packages_select=None, packages_select_build_failed=False, packages_select_by_dep=None, packages_select_regex=None, packages_select_test_failures=False, packages_skip=None, packages_skip_build_finished=False, packages_skip_by_dep=None, packages_skip_regex=None, packages_skip_test_passed=False, packages_skip_up_to=None, packages_start=None, packages_up_to=None, packages_up_to_regex=None, parallel_workers=6, paths=None, symlink_install=False, test_result_base=None, verb_extension=<colcon_core.verb.build.BuildVerb object at 0xffff81170850>, verb_name='build', verb_parser=<colcon_mixin.mixin.mixin_argument.MixinArgumentDecorator object at 0xffff8117c100>)
[0.971s] Level 1:colcon.colcon_core.package_discovery:discover_packages(colcon_meta) check parameters
[0.971s] Level 1:colcon.colcon_core.package_discovery:discover_packages(recursive) check parameters
[0.971s] Level 1:colcon.colcon_core.package_discovery:discover_packages(ignore) check parameters
[0.971s] Level 1:colcon.colcon_core.package_discovery:discover_packages(path) check parameters
[0.971s] Level 1:colcon.colcon_core.package_discovery:discover_packages(colcon_meta) discover
[0.972s] Level 1:colcon.colcon_core.package_discovery:discover_packages(recursive) discover
[0.972s] INFO:colcon.colcon_core.package_discovery:Crawling recursively for packages in '/home/avees/coordinator'
[0.972s] Level 1:colcon.colcon_core.package_identification:_identify(.) by extensions ['ignore', 'ignore_ament_install']
[0.972s] Level 1:colcon.colcon_core.package_identification:_identify(.) by extension 'ignore'
[0.972s] Level 1:colcon.colcon_core.package_identification:_identify(.) by extension 'ignore_ament_install'
[0.972s] Level 1:colcon.colcon_core.package_identification:_identify(.) by extensions ['colcon_pkg']
[0.972s] Level 1:colcon.colcon_core.package_identification:_identify(.) by extension 'colcon_pkg'
[0.973s] Level 1:colcon.colcon_core.package_identification:_identify(.) by extensions ['colcon_meta']
[0.973s] Level 1:colcon.colcon_core.package_identification:_identify(.) by extension 'colcon_meta'
[0.973s] Level 1:colcon.colcon_core.package_identification:_identify(.) by extensions ['ros']
[0.973s] Level 1:colcon.colcon_core.package_identification:_identify(.) by extension 'ros'
[1.003s] DEBUG:colcon.colcon_core.package_identification:Package '.' with type 'ros.ament_cmake' and name 'coordinator'
[1.003s] Level 1:colcon.colcon_core.package_discovery:discover_packages(recursive) using defaults
[1.003s] Level 1:colcon.colcon_core.package_discovery:discover_packages(ignore) discover
[1.004s] Level 1:colcon.colcon_core.package_discovery:discover_packages(ignore) using defaults
[1.004s] Level 1:colcon.colcon_core.package_discovery:discover_packages(path) discover
[1.004s] Level 1:colcon.colcon_core.package_discovery:discover_packages(path) using defaults
[1.040s] Level 1:colcon.colcon_core.package_discovery:discover_packages(prefix_path) check parameters
[1.040s] Level 1:colcon.colcon_core.package_discovery:discover_packages(prefix_path) discover
[1.046s] DEBUG:colcon.colcon_installed_package_information.package_discovery:Found 1 installed packages in /home/avees/coordinator/install
[1.049s] DEBUG:colcon.colcon_installed_package_information.package_discovery:Found 260 installed packages in /opt/ros/foxy
[1.053s] Level 1:colcon.colcon_core.package_discovery:discover_packages(prefix_path) using defaults
[1.249s] Level 5:colcon.colcon_core.verb:set package 'coordinator' build argument 'cmake_args' from command line to 'None'
[1.249s] Level 5:colcon.colcon_core.verb:set package 'coordinator' build argument 'cmake_target' from command line to 'None'
[1.249s] Level 5:colcon.colcon_core.verb:set package 'coordinator' build argument 'cmake_target_skip_unavailable' from command line to 'False'
[1.249s] Level 5:colcon.colcon_core.verb:set package 'coordinator' build argument 'cmake_clean_cache' from command line to 'False'
[1.249s] Level 5:colcon.colcon_core.verb:set package 'coordinator' build argument 'cmake_clean_first' from command line to 'False'
[1.249s] Level 5:colcon.colcon_core.verb:set package 'coordinator' build argument 'cmake_force_configure' from command line to 'False'
[1.249s] Level 5:colcon.colcon_core.verb:set package 'coordinator' build argument 'ament_cmake_args' from command line to 'None'
[1.249s] Level 5:colcon.colcon_core.verb:set package 'coordinator' build argument 'catkin_cmake_args' from command line to 'None'
[1.250s] Level 5:colcon.colcon_core.verb:set package 'coordinator' build argument 'catkin_skip_building_tests' from command line to 'False'
[1.250s] DEBUG:colcon.colcon_core.verb:Building package 'coordinator' with the following arguments: {'ament_cmake_args': None, 'build_base': '/home/avees/coordinator/build/coordinator', 'catkin_cmake_args': None, 'catkin_skip_building_tests': False, 'cmake_args': None, 'cmake_clean_cache': False, 'cmake_clean_first': False, 'cmake_force_configure': False, 'cmake_target': None, 'cmake_target_skip_unavailable': False, 'install_base': '/home/avees/coordinator/install/coordinator', 'merge_install': False, 'path': '/home/avees/coordinator', 'symlink_install': False, 'test_result_base': None}
[1.250s] INFO:colcon.colcon_core.executor:Executing jobs using 'parallel' executor
[1.252s] DEBUG:colcon.colcon_parallel_executor.executor.parallel:run_until_complete
[1.253s] INFO:colcon.colcon_ros.task.ament_cmake.build:Building ROS package in '/home/avees/coordinator' with build type 'ament_cmake'
[1.253s] INFO:colcon.colcon_cmake.task.cmake.build:Building CMake package in '/home/avees/coordinator'
[1.259s] INFO:colcon.colcon_core.plugin_system:Skipping extension 'colcon_core.shell.bat': Not used on non-Windows systems
[1.260s] INFO:colcon.colcon_core.shell:Skip shell extension 'powershell' for command environment: Not usable outside of PowerShell
[1.260s] DEBUG:colcon.colcon_core.shell:Skip shell extension 'dsv' for command environment
[1.280s] DEBUG:colcon.colcon_core.event_handler.log_command:Invoking command in '/home/avees/coordinator/build/coordinator': CMAKE_PREFIX_PATH=${CMAKE_PREFIX_PATH}:/opt/ros/foxy /usr/bin/cmake --build /home/avees/coordinator/build/coordinator -- -j6 -l6
[18.194s] DEBUG:colcon.colcon_core.event_handler.log_command:Invoked command in '/home/avees/coordinator/build/coordinator' returned '0': CMAKE_PREFIX_PATH=${CMAKE_PREFIX_PATH}:/opt/ros/foxy /usr/bin/cmake --build /home/avees/coordinator/build/coordinator -- -j6 -l6
[18.228s] DEBUG:colcon.colcon_core.event_handler.log_command:Invoking command in '/home/avees/coordinator/build/coordinator': CMAKE_PREFIX_PATH=${CMAKE_PREFIX_PATH}:/opt/ros/foxy /usr/bin/cmake --install /home/avees/coordinator/build/coordinator
[18.263s] Level 1:colcon.colcon_core.environment:create_environment_scripts_only(coordinator)
[18.264s] DEBUG:colcon.colcon_core.event_handler.log_command:Invoked command in '/home/avees/coordinator/build/coordinator' returned '0': CMAKE_PREFIX_PATH=${CMAKE_PREFIX_PATH}:/opt/ros/foxy /usr/bin/cmake --install /home/avees/coordinator/build/coordinator
[18.275s] Level 1:colcon.colcon_core.environment:checking '/home/avees/coordinator/install/coordinator' for CMake module files
[18.277s] Level 1:colcon.colcon_core.environment:checking '/home/avees/coordinator/install/coordinator' for CMake config files
[18.277s] Level 1:colcon.colcon_core.shell:create_environment_hook('coordinator', 'cmake_prefix_path')
[18.278s] INFO:colcon.colcon_core.shell:Creating environment hook '/home/avees/coordinator/install/coordinator/share/coordinator/hook/cmake_prefix_path.ps1'
[18.282s] INFO:colcon.colcon_core.shell:Creating environment descriptor '/home/avees/coordinator/install/coordinator/share/coordinator/hook/cmake_prefix_path.dsv'
[18.284s] INFO:colcon.colcon_core.shell:Creating environment hook '/home/avees/coordinator/install/coordinator/share/coordinator/hook/cmake_prefix_path.sh'
[18.286s] Level 1:colcon.colcon_core.environment:checking '/home/avees/coordinator/install/coordinator/lib'
[18.286s] Level 1:colcon.colcon_core.environment:checking '/home/avees/coordinator/install/coordinator/bin'
[18.286s] Level 1:colcon.colcon_core.environment:checking '/home/avees/coordinator/install/coordinator/lib/pkgconfig/coordinator.pc'
[18.287s] Level 1:colcon.colcon_core.environment:checking '/home/avees/coordinator/install/coordinator/lib/python3.8/site-packages'
[18.287s] Level 1:colcon.colcon_core.environment:checking '/home/avees/coordinator/install/coordinator/bin'
[18.288s] INFO:colcon.colcon_core.shell:Creating package script '/home/avees/coordinator/install/coordinator/share/coordinator/package.ps1'
[18.291s] INFO:colcon.colcon_core.shell:Creating package descriptor '/home/avees/coordinator/install/coordinator/share/coordinator/package.dsv'
[18.292s] INFO:colcon.colcon_core.shell:Creating package script '/home/avees/coordinator/install/coordinator/share/coordinator/package.sh'
[18.294s] INFO:colcon.colcon_core.shell:Creating package script '/home/avees/coordinator/install/coordinator/share/coordinator/package.bash'
[18.295s] INFO:colcon.colcon_core.shell:Creating package script '/home/avees/coordinator/install/coordinator/share/coordinator/package.zsh'
[18.298s] Level 1:colcon.colcon_core.environment:create_file_with_runtime_dependencies(/home/avees/coordinator/install/coordinator/share/colcon-core/packages/coordinator)
[18.299s] Level 1:colcon.colcon_core.environment:create_environment_scripts_only(coordinator)
[18.299s] Level 1:colcon.colcon_core.environment:checking '/home/avees/coordinator/install/coordinator' for CMake module files
[18.300s] Level 1:colcon.colcon_core.environment:checking '/home/avees/coordinator/install/coordinator' for CMake config files
[18.301s] Level 1:colcon.colcon_core.shell:create_environment_hook('coordinator', 'cmake_prefix_path')
[18.301s] INFO:colcon.colcon_core.shell:Creating environment hook '/home/avees/coordinator/install/coordinator/share/coordinator/hook/cmake_prefix_path.ps1'
[18.302s] INFO:colcon.colcon_core.shell:Creating environment descriptor '/home/avees/coordinator/install/coordinator/share/coordinator/hook/cmake_prefix_path.dsv'
[18.303s] INFO:colcon.colcon_core.shell:Creating environment hook '/home/avees/coordinator/install/coordinator/share/coordinator/hook/cmake_prefix_path.sh'
[18.304s] Level 1:colcon.colcon_core.environment:checking '/home/avees/coordinator/install/coordinator/lib'
[18.305s] Level 1:colcon.colcon_core.environment:checking '/home/avees/coordinator/install/coordinator/bin'
[18.305s] Level 1:colcon.colcon_core.environment:checking '/home/avees/coordinator/install/coordinator/lib/pkgconfig/coordinator.pc'
[18.305s] Level 1:colcon.colcon_core.environment:checking '/home/avees/coordinator/install/coordinator/lib/python3.8/site-packages'
[18.305s] Level 1:colcon.colcon_core.environment:checking '/home/avees/coordinator/install/coordinator/bin'
[18.306s] INFO:colcon.colcon_core.shell:Creating package script '/home/avees/coordinator/install/coordinator/share/coordinator/package.ps1'
[18.307s] INFO:colcon.colcon_core.shell:Creating package descriptor '/home/avees/coordinator/install/coordinator/share/coordinator/package.dsv'
[18.308s] INFO:colcon.colcon_core.shell:Creating package script '/home/avees/coordinator/install/coordinator/share/coordinator/package.sh'
[18.309s] INFO:colcon.colcon_core.shell:Creating package script '/home/avees/coordinator/install/coordinator/share/coordinator/package.bash'
[18.310s] INFO:colcon.colcon_core.shell:Creating package script '/home/avees/coordinator/install/coordinator/share/coordinator/package.zsh'
[18.311s] Level 1:colcon.colcon_core.environment:create_file_with_runtime_dependencies(/home/avees/coordinator/install/coordinator/share/colcon-core/packages/coordinator)
[18.311s] DEBUG:colcon.colcon_parallel_executor.executor.parallel:closing loop
[18.312s] DEBUG:colcon.colcon_parallel_executor.executor.parallel:loop closed
[18.312s] DEBUG:colcon.colcon_parallel_executor.executor.parallel:run_until_complete finished with '0'
[18.312s] DEBUG:colcon.colcon_core.event_reactor:joining thread
[18.328s] INFO:colcon.colcon_core.plugin_system:Skipping extension 'colcon_notification.desktop_notification.terminal_notifier': Not used on non-Darwin systems
[18.328s] INFO:colcon.colcon_core.plugin_system:Skipping extension 'colcon_notification.desktop_notification.win32': Not used on non-Windows systems
[18.328s] INFO:colcon.colcon_notification.desktop_notification:Sending desktop notification using 'notify2'
[18.385s] DEBUG:colcon.colcon_core.event_reactor:joined thread
[18.386s] INFO:colcon.colcon_core.shell:Creating prefix script '/home/avees/coordinator/install/local_setup.ps1'
[18.389s] INFO:colcon.colcon_core.shell:Creating prefix util module '/home/avees/coordinator/install/_local_setup_util_ps1.py'
[18.392s] INFO:colcon.colcon_core.shell:Creating prefix chain script '/home/avees/coordinator/install/setup.ps1'
[18.396s] INFO:colcon.colcon_core.shell:Creating prefix script '/home/avees/coordinator/install/local_setup.sh'
[18.397s] INFO:colcon.colcon_core.shell:Creating prefix util module '/home/avees/coordinator/install/_local_setup_util_sh.py'
[18.399s] INFO:colcon.colcon_core.shell:Creating prefix chain script '/home/avees/coordinator/install/setup.sh'
[18.401s] INFO:colcon.colcon_core.shell:Creating prefix script '/home/avees/coordinator/install/local_setup.bash'
[18.402s] INFO:colcon.colcon_core.shell:Creating prefix chain script '/home/avees/coordinator/install/setup.bash'
[18.404s] INFO:colcon.colcon_core.shell:Creating prefix script '/home/avees/coordinator/install/local_setup.zsh'
[18.406s] INFO:colcon.colcon_core.shell:Creating prefix chain script '/home/avees/coordinator/install/setup.zsh'
