[0.053s] Invoking command in '/home/avees/coordinator_node/build/coordinator': CMAKE_PREFIX_PATH=${CMAKE_PREFIX_PATH}:/opt/ros/foxy /usr/bin/cmake --build /home/avees/coordinator_node/build/coordinator -- -j6 -l6
[0.355s] [35m[1mScanning dependencies of target coordinator_node[0m
[0.483s] [  6%] [32mBuilding CXX object CMakeFiles/coordinator_node.dir/src/main.cpp.o[0m
[0.483s] [  6%] [32mBuilding CXX object CMakeFiles/coordinator_node.dir/src/coordinator.cpp.o[0m
[7.897s] In file included from [01m[K/home/avees/coordinator_node/src/coordinator/src/main.cpp:2[m[K:
[7.898s] [01m[K/home/avees/coordinator_node/src/coordinator/include/coordinator/coordinator.hpp:24:19:[m[K [01;31m[Kerror: [m[Kexpected unqualified-id before ‘[01m[K=[m[K’ token
[7.898s]    24 | #define MAX_NODES [01;31m[K=[m[K 10;
[7.898s]       |                   [01;31m[K^[m[K
[7.898s] [01m[K/home/avees/coordinator_node/src/coordinator/include/coordinator/coordinator.hpp:102:19:[m[K [01;36m[Knote: [m[Kin expansion of macro ‘[01m[KMAX_NODES[m[K’
[7.898s]   102 |     constexpr int [01;36m[KMAX_NODES[m[K = 10;
[7.899s]       |                   [01;36m[K^~~~~~~~~[m[K
[7.899s] [01m[K/home/avees/coordinator_node/src/coordinator/include/coordinator/coordinator.hpp:102:29:[m[K [01;31m[Kerror: [m[Kexpected unqualified-id before ‘[01m[K=[m[K’ token
[7.899s]   102 |     constexpr int MAX_NODES [01;31m[K=[m[K 10;
[7.899s]       |                             [01;31m[K^[m[K
[7.899s] [01m[K/home/avees/coordinator_node/src/coordinator/include/coordinator/coordinator.hpp:24:19:[m[K [01;31m[Kerror: [m[Kexpected identifier before ‘[01m[K=[m[K’ token
[7.899s]    24 | #define MAX_NODES [01;31m[K=[m[K 10;
[7.899s]       |                   [01;31m[K^[m[K
[7.899s] [01m[K/home/avees/coordinator_node/src/coordinator/include/coordinator/coordinator.hpp:103:33:[m[K [01;36m[Knote: [m[Kin expansion of macro ‘[01m[KMAX_NODES[m[K’
[7.900s]   103 |     std::vector<int> ready_node([01;36m[KMAX_NODES[m[K, 0);
[7.900s]       |                                 [01;36m[K^~~~~~~~~[m[K
[7.900s] [01m[K/home/avees/coordinator_node/src/coordinator/include/coordinator/coordinator.hpp:24:23:[m[K [01;31m[Kerror: [m[Kexpected ‘[01m[K)[m[K’ before ‘[01m[K;[m[K’ token
[7.900s]    24 | #define MAX_NODES = 10[01;31m[K;[m[K
[7.900s]       |                       [01;31m[K^[m[K
[7.900s] [01m[K/home/avees/coordinator_node/src/coordinator/include/coordinator/coordinator.hpp:103:33:[m[K [01;36m[Knote: [m[Kin expansion of macro ‘[01m[KMAX_NODES[m[K’
[7.900s]   103 |     std::vector<int> ready_node([01;36m[KMAX_NODES[m[K, 0);
[7.900s]       |                                 [01;36m[K^~~~~~~~~[m[K
[7.901s] [01m[K/home/avees/coordinator_node/src/coordinator/include/coordinator/coordinator.hpp:103:32:[m[K [01;36m[Knote: [m[Kto match this ‘[01m[K([m[K’
[7.901s]   103 |     std::vector<int> ready_node[01;36m[K([m[KMAX_NODES, 0);
[7.901s]       |                                [01;36m[K^[m[K
[7.901s] [01m[K/home/avees/coordinator_node/src/coordinator/include/coordinator/coordinator.hpp:103:42:[m[K [01;31m[Kerror: [m[Kexpected unqualified-id before ‘[01m[K,[m[K’ token
[7.901s]   103 |     std::vector<int> ready_node(MAX_NODES[01;31m[K,[m[K 0);
[7.901s]       |                                          [01;31m[K^[m[K
[7.901s] [01m[K/home/avees/coordinator_node/src/coordinator/include/coordinator/coordinator.hpp:24:19:[m[K [01;31m[Kerror: [m[Kexpected identifier before ‘[01m[K=[m[K’ token
[7.901s]    24 | #define MAX_NODES [01;31m[K=[m[K 10;
[7.902s]       |                   [01;31m[K^[m[K
[7.902s] [01m[K/home/avees/coordinator_node/src/coordinator/include/coordinator/coordinator.hpp:104:37:[m[K [01;36m[Knote: [m[Kin expansion of macro ‘[01m[KMAX_NODES[m[K’
[7.902s]   104 |     std::vector<int> pre_ready_node([01;36m[KMAX_NODES[m[K, 0);
[7.902s]       |                                     [01;36m[K^~~~~~~~~[m[K
[7.902s] [01m[K/home/avees/coordinator_node/src/coordinator/include/coordinator/coordinator.hpp:24:23:[m[K [01;31m[Kerror: [m[Kexpected ‘[01m[K)[m[K’ before ‘[01m[K;[m[K’ token
[7.902s]    24 | #define MAX_NODES = 10[01;31m[K;[m[K
[7.902s]       |                       [01;31m[K^[m[K
[7.903s] [01m[K/home/avees/coordinator_node/src/coordinator/include/coordinator/coordinator.hpp:104:37:[m[K [01;36m[Knote: [m[Kin expansion of macro ‘[01m[KMAX_NODES[m[K’
[7.903s]   104 |     std::vector<int> pre_ready_node([01;36m[KMAX_NODES[m[K, 0);
[7.903s]       |                                     [01;36m[K^~~~~~~~~[m[K
[7.903s] [01m[K/home/avees/coordinator_node/src/coordinator/include/coordinator/coordinator.hpp:104:36:[m[K [01;36m[Knote: [m[Kto match this ‘[01m[K([m[K’
[7.903s]   104 |     std::vector<int> pre_ready_node[01;36m[K([m[KMAX_NODES, 0);
[7.903s]       |                                    [01;36m[K^[m[K
[7.903s] [01m[K/home/avees/coordinator_node/src/coordinator/include/coordinator/coordinator.hpp:104:46:[m[K [01;31m[Kerror: [m[Kexpected unqualified-id before ‘[01m[K,[m[K’ token
[7.904s]   104 |     std::vector<int> pre_ready_node(MAX_NODES[01;31m[K,[m[K 0);
[7.904s]       |                                              [01;31m[K^[m[K
[7.904s] [01m[K/home/avees/coordinator_node/src/coordinator/include/coordinator/coordinator.hpp:24:19:[m[K [01;31m[Kerror: [m[Kexpected identifier before ‘[01m[K=[m[K’ token
[7.904s]    24 | #define MAX_NODES [01;31m[K=[m[K 10;
[7.904s]       |                   [01;31m[K^[m[K
[7.904s] [01m[K/home/avees/coordinator_node/src/coordinator/include/coordinator/coordinator.hpp:105:30:[m[K [01;36m[Knote: [m[Kin expansion of macro ‘[01m[KMAX_NODES[m[K’
[7.904s]   105 |     std::vector<int> hb_node([01;36m[KMAX_NODES[m[K, 0);
[7.904s]       |                              [01;36m[K^~~~~~~~~[m[K
[7.905s] [01m[K/home/avees/coordinator_node/src/coordinator/include/coordinator/coordinator.hpp:24:23:[m[K [01;31m[Kerror: [m[Kexpected ‘[01m[K)[m[K’ before ‘[01m[K;[m[K’ token
[7.905s]    24 | #define MAX_NODES = 10[01;31m[K;[m[K
[7.905s]       |                       [01;31m[K^[m[K
[7.905s] [01m[K/home/avees/coordinator_node/src/coordinator/include/coordinator/coordinator.hpp:105:30:[m[K [01;36m[Knote: [m[Kin expansion of macro ‘[01m[KMAX_NODES[m[K’
[7.905s]   105 |     std::vector<int> hb_node([01;36m[KMAX_NODES[m[K, 0);
[7.905s]       |                              [01;36m[K^~~~~~~~~[m[K
[7.905s] [01m[K/home/avees/coordinator_node/src/coordinator/include/coordinator/coordinator.hpp:105:29:[m[K [01;36m[Knote: [m[Kto match this ‘[01m[K([m[K’
[7.905s]   105 |     std::vector<int> hb_node[01;36m[K([m[KMAX_NODES, 0);
[7.906s]       |                             [01;36m[K^[m[K
[7.906s] [01m[K/home/avees/coordinator_node/src/coordinator/include/coordinator/coordinator.hpp:105:39:[m[K [01;31m[Kerror: [m[Kexpected unqualified-id before ‘[01m[K,[m[K’ token
[7.906s]   105 |     std::vector<int> hb_node(MAX_NODES[01;31m[K,[m[K 0);
[7.925s]       |                                       [01;31m[K^[m[K
[8.710s] In file included from [01m[K/home/avees/coordinator_node/src/coordinator/src/coordinator.cpp:1[m[K:
[8.711s] [01m[K/home/avees/coordinator_node/src/coordinator/include/coordinator/coordinator.hpp:24:19:[m[K [01;31m[Kerror: [m[Kexpected unqualified-id before ‘[01m[K=[m[K’ token
[8.711s]    24 | #define MAX_NODES [01;31m[K=[m[K 10;
[8.711s]       |                   [01;31m[K^[m[K
[8.711s] [01m[K/home/avees/coordinator_node/src/coordinator/include/coordinator/coordinator.hpp:102:19:[m[K [01;36m[Knote: [m[Kin expansion of macro ‘[01m[KMAX_NODES[m[K’
[8.711s]   102 |     constexpr int [01;36m[KMAX_NODES[m[K = 10;
[8.711s]       |                   [01;36m[K^~~~~~~~~[m[K
[8.712s] [01m[K/home/avees/coordinator_node/src/coordinator/include/coordinator/coordinator.hpp:102:29:[m[K [01;31m[Kerror: [m[Kexpected unqualified-id before ‘[01m[K=[m[K’ token
[8.712s]   102 |     constexpr int MAX_NODES [01;31m[K=[m[K 10;
[8.712s]       |                             [01;31m[K^[m[K
[8.712s] [01m[K/home/avees/coordinator_node/src/coordinator/include/coordinator/coordinator.hpp:24:19:[m[K [01;31m[Kerror: [m[Kexpected identifier before ‘[01m[K=[m[K’ token
[8.712s]    24 | #define MAX_NODES [01;31m[K=[m[K 10;
[8.712s]       |                   [01;31m[K^[m[K
[8.712s] [01m[K/home/avees/coordinator_node/src/coordinator/include/coordinator/coordinator.hpp:103:33:[m[K [01;36m[Knote: [m[Kin expansion of macro ‘[01m[KMAX_NODES[m[K’
[8.712s]   103 |     std::vector<int> ready_node([01;36m[KMAX_NODES[m[K, 0);
[8.713s]       |                                 [01;36m[K^~~~~~~~~[m[K
[8.713s] [01m[K/home/avees/coordinator_node/src/coordinator/include/coordinator/coordinator.hpp:24:23:[m[K [01;31m[Kerror: [m[Kexpected ‘[01m[K)[m[K’ before ‘[01m[K;[m[K’ token
[8.713s]    24 | #define MAX_NODES = 10[01;31m[K;[m[K
[8.713s]       |                       [01;31m[K^[m[K
[8.713s] [01m[K/home/avees/coordinator_node/src/coordinator/include/coordinator/coordinator.hpp:103:33:[m[K [01;36m[Knote: [m[Kin expansion of macro ‘[01m[KMAX_NODES[m[K’
[8.721s]   103 |     std::vector<int> ready_node([01;36m[KMAX_NODES[m[K, 0);
[8.721s]       |                                 [01;36m[K^~~~~~~~~[m[K
[8.722s] [01m[K/home/avees/coordinator_node/src/coordinator/include/coordinator/coordinator.hpp:103:32:[m[K [01;36m[Knote: [m[Kto match this ‘[01m[K([m[K’
[8.722s]   103 |     std::vector<int> ready_node[01;36m[K([m[KMAX_NODES, 0);
[8.722s]       |                                [01;36m[K^[m[K
[8.722s] [01m[K/home/avees/coordinator_node/src/coordinator/include/coordinator/coordinator.hpp:103:42:[m[K [01;31m[Kerror: [m[Kexpected unqualified-id before ‘[01m[K,[m[K’ token
[8.722s]   103 |     std::vector<int> ready_node(MAX_NODES[01;31m[K,[m[K 0);
[8.722s]       |                                          [01;31m[K^[m[K
[8.722s] [01m[K/home/avees/coordinator_node/src/coordinator/include/coordinator/coordinator.hpp:24:19:[m[K [01;31m[Kerror: [m[Kexpected identifier before ‘[01m[K=[m[K’ token
[8.723s]    24 | #define MAX_NODES [01;31m[K=[m[K 10;
[8.723s]       |                   [01;31m[K^[m[K
[8.723s] [01m[K/home/avees/coordinator_node/src/coordinator/include/coordinator/coordinator.hpp:104:37:[m[K [01;36m[Knote: [m[Kin expansion of macro ‘[01m[KMAX_NODES[m[K’
[8.723s]   104 |     std::vector<int> pre_ready_node([01;36m[KMAX_NODES[m[K, 0);
[8.723s]       |                                     [01;36m[K^~~~~~~~~[m[K
[8.723s] [01m[K/home/avees/coordinator_node/src/coordinator/include/coordinator/coordinator.hpp:24:23:[m[K [01;31m[Kerror: [m[Kexpected ‘[01m[K)[m[K’ before ‘[01m[K;[m[K’ token
[8.723s]    24 | #define MAX_NODES = 10[01;31m[K;[m[K
[8.723s]       |                       [01;31m[K^[m[K
[8.724s] [01m[K/home/avees/coordinator_node/src/coordinator/include/coordinator/coordinator.hpp:104:37:[m[K [01;36m[Knote: [m[Kin expansion of macro ‘[01m[KMAX_NODES[m[K’
[8.724s]   104 |     std::vector<int> pre_ready_node([01;36m[KMAX_NODES[m[K, 0);
[8.724s]       |                                     [01;36m[K^~~~~~~~~[m[K
[8.724s] [01m[K/home/avees/coordinator_node/src/coordinator/include/coordinator/coordinator.hpp:104:36:[m[K [01;36m[Knote: [m[Kto match this ‘[01m[K([m[K’
[8.724s]   104 |     std::vector<int> pre_ready_node[01;36m[K([m[KMAX_NODES, 0);
[8.724s]       |                                    [01;36m[K^[m[K
[8.724s] [01m[K/home/avees/coordinator_node/src/coordinator/include/coordinator/coordinator.hpp:104:46:[m[K [01;31m[Kerror: [m[Kexpected unqualified-id before ‘[01m[K,[m[K’ token
[8.724s]   104 |     std::vector<int> pre_ready_node(MAX_NODES[01;31m[K,[m[K 0);
[8.725s]       |                                              [01;31m[K^[m[K
[8.725s] [01m[K/home/avees/coordinator_node/src/coordinator/include/coordinator/coordinator.hpp:24:19:[m[K [01;31m[Kerror: [m[Kexpected identifier before ‘[01m[K=[m[K’ token
[8.725s]    24 | #define MAX_NODES [01;31m[K=[m[K 10;
[8.725s]       |                   [01;31m[K^[m[K
[8.725s] [01m[K/home/avees/coordinator_node/src/coordinator/include/coordinator/coordinator.hpp:105:30:[m[K [01;36m[Knote: [m[Kin expansion of macro ‘[01m[KMAX_NODES[m[K’
[8.725s]   105 |     std::vector<int> hb_node([01;36m[KMAX_NODES[m[K, 0);
[8.725s]       |                              [01;36m[K^~~~~~~~~[m[K
[8.726s] [01m[K/home/avees/coordinator_node/src/coordinator/include/coordinator/coordinator.hpp:24:23:[m[K [01;31m[Kerror: [m[Kexpected ‘[01m[K)[m[K’ before ‘[01m[K;[m[K’ token
[8.726s]    24 | #define MAX_NODES = 10[01;31m[K;[m[K
[8.726s]       |                       [01;31m[K^[m[K
[8.726s] [01m[K/home/avees/coordinator_node/src/coordinator/include/coordinator/coordinator.hpp:105:30:[m[K [01;36m[Knote: [m[Kin expansion of macro ‘[01m[KMAX_NODES[m[K’
[8.726s]   105 |     std::vector<int> hb_node([01;36m[KMAX_NODES[m[K, 0);
[8.726s]       |                              [01;36m[K^~~~~~~~~[m[K
[8.726s] [01m[K/home/avees/coordinator_node/src/coordinator/include/coordinator/coordinator.hpp:105:29:[m[K [01;36m[Knote: [m[Kto match this ‘[01m[K([m[K’
[8.727s]   105 |     std::vector<int> hb_node[01;36m[K([m[KMAX_NODES, 0);
[8.727s]       |                             [01;36m[K^[m[K
[8.727s] [01m[K/home/avees/coordinator_node/src/coordinator/include/coordinator/coordinator.hpp:105:39:[m[K [01;31m[Kerror: [m[Kexpected unqualified-id before ‘[01m[K,[m[K’ token
[8.727s]   105 |     std::vector<int> hb_node(MAX_NODES[01;31m[K,[m[K 0);
[8.727s]       |                                       [01;31m[K^[m[K
[8.794s] [01m[K/home/avees/coordinator_node/src/coordinator/src/coordinator.cpp:[m[K In lambda function:
[8.794s] [01m[K/home/avees/coordinator_node/src/coordinator/src/coordinator.cpp:38:31:[m[K [01;31m[Kerror: [m[K‘[01m[Knew_frame_ns_[m[K’ was not declared in this scope; did you mean ‘[01m[Knew_frame_ns[m[K’?
[8.794s]    38 |                 uint64_t ns = [01;31m[Knew_frame_ns_[m[K.load(std::memory_order_relaxed);
[8.795s]       |                               [01;31m[K^~~~~~~~~~~~~[m[K
[8.795s]       |                               [32m[Knew_frame_ns[m[K
[8.795s] [01m[K/home/avees/coordinator_node/src/coordinator/src/coordinator.cpp:53:50:[m[K [01;31m[Kerror: [m[Kinvalid types ‘[01m[K<unresolved overloaded function type>[int][m[K’ for array subscript
[8.795s]    53 |                             ready_node[node_index[01;31m[K][m[K = 1;
[8.795s]       |                                                  [01;31m[K^[m[K
[8.796s] [01m[K/home/avees/coordinator_node/src/coordinator/src/coordinator.cpp:56:44:[m[K [01;31m[Kerror: [m[Kinvalid use of non-static member function ‘[01m[Kstd::vector<int> Coordinator::ready_node(int)[m[K’
[8.797s]    56 |                             if( [01;31m[Kready_node == hb_check()[m[K )
[8.797s]       |                                 [01;31m[K~~~~~~~~~~~^~~~~~~~~~~~~[m[K
[8.797s] In file included from [01m[K/home/avees/coordinator_node/src/coordinator/src/coordinator.cpp:1[m[K:
[8.797s] [01m[K/home/avees/coordinator_node/src/coordinator/include/coordinator/coordinator.hpp:103:22:[m[K [01;36m[Knote: [m[Kdeclared here
[8.797s]   103 |     std::vector<int> [01;36m[Kready_node[m[K(MAX_NODES, 0);
[8.797s]       |                      [01;36m[K^~~~~~~~~~[m[K
[8.798s] [01m[K/home/avees/coordinator_node/src/coordinator/src/coordinator.cpp:58:50:[m[K [01;31m[Kerror: [m[Kinvalid use of non-static member function ‘[01m[Kstd::vector<int> Coordinator::ready_node(int)[m[K’
[8.798s]    58 |                                 split_scheduling([01;31m[Kready_node[m[K);
[8.798s]       |                                                  [01;31m[K^~~~~~~~~~[m[K
[8.798s] In file included from [01m[K/home/avees/coordinator_node/src/coordinator/src/coordinator.cpp:1[m[K:
[8.798s] [01m[K/home/avees/coordinator_node/src/coordinator/include/coordinator/coordinator.hpp:103:22:[m[K [01;36m[Knote: [m[Kdeclared here
[8.798s]   103 |     std::vector<int> [01;36m[Kready_node[m[K(MAX_NODES, 0);
[8.798s]       |                      [01;36m[K^~~~~~~~~~[m[K
[8.799s] [01m[K/home/avees/coordinator_node/src/coordinator/src/coordinator.cpp:59:43:[m[K [01;31m[Kerror: [m[Kinvalid use of member function ‘[01m[Kstd::vector<int> Coordinator::ready_node(int)[m[K’ (did you forget the ‘[01m[K()[m[K’ ?)
[8.799s]    59 |                                 std::fill([01;31m[Kready_node[m[K.begin(), ready_node.end(), 0);
[8.799s]       |                                           [01;31m[K^~~~~~~~~~[m[K
[8.799s] [01m[K/home/avees/coordinator_node/src/coordinator/src/coordinator.cpp:59:63:[m[K [01;31m[Kerror: [m[Kinvalid use of member function ‘[01m[Kstd::vector<int> Coordinator::ready_node(int)[m[K’ (did you forget the ‘[01m[K()[m[K’ ?)
[8.799s]    59 |                                 std::fill(ready_node.begin(), [01;31m[Kready_node[m[K.end(), 0);
[8.799s]       |                                                               [01;31m[K^~~~~~~~~~[m[K
[8.799s] [01m[K/home/avees/coordinator_node/src/coordinator/src/coordinator.cpp:60:43:[m[K [01;31m[Kerror: [m[Kinvalid use of member function ‘[01m[Kstd::vector<int> Coordinator::pre_ready_node(int)[m[K’ (did you forget the ‘[01m[K()[m[K’ ?)
[8.799s]    60 |                                 std::fill([01;31m[Kpre_ready_node[m[K.begin(), pre_ready_node.end(), 0);
[8.800s]       |                                           [01;31m[K^~~~~~~~~~~~~~[m[K
[8.800s] [01m[K/home/avees/coordinator_node/src/coordinator/src/coordinator.cpp:60:67:[m[K [01;31m[Kerror: [m[Kinvalid use of member function ‘[01m[Kstd::vector<int> Coordinator::pre_ready_node(int)[m[K’ (did you forget the ‘[01m[K()[m[K’ ?)
[8.800s]    60 |                                 std::fill(pre_ready_node.begin(), [01;31m[Kpre_ready_node[m[K.end(), 0);
[8.800s]       |                                                                   [01;31m[K^~~~~~~~~~~~~~[m[K
[8.800s] [01m[K/home/avees/coordinator_node/src/coordinator/src/coordinator.cpp:62:59:[m[K [01;31m[Kerror: [m[Kinvalid types ‘[01m[K<unresolved overloaded function type>[int][m[K’ for array subscript
[8.800s]    62 |                             else pre_ready_node[node_index[01;31m[K][m[K = 1;
[8.800s]       |                                                           [01;31m[K^[m[K
[8.800s] [01m[K/home/avees/coordinator_node/src/coordinator/src/coordinator.cpp:70:39:[m[K [01;31m[Kerror: [m[Kinvalid use of member function ‘[01m[Kstd::vector<int> Coordinator::ready_node(int)[m[K’ (did you forget the ‘[01m[K()[m[K’ ?)
[8.801s]    70 |                             std::fill([01;31m[Kready_node[m[K.begin(), ready_node.end(), 0);
[8.801s]       |                                       [01;31m[K^~~~~~~~~~[m[K
[8.801s] [01m[K/home/avees/coordinator_node/src/coordinator/src/coordinator.cpp:70:59:[m[K [01;31m[Kerror: [m[Kinvalid use of member function ‘[01m[Kstd::vector<int> Coordinator::ready_node(int)[m[K’ (did you forget the ‘[01m[K()[m[K’ ?)
[8.801s]    70 |                             std::fill(ready_node.begin(), [01;31m[Kready_node[m[K.end(), 0);
[8.801s]       |                                                           [01;31m[K^~~~~~~~~~[m[K
[8.801s] [01m[K/home/avees/coordinator_node/src/coordinator/src/coordinator.cpp:73:46:[m[K [01;31m[Kerror: [m[Kinvalid types ‘[01m[K<unresolved overloaded function type>[int][m[K’ for array subscript
[8.801s]    73 |                         ready_node[node_index[01;31m[K][m[K = 1;
[8.801s]       |                                              [01;31m[K^[m[K
[8.814s] [01m[K/home/avees/coordinator_node/src/coordinator/src/coordinator.cpp:74:42:[m[K [01;31m[Kerror: [m[K‘[01m[Kvector_AND[m[K’ was not declared in this scope
[8.815s]    74 |                         if(ready_node == [01;31m[Kvector_AND[m[K(pre_ready_node, hb_check()))
[8.815s]       |                                          [01;31m[K^~~~~~~~~~[m[K
[8.815s] [01m[K/home/avees/coordinator_node/src/coordinator/src/coordinator.cpp:77:46:[m[K [01;31m[Kerror: [m[Kinvalid use of non-static member function ‘[01m[Kstd::vector<int> Coordinator::ready_node(int)[m[K’
[8.815s]    77 |                             split_scheduling([01;31m[Kready_node[m[K);
[8.815s]       |                                              [01;31m[K^~~~~~~~~~[m[K
[8.815s] In file included from [01m[K/home/avees/coordinator_node/src/coordinator/src/coordinator.cpp:1[m[K:
[8.815s] [01m[K/home/avees/coordinator_node/src/coordinator/include/coordinator/coordinator.hpp:103:22:[m[K [01;36m[Knote: [m[Kdeclared here
[8.816s]   103 |     std::vector<int> [01;36m[Kready_node[m[K(MAX_NODES, 0);
[8.816s]       |                      [01;36m[K^~~~~~~~~~[m[K
[8.816s] [01m[K/home/avees/coordinator_node/src/coordinator/src/coordinator.cpp:78:39:[m[K [01;31m[Kerror: [m[Kinvalid use of member function ‘[01m[Kstd::vector<int> Coordinator::ready_node(int)[m[K’ (did you forget the ‘[01m[K()[m[K’ ?)
[8.816s]    78 |                             std::fill([01;31m[Kready_node[m[K.begin(), ready_node.end(), 0);
[8.816s]       |                                       [01;31m[K^~~~~~~~~~[m[K
[8.816s] [01m[K/home/avees/coordinator_node/src/coordinator/src/coordinator.cpp:78:59:[m[K [01;31m[Kerror: [m[Kinvalid use of member function ‘[01m[Kstd::vector<int> Coordinator::ready_node(int)[m[K’ (did you forget the ‘[01m[K()[m[K’ ?)
[8.816s]    78 |                             std::fill(ready_node.begin(), [01;31m[Kready_node[m[K.end(), 0);
[8.817s]       |                                                           [01;31m[K^~~~~~~~~~[m[K
[8.858s] [01m[K/home/avees/coordinator_node/src/coordinator/src/coordinator.cpp:[m[K In constructor ‘[01m[KCoordinator::Coordinator()[m[K’:
[8.859s] [01m[K/home/avees/coordinator_node/src/coordinator/src/coordinator.cpp:83:16:[m[K [01;31m[Kerror: [m[Kno match for ‘[01m[Koperator=[m[K’ (operand types are ‘[01m[Kstd::map<int, std::shared_ptr<rclcpp::Subscription<std_msgs::msg::Bool_<std::allocator<void> > > > >::mapped_type[m[K’ {aka ‘[01m[Kstd::shared_ptr<rclcpp::Subscription<std_msgs::msg::Bool_<std::allocator<void> > > >[m[K’} and ‘[01m[Kstd::shared_ptr<rclcpp::Subscription<std_msgs::msg::Header_<std::allocator<void> >, std::allocator<void>, rclcpp::message_memory_strategy::MessageMemoryStrategy<std_msgs::msg::Header_<std::allocator<void> >, std::allocator<void> > > >[m[K’)
[8.859s]    83 |         sub_opt[01;31m[K)[m[K
[8.859s]       |                [01;31m[K^[m[K
[8.859s] In file included from [01m[K/usr/include/c++/9/memory:81[m[K,
[8.860s]                  from [01m[K/opt/ros/foxy/include/rclcpp/rclcpp.hpp:144[m[K,
[8.860s]                  from [01m[K/home/avees/coordinator_node/src/coordinator/include/coordinator/coordinator.hpp:5[m[K,
[8.860s]                  from [01m[K/home/avees/coordinator_node/src/coordinator/src/coordinator.cpp:1[m[K:
[8.860s] [01m[K/usr/include/c++/9/bits/shared_ptr.h:309:19:[m[K [01;36m[Knote: [m[Kcandidate: ‘[01m[Kstd::shared_ptr<_Tp>& std::shared_ptr<_Tp>::operator=(const std::shared_ptr<_Tp>&) [with _Tp = rclcpp::Subscription<std_msgs::msg::Bool_<std::allocator<void> > >][m[K’
[8.860s]   309 |       shared_ptr& [01;36m[Koperator[m[K=(const shared_ptr&) noexcept = default;
[8.860s]       |                   [01;36m[K^~~~~~~~[m[K
[8.860s] [01m[K/usr/include/c++/9/bits/shared_ptr.h:309:29:[m[K [01;36m[Knote: [m[K  no known conversion for argument 1 from ‘[01m[Kstd::shared_ptr<rclcpp::Subscription<std_msgs::msg::Header_<std::allocator<void> >, std::allocator<void>, rclcpp::message_memory_strategy::MessageMemoryStrategy<std_msgs::msg::Header_<std::allocator<void> >, std::allocator<void> > > >[m[K’ to ‘[01m[Kconst std::shared_ptr<rclcpp::Subscription<std_msgs::msg::Bool_<std::allocator<void> > > >&[m[K’
[8.861s]   309 |       shared_ptr& operator=([01;36m[Kconst shared_ptr&[m[K) noexcept = default;
[8.861s]       |                             [01;36m[K^~~~~~~~~~~~~~~~~[m[K
[8.861s] [01m[K/usr/include/c++/9/bits/shared_ptr.h:313:2:[m[K [01;36m[Knote: [m[Kcandidate: ‘[01m[Ktemplate<class _Yp> std::shared_ptr<_Tp>::_Assignable<const std::shared_ptr<_Yp>&> std::shared_ptr<_Tp>::operator=(const std::shared_ptr<_Yp>&) [with _Yp = _Yp; _Tp = rclcpp::Subscription<std_msgs::msg::Bool_<std::allocator<void> > >][m[K’
[8.861s]   313 |  [01;36m[Koperator[m[K=(const shared_ptr<_Yp>& __r) noexcept
[8.861s]       |  [01;36m[K^~~~~~~~[m[K
[8.861s] [01m[K/usr/include/c++/9/bits/shared_ptr.h:313:2:[m[K [01;36m[Knote: [m[K  template argument deduction/substitution failed:
[8.861s] /usr/include/c++/9/bits/shared_ptr.h: In substitution of ‘[01m[Ktemplate<class _Tp> template<class _Arg> using _Assignable = typename std::enable_if<std::is_assignable<std::__shared_ptr<_Tp>&, _Arg>::value, std::shared_ptr<_Tp>&>::type [with _Arg = const std::shared_ptr<rclcpp::Subscription<std_msgs::msg::Header_<std::allocator<void> >, std::allocator<void>, rclcpp::message_memory_strategy::MessageMemoryStrategy<std_msgs::msg::Header_<std::allocator<void> >, std::allocator<void> > > >&; _Tp = rclcpp::Subscription<std_msgs::msg::Bool_<std::allocator<void> > >][m[K’:
[8.862s] [01m[K/usr/include/c++/9/bits/shared_ptr.h:313:2:[m[K   required by substitution of ‘[01m[Ktemplate<class _Yp> std::shared_ptr<rclcpp::Subscription<std_msgs::msg::Bool_<std::allocator<void> > > >::_Assignable<const std::shared_ptr<_Tp>&> std::shared_ptr<rclcpp::Subscription<std_msgs::msg::Bool_<std::allocator<void> > > >::operator=<_Yp>(const std::shared_ptr<_Tp>&) [with _Yp = rclcpp::Subscription<std_msgs::msg::Header_<std::allocator<void> >, std::allocator<void>, rclcpp::message_memory_strategy::MessageMemoryStrategy<std_msgs::msg::Header_<std::allocator<void> >, std::allocator<void> > >][m[K’
[8.862s] [01m[K/home/avees/coordinator_node/src/coordinator/src/coordinator.cpp:83:16:[m[K   required from here
[8.862s] [01m[K/usr/include/c++/9/bits/shared_ptr.h:111:8:[m[K [01;31m[Kerror: [m[Kno type named ‘[01m[Ktype[m[K’ in ‘[01m[Kstruct std::enable_if<false, std::shared_ptr<rclcpp::Subscription<std_msgs::msg::Bool_<std::allocator<void> > > >&>[m[K’
[8.862s]   111 |  using [01;31m[K_Assignable[m[K = typename enable_if<
[8.862s]       |        [01;31m[K^~~~~~~~~~~[m[K
[8.862s] [01m[K/usr/include/c++/9/bits/shared_ptr.h:324:2:[m[K [01;36m[Knote: [m[Kcandidate: ‘[01m[Ktemplate<class _Yp> std::shared_ptr<_Tp>::_Assignable<std::auto_ptr<_Up> > std::shared_ptr<_Tp>::operator=(std::auto_ptr<_Up>&&) [with _Yp = _Yp; _Tp = rclcpp::Subscription<std_msgs::msg::Bool_<std::allocator<void> > >][m[K’
[8.862s]   324 |  [01;36m[Koperator[m[K=(auto_ptr<_Yp>&& __r)
[8.862s]       |  [01;36m[K^~~~~~~~[m[K
[8.863s] [01m[K/usr/include/c++/9/bits/shared_ptr.h:324:2:[m[K [01;36m[Knote: [m[K  template argument deduction/substitution failed:
[8.863s] [01m[K/home/avees/coordinator_node/src/coordinator/src/coordinator.cpp:83:16:[m[K [01;36m[Knote: [m[K  ‘[01m[Kstd::shared_ptr<rclcpp::Subscription<std_msgs::msg::Header_<std::allocator<void> >, std::allocator<void>, rclcpp::message_memory_strategy::MessageMemoryStrategy<std_msgs::msg::Header_<std::allocator<void> >, std::allocator<void> > > >[m[K’ is not derived from ‘[01m[Kstd::auto_ptr<_Up>[m[K’
[8.863s]    83 |         sub_opt[01;36m[K)[m[K
[8.863s]       |                [01;36m[K^[m[K
[8.863s] In file included from [01m[K/usr/include/c++/9/memory:81[m[K,
[8.863s]                  from [01m[K/opt/ros/foxy/include/rclcpp/rclcpp.hpp:144[m[K,
[8.863s]                  from [01m[K/home/avees/coordinator_node/src/coordinator/include/coordinator/coordinator.hpp:5[m[K,
[8.864s]                  from [01m[K/home/avees/coordinator_node/src/coordinator/src/coordinator.cpp:1[m[K:
[8.864s] [01m[K/usr/include/c++/9/bits/shared_ptr.h:333:7:[m[K [01;36m[Knote: [m[Kcandidate: ‘[01m[Kstd::shared_ptr<_Tp>& std::shared_ptr<_Tp>::operator=(std::shared_ptr<_Tp>&&) [with _Tp = rclcpp::Subscription<std_msgs::msg::Bool_<std::allocator<void> > >][m[K’
[8.864s]   333 |       [01;36m[Koperator[m[K=(shared_ptr&& __r) noexcept
[8.864s]       |       [01;36m[K^~~~~~~~[m[K
[8.864s] [01m[K/usr/include/c++/9/bits/shared_ptr.h:333:30:[m[K [01;36m[Knote: [m[K  no known conversion for argument 1 from ‘[01m[Kstd::shared_ptr<rclcpp::Subscription<std_msgs::msg::Header_<std::allocator<void> >, std::allocator<void>, rclcpp::message_memory_strategy::MessageMemoryStrategy<std_msgs::msg::Header_<std::allocator<void> >, std::allocator<void> > > >[m[K’ to ‘[01m[Kstd::shared_ptr<rclcpp::Subscription<std_msgs::msg::Bool_<std::allocator<void> > > >&&[m[K’
[8.864s]   333 |       operator=([01;36m[Kshared_ptr&& __r[m[K) noexcept
[8.864s]       |                 [01;36m[K~~~~~~~~~~~~~^~~[m[K
[8.864s] [01m[K/usr/include/c++/9/bits/shared_ptr.h:341:2:[m[K [01;36m[Knote: [m[Kcandidate: ‘[01m[Ktemplate<class _Yp> std::shared_ptr<_Tp>::_Assignable<std::shared_ptr<_Yp> > std::shared_ptr<_Tp>::operator=(std::shared_ptr<_Yp>&&) [with _Yp = _Yp; _Tp = rclcpp::Subscription<std_msgs::msg::Bool_<std::allocator<void> > >][m[K’
[8.865s]   341 |  [01;36m[Koperator[m[K=(shared_ptr<_Yp>&& __r) noexcept
[8.865s]       |  [01;36m[K^~~~~~~~[m[K
[8.865s] [01m[K/usr/include/c++/9/bits/shared_ptr.h:341:2:[m[K [01;36m[Knote: [m[K  template argument deduction/substitution failed:
[8.865s] /usr/include/c++/9/bits/shared_ptr.h: In substitution of ‘[01m[Ktemplate<class _Tp> template<class _Arg> using _Assignable = typename std::enable_if<std::is_assignable<std::__shared_ptr<_Tp>&, _Arg>::value, std::shared_ptr<_Tp>&>::type [with _Arg = std::shared_ptr<rclcpp::Subscription<std_msgs::msg::Header_<std::allocator<void> >, std::allocator<void>, rclcpp::message_memory_strategy::MessageMemoryStrategy<std_msgs::msg::Header_<std::allocator<void> >, std::allocator<void> > > >; _Tp = rclcpp::Subscription<std_msgs::msg::Bool_<std::allocator<void> > >][m[K’:
[8.865s] [01m[K/usr/include/c++/9/bits/shared_ptr.h:341:2:[m[K   required by substitution of ‘[01m[Ktemplate<class _Yp> std::shared_ptr<rclcpp::Subscription<std_msgs::msg::Bool_<std::allocator<void> > > >::_Assignable<std::shared_ptr<_Tp> > std::shared_ptr<rclcpp::Subscription<std_msgs::msg::Bool_<std::allocator<void> > > >::operator=<_Yp>(std::shared_ptr<_Tp>&&) [with _Yp = rclcpp::Subscription<std_msgs::msg::Header_<std::allocator<void> >, std::allocator<void>, rclcpp::message_memory_strategy::MessageMemoryStrategy<std_msgs::msg::Header_<std::allocator<void> >, std::allocator<void> > >][m[K’
[8.865s] [01m[K/home/avees/coordinator_node/src/coordinator/src/coordinator.cpp:83:16:[m[K   required from here
[8.865s] [01m[K/usr/include/c++/9/bits/shared_ptr.h:111:8:[m[K [01;31m[Kerror: [m[Kno type named ‘[01m[Ktype[m[K’ in ‘[01m[Kstruct std::enable_if<false, std::shared_ptr<rclcpp::Subscription<std_msgs::msg::Bool_<std::allocator<void> > > >&>[m[K’
[8.866s]   111 |  using [01;31m[K_Assignable[m[K = typename enable_if<
[8.866s]       |        [01;31m[K^~~~~~~~~~~[m[K
[8.866s] [01m[K/usr/include/c++/9/bits/shared_ptr.h:349:2:[m[K [01;36m[Knote: [m[Kcandidate: ‘[01m[Ktemplate<class _Yp, class _Del> std::shared_ptr<_Tp>::_Assignable<std::unique_ptr<_Up, _Ep> > std::shared_ptr<_Tp>::operator=(std::unique_ptr<_Up, _Ep>&&) [with _Yp = _Yp; _Del = _Del; _Tp = rclcpp::Subscription<std_msgs::msg::Bool_<std::allocator<void> > >][m[K’
[8.866s]   349 |  [01;36m[Koperator[m[K=(unique_ptr<_Yp, _Del>&& __r)
[8.866s]       |  [01;36m[K^~~~~~~~[m[K
[8.866s] [01m[K/usr/include/c++/9/bits/shared_ptr.h:349:2:[m[K [01;36m[Knote: [m[K  template argument deduction/substitution failed:
[8.866s] [01m[K/home/avees/coordinator_node/src/coordinator/src/coordinator.cpp:83:16:[m[K [01;36m[Knote: [m[K  ‘[01m[Kstd::shared_ptr<rclcpp::Subscription<std_msgs::msg::Header_<std::allocator<void> >, std::allocator<void>, rclcpp::message_memory_strategy::MessageMemoryStrategy<std_msgs::msg::Header_<std::allocator<void> >, std::allocator<void> > > >[m[K’ is not derived from ‘[01m[Kstd::unique_ptr<_Tp, _Dp>[m[K’
[8.866s]    83 |         sub_opt[01;36m[K)[m[K
[8.867s]       |                [01;36m[K^[m[K
[8.906s] [01m[K/home/avees/coordinator_node/src/coordinator/src/coordinator.cpp:[m[K In function ‘[01m[Kstd::vector<int> vector_AND(const std::vector<int>&, const std::vector<int>&)[m[K’:
[8.906s] [01m[K/home/avees/coordinator_node/src/coordinator/src/coordinator.cpp:144:29:[m[K [01;31m[Kerror: [m[K‘[01m[Kn[m[K’ was not declared in this scope
[8.907s]   144 |     std::vector<int> result([01;31m[Kn[m[K, 0);
[8.907s]       |                             [01;31m[K^[m[K
[8.907s] [01m[K/home/avees/coordinator_node/src/coordinator/src/coordinator.cpp:[m[K In function ‘[01m[Kstd::vector<int> hb_check()[m[K’:
[8.907s] [01m[K/home/avees/coordinator_node/src/coordinator/src/coordinator.cpp:153:24:[m[K [01;31m[Kerror: [m[Kinvalid use of ‘[01m[Kthis[m[K’ in non-member function
[8.907s]   153 |     rclcpp::Time now = [01;31m[Kthis[m[K->get_clock()->now();
[8.907s]       |                        [01;31m[K^~~~[m[K
[8.922s] [01m[K/home/avees/coordinator_node/src/coordinator/src/coordinator.cpp:157:29:[m[K [01;31m[Kerror: [m[K‘[01m[Klast_hb_map_[m[K’ was not declared in this scope
[8.923s]   157 |         auto hb_timestamp = [01;31m[Klast_hb_map_[m[K.find(node_id);
[8.923s]       |                             [01;31m[K^~~~~~~~~~~~[m[K
[8.930s] [01m[K/home/avees/coordinator_node/src/coordinator/src/coordinator.cpp:162:44:[m[K [01;31m[Kerror: [m[K‘[01m[Kit_hb[m[K’ was not declared in this scope
[8.930s]   162 |             rclcpp::Duration delta = now - [01;31m[Kit_hb[m[K->second;
[8.930s]       |                                            [01;31m[K^~~~~[m[K
[8.945s] [01m[K/home/avees/coordinator_node/src/coordinator/src/coordinator.cpp:163:25:[m[K [01;31m[Kerror: [m[K‘[01m[KHB_TIMEOUT_NS[m[K’ was not declared in this scope
[8.946s]   163 |             if (delta < [01;31m[KHB_TIMEOUT_NS[m[K)
[8.946s]       |                         [01;31m[K^~~~~~~~~~~~~[m[K
[8.954s] [01m[K/home/avees/coordinator_node/src/coordinator/src/coordinator.cpp:166:9:[m[K [01;31m[Kerror: [m[K‘[01m[Khb_node[m[K’ was not declared in this scope
[8.954s]   166 |         [01;31m[Khb_node[m[K[node_id] = is_alive ? 1 : 0;
[8.954s]       |         [01;31m[K^~~~~~~[m[K
[8.962s] [01m[K/home/avees/coordinator_node/src/coordinator/src/coordinator.cpp:168:12:[m[K [01;31m[Kerror: [m[K‘[01m[Khb_node[m[K’ was not declared in this scope
[8.962s]   168 |     return [01;31m[Khb_node[m[K;
[8.962s]       |            [01;31m[K^~~~~~~[m[K
[8.979s] [01m[K/home/avees/coordinator_node/src/coordinator/src/coordinator.cpp:[m[K In member function ‘[01m[Kvoid Coordinator::FrameCallback(const FramePtr&)[m[K’:
[8.980s] [01m[K/home/avees/coordinator_node/src/coordinator/src/coordinator.cpp:199:5:[m[K [01;31m[Kerror: [m[K‘[01m[Knew_frame_ns_[m[K’ was not declared in this scope; did you mean ‘[01m[Knew_frame_ns[m[K’?
[8.980s]   199 |     [01;31m[Knew_frame_ns_[m[K.store(frame_time.nanoseconds(), std::memory_order_relaxed);
[8.980s]       |     [01;31m[K^~~~~~~~~~~~~[m[K
[8.980s]       |     [32m[Knew_frame_ns[m[K
[11.785s] make[2]: *** [CMakeFiles/coordinator_node.dir/build.make:63: CMakeFiles/coordinator_node.dir/src/main.cpp.o] Error 1
[11.785s] make[2]: *** Waiting for unfinished jobs....
[16.510s] make[2]: *** [CMakeFiles/coordinator_node.dir/build.make:76: CMakeFiles/coordinator_node.dir/src/coordinator.cpp.o] Error 1
[16.511s] make[1]: *** [CMakeFiles/Makefile2:78: CMakeFiles/coordinator_node.dir/all] Error 2
[16.512s] make: *** [Makefile:141: all] Error 2
[16.568s] Invoked command in '/home/avees/coordinator_node/build/coordinator' returned '2': CMAKE_PREFIX_PATH=${CMAKE_PREFIX_PATH}:/opt/ros/foxy /usr/bin/cmake --build /home/avees/coordinator_node/build/coordinator -- -j6 -l6
