[0.032s] Invoking command in '/home/avees/coordinator_node/build/coordinator': CMAKE_PREFIX_PATH=${CMAKE_PREFIX_PATH}:/opt/ros/foxy /usr/bin/cmake --build /home/avees/coordinator_node/build/coordinator -- -j6 -l6
[0.308s] [35m[1mScanning dependencies of target coordinator_node[0m
[0.433s] [  3%] [32mBuilding CXX object CMakeFiles/coordinator_node.dir/src/coordinator.cpp.o[0m
[7.706s] [01m[K/home/avees/coordinator_node/src/coordinator/src/coordinator.cpp:[m[K In lambda function:
[7.707s] [01m[K/home/avees/coordinator_node/src/coordinator/src/coordinator.cpp:55:44:[m[K [01;31m[Kerror: [m[Krequest for member ‘[01m[Kstore[m[K’ in ‘[01m[Kcurrent_frame_[m[K’, which is of non-class type ‘[01m[Kuint64_t[m[K’ {aka ‘[01m[Klong unsigned int[m[K’}
[7.707s]    55 |                             current_frame_.[01;31m[Kstore[m[K(new_frame_, std::memory_order_relaxed);
[7.707s]       |                                            [01;31m[K^~~~~[m[K
[7.774s] [01m[K/home/avees/coordinator_node/src/coordinator/src/coordinator.cpp:[m[K In member function ‘[01m[Kvoid Coordinator::split_scheduling(const std::vector<int>&, uint64_t)[m[K’:
[7.774s] [01m[K/home/avees/coordinator_node/src/coordinator/src/coordinator.cpp:278:26:[m[K [01;35m[Kwarning: [m[Knarrowing conversion of ‘[01m[Kframe_time[m[K’ from ‘[01m[Kuint64_t[m[K’ {aka ‘[01m[Klong unsigned int[m[K’} to ‘[01m[Klong int[m[K’ [[01;35m[K-Wnarrowing[m[K]
[7.774s]   278 |             roi_.data = {[01;35m[Kframe_time[m[K, x_offset, y_offset, w_offset, h_offset};
[7.775s]       |                          [01;35m[K^~~~~~~~~~[m[K
[7.775s] [01m[K/home/avees/coordinator_node/src/coordinator/src/coordinator.cpp:278:26:[m[K [01;35m[Kwarning: [m[Knarrowing conversion of ‘[01m[Kframe_time[m[K’ from ‘[01m[Kuint64_t[m[K’ {aka ‘[01m[Klong unsigned int[m[K’} to ‘[01m[Klong int[m[K’ [[01;35m[K-Wnarrowing[m[K]
[7.779s] [01m[K/home/avees/coordinator_node/src/coordinator/src/coordinator.cpp:282:66:[m[K [01;35m[Kwarning: [m[Knarrowing conversion of ‘[01m[Kframe_time[m[K’ from ‘[01m[Kuint64_t[m[K’ {aka ‘[01m[Klong unsigned int[m[K’} to ‘[01m[Klong int[m[K’ [[01;35m[K-Wnarrowing[m[K]
[7.779s]   282 |             total_roi_msg.data.insert(total_roi_msg.data.end(), {[01;35m[Kframe_time[m[K, x_offset, y_offset, w_offset, h_offset});
[7.779s]       |                                                                  [01;35m[K^~~~~~~~~~[m[K
[7.780s] [01m[K/home/avees/coordinator_node/src/coordinator/src/coordinator.cpp:282:66:[m[K [01;35m[Kwarning: [m[Knarrowing conversion of ‘[01m[Kframe_time[m[K’ from ‘[01m[Kuint64_t[m[K’ {aka ‘[01m[Klong unsigned int[m[K’} to ‘[01m[Klong int[m[K’ [[01;35m[K-Wnarrowing[m[K]
[14.684s] make[2]: *** [CMakeFiles/coordinator_node.dir/build.make:76: CMakeFiles/coordinator_node.dir/src/coordinator.cpp.o] Error 1
[14.685s] make[1]: *** [CMakeFiles/Makefile2:78: CMakeFiles/coordinator_node.dir/all] Error 2
[14.685s] make: *** [Makefile:141: all] Error 2
[14.693s] Invoked command in '/home/avees/coordinator_node/build/coordinator' returned '2': CMAKE_PREFIX_PATH=${CMAKE_PREFIX_PATH}:/opt/ros/foxy /usr/bin/cmake --build /home/avees/coordinator_node/build/coordinator -- -j6 -l6
