[35m[1mScanning dependencies of target coordinator_node[0m
[  6%] [32mBuilding CXX object CMakeFiles/coordinator_node.dir/src/coordinator.cpp.o[0m
[  6%] [32mBuilding CXX object CMakeFiles/coordinator_node.dir/src/main.cpp.o[0m
In file included from [01m[K/home/avees/coordinator/src/main.cpp:2[m[K:
[01m[K/home/avees/coordinator/include/coordinator/coordinator.hpp:61:24:[m[K [01;35m[Kwarning: [m[Kconverting to ‘[01m[Krclcpp::Time[m[K’ from initializer list would use explicit constructor ‘[01m[Krclcpp::Time::Time(int64_t, rcl_clock_type_t)[m[K’
   61 |         {1, NodeStatus{[01;35m[K}[m[K},
      |                        [01;35m[K^[m[K
[01m[K/home/avees/coordinator/include/coordinator/coordinator.hpp:61:24:[m[K [01;36m[Knote: [m[Kin C++11 and above a default constructor can be explicit
[01m[K/home/avees/coordinator/include/coordinator/coordinator.hpp:62:24:[m[K [01;35m[Kwarning: [m[Kconverting to ‘[01m[Krclcpp::Time[m[K’ from initializer list would use explicit constructor ‘[01m[Krclcpp::Time::Time(int64_t, rcl_clock_type_t)[m[K’
   62 |         {2, NodeStatus{[01;35m[K}[m[K},
      |                        [01;35m[K^[m[K
[01m[K/home/avees/coordinator/include/coordinator/coordinator.hpp:62:24:[m[K [01;36m[Knote: [m[Kin C++11 and above a default constructor can be explicit
[01m[K/home/avees/coordinator/include/coordinator/coordinator.hpp:63:24:[m[K [01;35m[Kwarning: [m[Kconverting to ‘[01m[Krclcpp::Time[m[K’ from initializer list would use explicit constructor ‘[01m[Krclcpp::Time::Time(int64_t, rcl_clock_type_t)[m[K’
   63 |         {3, NodeStatus{[01;35m[K}[m[K},
      |                        [01;35m[K^[m[K
[01m[K/home/avees/coordinator/include/coordinator/coordinator.hpp:63:24:[m[K [01;36m[Knote: [m[Kin C++11 and above a default constructor can be explicit
[01m[K/home/avees/coordinator/include/coordinator/coordinator.hpp:64:24:[m[K [01;35m[Kwarning: [m[Kconverting to ‘[01m[Krclcpp::Time[m[K’ from initializer list would use explicit constructor ‘[01m[Krclcpp::Time::Time(int64_t, rcl_clock_type_t)[m[K’
   64 |         {4, NodeStatus{[01;35m[K}[m[K},
      |                        [01;35m[K^[m[K
[01m[K/home/avees/coordinator/include/coordinator/coordinator.hpp:64:24:[m[K [01;36m[Knote: [m[Kin C++11 and above a default constructor can be explicit
[01m[K/home/avees/coordinator/include/coordinator/coordinator.hpp:65:24:[m[K [01;35m[Kwarning: [m[Kconverting to ‘[01m[Krclcpp::Time[m[K’ from initializer list would use explicit constructor ‘[01m[Krclcpp::Time::Time(int64_t, rcl_clock_type_t)[m[K’
   65 |         {5, NodeStatus{[01;35m[K}[m[K}
      |                        [01;35m[K^[m[K
[01m[K/home/avees/coordinator/include/coordinator/coordinator.hpp:65:24:[m[K [01;36m[Knote: [m[Kin C++11 and above a default constructor can be explicit
In file included from [01m[K/home/avees/coordinator/src/coordinator.cpp:1[m[K:
[01m[K/home/avees/coordinator/include/coordinator/coordinator.hpp:61:24:[m[K [01;35m[Kwarning: [m[Kconverting to ‘[01m[Krclcpp::Time[m[K’ from initializer list would use explicit constructor ‘[01m[Krclcpp::Time::Time(int64_t, rcl_clock_type_t)[m[K’
   61 |         {1, NodeStatus{[01;35m[K}[m[K},
      |                        [01;35m[K^[m[K
[01m[K/home/avees/coordinator/include/coordinator/coordinator.hpp:61:24:[m[K [01;36m[Knote: [m[Kin C++11 and above a default constructor can be explicit
[01m[K/home/avees/coordinator/include/coordinator/coordinator.hpp:62:24:[m[K [01;35m[Kwarning: [m[Kconverting to ‘[01m[Krclcpp::Time[m[K’ from initializer list would use explicit constructor ‘[01m[Krclcpp::Time::Time(int64_t, rcl_clock_type_t)[m[K’
   62 |         {2, NodeStatus{[01;35m[K}[m[K},
      |                        [01;35m[K^[m[K
[01m[K/home/avees/coordinator/include/coordinator/coordinator.hpp:62:24:[m[K [01;36m[Knote: [m[Kin C++11 and above a default constructor can be explicit
[01m[K/home/avees/coordinator/include/coordinator/coordinator.hpp:63:24:[m[K [01;35m[Kwarning: [m[Kconverting to ‘[01m[Krclcpp::Time[m[K’ from initializer list would use explicit constructor ‘[01m[Krclcpp::Time::Time(int64_t, rcl_clock_type_t)[m[K’
   63 |         {3, NodeStatus{[01;35m[K}[m[K},
      |                        [01;35m[K^[m[K
[01m[K/home/avees/coordinator/include/coordinator/coordinator.hpp:63:24:[m[K [01;36m[Knote: [m[Kin C++11 and above a default constructor can be explicit
[01m[K/home/avees/coordinator/include/coordinator/coordinator.hpp:64:24:[m[K [01;35m[Kwarning: [m[Kconverting to ‘[01m[Krclcpp::Time[m[K’ from initializer list would use explicit constructor ‘[01m[Krclcpp::Time::Time(int64_t, rcl_clock_type_t)[m[K’
   64 |         {4, NodeStatus{[01;35m[K}[m[K},
      |                        [01;35m[K^[m[K
[01m[K/home/avees/coordinator/include/coordinator/coordinator.hpp:64:24:[m[K [01;36m[Knote: [m[Kin C++11 and above a default constructor can be explicit
[01m[K/home/avees/coordinator/include/coordinator/coordinator.hpp:65:24:[m[K [01;35m[Kwarning: [m[Kconverting to ‘[01m[Krclcpp::Time[m[K’ from initializer list would use explicit constructor ‘[01m[Krclcpp::Time::Time(int64_t, rcl_clock_type_t)[m[K’
   65 |         {5, NodeStatus{[01;35m[K}[m[K}
      |                        [01;35m[K^[m[K
[01m[K/home/avees/coordinator/include/coordinator/coordinator.hpp:65:24:[m[K [01;36m[Knote: [m[Kin C++11 and above a default constructor can be explicit
[  9%] [32m[1mLinking CXX executable coordinator_node[0m
[100%] Built target coordinator_node
-- Install configuration: ""
-- Installing: /home/avees/coordinator/install/coordinator/lib/coordinator/coordinator_node
-- Set runtime path of "/home/avees/coordinator/install/coordinator/lib/coordinator/coordinator_node" to ""
-- Up-to-date: /home/avees/coordinator/install/coordinator/share/coordinator/launch
-- Up-to-date: /home/avees/coordinator/install/coordinator/share/coordinator/launch/coordinator_launch.py
-- Up-to-date: /home/avees/coordinator/install/coordinator/share/coordinator/config
-- Up-to-date: /home/avees/coordinator/install/coordinator/share/coordinator/config/params.yaml
-- Up-to-date: /home/avees/coordinator/install/coordinator/share/ament_index/resource_index/package_run_dependencies/coordinator
-- Up-to-date: /home/avees/coordinator/install/coordinator/share/ament_index/resource_index/parent_prefix_path/coordinator
-- Up-to-date: /home/avees/coordinator/install/coordinator/share/coordinator/environment/ament_prefix_path.sh
-- Up-to-date: /home/avees/coordinator/install/coordinator/share/coordinator/environment/ament_prefix_path.dsv
-- Up-to-date: /home/avees/coordinator/install/coordinator/share/coordinator/environment/path.sh
-- Up-to-date: /home/avees/coordinator/install/coordinator/share/coordinator/environment/path.dsv
-- Up-to-date: /home/avees/coordinator/install/coordinator/share/coordinator/local_setup.bash
-- Up-to-date: /home/avees/coordinator/install/coordinator/share/coordinator/local_setup.sh
-- Up-to-date: /home/avees/coordinator/install/coordinator/share/coordinator/local_setup.zsh
-- Up-to-date: /home/avees/coordinator/install/coordinator/share/coordinator/local_setup.dsv
-- Installing: /home/avees/coordinator/install/coordinator/share/coordinator/package.dsv
-- Up-to-date: /home/avees/coordinator/install/coordinator/share/ament_index/resource_index/packages/coordinator
-- Up-to-date: /home/avees/coordinator/install/coordinator/share/coordinator/cmake/coordinatorConfig.cmake
-- Up-to-date: /home/avees/coordinator/install/coordinator/share/coordinator/cmake/coordinatorConfig-version.cmake
-- Up-to-date: /home/avees/coordinator/install/coordinator/share/coordinator/package.xml
