[0.027s] Invoking command in '/home/avees/coordinator/build/coordinator': CMAKE_PREFIX_PATH=${CMAKE_PREFIX_PATH}:/opt/ros/foxy /usr/bin/cmake --build /home/avees/coordinator/build/coordinator -- -j6 -l6
[0.161s] [35m[1mScanning dependencies of target coordinator_node[0m
[0.257s] [  6%] [32mBuilding CXX object CMakeFiles/coordinator_node.dir/src/coordinator.cpp.o[0m
[0.258s] [  6%] [32mBuilding CXX object CMakeFiles/coordinator_node.dir/src/main.cpp.o[0m
[4.588s] In file included from [01m[K/home/avees/coordinator/src/main.cpp:2[m[K:
[4.589s] [01m[K/home/avees/coordinator/include/coordinator/coordinator.hpp:61:24:[m[K [01;35m[Kwarning: [m[Kconverting to ‘[01m[Krclcpp::Time[m[K’ from initializer list would use explicit constructor ‘[01m[Krclcpp::Time::Time(int64_t, rcl_clock_type_t)[m[K’
[4.589s]    61 |         {1, NodeStatus{[01;35m[K}[m[K},
[4.589s]       |                        [01;35m[K^[m[K
[4.589s] [01m[K/home/avees/coordinator/include/coordinator/coordinator.hpp:61:24:[m[K [01;36m[Knote: [m[Kin C++11 and above a default constructor can be explicit
[4.589s] [01m[K/home/avees/coordinator/include/coordinator/coordinator.hpp:62:24:[m[K [01;35m[Kwarning: [m[Kconverting to ‘[01m[Krclcpp::Time[m[K’ from initializer list would use explicit constructor ‘[01m[Krclcpp::Time::Time(int64_t, rcl_clock_type_t)[m[K’
[4.590s]    62 |         {2, NodeStatus{[01;35m[K}[m[K},
[4.590s]       |                        [01;35m[K^[m[K
[4.590s] [01m[K/home/avees/coordinator/include/coordinator/coordinator.hpp:62:24:[m[K [01;36m[Knote: [m[Kin C++11 and above a default constructor can be explicit
[4.590s] [01m[K/home/avees/coordinator/include/coordinator/coordinator.hpp:63:24:[m[K [01;35m[Kwarning: [m[Kconverting to ‘[01m[Krclcpp::Time[m[K’ from initializer list would use explicit constructor ‘[01m[Krclcpp::Time::Time(int64_t, rcl_clock_type_t)[m[K’
[4.590s]    63 |         {3, NodeStatus{[01;35m[K}[m[K},
[4.590s]       |                        [01;35m[K^[m[K
[4.590s] [01m[K/home/avees/coordinator/include/coordinator/coordinator.hpp:63:24:[m[K [01;36m[Knote: [m[Kin C++11 and above a default constructor can be explicit
[4.591s] [01m[K/home/avees/coordinator/include/coordinator/coordinator.hpp:64:24:[m[K [01;35m[Kwarning: [m[Kconverting to ‘[01m[Krclcpp::Time[m[K’ from initializer list would use explicit constructor ‘[01m[Krclcpp::Time::Time(int64_t, rcl_clock_type_t)[m[K’
[4.591s]    64 |         {4, NodeStatus{[01;35m[K}[m[K},
[4.591s]       |                        [01;35m[K^[m[K
[4.591s] [01m[K/home/avees/coordinator/include/coordinator/coordinator.hpp:64:24:[m[K [01;36m[Knote: [m[Kin C++11 and above a default constructor can be explicit
[4.591s] [01m[K/home/avees/coordinator/include/coordinator/coordinator.hpp:65:24:[m[K [01;35m[Kwarning: [m[Kconverting to ‘[01m[Krclcpp::Time[m[K’ from initializer list would use explicit constructor ‘[01m[Krclcpp::Time::Time(int64_t, rcl_clock_type_t)[m[K’
[4.591s]    65 |         {5, NodeStatus{[01;35m[K}[m[K}
[4.591s]       |                        [01;35m[K^[m[K
[4.591s] [01m[K/home/avees/coordinator/include/coordinator/coordinator.hpp:65:24:[m[K [01;36m[Knote: [m[Kin C++11 and above a default constructor can be explicit
[4.716s] In file included from [01m[K/home/avees/coordinator/src/coordinator.cpp:1[m[K:
[4.717s] [01m[K/home/avees/coordinator/include/coordinator/coordinator.hpp:61:24:[m[K [01;35m[Kwarning: [m[Kconverting to ‘[01m[Krclcpp::Time[m[K’ from initializer list would use explicit constructor ‘[01m[Krclcpp::Time::Time(int64_t, rcl_clock_type_t)[m[K’
[4.717s]    61 |         {1, NodeStatus{[01;35m[K}[m[K},
[4.717s]       |                        [01;35m[K^[m[K
[4.717s] [01m[K/home/avees/coordinator/include/coordinator/coordinator.hpp:61:24:[m[K [01;36m[Knote: [m[Kin C++11 and above a default constructor can be explicit
[4.717s] [01m[K/home/avees/coordinator/include/coordinator/coordinator.hpp:62:24:[m[K [01;35m[Kwarning: [m[Kconverting to ‘[01m[Krclcpp::Time[m[K’ from initializer list would use explicit constructor ‘[01m[Krclcpp::Time::Time(int64_t, rcl_clock_type_t)[m[K’
[4.717s]    62 |         {2, NodeStatus{[01;35m[K}[m[K},
[4.718s]       |                        [01;35m[K^[m[K
[4.718s] [01m[K/home/avees/coordinator/include/coordinator/coordinator.hpp:62:24:[m[K [01;36m[Knote: [m[Kin C++11 and above a default constructor can be explicit
[4.718s] [01m[K/home/avees/coordinator/include/coordinator/coordinator.hpp:63:24:[m[K [01;35m[Kwarning: [m[Kconverting to ‘[01m[Krclcpp::Time[m[K’ from initializer list would use explicit constructor ‘[01m[Krclcpp::Time::Time(int64_t, rcl_clock_type_t)[m[K’
[4.718s]    63 |         {3, NodeStatus{[01;35m[K}[m[K},
[4.718s]       |                        [01;35m[K^[m[K
[4.718s] [01m[K/home/avees/coordinator/include/coordinator/coordinator.hpp:63:24:[m[K [01;36m[Knote: [m[Kin C++11 and above a default constructor can be explicit
[4.718s] [01m[K/home/avees/coordinator/include/coordinator/coordinator.hpp:64:24:[m[K [01;35m[Kwarning: [m[Kconverting to ‘[01m[Krclcpp::Time[m[K’ from initializer list would use explicit constructor ‘[01m[Krclcpp::Time::Time(int64_t, rcl_clock_type_t)[m[K’
[4.719s]    64 |         {4, NodeStatus{[01;35m[K}[m[K},
[4.719s]       |                        [01;35m[K^[m[K
[4.719s] [01m[K/home/avees/coordinator/include/coordinator/coordinator.hpp:64:24:[m[K [01;36m[Knote: [m[Kin C++11 and above a default constructor can be explicit
[4.719s] [01m[K/home/avees/coordinator/include/coordinator/coordinator.hpp:65:24:[m[K [01;35m[Kwarning: [m[Kconverting to ‘[01m[Krclcpp::Time[m[K’ from initializer list would use explicit constructor ‘[01m[Krclcpp::Time::Time(int64_t, rcl_clock_type_t)[m[K’
[4.719s]    65 |         {5, NodeStatus{[01;35m[K}[m[K}
[4.719s]       |                        [01;35m[K^[m[K
[4.719s] [01m[K/home/avees/coordinator/include/coordinator/coordinator.hpp:65:24:[m[K [01;36m[Knote: [m[Kin C++11 and above a default constructor can be explicit
[15.407s] [  9%] [32m[1mLinking CXX executable coordinator_node[0m
[16.683s] [100%] Built target coordinator_node
[16.712s] Invoked command in '/home/avees/coordinator/build/coordinator' returned '0': CMAKE_PREFIX_PATH=${CMAKE_PREFIX_PATH}:/opt/ros/foxy /usr/bin/cmake --build /home/avees/coordinator/build/coordinator -- -j6 -l6
[16.746s] Invoking command in '/home/avees/coordinator/build/coordinator': CMAKE_PREFIX_PATH=${CMAKE_PREFIX_PATH}:/opt/ros/foxy /usr/bin/cmake --install /home/avees/coordinator/build/coordinator
[16.765s] -- Install configuration: ""
[16.765s] -- Installing: /home/avees/coordinator/install/coordinator/lib/coordinator/coordinator_node
[16.775s] -- Set runtime path of "/home/avees/coordinator/install/coordinator/lib/coordinator/coordinator_node" to ""
[16.776s] -- Up-to-date: /home/avees/coordinator/install/coordinator/share/coordinator/launch
[16.776s] -- Up-to-date: /home/avees/coordinator/install/coordinator/share/coordinator/launch/coordinator_launch.py
[16.777s] -- Up-to-date: /home/avees/coordinator/install/coordinator/share/coordinator/config
[16.777s] -- Up-to-date: /home/avees/coordinator/install/coordinator/share/coordinator/config/params.yaml
[16.778s] -- Up-to-date: /home/avees/coordinator/install/coordinator/share/ament_index/resource_index/package_run_dependencies/coordinator
[16.778s] -- Up-to-date: /home/avees/coordinator/install/coordinator/share/ament_index/resource_index/parent_prefix_path/coordinator
[16.779s] -- Up-to-date: /home/avees/coordinator/install/coordinator/share/coordinator/environment/ament_prefix_path.sh
[16.779s] -- Up-to-date: /home/avees/coordinator/install/coordinator/share/coordinator/environment/ament_prefix_path.dsv
[16.779s] -- Up-to-date: /home/avees/coordinator/install/coordinator/share/coordinator/environment/path.sh
[16.779s] -- Up-to-date: /home/avees/coordinator/install/coordinator/share/coordinator/environment/path.dsv
[16.780s] -- Up-to-date: /home/avees/coordinator/install/coordinator/share/coordinator/local_setup.bash
[16.780s] -- Up-to-date: /home/avees/coordinator/install/coordinator/share/coordinator/local_setup.sh
[16.780s] -- Up-to-date: /home/avees/coordinator/install/coordinator/share/coordinator/local_setup.zsh
[16.780s] -- Up-to-date: /home/avees/coordinator/install/coordinator/share/coordinator/local_setup.dsv
[16.781s] -- Installing: /home/avees/coordinator/install/coordinator/share/coordinator/package.dsv
[16.781s] -- Up-to-date: /home/avees/coordinator/install/coordinator/share/ament_index/resource_index/packages/coordinator
[16.781s] -- Up-to-date: /home/avees/coordinator/install/coordinator/share/coordinator/cmake/coordinatorConfig.cmake
[16.781s] -- Up-to-date: /home/avees/coordinator/install/coordinator/share/coordinator/cmake/coordinatorConfig-version.cmake
[16.782s] -- Up-to-date: /home/avees/coordinator/install/coordinator/share/coordinator/package.xml
[16.785s] Invoked command in '/home/avees/coordinator/build/coordinator' returned '0': CMAKE_PREFIX_PATH=${CMAKE_PREFIX_PATH}:/opt/ros/foxy /usr/bin/cmake --install /home/avees/coordinator/build/coordinator
