[0.395s] DEBUG:colcon:Command line arguments: ['/usr/bin/colcon', 'build']
[0.395s] DEBUG:colcon:Parsed command line arguments: Namespace(allow_overriding=[], ament_cmake_args=None, base_paths=['.'], build_base='build', catkin_cmake_args=None, catkin_skip_building_tests=False, cmake_args=None, cmake_clean_cache=False, cmake_clean_first=False, cmake_force_configure=False, cmake_target=None, cmake_target_skip_unavailable=False, continue_on_error=False, event_handlers=None, executor='parallel', ignore_user_meta=False, install_base='install', log_base=None, log_level=None, main=<bound method BuildVerb.main of <colcon_core.verb.build.BuildVerb object at 0xffff891a6850>>, merge_install=False, metas=['./colcon.meta'], mixin=None, mixin_files=None, mixin_verb=('build',), packages_above=None, packages_above_and_dependencies=None, packages_above_depth=None, packages_end=None, packages_ignore=None, packages_ignore_regex=None, packages_select=None, packages_select_build_failed=False, packages_select_by_dep=None, packages_select_regex=None, packages_select_test_failures=False, packages_skip=None, packages_skip_build_finished=False, packages_skip_by_dep=None, packages_skip_regex=None, packages_skip_test_passed=False, packages_skip_up_to=None, packages_start=None, packages_up_to=None, packages_up_to_regex=None, parallel_workers=6, paths=None, symlink_install=False, test_result_base=None, verb_extension=<colcon_core.verb.build.BuildVerb object at 0xffff891a6850>, verb_name='build', verb_parser=<colcon_mixin.mixin.mixin_argument.MixinArgumentDecorator object at 0xffff891b3100>)
[0.702s] Level 1:colcon.colcon_core.package_discovery:discover_packages(colcon_meta) check parameters
[0.702s] Level 1:colcon.colcon_core.package_discovery:discover_packages(recursive) check parameters
[0.702s] Level 1:colcon.colcon_core.package_discovery:discover_packages(ignore) check parameters
[0.703s] Level 1:colcon.colcon_core.package_discovery:discover_packages(path) check parameters
[0.703s] Level 1:colcon.colcon_core.package_discovery:discover_packages(colcon_meta) discover
[0.703s] Level 1:colcon.colcon_core.package_discovery:discover_packages(recursive) discover
[0.703s] INFO:colcon.colcon_core.package_discovery:Crawling recursively for packages in '/home/avees/coordinator'
[0.703s] Level 1:colcon.colcon_core.package_identification:_identify(.) by extensions ['ignore', 'ignore_ament_install']
[0.703s] Level 1:colcon.colcon_core.package_identification:_identify(.) by extension 'ignore'
[0.703s] Level 1:colcon.colcon_core.package_identification:_identify(.) by extension 'ignore_ament_install'
[0.704s] Level 1:colcon.colcon_core.package_identification:_identify(.) by extensions ['colcon_pkg']
[0.704s] Level 1:colcon.colcon_core.package_identification:_identify(.) by extension 'colcon_pkg'
[0.704s] Level 1:colcon.colcon_core.package_identification:_identify(.) by extensions ['colcon_meta']
[0.704s] Level 1:colcon.colcon_core.package_identification:_identify(.) by extension 'colcon_meta'
[0.704s] Level 1:colcon.colcon_core.package_identification:_identify(.) by extensions ['ros']
[0.704s] Level 1:colcon.colcon_core.package_identification:_identify(.) by extension 'ros'
[0.732s] DEBUG:colcon.colcon_core.package_identification:Package '.' with type 'ros.ament_cmake' and name 'coordinator'
[0.732s] Level 1:colcon.colcon_core.package_discovery:discover_packages(recursive) using defaults
[0.733s] Level 1:colcon.colcon_core.package_discovery:discover_packages(ignore) discover
[0.733s] Level 1:colcon.colcon_core.package_discovery:discover_packages(ignore) using defaults
[0.733s] Level 1:colcon.colcon_core.package_discovery:discover_packages(path) discover
[0.733s] Level 1:colcon.colcon_core.package_discovery:discover_packages(path) using defaults
[0.763s] Level 1:colcon.colcon_core.package_discovery:discover_packages(prefix_path) check parameters
[0.763s] Level 1:colcon.colcon_core.package_discovery:discover_packages(prefix_path) discover
[0.767s] DEBUG:colcon.colcon_installed_package_information.package_discovery:Found 1 installed packages in /home/avees/coordinator/install
[0.769s] DEBUG:colcon.colcon_installed_package_information.package_discovery:Found 260 installed packages in /opt/ros/foxy
[0.774s] Level 1:colcon.colcon_core.package_discovery:discover_packages(prefix_path) using defaults
[0.918s] Level 5:colcon.colcon_core.verb:set package 'coordinator' build argument 'cmake_args' from command line to 'None'
[0.918s] Level 5:colcon.colcon_core.verb:set package 'coordinator' build argument 'cmake_target' from command line to 'None'
[0.918s] Level 5:colcon.colcon_core.verb:set package 'coordinator' build argument 'cmake_target_skip_unavailable' from command line to 'False'
[0.918s] Level 5:colcon.colcon_core.verb:set package 'coordinator' build argument 'cmake_clean_cache' from command line to 'False'
[0.918s] Level 5:colcon.colcon_core.verb:set package 'coordinator' build argument 'cmake_clean_first' from command line to 'False'
[0.918s] Level 5:colcon.colcon_core.verb:set package 'coordinator' build argument 'cmake_force_configure' from command line to 'False'
[0.918s] Level 5:colcon.colcon_core.verb:set package 'coordinator' build argument 'ament_cmake_args' from command line to 'None'
[0.918s] Level 5:colcon.colcon_core.verb:set package 'coordinator' build argument 'catkin_cmake_args' from command line to 'None'
[0.918s] Level 5:colcon.colcon_core.verb:set package 'coordinator' build argument 'catkin_skip_building_tests' from command line to 'False'
[0.919s] DEBUG:colcon.colcon_core.verb:Building package 'coordinator' with the following arguments: {'ament_cmake_args': None, 'build_base': '/home/avees/coordinator/build/coordinator', 'catkin_cmake_args': None, 'catkin_skip_building_tests': False, 'cmake_args': None, 'cmake_clean_cache': False, 'cmake_clean_first': False, 'cmake_force_configure': False, 'cmake_target': None, 'cmake_target_skip_unavailable': False, 'install_base': '/home/avees/coordinator/install/coordinator', 'merge_install': False, 'path': '/home/avees/coordinator', 'symlink_install': False, 'test_result_base': None}
[0.919s] INFO:colcon.colcon_core.executor:Executing jobs using 'parallel' executor
[0.921s] DEBUG:colcon.colcon_parallel_executor.executor.parallel:run_until_complete
[0.922s] INFO:colcon.colcon_ros.task.ament_cmake.build:Building ROS package in '/home/avees/coordinator' with build type 'ament_cmake'
[0.922s] INFO:colcon.colcon_cmake.task.cmake.build:Building CMake package in '/home/avees/coordinator'
[0.926s] INFO:colcon.colcon_core.plugin_system:Skipping extension 'colcon_core.shell.bat': Not used on non-Windows systems
[0.926s] INFO:colcon.colcon_core.shell:Skip shell extension 'powershell' for command environment: Not usable outside of PowerShell
[0.927s] DEBUG:colcon.colcon_core.shell:Skip shell extension 'dsv' for command environment
[0.948s] DEBUG:colcon.colcon_core.event_handler.log_command:Invoking command in '/home/avees/coordinator/build/coordinator': CMAKE_PREFIX_PATH=${CMAKE_PREFIX_PATH}:/opt/ros/foxy /usr/bin/cmake --build /home/avees/coordinator/build/coordinator -- -j6 -l6
[10.370s] DEBUG:colcon.colcon_core.event_handler.log_command:Invoked command in '/home/avees/coordinator/build/coordinator' returned '2': CMAKE_PREFIX_PATH=${CMAKE_PREFIX_PATH}:/opt/ros/foxy /usr/bin/cmake --build /home/avees/coordinator/build/coordinator -- -j6 -l6
[10.373s] Level 1:colcon.colcon_core.environment:create_environment_scripts_only(coordinator)
[10.380s] Level 1:colcon.colcon_core.environment:checking '/home/avees/coordinator/install/coordinator' for CMake module files
[10.382s] Level 1:colcon.colcon_core.environment:checking '/home/avees/coordinator/install/coordinator' for CMake config files
[10.382s] Level 1:colcon.colcon_core.shell:create_environment_hook('coordinator', 'cmake_prefix_path')
[10.383s] INFO:colcon.colcon_core.shell:Creating environment hook '/home/avees/coordinator/install/coordinator/share/coordinator/hook/cmake_prefix_path.ps1'
[10.385s] INFO:colcon.colcon_core.shell:Creating environment descriptor '/home/avees/coordinator/install/coordinator/share/coordinator/hook/cmake_prefix_path.dsv'
[10.387s] INFO:colcon.colcon_core.shell:Creating environment hook '/home/avees/coordinator/install/coordinator/share/coordinator/hook/cmake_prefix_path.sh'
[10.390s] Level 1:colcon.colcon_core.environment:checking '/home/avees/coordinator/install/coordinator/lib'
[10.391s] Level 1:colcon.colcon_core.environment:checking '/home/avees/coordinator/install/coordinator/bin'
[10.391s] Level 1:colcon.colcon_core.environment:checking '/home/avees/coordinator/install/coordinator/lib/pkgconfig/coordinator.pc'
[10.392s] Level 1:colcon.colcon_core.environment:checking '/home/avees/coordinator/install/coordinator/lib/python3.8/site-packages'
[10.392s] Level 1:colcon.colcon_core.environment:checking '/home/avees/coordinator/install/coordinator/bin'
[10.393s] INFO:colcon.colcon_core.shell:Creating package script '/home/avees/coordinator/install/coordinator/share/coordinator/package.ps1'
[10.396s] INFO:colcon.colcon_core.shell:Creating package descriptor '/home/avees/coordinator/install/coordinator/share/coordinator/package.dsv'
[10.399s] INFO:colcon.colcon_core.shell:Creating package script '/home/avees/coordinator/install/coordinator/share/coordinator/package.sh'
[10.401s] INFO:colcon.colcon_core.shell:Creating package script '/home/avees/coordinator/install/coordinator/share/coordinator/package.bash'
[10.403s] INFO:colcon.colcon_core.shell:Creating package script '/home/avees/coordinator/install/coordinator/share/coordinator/package.zsh'
[10.406s] Level 1:colcon.colcon_core.environment:create_file_with_runtime_dependencies(/home/avees/coordinator/install/coordinator/share/colcon-core/packages/coordinator)
[10.407s] DEBUG:colcon.colcon_parallel_executor.executor.parallel:closing loop
[10.408s] DEBUG:colcon.colcon_parallel_executor.executor.parallel:loop closed
[10.408s] DEBUG:colcon.colcon_parallel_executor.executor.parallel:run_until_complete finished with '2'
[10.408s] DEBUG:colcon.colcon_core.event_reactor:joining thread
[10.429s] INFO:colcon.colcon_core.plugin_system:Skipping extension 'colcon_notification.desktop_notification.terminal_notifier': Not used on non-Darwin systems
[10.430s] INFO:colcon.colcon_core.plugin_system:Skipping extension 'colcon_notification.desktop_notification.win32': Not used on non-Windows systems
[10.430s] INFO:colcon.colcon_notification.desktop_notification:Sending desktop notification using 'notify2'
[10.480s] DEBUG:colcon.colcon_core.event_reactor:joined thread
[10.481s] INFO:colcon.colcon_core.shell:Creating prefix script '/home/avees/coordinator/install/local_setup.ps1'
[10.484s] INFO:colcon.colcon_core.shell:Creating prefix util module '/home/avees/coordinator/install/_local_setup_util_ps1.py'
[10.488s] INFO:colcon.colcon_core.shell:Creating prefix chain script '/home/avees/coordinator/install/setup.ps1'
[10.490s] INFO:colcon.colcon_core.shell:Creating prefix script '/home/avees/coordinator/install/local_setup.sh'
[10.492s] INFO:colcon.colcon_core.shell:Creating prefix util module '/home/avees/coordinator/install/_local_setup_util_sh.py'
[10.494s] INFO:colcon.colcon_core.shell:Creating prefix chain script '/home/avees/coordinator/install/setup.sh'
[10.496s] INFO:colcon.colcon_core.shell:Creating prefix script '/home/avees/coordinator/install/local_setup.bash'
[10.499s] INFO:colcon.colcon_core.shell:Creating prefix chain script '/home/avees/coordinator/install/setup.bash'
[10.501s] INFO:colcon.colcon_core.shell:Creating prefix script '/home/avees/coordinator/install/local_setup.zsh'
[10.503s] INFO:colcon.colcon_core.shell:Creating prefix chain script '/home/avees/coordinator/install/setup.zsh'
