[0.606s] DEBUG:colcon:Command line arguments: ['/usr/bin/colcon', 'build']
[0.607s] DEBUG:colcon:Parsed command line arguments: Namespace(allow_overriding=[], ament_cmake_args=None, base_paths=['.'], build_base='build', catkin_cmake_args=None, catkin_skip_building_tests=False, cmake_args=None, cmake_clean_cache=False, cmake_clean_first=False, cmake_force_configure=False, cmake_target=None, cmake_target_skip_unavailable=False, continue_on_error=False, event_handlers=None, executor='parallel', ignore_user_meta=False, install_base='install', log_base=None, log_level=None, main=<bound method BuildVerb.main of <colcon_core.verb.build.BuildVerb object at 0xffffab94e9d0>>, merge_install=False, metas=['./colcon.meta'], mixin=None, mixin_files=None, mixin_verb=('build',), packages_above=None, packages_above_and_dependencies=None, packages_above_depth=None, packages_end=None, packages_ignore=None, packages_ignore_regex=None, packages_select=None, packages_select_build_failed=False, packages_select_by_dep=None, packages_select_regex=None, packages_select_test_failures=False, packages_skip=None, packages_skip_build_finished=False, packages_skip_by_dep=None, packages_skip_regex=None, packages_skip_test_passed=False, packages_skip_up_to=None, packages_start=None, packages_up_to=None, packages_up_to_regex=None, parallel_workers=6, paths=None, symlink_install=False, test_result_base=None, verb_extension=<colcon_core.verb.build.BuildVerb object at 0xffffab94e9d0>, verb_name='build', verb_parser=<colcon_mixin.mixin.mixin_argument.MixinArgumentDecorator object at 0xffffab95b280>)
[0.947s] Level 1:colcon.colcon_core.package_discovery:discover_packages(colcon_meta) check parameters
[0.947s] Level 1:colcon.colcon_core.package_discovery:discover_packages(recursive) check parameters
[0.947s] Level 1:colcon.colcon_core.package_discovery:discover_packages(ignore) check parameters
[0.947s] Level 1:colcon.colcon_core.package_discovery:discover_packages(path) check parameters
[0.948s] Level 1:colcon.colcon_core.package_discovery:discover_packages(colcon_meta) discover
[0.948s] Level 1:colcon.colcon_core.package_discovery:discover_packages(recursive) discover
[0.948s] INFO:colcon.colcon_core.package_discovery:Crawling recursively for packages in '/home/avees/coordinator'
[0.948s] Level 1:colcon.colcon_core.package_identification:_identify(.) by extensions ['ignore', 'ignore_ament_install']
[0.948s] Level 1:colcon.colcon_core.package_identification:_identify(.) by extension 'ignore'
[0.948s] Level 1:colcon.colcon_core.package_identification:_identify(.) by extension 'ignore_ament_install'
[0.949s] Level 1:colcon.colcon_core.package_identification:_identify(.) by extensions ['colcon_pkg']
[0.949s] Level 1:colcon.colcon_core.package_identification:_identify(.) by extension 'colcon_pkg'
[0.949s] Level 1:colcon.colcon_core.package_identification:_identify(.) by extensions ['colcon_meta']
[0.949s] Level 1:colcon.colcon_core.package_identification:_identify(.) by extension 'colcon_meta'
[0.949s] Level 1:colcon.colcon_core.package_identification:_identify(.) by extensions ['ros']
[0.949s] Level 1:colcon.colcon_core.package_identification:_identify(.) by extension 'ros'
[0.981s] DEBUG:colcon.colcon_core.package_identification:Package '.' with type 'ros.ament_cmake' and name 'coordinator'
[0.981s] Level 1:colcon.colcon_core.package_discovery:discover_packages(recursive) using defaults
[0.981s] Level 1:colcon.colcon_core.package_discovery:discover_packages(ignore) discover
[0.981s] Level 1:colcon.colcon_core.package_discovery:discover_packages(ignore) using defaults
[0.981s] Level 1:colcon.colcon_core.package_discovery:discover_packages(path) discover
[0.981s] Level 1:colcon.colcon_core.package_discovery:discover_packages(path) using defaults
[1.019s] Level 1:colcon.colcon_core.package_discovery:discover_packages(prefix_path) check parameters
[1.019s] Level 1:colcon.colcon_core.package_discovery:discover_packages(prefix_path) discover
[1.025s] DEBUG:colcon.colcon_installed_package_information.package_discovery:Found 260 installed packages in /opt/ros/foxy
[1.030s] Level 1:colcon.colcon_core.package_discovery:discover_packages(prefix_path) using defaults
[1.188s] Level 5:colcon.colcon_core.verb:set package 'coordinator' build argument 'cmake_args' from command line to 'None'
[1.188s] Level 5:colcon.colcon_core.verb:set package 'coordinator' build argument 'cmake_target' from command line to 'None'
[1.188s] Level 5:colcon.colcon_core.verb:set package 'coordinator' build argument 'cmake_target_skip_unavailable' from command line to 'False'
[1.188s] Level 5:colcon.colcon_core.verb:set package 'coordinator' build argument 'cmake_clean_cache' from command line to 'False'
[1.188s] Level 5:colcon.colcon_core.verb:set package 'coordinator' build argument 'cmake_clean_first' from command line to 'False'
[1.188s] Level 5:colcon.colcon_core.verb:set package 'coordinator' build argument 'cmake_force_configure' from command line to 'False'
[1.188s] Level 5:colcon.colcon_core.verb:set package 'coordinator' build argument 'ament_cmake_args' from command line to 'None'
[1.188s] Level 5:colcon.colcon_core.verb:set package 'coordinator' build argument 'catkin_cmake_args' from command line to 'None'
[1.188s] Level 5:colcon.colcon_core.verb:set package 'coordinator' build argument 'catkin_skip_building_tests' from command line to 'False'
[1.188s] DEBUG:colcon.colcon_core.verb:Building package 'coordinator' with the following arguments: {'ament_cmake_args': None, 'build_base': '/home/avees/coordinator/build/coordinator', 'catkin_cmake_args': None, 'catkin_skip_building_tests': False, 'cmake_args': None, 'cmake_clean_cache': False, 'cmake_clean_first': False, 'cmake_force_configure': False, 'cmake_target': None, 'cmake_target_skip_unavailable': False, 'install_base': '/home/avees/coordinator/install/coordinator', 'merge_install': False, 'path': '/home/avees/coordinator', 'symlink_install': False, 'test_result_base': None}
[1.189s] INFO:colcon.colcon_core.executor:Executing jobs using 'parallel' executor
[1.191s] DEBUG:colcon.colcon_parallel_executor.executor.parallel:run_until_complete
[1.192s] INFO:colcon.colcon_ros.task.ament_cmake.build:Building ROS package in '/home/avees/coordinator' with build type 'ament_cmake'
[1.192s] INFO:colcon.colcon_cmake.task.cmake.build:Building CMake package in '/home/avees/coordinator'
[1.199s] INFO:colcon.colcon_core.plugin_system:Skipping extension 'colcon_core.shell.bat': Not used on non-Windows systems
[1.200s] INFO:colcon.colcon_core.shell:Skip shell extension 'powershell' for command environment: Not usable outside of PowerShell
[1.200s] DEBUG:colcon.colcon_core.shell:Skip shell extension 'dsv' for command environment
[1.222s] DEBUG:colcon.colcon_core.event_handler.log_command:Invoking command in '/home/avees/coordinator/build/coordinator': CMAKE_PREFIX_PATH=/opt/ros/foxy /usr/bin/cmake --build /home/avees/coordinator/build/coordinator -- -j6 -l6
[1.986s] DEBUG:colcon.colcon_core.event_handler.log_command:Invoked command in '/home/avees/coordinator/build/coordinator' returned '2': CMAKE_PREFIX_PATH=/opt/ros/foxy /usr/bin/cmake --build /home/avees/coordinator/build/coordinator -- -j6 -l6
[1.989s] Level 1:colcon.colcon_core.environment:create_environment_scripts_only(coordinator)
[1.998s] Level 1:colcon.colcon_core.environment:checking '/home/avees/coordinator/install/coordinator' for CMake module files
[1.999s] Level 1:colcon.colcon_core.environment:checking '/home/avees/coordinator/install/coordinator' for CMake config files
[2.000s] Level 1:colcon.colcon_core.shell:create_environment_hook('coordinator', 'cmake_prefix_path')
[2.001s] INFO:colcon.colcon_core.shell:Creating environment hook '/home/avees/coordinator/install/coordinator/share/coordinator/hook/cmake_prefix_path.ps1'
[2.003s] INFO:colcon.colcon_core.shell:Creating environment descriptor '/home/avees/coordinator/install/coordinator/share/coordinator/hook/cmake_prefix_path.dsv'
[2.005s] INFO:colcon.colcon_core.shell:Creating environment hook '/home/avees/coordinator/install/coordinator/share/coordinator/hook/cmake_prefix_path.sh'
[2.008s] Level 1:colcon.colcon_core.environment:checking '/home/avees/coordinator/install/coordinator/lib'
[2.009s] Level 1:colcon.colcon_core.environment:checking '/home/avees/coordinator/install/coordinator/bin'
[2.009s] Level 1:colcon.colcon_core.environment:checking '/home/avees/coordinator/install/coordinator/lib/pkgconfig/coordinator.pc'
[2.010s] Level 1:colcon.colcon_core.environment:checking '/home/avees/coordinator/install/coordinator/lib/python3.8/site-packages'
[2.011s] Level 1:colcon.colcon_core.environment:checking '/home/avees/coordinator/install/coordinator/bin'
[2.012s] INFO:colcon.colcon_core.shell:Creating package script '/home/avees/coordinator/install/coordinator/share/coordinator/package.ps1'
[2.015s] INFO:colcon.colcon_core.shell:Creating package descriptor '/home/avees/coordinator/install/coordinator/share/coordinator/package.dsv'
[2.017s] INFO:colcon.colcon_core.shell:Creating package script '/home/avees/coordinator/install/coordinator/share/coordinator/package.sh'
[2.019s] INFO:colcon.colcon_core.shell:Creating package script '/home/avees/coordinator/install/coordinator/share/coordinator/package.bash'
[2.022s] INFO:colcon.colcon_core.shell:Creating package script '/home/avees/coordinator/install/coordinator/share/coordinator/package.zsh'
[2.024s] Level 1:colcon.colcon_core.environment:create_file_with_runtime_dependencies(/home/avees/coordinator/install/coordinator/share/colcon-core/packages/coordinator)
[2.036s] DEBUG:colcon.colcon_parallel_executor.executor.parallel:closing loop
[2.036s] DEBUG:colcon.colcon_parallel_executor.executor.parallel:loop closed
[2.036s] DEBUG:colcon.colcon_parallel_executor.executor.parallel:run_until_complete finished with '2'
[2.036s] DEBUG:colcon.colcon_core.event_reactor:joining thread
[2.052s] INFO:colcon.colcon_core.plugin_system:Skipping extension 'colcon_notification.desktop_notification.terminal_notifier': Not used on non-Darwin systems
[2.053s] INFO:colcon.colcon_core.plugin_system:Skipping extension 'colcon_notification.desktop_notification.win32': Not used on non-Windows systems
[2.053s] INFO:colcon.colcon_notification.desktop_notification:Sending desktop notification using 'notify2'
[2.156s] DEBUG:colcon.colcon_core.event_reactor:joined thread
[2.157s] INFO:colcon.colcon_core.shell:Creating prefix script '/home/avees/coordinator/install/local_setup.ps1'
[2.160s] INFO:colcon.colcon_core.shell:Creating prefix util module '/home/avees/coordinator/install/_local_setup_util_ps1.py'
[2.166s] INFO:colcon.colcon_core.shell:Creating prefix chain script '/home/avees/coordinator/install/setup.ps1'
[2.170s] INFO:colcon.colcon_core.shell:Creating prefix script '/home/avees/coordinator/install/local_setup.sh'
[2.172s] INFO:colcon.colcon_core.shell:Creating prefix util module '/home/avees/coordinator/install/_local_setup_util_sh.py'
[2.175s] INFO:colcon.colcon_core.shell:Creating prefix chain script '/home/avees/coordinator/install/setup.sh'
[2.179s] INFO:colcon.colcon_core.shell:Creating prefix script '/home/avees/coordinator/install/local_setup.bash'
[2.183s] INFO:colcon.colcon_core.shell:Creating prefix chain script '/home/avees/coordinator/install/setup.bash'
[2.186s] INFO:colcon.colcon_core.shell:Creating prefix script '/home/avees/coordinator/install/local_setup.zsh'
[2.189s] INFO:colcon.colcon_core.shell:Creating prefix chain script '/home/avees/coordinator/install/setup.zsh'
