[01m[K/home/avees/coordinator/src/coordinator.cpp:[m[K In member function ‘[01m[Kstd::vector<int> Coordinator::get_N_alive()[m[K’:
[01m[K/home/avees/coordinator/src/coordinator.cpp:76:23:[m[K [01;31m[Kerror: [m[K‘[01m[KHB_TIMEOUT_MS[m[K’ was not declared in this scope
   76 |         if (elapsed < [01;31m[KHB_TIMEOUT_MS[m[K)
      |                       [01;31m[K^~~~~~~~~~~~~[m[K
[01m[K/home/avees/coordinator/src/coordinator.cpp:[m[K In member function ‘[01m[Kstd::vector<int> Coordinator::get_N_available()[m[K’:
[01m[K/home/avees/coordinator/src/coordinator.cpp:103:10:[m[K [01;31m[Kerror: [m[K‘[01m[Kunordered_set[m[K’ is not a member of ‘[01m[Kstd[m[K’
  103 |     std::[01;31m[Kunordered_set[m[K<int> ready_set(n_ready.begin(), n_ready.end());
      |          [01;31m[K^~~~~~~~~~~~~[m[K
[01m[K/home/avees/coordinator/src/coordinator.cpp:2:1:[m[K [01;36m[Knote: [m[K‘[01m[Kstd::unordered_set[m[K’ is defined in header ‘[01m[K<unordered_set>[m[K’; did you forget to ‘[01m[K#include <unordered_set>[m[K’?
    1 | #include "coordinator/coordinator.hpp"
  +++ |+[32m[K#include <unordered_set>[m[K
    2 | 
[01m[K/home/avees/coordinator/src/coordinator.cpp:103:24:[m[K [01;31m[Kerror: [m[Kexpected primary-expression before ‘[01m[Kint[m[K’
  103 |     std::unordered_set<[01;31m[Kint[m[K> ready_set(n_ready.begin(), n_ready.end());
      |                        [01;31m[K^~~[m[K
[01m[K/home/avees/coordinator/src/coordinator.cpp:108:29:[m[K [01;31m[Kerror: [m[K‘[01m[Kready_set[m[K’ was not declared in this scope
  108 |         if (node_id <= 4 && [01;31m[Kready_set[m[K.count(node_id))
      |                             [01;31m[K^~~~~~~~~[m[K
[01m[K/home/avees/coordinator/src/coordinator.cpp:[m[K In member function ‘[01m[Kvoid Coordinator::FrameCallback(const FramePtr&)[m[K’:
[01m[K/home/avees/coordinator/src/coordinator.cpp:133:5:[m[K [01;31m[Kerror: [m[K‘[01m[Ksplit_scheduling[m[K’ was not declared in this scope
  133 |     [01;31m[Ksplit_scheduling[m[K();
      |     [01;31m[K^~~~~~~~~~~~~~~~[m[K
[01m[K/home/avees/coordinator/src/coordinator.cpp:[m[K At global scope:
[01m[K/home/avees/coordinator/src/coordinator.cpp:137:6:[m[K [01;31m[Kerror: [m[Kno declaration matches ‘[01m[Kvoid Coordinator::split_scheduling()[m[K’
  137 | void [01;31m[KCoordinator[m[K::split_scheduling()
      |      [01;31m[K^~~~~~~~~~~[m[K
[01m[K/home/avees/coordinator/src/coordinator.cpp:137:6:[m[K [01;36m[Knote: [m[Kno functions named ‘[01m[Kvoid Coordinator::split_scheduling()[m[K’
In file included from [01m[K/home/avees/coordinator/src/coordinator.cpp:1[m[K:
[01m[K/home/avees/coordinator/include/coordinator/coordinator.hpp:25:7:[m[K [01;36m[Knote: [m[K‘[01m[Kclass Coordinator[m[K’ defined here
   25 | class [01;36m[KCoordinator[m[K : public rclcpp::Node, public std::enable_shared_from_this<Coordinator>
      |       [01;36m[K^~~~~~~~~~~[m[K
make[2]: *** [CMakeFiles/coordinator_node.dir/build.make:76: CMakeFiles/coordinator_node.dir/src/coordinator.cpp.o] Error 1
make[1]: *** [CMakeFiles/Makefile2:78: CMakeFiles/coordinator_node.dir/all] Error 2
make: *** [Makefile:141: all] Error 2
