[0.422s] DEBUG:colcon:Command line arguments: ['/usr/bin/colcon', 'build']
[0.422s] DEBUG:colcon:Parsed command line arguments: Namespace(allow_overriding=[], ament_cmake_args=None, base_paths=['.'], build_base='build', catkin_cmake_args=None, catkin_skip_building_tests=False, cmake_args=None, cmake_clean_cache=False, cmake_clean_first=False, cmake_force_configure=False, cmake_target=None, cmake_target_skip_unavailable=False, continue_on_error=False, event_handlers=None, executor='parallel', ignore_user_meta=False, install_base='install', log_base=None, log_level=None, main=<bound method BuildVerb.main of <colcon_core.verb.build.BuildVerb object at 0xffff88ee48b0>>, merge_install=False, metas=['./colcon.meta'], mixin=None, mixin_files=None, mixin_verb=('build',), packages_above=None, packages_above_and_dependencies=None, packages_above_depth=None, packages_end=None, packages_ignore=None, packages_ignore_regex=None, packages_select=None, packages_select_build_failed=False, packages_select_by_dep=None, packages_select_regex=None, packages_select_test_failures=False, packages_skip=None, packages_skip_build_finished=False, packages_skip_by_dep=None, packages_skip_regex=None, packages_skip_test_passed=False, packages_skip_up_to=None, packages_start=None, packages_up_to=None, packages_up_to_regex=None, parallel_workers=6, paths=None, symlink_install=False, test_result_base=None, verb_extension=<colcon_core.verb.build.BuildVerb object at 0xffff88ee48b0>, verb_name='build', verb_parser=<colcon_mixin.mixin.mixin_argument.MixinArgumentDecorator object at 0xffff88ef2160>)
[0.753s] Level 1:colcon.colcon_core.package_discovery:discover_packages(colcon_meta) check parameters
[0.753s] Level 1:colcon.colcon_core.package_discovery:discover_packages(recursive) check parameters
[0.753s] Level 1:colcon.colcon_core.package_discovery:discover_packages(ignore) check parameters
[0.753s] Level 1:colcon.colcon_core.package_discovery:discover_packages(path) check parameters
[0.753s] Level 1:colcon.colcon_core.package_discovery:discover_packages(colcon_meta) discover
[0.753s] Level 1:colcon.colcon_core.package_discovery:discover_packages(recursive) discover
[0.754s] INFO:colcon.colcon_core.package_discovery:Crawling recursively for packages in '/home/avees/coordinator_node'
[0.754s] Level 1:colcon.colcon_core.package_identification:_identify(.) by extensions ['ignore', 'ignore_ament_install']
[0.754s] Level 1:colcon.colcon_core.package_identification:_identify(.) by extension 'ignore'
[0.754s] Level 1:colcon.colcon_core.package_identification:_identify(.) by extension 'ignore_ament_install'
[0.754s] Level 1:colcon.colcon_core.package_identification:_identify(.) by extensions ['colcon_pkg']
[0.754s] Level 1:colcon.colcon_core.package_identification:_identify(.) by extension 'colcon_pkg'
[0.755s] Level 1:colcon.colcon_core.package_identification:_identify(.) by extensions ['colcon_meta']
[0.755s] Level 1:colcon.colcon_core.package_identification:_identify(.) by extension 'colcon_meta'
[0.755s] Level 1:colcon.colcon_core.package_identification:_identify(.) by extensions ['ros']
[0.755s] Level 1:colcon.colcon_core.package_identification:_identify(.) by extension 'ros'
[0.779s] Level 1:colcon.colcon_core.package_identification:_identify(.) by extensions ['cmake', 'python']
[0.779s] Level 1:colcon.colcon_core.package_identification:_identify(.) by extension 'cmake'
[0.779s] Level 1:colcon.colcon_core.package_identification:_identify(.) by extension 'python'
[0.779s] Level 1:colcon.colcon_core.package_identification:_identify(.) by extensions ['python_setup_py']
[0.779s] Level 1:colcon.colcon_core.package_identification:_identify(.) by extension 'python_setup_py'
[0.780s] Level 1:colcon.colcon_core.package_identification:_identify(build) by extensions ['ignore', 'ignore_ament_install']
[0.780s] Level 1:colcon.colcon_core.package_identification:_identify(build) by extension 'ignore'
[0.780s] Level 1:colcon.colcon_core.package_identification:_identify(build) ignored
[0.780s] Level 1:colcon.colcon_core.package_identification:_identify(install) by extensions ['ignore', 'ignore_ament_install']
[0.781s] Level 1:colcon.colcon_core.package_identification:_identify(install) by extension 'ignore'
[0.781s] Level 1:colcon.colcon_core.package_identification:_identify(install) ignored
[0.781s] Level 1:colcon.colcon_core.package_identification:_identify(log) by extensions ['ignore', 'ignore_ament_install']
[0.781s] Level 1:colcon.colcon_core.package_identification:_identify(log) by extension 'ignore'
[0.781s] Level 1:colcon.colcon_core.package_identification:_identify(log) ignored
[0.782s] Level 1:colcon.colcon_core.package_identification:_identify(src) by extensions ['ignore', 'ignore_ament_install']
[0.782s] Level 1:colcon.colcon_core.package_identification:_identify(src) by extension 'ignore'
[0.782s] Level 1:colcon.colcon_core.package_identification:_identify(src) by extension 'ignore_ament_install'
[0.782s] Level 1:colcon.colcon_core.package_identification:_identify(src) by extensions ['colcon_pkg']
[0.782s] Level 1:colcon.colcon_core.package_identification:_identify(src) by extension 'colcon_pkg'
[0.782s] Level 1:colcon.colcon_core.package_identification:_identify(src) by extensions ['colcon_meta']
[0.782s] Level 1:colcon.colcon_core.package_identification:_identify(src) by extension 'colcon_meta'
[0.782s] Level 1:colcon.colcon_core.package_identification:_identify(src) by extensions ['ros']
[0.782s] Level 1:colcon.colcon_core.package_identification:_identify(src) by extension 'ros'
[0.783s] Level 1:colcon.colcon_core.package_identification:_identify(src) by extensions ['cmake', 'python']
[0.783s] Level 1:colcon.colcon_core.package_identification:_identify(src) by extension 'cmake'
[0.783s] Level 1:colcon.colcon_core.package_identification:_identify(src) by extension 'python'
[0.783s] Level 1:colcon.colcon_core.package_identification:_identify(src) by extensions ['python_setup_py']
[0.783s] Level 1:colcon.colcon_core.package_identification:_identify(src) by extension 'python_setup_py'
[0.783s] Level 1:colcon.colcon_core.package_identification:_identify(src/coordinator) by extensions ['ignore', 'ignore_ament_install']
[0.784s] Level 1:colcon.colcon_core.package_identification:_identify(src/coordinator) by extension 'ignore'
[0.784s] Level 1:colcon.colcon_core.package_identification:_identify(src/coordinator) by extension 'ignore_ament_install'
[0.784s] Level 1:colcon.colcon_core.package_identification:_identify(src/coordinator) by extensions ['colcon_pkg']
[0.784s] Level 1:colcon.colcon_core.package_identification:_identify(src/coordinator) by extension 'colcon_pkg'
[0.784s] Level 1:colcon.colcon_core.package_identification:_identify(src/coordinator) by extensions ['colcon_meta']
[0.784s] Level 1:colcon.colcon_core.package_identification:_identify(src/coordinator) by extension 'colcon_meta'
[0.784s] Level 1:colcon.colcon_core.package_identification:_identify(src/coordinator) by extensions ['ros']
[0.784s] Level 1:colcon.colcon_core.package_identification:_identify(src/coordinator) by extension 'ros'
[0.791s] DEBUG:colcon.colcon_core.package_identification:Package 'src/coordinator' with type 'ros.ament_cmake' and name 'coordinator'
[0.792s] Level 1:colcon.colcon_core.package_discovery:discover_packages(recursive) using defaults
[0.792s] Level 1:colcon.colcon_core.package_discovery:discover_packages(ignore) discover
[0.792s] Level 1:colcon.colcon_core.package_discovery:discover_packages(ignore) using defaults
[0.792s] Level 1:colcon.colcon_core.package_discovery:discover_packages(path) discover
[0.792s] Level 1:colcon.colcon_core.package_discovery:discover_packages(path) using defaults
[0.825s] Level 1:colcon.colcon_core.package_discovery:discover_packages(prefix_path) check parameters
[0.825s] Level 1:colcon.colcon_core.package_discovery:discover_packages(prefix_path) discover
[0.829s] DEBUG:colcon.colcon_installed_package_information.package_discovery:Found 1 installed packages in /home/avees/coordinator_node/install
[0.830s] DEBUG:colcon.colcon_installed_package_information.package_discovery:Found 3 installed packages in /home/avees/data-domain/install
[0.833s] DEBUG:colcon.colcon_installed_package_information.package_discovery:Found 260 installed packages in /opt/ros/foxy
[0.838s] Level 1:colcon.colcon_core.package_discovery:discover_packages(prefix_path) using defaults
[0.993s] Level 5:colcon.colcon_core.verb:set package 'coordinator' build argument 'cmake_args' from command line to 'None'
[0.994s] Level 5:colcon.colcon_core.verb:set package 'coordinator' build argument 'cmake_target' from command line to 'None'
[0.994s] Level 5:colcon.colcon_core.verb:set package 'coordinator' build argument 'cmake_target_skip_unavailable' from command line to 'False'
[0.994s] Level 5:colcon.colcon_core.verb:set package 'coordinator' build argument 'cmake_clean_cache' from command line to 'False'
[0.994s] Level 5:colcon.colcon_core.verb:set package 'coordinator' build argument 'cmake_clean_first' from command line to 'False'
[0.994s] Level 5:colcon.colcon_core.verb:set package 'coordinator' build argument 'cmake_force_configure' from command line to 'False'
[0.994s] Level 5:colcon.colcon_core.verb:set package 'coordinator' build argument 'ament_cmake_args' from command line to 'None'
[0.994s] Level 5:colcon.colcon_core.verb:set package 'coordinator' build argument 'catkin_cmake_args' from command line to 'None'
[0.994s] Level 5:colcon.colcon_core.verb:set package 'coordinator' build argument 'catkin_skip_building_tests' from command line to 'False'
[0.994s] DEBUG:colcon.colcon_core.verb:Building package 'coordinator' with the following arguments: {'ament_cmake_args': None, 'build_base': '/home/avees/coordinator_node/build/coordinator', 'catkin_cmake_args': None, 'catkin_skip_building_tests': False, 'cmake_args': None, 'cmake_clean_cache': False, 'cmake_clean_first': False, 'cmake_force_configure': False, 'cmake_target': None, 'cmake_target_skip_unavailable': False, 'install_base': '/home/avees/coordinator_node/install/coordinator', 'merge_install': False, 'path': '/home/avees/coordinator_node/src/coordinator', 'symlink_install': False, 'test_result_base': None}
[0.995s] INFO:colcon.colcon_core.executor:Executing jobs using 'parallel' executor
[0.997s] DEBUG:colcon.colcon_parallel_executor.executor.parallel:run_until_complete
[0.998s] INFO:colcon.colcon_ros.task.ament_cmake.build:Building ROS package in '/home/avees/coordinator_node/src/coordinator' with build type 'ament_cmake'
[0.998s] INFO:colcon.colcon_cmake.task.cmake.build:Building CMake package in '/home/avees/coordinator_node/src/coordinator'
[1.003s] INFO:colcon.colcon_core.plugin_system:Skipping extension 'colcon_core.shell.bat': Not used on non-Windows systems
[1.003s] INFO:colcon.colcon_core.shell:Skip shell extension 'powershell' for command environment: Not usable outside of PowerShell
[1.003s] DEBUG:colcon.colcon_core.shell:Skip shell extension 'dsv' for command environment
[1.034s] DEBUG:colcon.colcon_core.event_handler.log_command:Invoking command in '/home/avees/coordinator_node/build/coordinator': CMAKE_PREFIX_PATH=${CMAKE_PREFIX_PATH}:/opt/ros/foxy /usr/bin/cmake --build /home/avees/coordinator_node/build/coordinator -- -j6 -l6
[14.373s] DEBUG:colcon.colcon_core.event_handler.log_command:Invoked command in '/home/avees/coordinator_node/build/coordinator' returned '2': CMAKE_PREFIX_PATH=${CMAKE_PREFIX_PATH}:/opt/ros/foxy /usr/bin/cmake --build /home/avees/coordinator_node/build/coordinator -- -j6 -l6
[14.375s] Level 1:colcon.colcon_core.environment:create_environment_scripts_only(coordinator)
[14.382s] Level 1:colcon.colcon_core.environment:checking '/home/avees/coordinator_node/install/coordinator' for CMake module files
[14.384s] Level 1:colcon.colcon_core.environment:checking '/home/avees/coordinator_node/install/coordinator' for CMake config files
[14.384s] Level 1:colcon.colcon_core.shell:create_environment_hook('coordinator', 'cmake_prefix_path')
[14.385s] INFO:colcon.colcon_core.shell:Creating environment hook '/home/avees/coordinator_node/install/coordinator/share/coordinator/hook/cmake_prefix_path.ps1'
[14.387s] INFO:colcon.colcon_core.shell:Creating environment descriptor '/home/avees/coordinator_node/install/coordinator/share/coordinator/hook/cmake_prefix_path.dsv'
[14.389s] INFO:colcon.colcon_core.shell:Creating environment hook '/home/avees/coordinator_node/install/coordinator/share/coordinator/hook/cmake_prefix_path.sh'
[14.391s] Level 1:colcon.colcon_core.environment:checking '/home/avees/coordinator_node/install/coordinator/lib'
[14.392s] Level 1:colcon.colcon_core.environment:checking '/home/avees/coordinator_node/install/coordinator/bin'
[14.392s] Level 1:colcon.colcon_core.environment:checking '/home/avees/coordinator_node/install/coordinator/lib/pkgconfig/coordinator.pc'
[14.393s] Level 1:colcon.colcon_core.environment:checking '/home/avees/coordinator_node/install/coordinator/lib/python3.8/site-packages'
[14.393s] Level 1:colcon.colcon_core.environment:checking '/home/avees/coordinator_node/install/coordinator/bin'
[14.394s] INFO:colcon.colcon_core.shell:Creating package script '/home/avees/coordinator_node/install/coordinator/share/coordinator/package.ps1'
[14.397s] INFO:colcon.colcon_core.shell:Creating package descriptor '/home/avees/coordinator_node/install/coordinator/share/coordinator/package.dsv'
[14.398s] INFO:colcon.colcon_core.shell:Creating package script '/home/avees/coordinator_node/install/coordinator/share/coordinator/package.sh'
[14.401s] INFO:colcon.colcon_core.shell:Creating package script '/home/avees/coordinator_node/install/coordinator/share/coordinator/package.bash'
[14.403s] INFO:colcon.colcon_core.shell:Creating package script '/home/avees/coordinator_node/install/coordinator/share/coordinator/package.zsh'
[14.405s] Level 1:colcon.colcon_core.environment:create_file_with_runtime_dependencies(/home/avees/coordinator_node/install/coordinator/share/colcon-core/packages/coordinator)
[14.417s] DEBUG:colcon.colcon_parallel_executor.executor.parallel:closing loop
[14.417s] DEBUG:colcon.colcon_parallel_executor.executor.parallel:loop closed
[14.417s] DEBUG:colcon.colcon_parallel_executor.executor.parallel:run_until_complete finished with '2'
[14.418s] DEBUG:colcon.colcon_core.event_reactor:joining thread
[14.436s] INFO:colcon.colcon_core.plugin_system:Skipping extension 'colcon_notification.desktop_notification.terminal_notifier': Not used on non-Darwin systems
[14.436s] INFO:colcon.colcon_core.plugin_system:Skipping extension 'colcon_notification.desktop_notification.win32': Not used on non-Windows systems
[14.436s] INFO:colcon.colcon_notification.desktop_notification:Sending desktop notification using 'notify2'
[14.479s] DEBUG:colcon.colcon_core.event_reactor:joined thread
[14.481s] INFO:colcon.colcon_core.shell:Creating prefix script '/home/avees/coordinator_node/install/local_setup.ps1'
[14.484s] INFO:colcon.colcon_core.shell:Creating prefix util module '/home/avees/coordinator_node/install/_local_setup_util_ps1.py'
[14.488s] INFO:colcon.colcon_core.shell:Creating prefix chain script '/home/avees/coordinator_node/install/setup.ps1'
[14.492s] INFO:colcon.colcon_core.shell:Creating prefix script '/home/avees/coordinator_node/install/local_setup.sh'
[14.493s] INFO:colcon.colcon_core.shell:Creating prefix util module '/home/avees/coordinator_node/install/_local_setup_util_sh.py'
[14.495s] INFO:colcon.colcon_core.shell:Creating prefix chain script '/home/avees/coordinator_node/install/setup.sh'
[14.499s] INFO:colcon.colcon_core.shell:Creating prefix script '/home/avees/coordinator_node/install/local_setup.bash'
[14.502s] INFO:colcon.colcon_core.shell:Creating prefix chain script '/home/avees/coordinator_node/install/setup.bash'
[14.505s] INFO:colcon.colcon_core.shell:Creating prefix script '/home/avees/coordinator_node/install/local_setup.zsh'
[14.507s] INFO:colcon.colcon_core.shell:Creating prefix chain script '/home/avees/coordinator_node/install/setup.zsh'
