-- Found ament_cmake: 0.9.12 (/opt/ros/foxy/share/ament_cmake/cmake)
-- Using PYTHON_EXECUTABLE: /usr/bin/python3
-- Found rclcpp: 2.4.3 (/opt/ros/foxy/share/rclcpp/cmake)
-- Using all available rosidl_typesupport_c: rosidl_typesupport_fastrtps_c;rosidl_typesupport_introspection_c
-- Found rosidl_adapter: 1.3.1 (/opt/ros/foxy/share/rosidl_adapter/cmake)
-- Using all available rosidl_typesupport_cpp: rosidl_typesupport_fastrtps_cpp;rosidl_typesupport_introspection_cpp
-- Found rmw_implementation_cmake: 1.0.4 (/opt/ros/foxy/share/rmw_implementation_cmake/cmake)
-- Using RMW implementation 'rmw_fastrtps_cpp' as default
-- Found sensor_msgs: 2.0.5 (/opt/ros/foxy/share/sensor_msgs/cmake)
-- Found camera_info_manager: 2.4.0 (/opt/ros/foxy/share/camera_info_manager/cmake)
-- Setting yaml-cpp_DIR to: '/opt/ros/foxy/share/yaml_cpp_vendor/cmake/../../../opt/yaml_cpp_vendor/lib/cmake/yaml-cpp'
-- Found diagnostic_msgs: 2.0.5 (/opt/ros/foxy/share/diagnostic_msgs/cmake)
-- Found image_transport: 2.4.0 (/opt/ros/foxy/share/image_transport/cmake)
-- Found cv_bridge: 3.0.7 (/opt/ros/foxy/share/cv_bridge/cmake)
-- Found rosidl_default_generators: 1.0.1 (/opt/ros/foxy/share/rosidl_default_generators/cmake)
-- Found avt_vimba_camera: 2001.1.0 (/home/avees/data-domain/install/avt_vimba_camera/share/avt_vimba_camera/cmake)
-- Found ament_lint_auto: 0.9.8 (/opt/ros/foxy/share/ament_lint_auto/cmake)
-- Added test 'copyright' to check source files copyright and LICENSE
-- Added test 'cppcheck' to perform static code analysis on C / C++ code
-- Configured cppcheck include dirs: $<BUILD_INTERFACE:/home/avees/coordinator/include>
-- Configured cppcheck exclude dirs and/or files: 
-- Added test 'cpplint' to check C / C++ code against the Google style
-- Configured cpplint exclude dirs and/or files: 
-- Added test 'flake8' to check Python code syntax and style conventions
-- Added test 'lint_cmake' to check CMake code style
-- Added test 'pep257' to check Python code against some of the style conventions in PEP 257
-- Added test 'uncrustify' to check C / C++ code style
-- Configured uncrustify additional arguments: 
-- Added test 'xmllint' to check XML markup files
-- Configuring done
-- Generating done
-- Build files have been written to: /home/avees/coordinator/build/coordinator
[35m[1mScanning dependencies of target coordinator_node[0m
[  6%] [32mBuilding CXX object CMakeFiles/coordinator_node.dir/src/main.cpp.o[0m
[  6%] [32mBuilding CXX object CMakeFiles/coordinator_node.dir/src/frame_observer.cpp.o[0m
[  9%] [32mBuilding CXX object CMakeFiles/coordinator_node.dir/src/coordinator.cpp.o[0m
[ 12%] [32mBuilding CXX object CMakeFiles/coordinator_node.dir/include/VimbaCPP/Source/AncillaryData.cpp.o[0m
[ 16%] [32mBuilding CXX object CMakeFiles/coordinator_node.dir/src/avt_vimba_camera.cpp.o[0m
[ 19%] [32mBuilding CXX object CMakeFiles/coordinator_node.dir/include/VimbaCPP/Source/BaseFeature.cpp.o[0m
[ 22%] [32mBuilding CXX object CMakeFiles/coordinator_node.dir/include/VimbaCPP/Source/BasicLockable.cpp.o[0m
[ 25%] [32mBuilding CXX object CMakeFiles/coordinator_node.dir/include/VimbaCPP/Source/BoolFeature.cpp.o[0m
[ 29%] [32mBuilding CXX object CMakeFiles/coordinator_node.dir/include/VimbaCPP/Source/Camera.cpp.o[0m
[ 32%] [32mBuilding CXX object CMakeFiles/coordinator_node.dir/include/VimbaCPP/Source/Clock.cpp.o[0m
[ 35%] [32mBuilding CXX object CMakeFiles/coordinator_node.dir/include/VimbaCPP/Source/CommandFeature.cpp.o[0m
[ 38%] [32mBuilding CXX object CMakeFiles/coordinator_node.dir/include/VimbaCPP/Source/Condition.cpp.o[0m
[ 41%] [32mBuilding CXX object CMakeFiles/coordinator_node.dir/include/VimbaCPP/Source/ConditionHelper.cpp.o[0m
[ 45%] [32mBuilding CXX object CMakeFiles/coordinator_node.dir/include/VimbaCPP/Source/DefaultCameraFactory.cpp.o[0m
[ 48%] [32mBuilding CXX object CMakeFiles/coordinator_node.dir/include/VimbaCPP/Source/EnumEntry.cpp.o[0m
[ 51%] [32mBuilding CXX object CMakeFiles/coordinator_node.dir/include/VimbaCPP/Source/EnumFeature.cpp.o[0m
[ 54%] [32mBuilding CXX object CMakeFiles/coordinator_node.dir/include/VimbaCPP/Source/Feature.cpp.o[0m
[ 58%] [32mBuilding CXX object CMakeFiles/coordinator_node.dir/include/VimbaCPP/Source/FeatureContainer.cpp.o[0m
[ 61%] [32mBuilding CXX object CMakeFiles/coordinator_node.dir/include/VimbaCPP/Source/FileLogger.cpp.o[0m
[ 64%] [32mBuilding CXX object CMakeFiles/coordinator_node.dir/include/VimbaCPP/Source/FloatFeature.cpp.o[0m
[ 67%] [32mBuilding CXX object CMakeFiles/coordinator_node.dir/include/VimbaCPP/Source/Frame.cpp.o[0m
[ 70%] [32mBuilding CXX object CMakeFiles/coordinator_node.dir/include/VimbaCPP/Source/FrameHandler.cpp.o[0m
[ 74%] [32mBuilding CXX object CMakeFiles/coordinator_node.dir/include/VimbaCPP/Source/IntFeature.cpp.o[0m
[ 77%] [32mBuilding CXX object CMakeFiles/coordinator_node.dir/include/VimbaCPP/Source/Interface.cpp.o[0m
[ 80%] [32mBuilding CXX object CMakeFiles/coordinator_node.dir/include/VimbaCPP/Source/Mutex.cpp.o[0m
[ 83%] [32mBuilding CXX object CMakeFiles/coordinator_node.dir/include/VimbaCPP/Source/MutexGuard.cpp.o[0m
[ 87%] [32mBuilding CXX object CMakeFiles/coordinator_node.dir/include/VimbaCPP/Source/RawFeature.cpp.o[0m
[ 90%] [32mBuilding CXX object CMakeFiles/coordinator_node.dir/include/VimbaCPP/Source/Semaphore.cpp.o[0m
[ 93%] [32mBuilding CXX object CMakeFiles/coordinator_node.dir/include/VimbaCPP/Source/StringFeature.cpp.o[0m
[ 96%] [32mBuilding CXX object CMakeFiles/coordinator_node.dir/include/VimbaCPP/Source/VimbaSystem.cpp.o[0m
[100%] [32m[1mLinking CXX executable coordinator_node[0m
[100%] Built target coordinator_node
-- Install configuration: ""
-- Installing: /home/avees/coordinator/install/coordinator/lib/coordinator/coordinator_node
-- Set runtime path of "/home/avees/coordinator/install/coordinator/lib/coordinator/coordinator_node" to ""
-- Installing: /home/avees/coordinator/install/coordinator/share/coordinator/launch
-- Installing: /home/avees/coordinator/install/coordinator/share/coordinator/launch/coordinator_launch.py
-- Installing: /home/avees/coordinator/install/coordinator/share/coordinator/config
-- Installing: /home/avees/coordinator/install/coordinator/share/coordinator/config/params.yaml
-- Installing: /home/avees/coordinator/install/coordinator/share/ament_index/resource_index/package_run_dependencies/coordinator
-- Installing: /home/avees/coordinator/install/coordinator/share/ament_index/resource_index/parent_prefix_path/coordinator
-- Installing: /home/avees/coordinator/install/coordinator/share/coordinator/environment/ament_prefix_path.sh
-- Installing: /home/avees/coordinator/install/coordinator/share/coordinator/environment/ament_prefix_path.dsv
-- Installing: /home/avees/coordinator/install/coordinator/share/coordinator/environment/path.sh
-- Installing: /home/avees/coordinator/install/coordinator/share/coordinator/environment/path.dsv
-- Installing: /home/avees/coordinator/install/coordinator/share/coordinator/local_setup.bash
-- Installing: /home/avees/coordinator/install/coordinator/share/coordinator/local_setup.sh
-- Installing: /home/avees/coordinator/install/coordinator/share/coordinator/local_setup.zsh
-- Installing: /home/avees/coordinator/install/coordinator/share/coordinator/local_setup.dsv
-- Installing: /home/avees/coordinator/install/coordinator/share/coordinator/package.dsv
-- Installing: /home/avees/coordinator/install/coordinator/share/ament_index/resource_index/packages/coordinator
-- Installing: /home/avees/coordinator/install/coordinator/share/coordinator/cmake/ament_cmake_export_dependencies-extras.cmake
-- Installing: /home/avees/coordinator/install/coordinator/share/coordinator/cmake/coordinatorConfig.cmake
-- Installing: /home/avees/coordinator/install/coordinator/share/coordinator/cmake/coordinatorConfig-version.cmake
-- Installing: /home/avees/coordinator/install/coordinator/share/coordinator/package.xml
