[0.029s] Invoking command in '/home/avees/coordinator/build/coordinator': CMAKE_PREFIX_PATH=${CMAKE_PREFIX_PATH}:/opt/ros/foxy /usr/bin/cmake --build /home/avees/coordinator/build/coordinator -- -j6 -l6
[0.245s] [35m[1mScanning dependencies of target coordinator_node[0m
[0.334s] [  3%] [32mBuilding CXX object CMakeFiles/coordinator_node.dir/src/main.cpp.o[0m
[0.338s] [  6%] [32mBuilding CXX object CMakeFiles/coordinator_node.dir/src/coordinator.cpp.o[0m
[15.474s] [  9%] [32m[1mLinking CXX executable coordinator_node[0m
[16.547s] [100%] Built target coordinator_node
[16.574s] Invoked command in '/home/avees/coordinator/build/coordinator' returned '0': CMAKE_PREFIX_PATH=${CMAKE_PREFIX_PATH}:/opt/ros/foxy /usr/bin/cmake --build /home/avees/coordinator/build/coordinator -- -j6 -l6
[16.604s] Invoking command in '/home/avees/coordinator/build/coordinator': CMAKE_PREFIX_PATH=${CMAKE_PREFIX_PATH}:/opt/ros/foxy /usr/bin/cmake --install /home/avees/coordinator/build/coordinator
[16.622s] -- Install configuration: ""
[16.623s] -- Installing: /home/avees/coordinator/install/coordinator/lib/coordinator/coordinator_node
[16.631s] -- Set runtime path of "/home/avees/coordinator/install/coordinator/lib/coordinator/coordinator_node" to ""
[16.631s] -- Up-to-date: /home/avees/coordinator/install/coordinator/share/coordinator/launch
[16.632s] -- Up-to-date: /home/avees/coordinator/install/coordinator/share/coordinator/launch/coordinator_launch.py
[16.632s] -- Up-to-date: /home/avees/coordinator/install/coordinator/share/coordinator/config
[16.632s] -- Up-to-date: /home/avees/coordinator/install/coordinator/share/coordinator/config/params.yaml
[16.632s] -- Up-to-date: /home/avees/coordinator/install/coordinator/share/ament_index/resource_index/package_run_dependencies/coordinator
[16.632s] -- Up-to-date: /home/avees/coordinator/install/coordinator/share/ament_index/resource_index/parent_prefix_path/coordinator
[16.633s] -- Up-to-date: /home/avees/coordinator/install/coordinator/share/coordinator/environment/ament_prefix_path.sh
[16.633s] -- Up-to-date: /home/avees/coordinator/install/coordinator/share/coordinator/environment/ament_prefix_path.dsv
[16.633s] -- Up-to-date: /home/avees/coordinator/install/coordinator/share/coordinator/environment/path.sh
[16.633s] -- Up-to-date: /home/avees/coordinator/install/coordinator/share/coordinator/environment/path.dsv
[16.633s] -- Up-to-date: /home/avees/coordinator/install/coordinator/share/coordinator/local_setup.bash
[16.633s] -- Up-to-date: /home/avees/coordinator/install/coordinator/share/coordinator/local_setup.sh
[16.634s] -- Up-to-date: /home/avees/coordinator/install/coordinator/share/coordinator/local_setup.zsh
[16.634s] -- Up-to-date: /home/avees/coordinator/install/coordinator/share/coordinator/local_setup.dsv
[16.634s] -- Installing: /home/avees/coordinator/install/coordinator/share/coordinator/package.dsv
[16.634s] -- Up-to-date: /home/avees/coordinator/install/coordinator/share/ament_index/resource_index/packages/coordinator
[16.634s] -- Up-to-date: /home/avees/coordinator/install/coordinator/share/coordinator/cmake/coordinatorConfig.cmake
[16.635s] -- Up-to-date: /home/avees/coordinator/install/coordinator/share/coordinator/cmake/coordinatorConfig-version.cmake
[16.635s] -- Up-to-date: /home/avees/coordinator/install/coordinator/share/coordinator/package.xml
[16.640s] Invoked command in '/home/avees/coordinator/build/coordinator' returned '0': CMAKE_PREFIX_PATH=${CMAKE_PREFIX_PATH}:/opt/ros/foxy /usr/bin/cmake --install /home/avees/coordinator/build/coordinator
