[0.453s] DEBUG:colcon:Command line arguments: ['/usr/bin/colcon', 'build']
[0.454s] DEBUG:colcon:Parsed command line arguments: Namespace(allow_overriding=[], ament_cmake_args=None, base_paths=['.'], build_base='build', catkin_cmake_args=None, catkin_skip_building_tests=False, cmake_args=None, cmake_clean_cache=False, cmake_clean_first=False, cmake_force_configure=False, cmake_target=None, cmake_target_skip_unavailable=False, continue_on_error=False, event_handlers=None, executor='parallel', ignore_user_meta=False, install_base='install', log_base=None, log_level=None, main=<bound method BuildVerb.main of <colcon_core.verb.build.BuildVerb object at 0xffffa38c18b0>>, merge_install=False, metas=['./colcon.meta'], mixin=None, mixin_files=None, mixin_verb=('build',), packages_above=None, packages_above_and_dependencies=None, packages_above_depth=None, packages_end=None, packages_ignore=None, packages_ignore_regex=None, packages_select=None, packages_select_build_failed=False, packages_select_by_dep=None, packages_select_regex=None, packages_select_test_failures=False, packages_skip=None, packages_skip_build_finished=False, packages_skip_by_dep=None, packages_skip_regex=None, packages_skip_test_passed=False, packages_skip_up_to=None, packages_start=None, packages_up_to=None, packages_up_to_regex=None, parallel_workers=6, paths=None, symlink_install=False, test_result_base=None, verb_extension=<colcon_core.verb.build.BuildVerb object at 0xffffa38c18b0>, verb_name='build', verb_parser=<colcon_mixin.mixin.mixin_argument.MixinArgumentDecorator object at 0xffffa38ce160>)
[0.803s] Level 1:colcon.colcon_core.package_discovery:discover_packages(colcon_meta) check parameters
[0.803s] Level 1:colcon.colcon_core.package_discovery:discover_packages(recursive) check parameters
[0.803s] Level 1:colcon.colcon_core.package_discovery:discover_packages(ignore) check parameters
[0.803s] Level 1:colcon.colcon_core.package_discovery:discover_packages(path) check parameters
[0.803s] Level 1:colcon.colcon_core.package_discovery:discover_packages(colcon_meta) discover
[0.804s] Level 1:colcon.colcon_core.package_discovery:discover_packages(recursive) discover
[0.804s] INFO:colcon.colcon_core.package_discovery:Crawling recursively for packages in '/home/avees/coordinator_node'
[0.804s] Level 1:colcon.colcon_core.package_identification:_identify(.) by extensions ['ignore', 'ignore_ament_install']
[0.804s] Level 1:colcon.colcon_core.package_identification:_identify(.) by extension 'ignore'
[0.804s] Level 1:colcon.colcon_core.package_identification:_identify(.) by extension 'ignore_ament_install'
[0.804s] Level 1:colcon.colcon_core.package_identification:_identify(.) by extensions ['colcon_pkg']
[0.805s] Level 1:colcon.colcon_core.package_identification:_identify(.) by extension 'colcon_pkg'
[0.805s] Level 1:colcon.colcon_core.package_identification:_identify(.) by extensions ['colcon_meta']
[0.805s] Level 1:colcon.colcon_core.package_identification:_identify(.) by extension 'colcon_meta'
[0.805s] Level 1:colcon.colcon_core.package_identification:_identify(.) by extensions ['ros']
[0.805s] Level 1:colcon.colcon_core.package_identification:_identify(.) by extension 'ros'
[0.838s] Level 1:colcon.colcon_core.package_identification:_identify(.) by extensions ['cmake', 'python']
[0.839s] Level 1:colcon.colcon_core.package_identification:_identify(.) by extension 'cmake'
[0.839s] Level 1:colcon.colcon_core.package_identification:_identify(.) by extension 'python'
[0.839s] Level 1:colcon.colcon_core.package_identification:_identify(.) by extensions ['python_setup_py']
[0.839s] Level 1:colcon.colcon_core.package_identification:_identify(.) by extension 'python_setup_py'
[0.839s] Level 1:colcon.colcon_core.package_identification:_identify(build) by extensions ['ignore', 'ignore_ament_install']
[0.840s] Level 1:colcon.colcon_core.package_identification:_identify(build) by extension 'ignore'
[0.840s] Level 1:colcon.colcon_core.package_identification:_identify(build) ignored
[0.840s] Level 1:colcon.colcon_core.package_identification:_identify(install) by extensions ['ignore', 'ignore_ament_install']
[0.840s] Level 1:colcon.colcon_core.package_identification:_identify(install) by extension 'ignore'
[0.840s] Level 1:colcon.colcon_core.package_identification:_identify(install) ignored
[0.841s] Level 1:colcon.colcon_core.package_identification:_identify(log) by extensions ['ignore', 'ignore_ament_install']
[0.841s] Level 1:colcon.colcon_core.package_identification:_identify(log) by extension 'ignore'
[0.841s] Level 1:colcon.colcon_core.package_identification:_identify(log) ignored
[0.841s] Level 1:colcon.colcon_core.package_identification:_identify(src) by extensions ['ignore', 'ignore_ament_install']
[0.842s] Level 1:colcon.colcon_core.package_identification:_identify(src) by extension 'ignore'
[0.842s] Level 1:colcon.colcon_core.package_identification:_identify(src) by extension 'ignore_ament_install'
[0.842s] Level 1:colcon.colcon_core.package_identification:_identify(src) by extensions ['colcon_pkg']
[0.842s] Level 1:colcon.colcon_core.package_identification:_identify(src) by extension 'colcon_pkg'
[0.843s] Level 1:colcon.colcon_core.package_identification:_identify(src) by extensions ['colcon_meta']
[0.843s] Level 1:colcon.colcon_core.package_identification:_identify(src) by extension 'colcon_meta'
[0.843s] Level 1:colcon.colcon_core.package_identification:_identify(src) by extensions ['ros']
[0.843s] Level 1:colcon.colcon_core.package_identification:_identify(src) by extension 'ros'
[0.843s] Level 1:colcon.colcon_core.package_identification:_identify(src) by extensions ['cmake', 'python']
[0.843s] Level 1:colcon.colcon_core.package_identification:_identify(src) by extension 'cmake'
[0.844s] Level 1:colcon.colcon_core.package_identification:_identify(src) by extension 'python'
[0.844s] Level 1:colcon.colcon_core.package_identification:_identify(src) by extensions ['python_setup_py']
[0.844s] Level 1:colcon.colcon_core.package_identification:_identify(src) by extension 'python_setup_py'
[0.844s] Level 1:colcon.colcon_core.package_identification:_identify(src/coordinator) by extensions ['ignore', 'ignore_ament_install']
[0.844s] Level 1:colcon.colcon_core.package_identification:_identify(src/coordinator) by extension 'ignore'
[0.844s] Level 1:colcon.colcon_core.package_identification:_identify(src/coordinator) by extension 'ignore_ament_install'
[0.845s] Level 1:colcon.colcon_core.package_identification:_identify(src/coordinator) by extensions ['colcon_pkg']
[0.845s] Level 1:colcon.colcon_core.package_identification:_identify(src/coordinator) by extension 'colcon_pkg'
[0.845s] Level 1:colcon.colcon_core.package_identification:_identify(src/coordinator) by extensions ['colcon_meta']
[0.845s] Level 1:colcon.colcon_core.package_identification:_identify(src/coordinator) by extension 'colcon_meta'
[0.845s] Level 1:colcon.colcon_core.package_identification:_identify(src/coordinator) by extensions ['ros']
[0.845s] Level 1:colcon.colcon_core.package_identification:_identify(src/coordinator) by extension 'ros'
[0.854s] DEBUG:colcon.colcon_core.package_identification:Package 'src/coordinator' with type 'ros.ament_cmake' and name 'coordinator'
[0.854s] Level 1:colcon.colcon_core.package_discovery:discover_packages(recursive) using defaults
[0.854s] Level 1:colcon.colcon_core.package_discovery:discover_packages(ignore) discover
[0.854s] Level 1:colcon.colcon_core.package_discovery:discover_packages(ignore) using defaults
[0.854s] Level 1:colcon.colcon_core.package_discovery:discover_packages(path) discover
[0.854s] Level 1:colcon.colcon_core.package_discovery:discover_packages(path) using defaults
[0.900s] Level 1:colcon.colcon_core.package_discovery:discover_packages(prefix_path) check parameters
[0.900s] Level 1:colcon.colcon_core.package_discovery:discover_packages(prefix_path) discover
[0.908s] DEBUG:colcon.colcon_installed_package_information.package_discovery:Found 1 installed packages in /home/avees/coordinator_node/install
[0.924s] DEBUG:colcon.colcon_installed_package_information.package_discovery:Found 3 installed packages in /home/avees/data-domain/install
[0.926s] DEBUG:colcon.colcon_installed_package_information.package_discovery:Found 260 installed packages in /opt/ros/foxy
[0.931s] Level 1:colcon.colcon_core.package_discovery:discover_packages(prefix_path) using defaults
[1.235s] Level 5:colcon.colcon_core.verb:set package 'coordinator' build argument 'cmake_args' from command line to 'None'
[1.235s] Level 5:colcon.colcon_core.verb:set package 'coordinator' build argument 'cmake_target' from command line to 'None'
[1.235s] Level 5:colcon.colcon_core.verb:set package 'coordinator' build argument 'cmake_target_skip_unavailable' from command line to 'False'
[1.235s] Level 5:colcon.colcon_core.verb:set package 'coordinator' build argument 'cmake_clean_cache' from command line to 'False'
[1.235s] Level 5:colcon.colcon_core.verb:set package 'coordinator' build argument 'cmake_clean_first' from command line to 'False'
[1.235s] Level 5:colcon.colcon_core.verb:set package 'coordinator' build argument 'cmake_force_configure' from command line to 'False'
[1.235s] Level 5:colcon.colcon_core.verb:set package 'coordinator' build argument 'ament_cmake_args' from command line to 'None'
[1.235s] Level 5:colcon.colcon_core.verb:set package 'coordinator' build argument 'catkin_cmake_args' from command line to 'None'
[1.235s] Level 5:colcon.colcon_core.verb:set package 'coordinator' build argument 'catkin_skip_building_tests' from command line to 'False'
[1.235s] DEBUG:colcon.colcon_core.verb:Building package 'coordinator' with the following arguments: {'ament_cmake_args': None, 'build_base': '/home/avees/coordinator_node/build/coordinator', 'catkin_cmake_args': None, 'catkin_skip_building_tests': False, 'cmake_args': None, 'cmake_clean_cache': False, 'cmake_clean_first': False, 'cmake_force_configure': False, 'cmake_target': None, 'cmake_target_skip_unavailable': False, 'install_base': '/home/avees/coordinator_node/install/coordinator', 'merge_install': False, 'path': '/home/avees/coordinator_node/src/coordinator', 'symlink_install': False, 'test_result_base': None}
[1.236s] INFO:colcon.colcon_core.executor:Executing jobs using 'parallel' executor
[1.238s] DEBUG:colcon.colcon_parallel_executor.executor.parallel:run_until_complete
[1.239s] INFO:colcon.colcon_ros.task.ament_cmake.build:Building ROS package in '/home/avees/coordinator_node/src/coordinator' with build type 'ament_cmake'
[1.239s] INFO:colcon.colcon_cmake.task.cmake.build:Building CMake package in '/home/avees/coordinator_node/src/coordinator'
[1.247s] INFO:colcon.colcon_core.plugin_system:Skipping extension 'colcon_core.shell.bat': Not used on non-Windows systems
[1.248s] INFO:colcon.colcon_core.shell:Skip shell extension 'powershell' for command environment: Not usable outside of PowerShell
[1.248s] DEBUG:colcon.colcon_core.shell:Skip shell extension 'dsv' for command environment
[1.281s] DEBUG:colcon.colcon_core.event_handler.log_command:Invoking command in '/home/avees/coordinator_node/build/coordinator': CMAKE_PREFIX_PATH=${CMAKE_PREFIX_PATH}:/opt/ros/foxy /usr/bin/cmake --build /home/avees/coordinator_node/build/coordinator -- -j6 -l6
[26.310s] DEBUG:colcon.colcon_core.event_handler.log_command:Invoked command in '/home/avees/coordinator_node/build/coordinator' returned '0': CMAKE_PREFIX_PATH=${CMAKE_PREFIX_PATH}:/opt/ros/foxy /usr/bin/cmake --build /home/avees/coordinator_node/build/coordinator -- -j6 -l6
[26.343s] DEBUG:colcon.colcon_core.event_handler.log_command:Invoking command in '/home/avees/coordinator_node/build/coordinator': CMAKE_PREFIX_PATH=${CMAKE_PREFIX_PATH}:/opt/ros/foxy /usr/bin/cmake --install /home/avees/coordinator_node/build/coordinator
[26.379s] Level 1:colcon.colcon_core.environment:create_environment_scripts_only(coordinator)
[26.381s] DEBUG:colcon.colcon_core.event_handler.log_command:Invoked command in '/home/avees/coordinator_node/build/coordinator' returned '0': CMAKE_PREFIX_PATH=${CMAKE_PREFIX_PATH}:/opt/ros/foxy /usr/bin/cmake --install /home/avees/coordinator_node/build/coordinator
[26.390s] Level 1:colcon.colcon_core.environment:checking '/home/avees/coordinator_node/install/coordinator' for CMake module files
[26.391s] Level 1:colcon.colcon_core.environment:checking '/home/avees/coordinator_node/install/coordinator' for CMake config files
[26.391s] Level 1:colcon.colcon_core.shell:create_environment_hook('coordinator', 'cmake_prefix_path')
[26.392s] INFO:colcon.colcon_core.shell:Creating environment hook '/home/avees/coordinator_node/install/coordinator/share/coordinator/hook/cmake_prefix_path.ps1'
[26.396s] INFO:colcon.colcon_core.shell:Creating environment descriptor '/home/avees/coordinator_node/install/coordinator/share/coordinator/hook/cmake_prefix_path.dsv'
[26.397s] INFO:colcon.colcon_core.shell:Creating environment hook '/home/avees/coordinator_node/install/coordinator/share/coordinator/hook/cmake_prefix_path.sh'
[26.400s] Level 1:colcon.colcon_core.environment:checking '/home/avees/coordinator_node/install/coordinator/lib'
[26.400s] Level 1:colcon.colcon_core.environment:checking '/home/avees/coordinator_node/install/coordinator/bin'
[26.401s] Level 1:colcon.colcon_core.environment:checking '/home/avees/coordinator_node/install/coordinator/lib/pkgconfig/coordinator.pc'
[26.401s] Level 1:colcon.colcon_core.environment:checking '/home/avees/coordinator_node/install/coordinator/lib/python3.8/site-packages'
[26.402s] Level 1:colcon.colcon_core.environment:checking '/home/avees/coordinator_node/install/coordinator/bin'
[26.402s] INFO:colcon.colcon_core.shell:Creating package script '/home/avees/coordinator_node/install/coordinator/share/coordinator/package.ps1'
[26.405s] INFO:colcon.colcon_core.shell:Creating package descriptor '/home/avees/coordinator_node/install/coordinator/share/coordinator/package.dsv'
[26.406s] INFO:colcon.colcon_core.shell:Creating package script '/home/avees/coordinator_node/install/coordinator/share/coordinator/package.sh'
[26.408s] INFO:colcon.colcon_core.shell:Creating package script '/home/avees/coordinator_node/install/coordinator/share/coordinator/package.bash'
[26.410s] INFO:colcon.colcon_core.shell:Creating package script '/home/avees/coordinator_node/install/coordinator/share/coordinator/package.zsh'
[26.412s] Level 1:colcon.colcon_core.environment:create_file_with_runtime_dependencies(/home/avees/coordinator_node/install/coordinator/share/colcon-core/packages/coordinator)
[26.413s] Level 1:colcon.colcon_core.environment:create_environment_scripts_only(coordinator)
[26.414s] Level 1:colcon.colcon_core.environment:checking '/home/avees/coordinator_node/install/coordinator' for CMake module files
[26.415s] Level 1:colcon.colcon_core.environment:checking '/home/avees/coordinator_node/install/coordinator' for CMake config files
[26.415s] Level 1:colcon.colcon_core.shell:create_environment_hook('coordinator', 'cmake_prefix_path')
[26.416s] INFO:colcon.colcon_core.shell:Creating environment hook '/home/avees/coordinator_node/install/coordinator/share/coordinator/hook/cmake_prefix_path.ps1'
[26.417s] INFO:colcon.colcon_core.shell:Creating environment descriptor '/home/avees/coordinator_node/install/coordinator/share/coordinator/hook/cmake_prefix_path.dsv'
[26.418s] INFO:colcon.colcon_core.shell:Creating environment hook '/home/avees/coordinator_node/install/coordinator/share/coordinator/hook/cmake_prefix_path.sh'
[26.419s] Level 1:colcon.colcon_core.environment:checking '/home/avees/coordinator_node/install/coordinator/lib'
[26.419s] Level 1:colcon.colcon_core.environment:checking '/home/avees/coordinator_node/install/coordinator/bin'
[26.419s] Level 1:colcon.colcon_core.environment:checking '/home/avees/coordinator_node/install/coordinator/lib/pkgconfig/coordinator.pc'
[26.420s] Level 1:colcon.colcon_core.environment:checking '/home/avees/coordinator_node/install/coordinator/lib/python3.8/site-packages'
[26.420s] Level 1:colcon.colcon_core.environment:checking '/home/avees/coordinator_node/install/coordinator/bin'
[26.421s] INFO:colcon.colcon_core.shell:Creating package script '/home/avees/coordinator_node/install/coordinator/share/coordinator/package.ps1'
[26.422s] INFO:colcon.colcon_core.shell:Creating package descriptor '/home/avees/coordinator_node/install/coordinator/share/coordinator/package.dsv'
[26.423s] INFO:colcon.colcon_core.shell:Creating package script '/home/avees/coordinator_node/install/coordinator/share/coordinator/package.sh'
[26.424s] INFO:colcon.colcon_core.shell:Creating package script '/home/avees/coordinator_node/install/coordinator/share/coordinator/package.bash'
[26.425s] INFO:colcon.colcon_core.shell:Creating package script '/home/avees/coordinator_node/install/coordinator/share/coordinator/package.zsh'
[26.426s] Level 1:colcon.colcon_core.environment:create_file_with_runtime_dependencies(/home/avees/coordinator_node/install/coordinator/share/colcon-core/packages/coordinator)
[26.427s] DEBUG:colcon.colcon_parallel_executor.executor.parallel:closing loop
[26.427s] DEBUG:colcon.colcon_parallel_executor.executor.parallel:loop closed
[26.428s] DEBUG:colcon.colcon_parallel_executor.executor.parallel:run_until_complete finished with '0'
[26.428s] DEBUG:colcon.colcon_core.event_reactor:joining thread
[26.447s] INFO:colcon.colcon_core.plugin_system:Skipping extension 'colcon_notification.desktop_notification.terminal_notifier': Not used on non-Darwin systems
[26.447s] INFO:colcon.colcon_core.plugin_system:Skipping extension 'colcon_notification.desktop_notification.win32': Not used on non-Windows systems
[26.448s] INFO:colcon.colcon_notification.desktop_notification:Sending desktop notification using 'notify2'
[26.482s] DEBUG:colcon.colcon_core.event_reactor:joined thread
[26.483s] INFO:colcon.colcon_core.shell:Creating prefix script '/home/avees/coordinator_node/install/local_setup.ps1'
[26.485s] INFO:colcon.colcon_core.shell:Creating prefix util module '/home/avees/coordinator_node/install/_local_setup_util_ps1.py'
[26.489s] INFO:colcon.colcon_core.shell:Creating prefix chain script '/home/avees/coordinator_node/install/setup.ps1'
[26.493s] INFO:colcon.colcon_core.shell:Creating prefix script '/home/avees/coordinator_node/install/local_setup.sh'
[26.495s] INFO:colcon.colcon_core.shell:Creating prefix util module '/home/avees/coordinator_node/install/_local_setup_util_sh.py'
[26.497s] INFO:colcon.colcon_core.shell:Creating prefix chain script '/home/avees/coordinator_node/install/setup.sh'
[26.500s] INFO:colcon.colcon_core.shell:Creating prefix script '/home/avees/coordinator_node/install/local_setup.bash'
[26.501s] INFO:colcon.colcon_core.shell:Creating prefix chain script '/home/avees/coordinator_node/install/setup.bash'
[26.504s] INFO:colcon.colcon_core.shell:Creating prefix script '/home/avees/coordinator_node/install/local_setup.zsh'
[26.506s] INFO:colcon.colcon_core.shell:Creating prefix chain script '/home/avees/coordinator_node/install/setup.zsh'
