[35m[1mScanning dependencies of target coordinator_node[0m
[  6%] [32mBuilding CXX object CMakeFiles/coordinator_node.dir/src/main.cpp.o[0m
[  6%] [32mBuilding CXX object CMakeFiles/coordinator_node.dir/src/coordinator.cpp.o[0m
In file included from [01m[K/home/avees/coordinator/src/main.cpp:2[m[K:
[01m[K/home/avees/coordinator/include/coordinator/coordinator.hpp:61:24:[m[K [01;35m[Kwarning: [m[Kconverting to ‘[01m[Krclcpp::Time[m[K’ from initializer list would use explicit constructor ‘[01m[Krclcpp::Time::Time(int64_t, rcl_clock_type_t)[m[K’
   61 |         {1, NodeStatus{[01;35m[K}[m[K},
      |                        [01;35m[K^[m[K
[01m[K/home/avees/coordinator/include/coordinator/coordinator.hpp:61:24:[m[K [01;36m[Knote: [m[Kin C++11 and above a default constructor can be explicit
[01m[K/home/avees/coordinator/include/coordinator/coordinator.hpp:62:24:[m[K [01;35m[Kwarning: [m[Kconverting to ‘[01m[Krclcpp::Time[m[K’ from initializer list would use explicit constructor ‘[01m[Krclcpp::Time::Time(int64_t, rcl_clock_type_t)[m[K’
   62 |         {2, NodeStatus{[01;35m[K}[m[K},
      |                        [01;35m[K^[m[K
[01m[K/home/avees/coordinator/include/coordinator/coordinator.hpp:62:24:[m[K [01;36m[Knote: [m[Kin C++11 and above a default constructor can be explicit
[01m[K/home/avees/coordinator/include/coordinator/coordinator.hpp:63:24:[m[K [01;35m[Kwarning: [m[Kconverting to ‘[01m[Krclcpp::Time[m[K’ from initializer list would use explicit constructor ‘[01m[Krclcpp::Time::Time(int64_t, rcl_clock_type_t)[m[K’
   63 |         {3, NodeStatus{[01;35m[K}[m[K},
      |                        [01;35m[K^[m[K
[01m[K/home/avees/coordinator/include/coordinator/coordinator.hpp:63:24:[m[K [01;36m[Knote: [m[Kin C++11 and above a default constructor can be explicit
[01m[K/home/avees/coordinator/include/coordinator/coordinator.hpp:64:24:[m[K [01;35m[Kwarning: [m[Kconverting to ‘[01m[Krclcpp::Time[m[K’ from initializer list would use explicit constructor ‘[01m[Krclcpp::Time::Time(int64_t, rcl_clock_type_t)[m[K’
   64 |         {4, NodeStatus{[01;35m[K}[m[K},
      |                        [01;35m[K^[m[K
[01m[K/home/avees/coordinator/include/coordinator/coordinator.hpp:64:24:[m[K [01;36m[Knote: [m[Kin C++11 and above a default constructor can be explicit
[01m[K/home/avees/coordinator/include/coordinator/coordinator.hpp:65:24:[m[K [01;35m[Kwarning: [m[Kconverting to ‘[01m[Krclcpp::Time[m[K’ from initializer list would use explicit constructor ‘[01m[Krclcpp::Time::Time(int64_t, rcl_clock_type_t)[m[K’
   65 |         {5, NodeStatus{[01;35m[K}[m[K}
      |                        [01;35m[K^[m[K
[01m[K/home/avees/coordinator/include/coordinator/coordinator.hpp:65:24:[m[K [01;36m[Knote: [m[Kin C++11 and above a default constructor can be explicit
In file included from [01m[K/home/avees/coordinator/src/coordinator.cpp:1[m[K:
[01m[K/home/avees/coordinator/include/coordinator/coordinator.hpp:61:24:[m[K [01;35m[Kwarning: [m[Kconverting to ‘[01m[Krclcpp::Time[m[K’ from initializer list would use explicit constructor ‘[01m[Krclcpp::Time::Time(int64_t, rcl_clock_type_t)[m[K’
   61 |         {1, NodeStatus{[01;35m[K}[m[K},
      |                        [01;35m[K^[m[K
[01m[K/home/avees/coordinator/include/coordinator/coordinator.hpp:61:24:[m[K [01;36m[Knote: [m[Kin C++11 and above a default constructor can be explicit
[01m[K/home/avees/coordinator/include/coordinator/coordinator.hpp:62:24:[m[K [01;35m[Kwarning: [m[Kconverting to ‘[01m[Krclcpp::Time[m[K’ from initializer list would use explicit constructor ‘[01m[Krclcpp::Time::Time(int64_t, rcl_clock_type_t)[m[K’
   62 |         {2, NodeStatus{[01;35m[K}[m[K},
      |                        [01;35m[K^[m[K
[01m[K/home/avees/coordinator/include/coordinator/coordinator.hpp:62:24:[m[K [01;36m[Knote: [m[Kin C++11 and above a default constructor can be explicit
[01m[K/home/avees/coordinator/include/coordinator/coordinator.hpp:63:24:[m[K [01;35m[Kwarning: [m[Kconverting to ‘[01m[Krclcpp::Time[m[K’ from initializer list would use explicit constructor ‘[01m[Krclcpp::Time::Time(int64_t, rcl_clock_type_t)[m[K’
   63 |         {3, NodeStatus{[01;35m[K}[m[K},
      |                        [01;35m[K^[m[K
[01m[K/home/avees/coordinator/include/coordinator/coordinator.hpp:63:24:[m[K [01;36m[Knote: [m[Kin C++11 and above a default constructor can be explicit
[01m[K/home/avees/coordinator/include/coordinator/coordinator.hpp:64:24:[m[K [01;35m[Kwarning: [m[Kconverting to ‘[01m[Krclcpp::Time[m[K’ from initializer list would use explicit constructor ‘[01m[Krclcpp::Time::Time(int64_t, rcl_clock_type_t)[m[K’
   64 |         {4, NodeStatus{[01;35m[K}[m[K},
      |                        [01;35m[K^[m[K
[01m[K/home/avees/coordinator/include/coordinator/coordinator.hpp:64:24:[m[K [01;36m[Knote: [m[Kin C++11 and above a default constructor can be explicit
[01m[K/home/avees/coordinator/include/coordinator/coordinator.hpp:65:24:[m[K [01;35m[Kwarning: [m[Kconverting to ‘[01m[Krclcpp::Time[m[K’ from initializer list would use explicit constructor ‘[01m[Krclcpp::Time::Time(int64_t, rcl_clock_type_t)[m[K’
   65 |         {5, NodeStatus{[01;35m[K}[m[K}
      |                        [01;35m[K^[m[K
[01m[K/home/avees/coordinator/include/coordinator/coordinator.hpp:65:24:[m[K [01;36m[Knote: [m[Kin C++11 and above a default constructor can be explicit
[01m[K/home/avees/coordinator/src/coordinator.cpp:[m[K In constructor ‘[01m[KCoordinator::Coordinator()[m[K’:
[01m[K/home/avees/coordinator/src/coordinator.cpp:37:5:[m[K [01;31m[Kerror: [m[K‘[01m[Kroi_total_publisher_[m[K’ was not declared in this scope; did you mean ‘[01m[Kroi_publisher_[m[K’?
   37 |     [01;31m[Kroi_total_publisher_[m[K = this->create_publisher<std_msgs::msg::Int32MultiArray>("/assigned_roi_total", 10);
      |     [01;31m[K^~~~~~~~~~~~~~~~~~~~[m[K
      |     [32m[Kroi_publisher_[m[K
[01m[K/home/avees/coordinator/src/coordinator.cpp:[m[K In member function ‘[01m[Kvoid Coordinator::split_scheduling()[m[K’:
[01m[K/home/avees/coordinator/src/coordinator.cpp:185:5:[m[K [01;31m[Kerror: [m[K‘[01m[Kroi_total_publisher_[m[K’ was not declared in this scope; did you mean ‘[01m[Kroi_publisher_[m[K’?
  185 |     [01;31m[Kroi_total_publisher_[m[K->publish(total_roi_msg);
      |     [01;31m[K^~~~~~~~~~~~~~~~~~~~[m[K
      |     [32m[Kroi_publisher_[m[K
make[2]: *** [CMakeFiles/coordinator_node.dir/build.make:76: CMakeFiles/coordinator_node.dir/src/coordinator.cpp.o] Error 1
make[1]: *** [CMakeFiles/Makefile2:78: CMakeFiles/coordinator_node.dir/all] Error 2
make: *** [Makefile:141: all] Error 2
