[0.044s] Invoking command in '/home/avees/coordinator/build/coordinator': CMAKE_PREFIX_PATH=${CMAKE_PREFIX_PATH}:/opt/ros/foxy /usr/bin/cmake --build /home/avees/coordinator/build/coordinator -- -j6 -l6
[0.361s] [35m[1mScanning dependencies of target coordinator_node[0m
[0.464s] [  6%] [32mBuilding CXX object CMakeFiles/coordinator_node.dir/src/main.cpp.o[0m
[0.464s] [  6%] [32mBuilding CXX object CMakeFiles/coordinator_node.dir/src/coordinator.cpp.o[0m
[5.210s] In file included from [01m[K/home/avees/coordinator/src/main.cpp:2[m[K:
[5.210s] [01m[K/home/avees/coordinator/include/coordinator/coordinator.hpp:61:24:[m[K [01;35m[Kwarning: [m[Kconverting to ‘[01m[Krclcpp::Time[m[K’ from initializer list would use explicit constructor ‘[01m[Krclcpp::Time::Time(int64_t, rcl_clock_type_t)[m[K’
[5.210s]    61 |         {1, NodeStatus{[01;35m[K}[m[K},
[5.210s]       |                        [01;35m[K^[m[K
[5.211s] [01m[K/home/avees/coordinator/include/coordinator/coordinator.hpp:61:24:[m[K [01;36m[Knote: [m[Kin C++11 and above a default constructor can be explicit
[5.211s] [01m[K/home/avees/coordinator/include/coordinator/coordinator.hpp:62:24:[m[K [01;35m[Kwarning: [m[Kconverting to ‘[01m[Krclcpp::Time[m[K’ from initializer list would use explicit constructor ‘[01m[Krclcpp::Time::Time(int64_t, rcl_clock_type_t)[m[K’
[5.211s]    62 |         {2, NodeStatus{[01;35m[K}[m[K},
[5.211s]       |                        [01;35m[K^[m[K
[5.211s] [01m[K/home/avees/coordinator/include/coordinator/coordinator.hpp:62:24:[m[K [01;36m[Knote: [m[Kin C++11 and above a default constructor can be explicit
[5.211s] [01m[K/home/avees/coordinator/include/coordinator/coordinator.hpp:63:24:[m[K [01;35m[Kwarning: [m[Kconverting to ‘[01m[Krclcpp::Time[m[K’ from initializer list would use explicit constructor ‘[01m[Krclcpp::Time::Time(int64_t, rcl_clock_type_t)[m[K’
[5.211s]    63 |         {3, NodeStatus{[01;35m[K}[m[K},
[5.212s]       |                        [01;35m[K^[m[K
[5.212s] [01m[K/home/avees/coordinator/include/coordinator/coordinator.hpp:63:24:[m[K [01;36m[Knote: [m[Kin C++11 and above a default constructor can be explicit
[5.212s] [01m[K/home/avees/coordinator/include/coordinator/coordinator.hpp:64:24:[m[K [01;35m[Kwarning: [m[Kconverting to ‘[01m[Krclcpp::Time[m[K’ from initializer list would use explicit constructor ‘[01m[Krclcpp::Time::Time(int64_t, rcl_clock_type_t)[m[K’
[5.212s]    64 |         {4, NodeStatus{[01;35m[K}[m[K},
[5.212s]       |                        [01;35m[K^[m[K
[5.212s] [01m[K/home/avees/coordinator/include/coordinator/coordinator.hpp:64:24:[m[K [01;36m[Knote: [m[Kin C++11 and above a default constructor can be explicit
[5.213s] [01m[K/home/avees/coordinator/include/coordinator/coordinator.hpp:65:24:[m[K [01;35m[Kwarning: [m[Kconverting to ‘[01m[Krclcpp::Time[m[K’ from initializer list would use explicit constructor ‘[01m[Krclcpp::Time::Time(int64_t, rcl_clock_type_t)[m[K’
[5.213s]    65 |         {5, NodeStatus{[01;35m[K}[m[K}
[5.213s]       |                        [01;35m[K^[m[K
[5.213s] [01m[K/home/avees/coordinator/include/coordinator/coordinator.hpp:65:24:[m[K [01;36m[Knote: [m[Kin C++11 and above a default constructor can be explicit
[5.507s] In file included from [01m[K/home/avees/coordinator/src/coordinator.cpp:1[m[K:
[5.507s] [01m[K/home/avees/coordinator/include/coordinator/coordinator.hpp:61:24:[m[K [01;35m[Kwarning: [m[Kconverting to ‘[01m[Krclcpp::Time[m[K’ from initializer list would use explicit constructor ‘[01m[Krclcpp::Time::Time(int64_t, rcl_clock_type_t)[m[K’
[5.507s]    61 |         {1, NodeStatus{[01;35m[K}[m[K},
[5.508s]       |                        [01;35m[K^[m[K
[5.508s] [01m[K/home/avees/coordinator/include/coordinator/coordinator.hpp:61:24:[m[K [01;36m[Knote: [m[Kin C++11 and above a default constructor can be explicit
[5.508s] [01m[K/home/avees/coordinator/include/coordinator/coordinator.hpp:62:24:[m[K [01;35m[Kwarning: [m[Kconverting to ‘[01m[Krclcpp::Time[m[K’ from initializer list would use explicit constructor ‘[01m[Krclcpp::Time::Time(int64_t, rcl_clock_type_t)[m[K’
[5.508s]    62 |         {2, NodeStatus{[01;35m[K}[m[K},
[5.509s]       |                        [01;35m[K^[m[K
[5.509s] [01m[K/home/avees/coordinator/include/coordinator/coordinator.hpp:62:24:[m[K [01;36m[Knote: [m[Kin C++11 and above a default constructor can be explicit
[5.509s] [01m[K/home/avees/coordinator/include/coordinator/coordinator.hpp:63:24:[m[K [01;35m[Kwarning: [m[Kconverting to ‘[01m[Krclcpp::Time[m[K’ from initializer list would use explicit constructor ‘[01m[Krclcpp::Time::Time(int64_t, rcl_clock_type_t)[m[K’
[5.509s]    63 |         {3, NodeStatus{[01;35m[K}[m[K},
[5.509s]       |                        [01;35m[K^[m[K
[5.509s] [01m[K/home/avees/coordinator/include/coordinator/coordinator.hpp:63:24:[m[K [01;36m[Knote: [m[Kin C++11 and above a default constructor can be explicit
[5.509s] [01m[K/home/avees/coordinator/include/coordinator/coordinator.hpp:64:24:[m[K [01;35m[Kwarning: [m[Kconverting to ‘[01m[Krclcpp::Time[m[K’ from initializer list would use explicit constructor ‘[01m[Krclcpp::Time::Time(int64_t, rcl_clock_type_t)[m[K’
[5.509s]    64 |         {4, NodeStatus{[01;35m[K}[m[K},
[5.510s]       |                        [01;35m[K^[m[K
[5.510s] [01m[K/home/avees/coordinator/include/coordinator/coordinator.hpp:64:24:[m[K [01;36m[Knote: [m[Kin C++11 and above a default constructor can be explicit
[5.510s] [01m[K/home/avees/coordinator/include/coordinator/coordinator.hpp:65:24:[m[K [01;35m[Kwarning: [m[Kconverting to ‘[01m[Krclcpp::Time[m[K’ from initializer list would use explicit constructor ‘[01m[Krclcpp::Time::Time(int64_t, rcl_clock_type_t)[m[K’
[5.510s]    65 |         {5, NodeStatus{[01;35m[K}[m[K}
[5.510s]       |                        [01;35m[K^[m[K
[5.510s] [01m[K/home/avees/coordinator/include/coordinator/coordinator.hpp:65:24:[m[K [01;36m[Knote: [m[Kin C++11 and above a default constructor can be explicit
[5.594s] [01m[K/home/avees/coordinator/src/coordinator.cpp:[m[K In constructor ‘[01m[KCoordinator::Coordinator()[m[K’:
[5.594s] [01m[K/home/avees/coordinator/src/coordinator.cpp:37:5:[m[K [01;31m[Kerror: [m[K‘[01m[Kroi_total_publisher_[m[K’ was not declared in this scope; did you mean ‘[01m[Kroi_publisher_[m[K’?
[5.594s]    37 |     [01;31m[Kroi_total_publisher_[m[K = this->create_publisher<std_msgs::msg::Int32MultiArray>("/assigned_roi_total", 10);
[5.594s]       |     [01;31m[K^~~~~~~~~~~~~~~~~~~~[m[K
[5.594s]       |     [32m[Kroi_publisher_[m[K
[5.660s] [01m[K/home/avees/coordinator/src/coordinator.cpp:[m[K In member function ‘[01m[Kvoid Coordinator::split_scheduling()[m[K’:
[5.660s] [01m[K/home/avees/coordinator/src/coordinator.cpp:185:5:[m[K [01;31m[Kerror: [m[K‘[01m[Kroi_total_publisher_[m[K’ was not declared in this scope; did you mean ‘[01m[Kroi_publisher_[m[K’?
[5.660s]   185 |     [01;31m[Kroi_total_publisher_[m[K->publish(total_roi_msg);
[5.660s]       |     [01;31m[K^~~~~~~~~~~~~~~~~~~~[m[K
[5.661s]       |     [32m[Kroi_publisher_[m[K
[10.859s] make[2]: *** [CMakeFiles/coordinator_node.dir/build.make:76: CMakeFiles/coordinator_node.dir/src/coordinator.cpp.o] Error 1
[10.860s] make[1]: *** [CMakeFiles/Makefile2:78: CMakeFiles/coordinator_node.dir/all] Error 2
[10.860s] make: *** [Makefile:141: all] Error 2
[10.881s] Invoked command in '/home/avees/coordinator/build/coordinator' returned '2': CMAKE_PREFIX_PATH=${CMAKE_PREFIX_PATH}:/opt/ros/foxy /usr/bin/cmake --build /home/avees/coordinator/build/coordinator -- -j6 -l6
