[0.045s] Invoking command in '/home/avees/coordinator/build/coordinator': CMAKE_PREFIX_PATH=/opt/ros/foxy /usr/bin/cmake --build /home/avees/coordinator/build/coordinator -- -j6 -l6
[0.190s] [35m[1mScanning dependencies of target coordinator_node[0m
[0.285s] [  3%] [32mBuilding CXX object CMakeFiles/coordinator_node.dir/src/main.cpp.o[0m
[0.286s] [  6%] [32mBuilding CXX object CMakeFiles/coordinator_node.dir/src/coordinator.cpp.o[0m
[0.566s] In file included from [01m[K/home/avees/coordinator/src/main.cpp:2[m[K:
[0.567s] [01m[K/home/avees/coordinator/include/coordinator/coordinator.hpp:9:10:[m[K [01;31m[Kfatal error: [m[Kstd_msgs/msg/Bool: No such file or directory
[0.567s]     9 | #include [01;31m[K"std_msgs/msg/Bool"[m[K
[0.567s]       |          [01;31m[K^~~~~~~~~~~~~~~~~~~[m[K
[0.567s] In file included from [01m[K/home/avees/coordinator/src/coordinator.cpp:1[m[K:
[0.567s] [01m[K/home/avees/coordinator/include/coordinator/coordinator.hpp:9:10:[m[K [01;31m[Kfatal error: [m[Kstd_msgs/msg/Bool: No such file or directory
[0.567s]     9 | #include [01;31m[K"std_msgs/msg/Bool"[m[K
[0.568s]       |          [01;31m[K^~~~~~~~~~~~~~~~~~~[m[K
[0.568s] compilation terminated.
[0.568s] compilation terminated.
[0.574s] make[2]: *** [CMakeFiles/coordinator_node.dir/build.make:76: CMakeFiles/coordinator_node.dir/src/coordinator.cpp.o] Error 1
[0.574s] make[2]: *** Waiting for unfinished jobs....
[0.574s] make[2]: *** [CMakeFiles/coordinator_node.dir/build.make:63: CMakeFiles/coordinator_node.dir/src/main.cpp.o] Error 1
[0.575s] make[1]: *** [CMakeFiles/Makefile2:78: CMakeFiles/coordinator_node.dir/all] Error 2
[0.575s] make: *** [Makefile:141: all] Error 2
[0.581s] Invoked command in '/home/avees/coordinator/build/coordinator' returned '2': CMAKE_PREFIX_PATH=/opt/ros/foxy /usr/bin/cmake --build /home/avees/coordinator/build/coordinator -- -j6 -l6
