[0.033s] Invoking command in '/home/avees/coordinator/build/coordinator': CMAKE_PREFIX_PATH=/opt/ros/foxy /usr/bin/cmake --build /home/avees/coordinator/build/coordinator -- -j6 -l6
[0.135s] [35m[1mScanning dependencies of target coordinator_node[0m
[0.224s] [  3%] [32mBuilding CXX object CMakeFiles/coordinator_node.dir/src/coordinator.cpp.o[0m
[4.603s] [01m[K/home/avees/coordinator/src/coordinator.cpp:[m[K In member function ‘[01m[Kvoid Coordinator::split_scheduling()[m[K’:
[4.603s] [01m[K/home/avees/coordinator/src/coordinator.cpp:182:103:[m[K [01;31m[Kerror: [m[K‘[01m[Kendl[m[K’ was not declared in this scope; did you mean ‘[01m[Kstd::endl[m[K’?
[4.603s]   182 |     std::cout << "Split grid: " << rows << " * " << cols  << "(" << crop_w << "*" << crop_h << ")" << [01;31m[Kendl[m[K ;
[4.603s]       |                                                                                                       [01;31m[K^~~~[m[K
[4.603s]       |                                                                                                       [32m[Kstd::endl[m[K
[4.603s] In file included from [01m[K/usr/include/c++/9/iostream:39[m[K,
[4.604s]                  from [01m[K/opt/ros/foxy/include/rclcpp/executor.hpp:22[m[K,
[4.604s]                  from [01m[K/opt/ros/foxy/include/rclcpp/executors/multi_threaded_executor.hpp:26[m[K,
[4.604s]                  from [01m[K/opt/ros/foxy/include/rclcpp/executors.hpp:21[m[K,
[4.604s]                  from [01m[K/opt/ros/foxy/include/rclcpp/rclcpp.hpp:146[m[K,
[4.604s]                  from [01m[K/home/avees/coordinator/include/coordinator/coordinator.hpp:5[m[K,
[4.604s]                  from [01m[K/home/avees/coordinator/src/coordinator.cpp:1[m[K:
[4.604s] [01m[K/usr/include/c++/9/ostream:599:5:[m[K [01;36m[Knote: [m[K‘[01m[Kstd::endl[m[K’ declared here
[4.605s]   599 |     [01;36m[Kendl[m[K(basic_ostream<_CharT, _Traits>& __os)
[4.605s]       |     [01;36m[K^~~~[m[K
[9.563s] make[2]: *** [CMakeFiles/coordinator_node.dir/build.make:76: CMakeFiles/coordinator_node.dir/src/coordinator.cpp.o] Error 1
[9.564s] make[1]: *** [CMakeFiles/Makefile2:78: CMakeFiles/coordinator_node.dir/all] Error 2
[9.565s] make: *** [Makefile:141: all] Error 2
[9.571s] Invoked command in '/home/avees/coordinator/build/coordinator' returned '2': CMAKE_PREFIX_PATH=/opt/ros/foxy /usr/bin/cmake --build /home/avees/coordinator/build/coordinator -- -j6 -l6
