[0.024s] Invoking command in '/home/avees/coordinator/build/coordinator': CMAKE_PREFIX_PATH=${CMAKE_PREFIX_PATH}:/opt/ros/foxy /usr/bin/cmake --build /home/avees/coordinator/build/coordinator -- -j6 -l6
[0.097s] -- Found ament_cmake: 0.9.12 (/opt/ros/foxy/share/ament_cmake/cmake)
[0.140s] -- Using PYTHON_EXECUTABLE: /usr/bin/python3
[0.542s] -- Found rclcpp: 2.4.3 (/opt/ros/foxy/share/rclcpp/cmake)
[0.606s] -- Using all available rosidl_typesupport_c: rosidl_typesupport_fastrtps_c;rosidl_typesupport_introspection_c
[0.612s] -- Found rosidl_adapter: 1.3.1 (/opt/ros/foxy/share/rosidl_adapter/cmake)
[0.862s] -- Using all available rosidl_typesupport_cpp: rosidl_typesupport_fastrtps_cpp;rosidl_typesupport_introspection_cpp
[0.957s] -- Found rmw_implementation_cmake: 1.0.4 (/opt/ros/foxy/share/rmw_implementation_cmake/cmake)
[0.959s] -- Using RMW implementation 'rmw_fastrtps_cpp' as default
[1.223s] -- Found sensor_msgs: 2.0.5 (/opt/ros/foxy/share/sensor_msgs/cmake)
[1.425s] -- Found camera_info_manager: 2.4.0 (/opt/ros/foxy/share/camera_info_manager/cmake)
[1.460s] -- Setting yaml-cpp_DIR to: '/opt/ros/foxy/share/yaml_cpp_vendor/cmake/../../../opt/yaml_cpp_vendor/lib/cmake/yaml-cpp'
[1.536s] -- Found diagnostic_msgs: 2.0.5 (/opt/ros/foxy/share/diagnostic_msgs/cmake)
[1.596s] -- Found image_transport: 2.4.0 (/opt/ros/foxy/share/image_transport/cmake)
[1.668s] -- Found cv_bridge: 3.0.7 (/opt/ros/foxy/share/cv_bridge/cmake)
[1.786s] CMake Error at CMakeLists.txt:60 (install):
[1.786s]   install TARGETS given target "launch" which does not exist.
[1.786s] 
[1.786s] 
[1.786s] -- Found ament_lint_auto: 0.9.8 (/opt/ros/foxy/share/ament_lint_auto/cmake)
[1.929s] -- Added test 'copyright' to check source files copyright and LICENSE
[1.961s] -- Added test 'cppcheck' to perform static code analysis on C / C++ code
[1.961s] -- Configured cppcheck include dirs: $<BUILD_INTERFACE:/home/avees/coordinator/include>
[1.961s] -- Configured cppcheck exclude dirs and/or files: 
[1.990s] -- Added test 'cpplint' to check C / C++ code against the Google style
[1.990s] -- Configured cpplint exclude dirs and/or files: 
[1.994s] -- Added test 'flake8' to check Python code syntax and style conventions
[2.002s] -- Added test 'lint_cmake' to check CMake code style
[2.007s] -- Added test 'pep257' to check Python code against some of the style conventions in PEP 257
[2.034s] -- Added test 'uncrustify' to check C / C++ code style
[2.034s] -- Configured uncrustify additional arguments: 
[2.038s] -- Added test 'xmllint' to check XML markup files
[2.045s] -- Configuring incomplete, errors occurred!
[2.045s] See also "/home/avees/coordinator/build/coordinator/CMakeFiles/CMakeOutput.log".
[2.045s] See also "/home/avees/coordinator/build/coordinator/CMakeFiles/CMakeError.log".
[2.067s] make: *** [Makefile:1136: cmake_check_build_system] Error 1
[2.074s] Invoked command in '/home/avees/coordinator/build/coordinator' returned '2': CMAKE_PREFIX_PATH=${CMAKE_PREFIX_PATH}:/opt/ros/foxy /usr/bin/cmake --build /home/avees/coordinator/build/coordinator -- -j6 -l6
