[0.031s] Invoking command in '/home/avees/coordinator_node/build/coordinator': CMAKE_PREFIX_PATH=${CMAKE_PREFIX_PATH}:/opt/ros/foxy /usr/bin/cmake --build /home/avees/coordinator_node/build/coordinator -- -j6 -l6
[0.248s] [  3%] [32mBuilding CXX object CMakeFiles/coordinator_node.dir/src/coordinator.cpp.o[0m
[7.839s] [01m[K/home/avees/coordinator_node/src/coordinator/src/coordinator.cpp:[m[K In member function ‘[01m[Kvoid Coordinator::split_scheduling(const std::vector<int>&, const rclcpp::Time&)[m[K’:
[7.839s] [01m[K/home/avees/coordinator_node/src/coordinator/src/coordinator.cpp:280:66:[m[K [01;35m[Kwarning: [m[Knarrowing conversion of ‘[01m[Kframe_us[m[K’ from ‘[01m[Kint64_t[m[K’ {aka ‘[01m[Klong int[m[K’} to ‘[01m[Kint[m[K’ [[01;35m[K-Wnarrowing[m[K]
[7.840s]   280 |             total_roi_msg.data.insert(total_roi_msg.data.end(), {[01;35m[Kframe_us[m[K, x_offset, y_offset, w_offset, h_offset});
[7.840s]       |                                                                  [01;35m[K^~~~~~~~[m[K
[7.840s] [01m[K/home/avees/coordinator_node/src/coordinator/src/coordinator.cpp:280:66:[m[K [01;35m[Kwarning: [m[Knarrowing conversion of ‘[01m[Kframe_us[m[K’ from ‘[01m[Kint64_t[m[K’ {aka ‘[01m[Klong int[m[K’} to ‘[01m[Kint[m[K’ [[01;35m[K-Wnarrowing[m[K]
[7.862s] [01m[K/home/avees/coordinator_node/src/coordinator/src/coordinator.cpp:297:65:[m[K [01;31m[Kerror: [m[Kno matching function for call to ‘[01m[Krclcpp::Publisher<std_msgs::msg::Int64MultiArray_<std::allocator<void> > >::publish(const std_msgs::msg::Int32MultiArray_<std::allocator<void> >&)[m[K’
[7.862s]   297 |         if (it != roi_publishers_.end()) it->second->publish(msg[01;31m[K)[m[K;
[7.862s]       |                                                                 [01;31m[K^[m[K
[7.863s] In file included from [01m[K/opt/ros/foxy/include/rclcpp/topic_statistics/subscription_topic_statistics.hpp:31[m[K,
[7.864s]                  from [01m[K/opt/ros/foxy/include/rclcpp/subscription.hpp:50[m[K,
[7.864s]                  from [01m[K/opt/ros/foxy/include/rclcpp/any_executable.hpp:25[m[K,
[7.864s]                  from [01m[K/opt/ros/foxy/include/rclcpp/memory_strategy.hpp:24[m[K,
[7.864s]                  from [01m[K/opt/ros/foxy/include/rclcpp/memory_strategies.hpp:18[m[K,
[7.864s]                  from [01m[K/opt/ros/foxy/include/rclcpp/executor_options.hpp:20[m[K,
[7.864s]                  from [01m[K/opt/ros/foxy/include/rclcpp/executor.hpp:33[m[K,
[7.864s]                  from [01m[K/opt/ros/foxy/include/rclcpp/executors/multi_threaded_executor.hpp:26[m[K,
[7.865s]                  from [01m[K/opt/ros/foxy/include/rclcpp/executors.hpp:21[m[K,
[7.865s]                  from [01m[K/opt/ros/foxy/include/rclcpp/rclcpp.hpp:146[m[K,
[7.865s]                  from [01m[K/home/avees/coordinator_node/src/coordinator/include/coordinator/coordinator.hpp:5[m[K,
[7.865s]                  from [01m[K/home/avees/coordinator_node/src/coordinator/src/coordinator.cpp:1[m[K:
[7.865s] [01m[K/opt/ros/foxy/include/rclcpp/publisher.hpp:185:3:[m[K [01;36m[Knote: [m[Kcandidate: ‘[01m[Kvoid rclcpp::Publisher<MessageT, AllocatorT>::publish(std::unique_ptr<MessageT, typename std::conditional<std::is_same<typename std::allocator_traits<typename std::allocator_traits<_Alloc>::rebind_traits<MessageT>::allocator_type>::rebind_alloc<MessageT>, typename std::allocator<void>::rebind<_Tp1>::other>::value, std::default_delete<_Tp>, rclcpp::allocator::AllocatorDeleter<typename std::allocator_traits<_Alloc>::rebind_traits<MessageT>::allocator_type> >::type>) [with MessageT = std_msgs::msg::Int64MultiArray_<std::allocator<void> >; AllocatorT = std::allocator<void>; typename std::conditional<std::is_same<typename std::allocator_traits<typename std::allocator_traits<_Alloc>::rebind_traits<MessageT>::allocator_type>::rebind_alloc<MessageT>, typename std::allocator<void>::rebind<_Tp1>::other>::value, std::default_delete<_Tp>, rclcpp::allocator::AllocatorDeleter<typename std::allocator_traits<_Alloc>::rebind_traits<MessageT>::allocator_type> >::type = std::default_delete<std_msgs::msg::Int64MultiArray_<std::allocator<void> > >][m[K’
[7.865s]   185 |   [01;36m[Kpublish[m[K(std::unique_ptr<MessageT, MessageDeleter> msg)
[7.865s]       |   [01;36m[K^~~~~~~[m[K
[7.866s] [01m[K/opt/ros/foxy/include/rclcpp/publisher.hpp:185:53:[m[K [01;36m[Knote: [m[K  no known conversion for argument 1 from ‘[01m[Kconst std_msgs::msg::Int32MultiArray_<std::allocator<void> >[m[K’ to ‘[01m[Kstd::unique_ptr<std_msgs::msg::Int64MultiArray_<std::allocator<void> >, std::default_delete<std_msgs::msg::Int64MultiArray_<std::allocator<void> > > >[m[K’
[7.866s]   185 |   publish([01;36m[Kstd::unique_ptr<MessageT, MessageDeleter> msg[m[K)
[7.866s]       |           [01;36m[K~~~~~~~~~~~~~~~~~~~~~~~~~~~~~~~~~~~~~~~~~~^~~[m[K
[7.866s] [01m[K/opt/ros/foxy/include/rclcpp/publisher.hpp:209:3:[m[K [01;36m[Knote: [m[Kcandidate: ‘[01m[Kvoid rclcpp::Publisher<MessageT, AllocatorT>::publish(const MessageT&) [with MessageT = std_msgs::msg::Int64MultiArray_<std::allocator<void> >; AllocatorT = std::allocator<void>][m[K’
[7.866s]   209 |   [01;36m[Kpublish[m[K(const MessageT & msg)
[7.866s]       |   [01;36m[K^~~~~~~[m[K
[7.866s] [01m[K/opt/ros/foxy/include/rclcpp/publisher.hpp:209:28:[m[K [01;36m[Knote: [m[K  no known conversion for argument 1 from ‘[01m[Kconst std_msgs::msg::Int32MultiArray_<std::allocator<void> >[m[K’ to ‘[01m[Kconst std_msgs::msg::Int64MultiArray_<std::allocator<void> >&[m[K’
[7.867s]   209 |   publish([01;36m[Kconst MessageT & msg[m[K)
[7.867s]       |           [01;36m[K~~~~~~~~~~~~~~~~~^~~[m[K
[7.867s] [01m[K/opt/ros/foxy/include/rclcpp/publisher.hpp:226:3:[m[K [01;36m[Knote: [m[Kcandidate: ‘[01m[Kvoid rclcpp::Publisher<MessageT, AllocatorT>::publish(const rcl_serialized_message_t&) [with MessageT = std_msgs::msg::Int64MultiArray_<std::allocator<void> >; AllocatorT = std::allocator<void>; rcl_serialized_message_t = rcutils_uint8_array_t][m[K’
[7.867s]   226 |   [01;36m[Kpublish[m[K(const rcl_serialized_message_t & serialized_msg)
[7.867s]       |   [01;36m[K^~~~~~~[m[K
[7.867s] [01m[K/opt/ros/foxy/include/rclcpp/publisher.hpp:226:44:[m[K [01;36m[Knote: [m[K  no known conversion for argument 1 from ‘[01m[Kconst std_msgs::msg::Int32MultiArray_<std::allocator<void> >[m[K’ to ‘[01m[Kconst rcl_serialized_message_t&[m[K’ {aka ‘[01m[Kconst rcutils_uint8_array_t&[m[K’}
[7.867s]   226 |   publish([01;36m[Kconst rcl_serialized_message_t & serialized_msg[m[K)
[7.868s]       |           [01;36m[K~~~~~~~~~~~~~~~~~~~~~~~~~~~~~~~~~^~~~~~~~~~~~~~[m[K
[7.868s] [01m[K/opt/ros/foxy/include/rclcpp/publisher.hpp:232:3:[m[K [01;36m[Knote: [m[Kcandidate: ‘[01m[Kvoid rclcpp::Publisher<MessageT, AllocatorT>::publish(const rclcpp::SerializedMessage&) [with MessageT = std_msgs::msg::Int64MultiArray_<std::allocator<void> >; AllocatorT = std::allocator<void>][m[K’
[7.868s]   232 |   [01;36m[Kpublish[m[K(const SerializedMessage & serialized_msg)
[7.868s]       |   [01;36m[K^~~~~~~[m[K
[7.868s] [01m[K/opt/ros/foxy/include/rclcpp/publisher.hpp:232:37:[m[K [01;36m[Knote: [m[K  no known conversion for argument 1 from ‘[01m[Kconst std_msgs::msg::Int32MultiArray_<std::allocator<void> >[m[K’ to ‘[01m[Kconst rclcpp::SerializedMessage&[m[K’
[7.868s]   232 |   publish([01;36m[Kconst SerializedMessage & serialized_msg[m[K)
[7.868s]       |           [01;36m[K~~~~~~~~~~~~~~~~~~~~~~~~~~^~~~~~~~~~~~~~[m[K
[7.868s] [01m[K/opt/ros/foxy/include/rclcpp/publisher.hpp:246:3:[m[K [01;36m[Knote: [m[Kcandidate: ‘[01m[Kvoid rclcpp::Publisher<MessageT, AllocatorT>::publish(rclcpp::LoanedMessage<MessageT, AllocatorT>&&) [with MessageT = std_msgs::msg::Int64MultiArray_<std::allocator<void> >; AllocatorT = std::allocator<void>][m[K’
[7.869s]   246 |   [01;36m[Kpublish[m[K(rclcpp::LoanedMessage<MessageT, AllocatorT> && loaned_msg)
[7.869s]       |   [01;36m[K^~~~~~~[m[K
[7.869s] [01m[K/opt/ros/foxy/include/rclcpp/publisher.hpp:246:58:[m[K [01;36m[Knote: [m[K  no known conversion for argument 1 from ‘[01m[Kconst std_msgs::msg::Int32MultiArray_<std::allocator<void> >[m[K’ to ‘[01m[Krclcpp::LoanedMessage<std_msgs::msg::Int64MultiArray_<std::allocator<void> >, std::allocator<void> >&&[m[K’
[7.869s]   246 |   publish([01;36m[Krclcpp::LoanedMessage<MessageT, AllocatorT> && loaned_msg[m[K)
[7.869s]       |           [01;36m[K~~~~~~~~~~~~~~~~~~~~~~~~~~~~~~~~~~~~~~~~~~~~~~~^~~~~~~~~~[m[K
[7.869s] [01m[K/home/avees/coordinator_node/src/coordinator/src/coordinator.cpp:302:48:[m[K [01;31m[Kerror: [m[Kno matching function for call to ‘[01m[Krclcpp::Publisher<std_msgs::msg::Int64MultiArray_<std::allocator<void> > >::publish(std_msgs::msg::Int32MultiArray&)[m[K’
[7.869s]   302 |     roi_total_publisher_->publish(total_roi_msg[01;31m[K)[m[K;
[7.870s]       |                                                [01;31m[K^[m[K
[7.870s] In file included from [01m[K/opt/ros/foxy/include/rclcpp/topic_statistics/subscription_topic_statistics.hpp:31[m[K,
[7.871s]                  from [01m[K/opt/ros/foxy/include/rclcpp/subscription.hpp:50[m[K,
[7.871s]                  from [01m[K/opt/ros/foxy/include/rclcpp/any_executable.hpp:25[m[K,
[7.871s]                  from [01m[K/opt/ros/foxy/include/rclcpp/memory_strategy.hpp:24[m[K,
[7.871s]                  from [01m[K/opt/ros/foxy/include/rclcpp/memory_strategies.hpp:18[m[K,
[7.871s]                  from [01m[K/opt/ros/foxy/include/rclcpp/executor_options.hpp:20[m[K,
[7.871s]                  from [01m[K/opt/ros/foxy/include/rclcpp/executor.hpp:33[m[K,
[7.872s]                  from [01m[K/opt/ros/foxy/include/rclcpp/executors/multi_threaded_executor.hpp:26[m[K,
[7.872s]                  from [01m[K/opt/ros/foxy/include/rclcpp/executors.hpp:21[m[K,
[7.872s]                  from [01m[K/opt/ros/foxy/include/rclcpp/rclcpp.hpp:146[m[K,
[7.872s]                  from [01m[K/home/avees/coordinator_node/src/coordinator/include/coordinator/coordinator.hpp:5[m[K,
[7.872s]                  from [01m[K/home/avees/coordinator_node/src/coordinator/src/coordinator.cpp:1[m[K:
[7.872s] [01m[K/opt/ros/foxy/include/rclcpp/publisher.hpp:185:3:[m[K [01;36m[Knote: [m[Kcandidate: ‘[01m[Kvoid rclcpp::Publisher<MessageT, AllocatorT>::publish(std::unique_ptr<MessageT, typename std::conditional<std::is_same<typename std::allocator_traits<typename std::allocator_traits<_Alloc>::rebind_traits<MessageT>::allocator_type>::rebind_alloc<MessageT>, typename std::allocator<void>::rebind<_Tp1>::other>::value, std::default_delete<_Tp>, rclcpp::allocator::AllocatorDeleter<typename std::allocator_traits<_Alloc>::rebind_traits<MessageT>::allocator_type> >::type>) [with MessageT = std_msgs::msg::Int64MultiArray_<std::allocator<void> >; AllocatorT = std::allocator<void>; typename std::conditional<std::is_same<typename std::allocator_traits<typename std::allocator_traits<_Alloc>::rebind_traits<MessageT>::allocator_type>::rebind_alloc<MessageT>, typename std::allocator<void>::rebind<_Tp1>::other>::value, std::default_delete<_Tp>, rclcpp::allocator::AllocatorDeleter<typename std::allocator_traits<_Alloc>::rebind_traits<MessageT>::allocator_type> >::type = std::default_delete<std_msgs::msg::Int64MultiArray_<std::allocator<void> > >][m[K’
[7.872s]   185 |   [01;36m[Kpublish[m[K(std::unique_ptr<MessageT, MessageDeleter> msg)
[7.872s]       |   [01;36m[K^~~~~~~[m[K
[7.873s] [01m[K/opt/ros/foxy/include/rclcpp/publisher.hpp:185:53:[m[K [01;36m[Knote: [m[K  no known conversion for argument 1 from ‘[01m[Kstd_msgs::msg::Int32MultiArray[m[K’ {aka ‘[01m[Kstd_msgs::msg::Int32MultiArray_<std::allocator<void> >[m[K’} to ‘[01m[Kstd::unique_ptr<std_msgs::msg::Int64MultiArray_<std::allocator<void> >, std::default_delete<std_msgs::msg::Int64MultiArray_<std::allocator<void> > > >[m[K’
[7.873s]   185 |   publish([01;36m[Kstd::unique_ptr<MessageT, MessageDeleter> msg[m[K)
[7.873s]       |           [01;36m[K~~~~~~~~~~~~~~~~~~~~~~~~~~~~~~~~~~~~~~~~~~^~~[m[K
[7.873s] [01m[K/opt/ros/foxy/include/rclcpp/publisher.hpp:209:3:[m[K [01;36m[Knote: [m[Kcandidate: ‘[01m[Kvoid rclcpp::Publisher<MessageT, AllocatorT>::publish(const MessageT&) [with MessageT = std_msgs::msg::Int64MultiArray_<std::allocator<void> >; AllocatorT = std::allocator<void>][m[K’
[7.873s]   209 |   [01;36m[Kpublish[m[K(const MessageT & msg)
[7.873s]       |   [01;36m[K^~~~~~~[m[K
[7.873s] [01m[K/opt/ros/foxy/include/rclcpp/publisher.hpp:209:28:[m[K [01;36m[Knote: [m[K  no known conversion for argument 1 from ‘[01m[Kstd_msgs::msg::Int32MultiArray[m[K’ {aka ‘[01m[Kstd_msgs::msg::Int32MultiArray_<std::allocator<void> >[m[K’} to ‘[01m[Kconst std_msgs::msg::Int64MultiArray_<std::allocator<void> >&[m[K’
[7.874s]   209 |   publish([01;36m[Kconst MessageT & msg[m[K)
[7.874s]       |           [01;36m[K~~~~~~~~~~~~~~~~~^~~[m[K
[7.874s] [01m[K/opt/ros/foxy/include/rclcpp/publisher.hpp:226:3:[m[K [01;36m[Knote: [m[Kcandidate: ‘[01m[Kvoid rclcpp::Publisher<MessageT, AllocatorT>::publish(const rcl_serialized_message_t&) [with MessageT = std_msgs::msg::Int64MultiArray_<std::allocator<void> >; AllocatorT = std::allocator<void>; rcl_serialized_message_t = rcutils_uint8_array_t][m[K’
[7.874s]   226 |   [01;36m[Kpublish[m[K(const rcl_serialized_message_t & serialized_msg)
[7.874s]       |   [01;36m[K^~~~~~~[m[K
[7.874s] [01m[K/opt/ros/foxy/include/rclcpp/publisher.hpp:226:44:[m[K [01;36m[Knote: [m[K  no known conversion for argument 1 from ‘[01m[Kstd_msgs::msg::Int32MultiArray[m[K’ {aka ‘[01m[Kstd_msgs::msg::Int32MultiArray_<std::allocator<void> >[m[K’} to ‘[01m[Kconst rcl_serialized_message_t&[m[K’ {aka ‘[01m[Kconst rcutils_uint8_array_t&[m[K’}
[7.874s]   226 |   publish([01;36m[Kconst rcl_serialized_message_t & serialized_msg[m[K)
[7.875s]       |           [01;36m[K~~~~~~~~~~~~~~~~~~~~~~~~~~~~~~~~~^~~~~~~~~~~~~~[m[K
[7.875s] [01m[K/opt/ros/foxy/include/rclcpp/publisher.hpp:232:3:[m[K [01;36m[Knote: [m[Kcandidate: ‘[01m[Kvoid rclcpp::Publisher<MessageT, AllocatorT>::publish(const rclcpp::SerializedMessage&) [with MessageT = std_msgs::msg::Int64MultiArray_<std::allocator<void> >; AllocatorT = std::allocator<void>][m[K’
[7.875s]   232 |   [01;36m[Kpublish[m[K(const SerializedMessage & serialized_msg)
[7.875s]       |   [01;36m[K^~~~~~~[m[K
[7.875s] [01m[K/opt/ros/foxy/include/rclcpp/publisher.hpp:232:37:[m[K [01;36m[Knote: [m[K  no known conversion for argument 1 from ‘[01m[Kstd_msgs::msg::Int32MultiArray[m[K’ {aka ‘[01m[Kstd_msgs::msg::Int32MultiArray_<std::allocator<void> >[m[K’} to ‘[01m[Kconst rclcpp::SerializedMessage&[m[K’
[7.875s]   232 |   publish([01;36m[Kconst SerializedMessage & serialized_msg[m[K)
[7.875s]       |           [01;36m[K~~~~~~~~~~~~~~~~~~~~~~~~~~^~~~~~~~~~~~~~[m[K
[7.875s] [01m[K/opt/ros/foxy/include/rclcpp/publisher.hpp:246:3:[m[K [01;36m[Knote: [m[Kcandidate: ‘[01m[Kvoid rclcpp::Publisher<MessageT, AllocatorT>::publish(rclcpp::LoanedMessage<MessageT, AllocatorT>&&) [with MessageT = std_msgs::msg::Int64MultiArray_<std::allocator<void> >; AllocatorT = std::allocator<void>][m[K’
[7.876s]   246 |   [01;36m[Kpublish[m[K(rclcpp::LoanedMessage<MessageT, AllocatorT> && loaned_msg)
[7.876s]       |   [01;36m[K^~~~~~~[m[K
[7.876s] [01m[K/opt/ros/foxy/include/rclcpp/publisher.hpp:246:58:[m[K [01;36m[Knote: [m[K  no known conversion for argument 1 from ‘[01m[Kstd_msgs::msg::Int32MultiArray[m[K’ {aka ‘[01m[Kstd_msgs::msg::Int32MultiArray_<std::allocator<void> >[m[K’} to ‘[01m[Krclcpp::LoanedMessage<std_msgs::msg::Int64MultiArray_<std::allocator<void> >, std::allocator<void> >&&[m[K’
[7.876s]   246 |   publish([01;36m[Krclcpp::LoanedMessage<MessageT, AllocatorT> && loaned_msg[m[K)
[7.876s]       |           [01;36m[K~~~~~~~~~~~~~~~~~~~~~~~~~~~~~~~~~~~~~~~~~~~~~~~^~~~~~~~~~[m[K
[10.335s] In file included from [01m[K/usr/include/aarch64-linux-gnu/c++/9/bits/c++allocator.h:33[m[K,
[10.336s]                  from [01m[K/usr/include/c++/9/bits/allocator.h:46[m[K,
[10.336s]                  from [01m[K/usr/include/c++/9/memory:63[m[K,
[10.336s]                  from [01m[K/opt/ros/foxy/include/rclcpp/rclcpp.hpp:144[m[K,
[10.336s]                  from [01m[K/home/avees/coordinator_node/src/coordinator/include/coordinator/coordinator.hpp:5[m[K,
[10.336s]                  from [01m[K/home/avees/coordinator_node/src/coordinator/src/coordinator.cpp:1[m[K:
[10.337s] /usr/include/c++/9/ext/new_allocator.h: In instantiation of ‘[01m[Kvoid __gnu_cxx::new_allocator<_Tp>::construct(_Up*, _Args&& ...) [with _Up = std::pair<int, std_msgs::msg::Int32MultiArray_<std::allocator<void> > >; _Args = {int&, std_msgs::msg::Int64MultiArray_<std::allocator<void> >&}; _Tp = std::pair<int, std_msgs::msg::Int32MultiArray_<std::allocator<void> > >][m[K’:
[10.337s] [01m[K/usr/include/c++/9/bits/alloc_traits.h:483:4:[m[K   required from ‘[01m[Kstatic void std::allocator_traits<std::allocator<_Tp1> >::construct(std::allocator_traits<std::allocator<_Tp1> >::allocator_type&, _Up*, _Args&& ...) [with _Up = std::pair<int, std_msgs::msg::Int32MultiArray_<std::allocator<void> > >; _Args = {int&, std_msgs::msg::Int64MultiArray_<std::allocator<void> >&}; _Tp = std::pair<int, std_msgs::msg::Int32MultiArray_<std::allocator<void> > >; std::allocator_traits<std::allocator<_Tp1> >::allocator_type = std::allocator<std::pair<int, std_msgs::msg::Int32MultiArray_<std::allocator<void> > > >][m[K’
[10.337s] [01m[K/usr/include/c++/9/bits/vector.tcc:115:30:[m[K   required from ‘[01m[Kstd::vector<_Tp, _Alloc>::reference std::vector<_Tp, _Alloc>::emplace_back(_Args&& ...) [with _Args = {int&, std_msgs::msg::Int64MultiArray_<std::allocator<void> >&}; _Tp = std::pair<int, std_msgs::msg::Int32MultiArray_<std::allocator<void> > >; _Alloc = std::allocator<std::pair<int, std_msgs::msg::Int32MultiArray_<std::allocator<void> > > >; std::vector<_Tp, _Alloc>::reference = std::pair<int, std_msgs::msg::Int32MultiArray_<std::allocator<void> > >&][m[K’
[10.337s] [01m[K/home/avees/coordinator_node/src/coordinator/src/coordinator.cpp:278:50:[m[K   required from here
[10.337s] [01m[K/usr/include/c++/9/ext/new_allocator.h:146:4:[m[K [01;31m[Kerror: [m[Kno matching function for call to ‘[01m[Kstd::pair<int, std_msgs::msg::Int32MultiArray_<std::allocator<void> > >::pair(int&, std_msgs::msg::Int64MultiArray_<std::allocator<void> >&)[m[K’
[10.337s]   146 |  { [01;31m[K::new((void *)__p) _Up(std::forward<_Args>(__args)...)[m[K; }
[10.337s]       |    [01;31m[K^~~~~~~~~~~~~~~~~~~~~~~~~~~~~~~~~~~~~~~~~~~~~~~~~~~~~~[m[K
[10.338s] In file included from [01m[K/usr/include/c++/9/bits/stl_algobase.h:64[m[K,
[10.338s]                  from [01m[K/usr/include/c++/9/memory:62[m[K,
[10.338s]                  from [01m[K/opt/ros/foxy/include/rclcpp/rclcpp.hpp:144[m[K,
[10.338s]                  from [01m[K/home/avees/coordinator_node/src/coordinator/include/coordinator/coordinator.hpp:5[m[K,
[10.338s]                  from [01m[K/home/avees/coordinator_node/src/coordinator/src/coordinator.cpp:1[m[K:
[10.338s] [01m[K/usr/include/c++/9/bits/stl_pair.h:436:9:[m[K [01;36m[Knote: [m[Kcandidate: ‘[01m[Ktemplate<class ... _Args1, long unsigned int ..._Indexes1, class ... _Args2, long unsigned int ..._Indexes2> std::pair<_T1, _T2>::pair(std::tuple<_Args1 ...>&, std::tuple<_Args2 ...>&, std::_Index_tuple<_Indexes1 ...>, std::_Index_tuple<_Indexes2 ...>)[m[K’
[10.338s]   436 |         [01;36m[Kpair[m[K(tuple<_Args1...>&, tuple<_Args2...>&,
[10.338s]       |         [01;36m[K^~~~[m[K
[10.339s] [01m[K/usr/include/c++/9/bits/stl_pair.h:436:9:[m[K [01;36m[Knote: [m[K  template argument deduction/substitution failed:
[10.339s] In file included from [01m[K/usr/include/aarch64-linux-gnu/c++/9/bits/c++allocator.h:33[m[K,
[10.339s]                  from [01m[K/usr/include/c++/9/bits/allocator.h:46[m[K,
[10.340s]                  from [01m[K/usr/include/c++/9/memory:63[m[K,
[10.340s]                  from [01m[K/opt/ros/foxy/include/rclcpp/rclcpp.hpp:144[m[K,
[10.341s]                  from [01m[K/home/avees/coordinator_node/src/coordinator/include/coordinator/coordinator.hpp:5[m[K,
[10.341s]                  from [01m[K/home/avees/coordinator_node/src/coordinator/src/coordinator.cpp:1[m[K:
[10.341s] [01m[K/usr/include/c++/9/ext/new_allocator.h:146:4:[m[K [01;36m[Knote: [m[K  mismatched types ‘[01m[Kstd::tuple<_Tps ...>[m[K’ and ‘[01m[Kint[m[K’
[10.341s]   146 |  { [01;36m[K::new((void *)__p) _Up(std::forward<_Args>(__args)...)[m[K; }
[10.341s]       |    [01;36m[K^~~~~~~~~~~~~~~~~~~~~~~~~~~~~~~~~~~~~~~~~~~~~~~~~~~~~~[m[K
[10.341s] In file included from [01m[K/usr/include/c++/9/bits/stl_algobase.h:64[m[K,
[10.342s]                  from [01m[K/usr/include/c++/9/memory:62[m[K,
[10.342s]                  from [01m[K/opt/ros/foxy/include/rclcpp/rclcpp.hpp:144[m[K,
[10.342s]                  from [01m[K/home/avees/coordinator_node/src/coordinator/include/coordinator/coordinator.hpp:5[m[K,
[10.342s]                  from [01m[K/home/avees/coordinator_node/src/coordinator/src/coordinator.cpp:1[m[K:
[10.342s] [01m[K/usr/include/c++/9/bits/stl_pair.h:375:9:[m[K [01;36m[Knote: [m[Kcandidate: ‘[01m[Ktemplate<class ... _Args1, class ... _Args2> std::pair<_T1, _T2>::pair(std::piecewise_construct_t, std::tuple<_Args1 ...>, std::tuple<_Args2 ...>)[m[K’
[10.342s]   375 |         [01;36m[Kpair[m[K(piecewise_construct_t, tuple<_Args1...>, tuple<_Args2...>);
[10.342s]       |         [01;36m[K^~~~[m[K
[10.343s] [01m[K/usr/include/c++/9/bits/stl_pair.h:375:9:[m[K [01;36m[Knote: [m[K  template argument deduction/substitution failed:
[10.343s] In file included from [01m[K/usr/include/aarch64-linux-gnu/c++/9/bits/c++allocator.h:33[m[K,
[10.343s]                  from [01m[K/usr/include/c++/9/bits/allocator.h:46[m[K,
[10.343s]                  from [01m[K/usr/include/c++/9/memory:63[m[K,
[10.343s]                  from [01m[K/opt/ros/foxy/include/rclcpp/rclcpp.hpp:144[m[K,
[10.343s]                  from [01m[K/home/avees/coordinator_node/src/coordinator/include/coordinator/coordinator.hpp:5[m[K,
[10.345s]                  from [01m[K/home/avees/coordinator_node/src/coordinator/src/coordinator.cpp:1[m[K:
[10.345s] [01m[K/usr/include/c++/9/ext/new_allocator.h:146:4:[m[K [01;36m[Knote: [m[K  ‘[01m[Kstd_msgs::msg::Int64MultiArray_<std::allocator<void> >[m[K’ is not derived from ‘[01m[Kstd::tuple<_Tps ...>[m[K’
[10.345s]   146 |  { [01;36m[K::new((void *)__p) _Up(std::forward<_Args>(__args)...)[m[K; }
[10.345s]       |    [01;36m[K^~~~~~~~~~~~~~~~~~~~~~~~~~~~~~~~~~~~~~~~~~~~~~~~~~~~~~[m[K
[10.345s] In file included from [01m[K/usr/include/c++/9/bits/stl_algobase.h:64[m[K,
[10.346s]                  from [01m[K/usr/include/c++/9/memory:62[m[K,
[10.346s]                  from [01m[K/opt/ros/foxy/include/rclcpp/rclcpp.hpp:144[m[K,
[10.346s]                  from [01m[K/home/avees/coordinator_node/src/coordinator/include/coordinator/coordinator.hpp:5[m[K,
[10.346s]                  from [01m[K/home/avees/coordinator_node/src/coordinator/src/coordinator.cpp:1[m[K:
[10.346s] [01m[K/usr/include/c++/9/bits/stl_pair.h:370:21:[m[K [01;36m[Knote: [m[Kcandidate: ‘[01m[Ktemplate<class _U1, class _U2, typename std::enable_if<(std::_PCC<((! std::is_same<int, _U1>::value) || (! std::is_same<std_msgs::msg::Int32MultiArray_<std::allocator<void> >, _U2>::value)), int, std_msgs::msg::Int32MultiArray_<std::allocator<void> > >::_MoveConstructiblePair<_U1, _U2>() && (! std::_PCC<((! std::is_same<int, _U1>::value) || (! std::is_same<std_msgs::msg::Int32MultiArray_<std::allocator<void> >, _U2>::value)), int, std_msgs::msg::Int32MultiArray_<std::allocator<void> > >::_ImplicitlyMoveConvertiblePair<_U1, _U2>())), bool>::type <anonymous> > constexpr std::pair<_T1, _T2>::pair(std::pair<_U1, _U2>&&)[m[K’
[10.346s]   370 |  explicit constexpr [01;36m[Kpair[m[K(pair<_U1, _U2>&& __p)
[10.346s]       |                     [01;36m[K^~~~[m[K
[10.347s] [01m[K/usr/include/c++/9/bits/stl_pair.h:370:21:[m[K [01;36m[Knote: [m[K  template argument deduction/substitution failed:
[10.347s] In file included from [01m[K/usr/include/aarch64-linux-gnu/c++/9/bits/c++allocator.h:33[m[K,
[10.347s]                  from [01m[K/usr/include/c++/9/bits/allocator.h:46[m[K,
[10.347s]                  from [01m[K/usr/include/c++/9/memory:63[m[K,
[10.347s]                  from [01m[K/opt/ros/foxy/include/rclcpp/rclcpp.hpp:144[m[K,
[10.347s]                  from [01m[K/home/avees/coordinator_node/src/coordinator/include/coordinator/coordinator.hpp:5[m[K,
[10.347s]                  from [01m[K/home/avees/coordinator_node/src/coordinator/src/coordinator.cpp:1[m[K:
[10.348s] [01m[K/usr/include/c++/9/ext/new_allocator.h:146:4:[m[K [01;36m[Knote: [m[K  mismatched types ‘[01m[Kstd::pair<_T1, _T2>[m[K’ and ‘[01m[Kint[m[K’
[10.348s]   146 |  { [01;36m[K::new((void *)__p) _Up(std::forward<_Args>(__args)...)[m[K; }
[10.348s]       |    [01;36m[K^~~~~~~~~~~~~~~~~~~~~~~~~~~~~~~~~~~~~~~~~~~~~~~~~~~~~~[m[K
[10.348s] In file included from [01m[K/usr/include/c++/9/bits/stl_algobase.h:64[m[K,
[10.348s]                  from [01m[K/usr/include/c++/9/memory:62[m[K,
[10.348s]                  from [01m[K/opt/ros/foxy/include/rclcpp/rclcpp.hpp:144[m[K,
[10.348s]                  from [01m[K/home/avees/coordinator_node/src/coordinator/include/coordinator/coordinator.hpp:5[m[K,
[10.358s]                  from [01m[K/home/avees/coordinator_node/src/coordinator/src/coordinator.cpp:1[m[K:
[10.358s] [01m[K/usr/include/c++/9/bits/stl_pair.h:360:12:[m[K [01;36m[Knote: [m[Kcandidate: ‘[01m[Ktemplate<class _U1, class _U2, typename std::enable_if<(std::_PCC<((! std::is_same<int, _U1>::value) || (! std::is_same<std_msgs::msg::Int32MultiArray_<std::allocator<void> >, _U2>::value)), int, std_msgs::msg::Int32MultiArray_<std::allocator<void> > >::_MoveConstructiblePair<_U1, _U2>() && std::_PCC<((! std::is_same<int, _U1>::value) || (! std::is_same<std_msgs::msg::Int32MultiArray_<std::allocator<void> >, _U2>::value)), int, std_msgs::msg::Int32MultiArray_<std::allocator<void> > >::_ImplicitlyMoveConvertiblePair<_U1, _U2>()), bool>::type <anonymous> > constexpr std::pair<_T1, _T2>::pair(std::pair<_U1, _U2>&&)[m[K’
[10.358s]   360 |  constexpr [01;36m[Kpair[m[K(pair<_U1, _U2>&& __p)
[10.359s]       |            [01;36m[K^~~~[m[K
[10.359s] [01m[K/usr/include/c++/9/bits/stl_pair.h:360:12:[m[K [01;36m[Knote: [m[K  template argument deduction/substitution failed:
[10.359s] In file included from [01m[K/usr/include/aarch64-linux-gnu/c++/9/bits/c++allocator.h:33[m[K,
[10.359s]                  from [01m[K/usr/include/c++/9/bits/allocator.h:46[m[K,
[10.359s]                  from [01m[K/usr/include/c++/9/memory:63[m[K,
[10.359s]                  from [01m[K/opt/ros/foxy/include/rclcpp/rclcpp.hpp:144[m[K,
[10.360s]                  from [01m[K/home/avees/coordinator_node/src/coordinator/include/coordinator/coordinator.hpp:5[m[K,
[10.360s]                  from [01m[K/home/avees/coordinator_node/src/coordinator/src/coordinator.cpp:1[m[K:
[10.360s] [01m[K/usr/include/c++/9/ext/new_allocator.h:146:4:[m[K [01;36m[Knote: [m[K  mismatched types ‘[01m[Kstd::pair<_T1, _T2>[m[K’ and ‘[01m[Kint[m[K’
[10.360s]   146 |  { [01;36m[K::new((void *)__p) _Up(std::forward<_Args>(__args)...)[m[K; }
[10.360s]       |    [01;36m[K^~~~~~~~~~~~~~~~~~~~~~~~~~~~~~~~~~~~~~~~~~~~~~~~~~~~~~[m[K
[10.360s] In file included from [01m[K/usr/include/c++/9/bits/stl_algobase.h:64[m[K,
[10.361s]                  from [01m[K/usr/include/c++/9/memory:62[m[K,
[10.361s]                  from [01m[K/opt/ros/foxy/include/rclcpp/rclcpp.hpp:144[m[K,
[10.361s]                  from [01m[K/home/avees/coordinator_node/src/coordinator/include/coordinator/coordinator.hpp:5[m[K,
[10.361s]                  from [01m[K/home/avees/coordinator_node/src/coordinator/src/coordinator.cpp:1[m[K:
[10.361s] [01m[K/usr/include/c++/9/bits/stl_pair.h:350:21:[m[K [01;36m[Knote: [m[Kcandidate: ‘[01m[Ktemplate<class _U1, class _U2, typename std::enable_if<(_MoveConstructiblePair<_U1, _U2>() && (! _ImplicitlyMoveConvertiblePair<_U1, _U2>())), bool>::type <anonymous> > constexpr std::pair<_T1, _T2>::pair(_U1&&, _U2&&)[m[K’
[10.361s]   350 |  explicit constexpr [01;36m[Kpair[m[K(_U1&& __x, _U2&& __y)
[10.361s]       |                     [01;36m[K^~~~[m[K
[10.362s] [01m[K/usr/include/c++/9/bits/stl_pair.h:350:21:[m[K [01;36m[Knote: [m[K  template argument deduction/substitution failed:
[10.362s] [01m[K/usr/include/c++/9/bits/stl_pair.h:349:38:[m[K [01;31m[Kerror: [m[Kno type named ‘[01m[Ktype[m[K’ in ‘[01m[Kstruct std::enable_if<false, bool>[m[K’
[10.362s]   349 |                          bool>::type=[01;31m[Kfalse[m[K>
[10.362s]       |                                      [01;31m[K^~~~~[m[K
[10.362s] [01m[K/usr/include/c++/9/bits/stl_pair.h:341:12:[m[K [01;36m[Knote: [m[Kcandidate: ‘[01m[Ktemplate<class _U1, class _U2, typename std::enable_if<(_MoveConstructiblePair<_U1, _U2>() && _ImplicitlyMoveConvertiblePair<_U1, _U2>()), bool>::type <anonymous> > constexpr std::pair<_T1, _T2>::pair(_U1&&, _U2&&)[m[K’
[10.362s]   341 |  constexpr [01;36m[Kpair[m[K(_U1&& __x, _U2&& __y)
[10.362s]       |            [01;36m[K^~~~[m[K
[10.362s] [01m[K/usr/include/c++/9/bits/stl_pair.h:341:12:[m[K [01;36m[Knote: [m[K  template argument deduction/substitution failed:
[10.363s] [01m[K/usr/include/c++/9/bits/stl_pair.h:340:38:[m[K [01;31m[Kerror: [m[Kno type named ‘[01m[Ktype[m[K’ in ‘[01m[Kstruct std::enable_if<false, bool>[m[K’
[10.363s]   340 |                          bool>::type=[01;31m[Ktrue[m[K>
[10.363s]       |                                      [01;31m[K^~~~[m[K
[10.363s] [01m[K/usr/include/c++/9/bits/stl_pair.h:332:17:[m[K [01;36m[Knote: [m[Kcandidate: ‘[01m[Ktemplate<class _U2, typename std::enable_if<_CopyMovePair<false, int, _U2>(), bool>::type <anonymous> > std::pair<_T1, _T2>::pair(const _T1&, _U2&&)[m[K’
[10.363s]   332 |        explicit [01;36m[Kpair[m[K(const _T1& __x, _U2&& __y)
[10.363s]       |                 [01;36m[K^~~~[m[K
[10.363s] [01m[K/usr/include/c++/9/bits/stl_pair.h:332:17:[m[K [01;36m[Knote: [m[K  template argument deduction/substitution failed:
[10.364s] [01m[K/usr/include/c++/9/bits/stl_pair.h:331:38:[m[K [01;31m[Kerror: [m[Kno type named ‘[01m[Ktype[m[K’ in ‘[01m[Kstruct std::enable_if<false, bool>[m[K’
[10.364s]   331 |                          bool>::type=[01;31m[Kfalse[m[K>
[10.364s]       |                                      [01;31m[K^~~~~[m[K
[10.364s] [01m[K/usr/include/c++/9/bits/stl_pair.h:325:18:[m[K [01;36m[Knote: [m[Kcandidate: ‘[01m[Ktemplate<class _U2, typename std::enable_if<_CopyMovePair<true, int, _U2>(), bool>::type <anonymous> > constexpr std::pair<_T1, _T2>::pair(const _T1&, _U2&&)[m[K’
[10.364s]   325 |        constexpr [01;36m[Kpair[m[K(const _T1& __x, _U2&& __y)
[10.364s]       |                  [01;36m[K^~~~[m[K
[10.364s] [01m[K/usr/include/c++/9/bits/stl_pair.h:325:18:[m[K [01;36m[Knote: [m[K  template argument deduction/substitution failed:
[10.364s] [01m[K/usr/include/c++/9/bits/stl_pair.h:324:38:[m[K [01;31m[Kerror: [m[Kno type named ‘[01m[Ktype[m[K’ in ‘[01m[Kstruct std::enable_if<false, bool>[m[K’
[10.365s]   324 |                          bool>::type=[01;31m[Ktrue[m[K>
[10.365s]       |                                      [01;31m[K^~~~[m[K
[10.365s] [01m[K/usr/include/c++/9/bits/stl_pair.h:318:27:[m[K [01;36m[Knote: [m[Kcandidate: ‘[01m[Ktemplate<class _U1, typename std::enable_if<_MoveCopyPair<false, _U1, std_msgs::msg::Int32MultiArray_<std::allocator<void> > >(), bool>::type <anonymous> > constexpr std::pair<_T1, _T2>::pair(_U1&&, const _T2&)[m[K’
[10.365s]   318 |        explicit constexpr [01;36m[Kpair[m[K(_U1&& __x, const _T2& __y)
[10.365s]       |                           [01;36m[K^~~~[m[K
[10.365s] [01m[K/usr/include/c++/9/bits/stl_pair.h:318:27:[m[K [01;36m[Knote: [m[K  template argument deduction/substitution failed:
[10.365s] [01m[K/usr/include/c++/9/bits/stl_pair.h:317:38:[m[K [01;31m[Kerror: [m[Kno type named ‘[01m[Ktype[m[K’ in ‘[01m[Kstruct std::enable_if<false, bool>[m[K’
[10.365s]   317 |                          bool>::type=[01;31m[Kfalse[m[K>
[10.366s]       |                                      [01;31m[K^~~~~[m[K
[10.366s] [01m[K/usr/include/c++/9/bits/stl_pair.h:311:18:[m[K [01;36m[Knote: [m[Kcandidate: ‘[01m[Ktemplate<class _U1, typename std::enable_if<_MoveCopyPair<true, _U1, std_msgs::msg::Int32MultiArray_<std::allocator<void> > >(), bool>::type <anonymous> > constexpr std::pair<_T1, _T2>::pair(_U1&&, const _T2&)[m[K’
[10.366s]   311 |        constexpr [01;36m[Kpair[m[K(_U1&& __x, const _T2& __y)
[10.366s]       |                  [01;36m[K^~~~[m[K
[10.366s] [01m[K/usr/include/c++/9/bits/stl_pair.h:311:18:[m[K [01;36m[Knote: [m[K  template argument deduction/substitution failed:
[10.366s] In file included from [01m[K/usr/include/aarch64-linux-gnu/c++/9/bits/c++allocator.h:33[m[K,
[10.366s]                  from [01m[K/usr/include/c++/9/bits/allocator.h:46[m[K,
[10.367s]                  from [01m[K/usr/include/c++/9/memory:63[m[K,
[10.367s]                  from [01m[K/opt/ros/foxy/include/rclcpp/rclcpp.hpp:144[m[K,
[10.367s]                  from [01m[K/home/avees/coordinator_node/src/coordinator/include/coordinator/coordinator.hpp:5[m[K,
[10.367s]                  from [01m[K/home/avees/coordinator_node/src/coordinator/src/coordinator.cpp:1[m[K:
[10.367s] [01m[K/usr/include/c++/9/ext/new_allocator.h:146:4:[m[K [01;36m[Knote: [m[K  cannot convert ‘[01m[Kstd::forward<std_msgs::msg::Int64MultiArray_<std::allocator<void> >&>((* & __args#1))[m[K’ (type ‘[01m[Kstd_msgs::msg::Int64MultiArray_<std::allocator<void> >[m[K’) to type ‘[01m[Kconst std_msgs::msg::Int32MultiArray_<std::allocator<void> >&[m[K’
[10.367s]   146 |  { [01;36m[K::new((void *)__p) _Up(std::forward<_Args>(__args)...)[m[K; }
[10.367s]       |    [01;36m[K^~~~~~~~~~~~~~~~~~~~~~~~~~~~~~~~~~~~~~~~~~~~~~~~~~~~~~[m[K
[10.368s] In file included from [01m[K/usr/include/c++/9/bits/stl_algobase.h:64[m[K,
[10.368s]                  from [01m[K/usr/include/c++/9/memory:62[m[K,
[10.369s]                  from [01m[K/opt/ros/foxy/include/rclcpp/rclcpp.hpp:144[m[K,
[10.370s]                  from [01m[K/home/avees/coordinator_node/src/coordinator/include/coordinator/coordinator.hpp:5[m[K,
[10.370s]                  from [01m[K/home/avees/coordinator_node/src/coordinator/src/coordinator.cpp:1[m[K:
[10.370s] [01m[K/usr/include/c++/9/bits/stl_pair.h:304:17:[m[K [01;36m[Knote: [m[Kcandidate: ‘[01m[Kstd::pair<_T1, _T2>::pair(std::pair<_T1, _T2>&&) [with _T1 = int; _T2 = std_msgs::msg::Int32MultiArray_<std::allocator<void> >][m[K’
[10.370s]   304 |       constexpr [01;36m[Kpair[m[K(pair&&) = default;
[10.370s]       |                 [01;36m[K^~~~[m[K
[10.370s] [01m[K/usr/include/c++/9/bits/stl_pair.h:304:17:[m[K [01;36m[Knote: [m[K  candidate expects 1 argument, 2 provided
[10.370s] [01m[K/usr/include/c++/9/bits/stl_pair.h:303:17:[m[K [01;36m[Knote: [m[Kcandidate: ‘[01m[Kstd::pair<_T1, _T2>::pair(const std::pair<_T1, _T2>&) [with _T1 = int; _T2 = std_msgs::msg::Int32MultiArray_<std::allocator<void> >][m[K’
[10.371s]   303 |       constexpr [01;36m[Kpair[m[K(const pair&) = default;
[10.371s]       |                 [01;36m[K^~~~[m[K
[10.371s] [01m[K/usr/include/c++/9/bits/stl_pair.h:303:17:[m[K [01;36m[Knote: [m[K  candidate expects 1 argument, 2 provided
[10.371s] [01m[K/usr/include/c++/9/bits/stl_pair.h:300:21:[m[K [01;36m[Knote: [m[Kcandidate: ‘[01m[Ktemplate<class _U1, class _U2, typename std::enable_if<(std::_PCC<((! std::is_same<int, _U1>::value) || (! std::is_same<std_msgs::msg::Int32MultiArray_<std::allocator<void> >, _U2>::value)), int, std_msgs::msg::Int32MultiArray_<std::allocator<void> > >::_ConstructiblePair<_U1, _U2>() && (! std::_PCC<((! std::is_same<int, _U1>::value) || (! std::is_same<std_msgs::msg::Int32MultiArray_<std::allocator<void> >, _U2>::value)), int, std_msgs::msg::Int32MultiArray_<std::allocator<void> > >::_ImplicitlyConvertiblePair<_U1, _U2>())), bool>::type <anonymous> > constexpr std::pair<_T1, _T2>::pair(const std::pair<_U1, _U2>&)[m[K’
[10.371s]   300 |  explicit constexpr [01;36m[Kpair[m[K(const pair<_U1, _U2>& __p)
[10.371s]       |                     [01;36m[K^~~~[m[K
[10.371s] [01m[K/usr/include/c++/9/bits/stl_pair.h:300:21:[m[K [01;36m[Knote: [m[K  template argument deduction/substitution failed:
[10.372s] In file included from [01m[K/usr/include/aarch64-linux-gnu/c++/9/bits/c++allocator.h:33[m[K,
[10.372s]                  from [01m[K/usr/include/c++/9/bits/allocator.h:46[m[K,
[10.372s]                  from [01m[K/usr/include/c++/9/memory:63[m[K,
[10.372s]                  from [01m[K/opt/ros/foxy/include/rclcpp/rclcpp.hpp:144[m[K,
[10.372s]                  from [01m[K/home/avees/coordinator_node/src/coordinator/include/coordinator/coordinator.hpp:5[m[K,
[10.372s]                  from [01m[K/home/avees/coordinator_node/src/coordinator/src/coordinator.cpp:1[m[K:
[10.372s] [01m[K/usr/include/c++/9/ext/new_allocator.h:146:4:[m[K [01;36m[Knote: [m[K  mismatched types ‘[01m[Kconst std::pair<_T1, _T2>[m[K’ and ‘[01m[Kint[m[K’
[10.372s]   146 |  { [01;36m[K::new((void *)__p) _Up(std::forward<_Args>(__args)...)[m[K; }
[10.373s]       |    [01;36m[K^~~~~~~~~~~~~~~~~~~~~~~~~~~~~~~~~~~~~~~~~~~~~~~~~~~~~~[m[K
[10.373s] In file included from [01m[K/usr/include/c++/9/bits/stl_algobase.h:64[m[K,
[10.373s]                  from [01m[K/usr/include/c++/9/memory:62[m[K,
[10.373s]                  from [01m[K/opt/ros/foxy/include/rclcpp/rclcpp.hpp:144[m[K,
[10.373s]                  from [01m[K/home/avees/coordinator_node/src/coordinator/include/coordinator/coordinator.hpp:5[m[K,
[10.373s]                  from [01m[K/home/avees/coordinator_node/src/coordinator/src/coordinator.cpp:1[m[K:
[10.373s] [01m[K/usr/include/c++/9/bits/stl_pair.h:291:19:[m[K [01;36m[Knote: [m[Kcandidate: ‘[01m[Ktemplate<class _U1, class _U2, typename std::enable_if<(std::_PCC<((! std::is_same<int, _U1>::value) || (! std::is_same<std_msgs::msg::Int32MultiArray_<std::allocator<void> >, _U2>::value)), int, std_msgs::msg::Int32MultiArray_<std::allocator<void> > >::_ConstructiblePair<_U1, _U2>() && std::_PCC<((! std::is_same<int, _U1>::value) || (! std::is_same<std_msgs::msg::Int32MultiArray_<std::allocator<void> >, _U2>::value)), int, std_msgs::msg::Int32MultiArray_<std::allocator<void> > >::_ImplicitlyConvertiblePair<_U1, _U2>()), bool>::type <anonymous> > constexpr std::pair<_T1, _T2>::pair(const std::pair<_U1, _U2>&)[m[K’
[10.374s]   291 |         constexpr [01;36m[Kpair[m[K(const pair<_U1, _U2>& __p)
[10.374s]       |                   [01;36m[K^~~~[m[K
[10.374s] [01m[K/usr/include/c++/9/bits/stl_pair.h:291:19:[m[K [01;36m[Knote: [m[K  template argument deduction/substitution failed:
[10.374s] In file included from [01m[K/usr/include/aarch64-linux-gnu/c++/9/bits/c++allocator.h:33[m[K,
[10.374s]                  from [01m[K/usr/include/c++/9/bits/allocator.h:46[m[K,
[10.374s]                  from [01m[K/usr/include/c++/9/memory:63[m[K,
[10.374s]                  from [01m[K/opt/ros/foxy/include/rclcpp/rclcpp.hpp:144[m[K,
[10.374s]                  from [01m[K/home/avees/coordinator_node/src/coordinator/include/coordinator/coordinator.hpp:5[m[K,
[10.375s]                  from [01m[K/home/avees/coordinator_node/src/coordinator/src/coordinator.cpp:1[m[K:
[10.375s] [01m[K/usr/include/c++/9/ext/new_allocator.h:146:4:[m[K [01;36m[Knote: [m[K  mismatched types ‘[01m[Kconst std::pair<_T1, _T2>[m[K’ and ‘[01m[Kint[m[K’
[10.375s]   146 |  { [01;36m[K::new((void *)__p) _Up(std::forward<_Args>(__args)...)[m[K; }
[10.375s]       |    [01;36m[K^~~~~~~~~~~~~~~~~~~~~~~~~~~~~~~~~~~~~~~~~~~~~~~~~~~~~~[m[K
[10.375s] In file included from [01m[K/usr/include/c++/9/bits/stl_algobase.h:64[m[K,
[10.375s]                  from [01m[K/usr/include/c++/9/memory:62[m[K,
[10.375s]                  from [01m[K/opt/ros/foxy/include/rclcpp/rclcpp.hpp:144[m[K,
[10.375s]                  from [01m[K/home/avees/coordinator_node/src/coordinator/include/coordinator/coordinator.hpp:5[m[K,
[10.376s]                  from [01m[K/home/avees/coordinator_node/src/coordinator/src/coordinator.cpp:1[m[K:
[10.376s] [01m[K/usr/include/c++/9/bits/stl_pair.h:269:26:[m[K [01;36m[Knote: [m[Kcandidate: ‘[01m[Ktemplate<class _U1, class _U2, typename std::enable_if<(_ConstructiblePair<_U1, _U2>() && (! _ImplicitlyConvertiblePair<_U1, _U2>())), bool>::type <anonymous> > constexpr std::pair<_T1, _T2>::pair(const _T1&, const _T2&)[m[K’
[10.376s]   269 |       explicit constexpr [01;36m[Kpair[m[K(const _T1& __a, const _T2& __b)
[10.376s]       |                          [01;36m[K^~~~[m[K
[10.376s] [01m[K/usr/include/c++/9/bits/stl_pair.h:269:26:[m[K [01;36m[Knote: [m[K  template argument deduction/substitution failed:
[10.376s] [01m[K/usr/include/c++/9/bits/stl_pair.h:268:38:[m[K [01;31m[Kerror: [m[Kno type named ‘[01m[Ktype[m[K’ in ‘[01m[Kstruct std::enable_if<false, bool>[m[K’
[10.376s]   268 |                          bool>::type=[01;31m[Kfalse[m[K>
[10.377s]       |                                      [01;31m[K^~~~~[m[K
[10.377s] [01m[K/usr/include/c++/9/bits/stl_pair.h:260:17:[m[K [01;36m[Knote: [m[Kcandidate: ‘[01m[Ktemplate<class _U1, class _U2, typename std::enable_if<(_ConstructiblePair<_U1, _U2>() && _ImplicitlyConvertiblePair<_U1, _U2>()), bool>::type <anonymous> > constexpr std::pair<_T1, _T2>::pair(const _T1&, const _T2&)[m[K’
[10.377s]   260 |       constexpr [01;36m[Kpair[m[K(const _T1& __a, const _T2& __b)
[10.377s]       |                 [01;36m[K^~~~[m[K
[10.377s] [01m[K/usr/include/c++/9/bits/stl_pair.h:260:17:[m[K [01;36m[Knote: [m[K  template argument deduction/substitution failed:
[10.377s] In file included from [01m[K/usr/include/aarch64-linux-gnu/c++/9/bits/c++allocator.h:33[m[K,
[10.377s]                  from [01m[K/usr/include/c++/9/bits/allocator.h:46[m[K,
[10.377s]                  from [01m[K/usr/include/c++/9/memory:63[m[K,
[10.378s]                  from [01m[K/opt/ros/foxy/include/rclcpp/rclcpp.hpp:144[m[K,
[10.378s]                  from [01m[K/home/avees/coordinator_node/src/coordinator/include/coordinator/coordinator.hpp:5[m[K,
[10.378s]                  from [01m[K/home/avees/coordinator_node/src/coordinator/src/coordinator.cpp:1[m[K:
[10.378s] [01m[K/usr/include/c++/9/ext/new_allocator.h:146:4:[m[K [01;36m[Knote: [m[K  cannot convert ‘[01m[Kstd::forward<std_msgs::msg::Int64MultiArray_<std::allocator<void> >&>((* & __args#1))[m[K’ (type ‘[01m[Kstd_msgs::msg::Int64MultiArray_<std::allocator<void> >[m[K’) to type ‘[01m[Kconst std_msgs::msg::Int32MultiArray_<std::allocator<void> >&[m[K’
[10.378s]   146 |  { [01;36m[K::new((void *)__p) _Up(std::forward<_Args>(__args)...)[m[K; }
[10.378s]       |    [01;36m[K^~~~~~~~~~~~~~~~~~~~~~~~~~~~~~~~~~~~~~~~~~~~~~~~~~~~~~[m[K
[10.378s] In file included from [01m[K/usr/include/c++/9/bits/stl_algobase.h:64[m[K,
[10.379s]                  from [01m[K/usr/include/c++/9/memory:62[m[K,
[10.379s]                  from [01m[K/opt/ros/foxy/include/rclcpp/rclcpp.hpp:144[m[K,
[10.379s]                  from [01m[K/home/avees/coordinator_node/src/coordinator/include/coordinator/coordinator.hpp:5[m[K,
[10.379s]                  from [01m[K/home/avees/coordinator_node/src/coordinator/src/coordinator.cpp:1[m[K:
[10.379s] [01m[K/usr/include/c++/9/bits/stl_pair.h:242:26:[m[K [01;36m[Knote: [m[Kcandidate: ‘[01m[Ktemplate<class _U1, class _U2, typename std::enable_if<std::__and_<std::is_default_constructible<_Tp>, std::is_default_constructible<_Dp>, std::__not_<std::__and_<std::__is_implicitly_default_constructible<_U1>, std::__is_implicitly_default_constructible<_U2> > > >::value, bool>::type <anonymous> > constexpr std::pair<_T1, _T2>::pair()[m[K’
[10.380s]   242 |       explicit constexpr [01;36m[Kpair[m[K()
[10.380s]       |                          [01;36m[K^~~~[m[K
[10.380s] [01m[K/usr/include/c++/9/bits/stl_pair.h:242:26:[m[K [01;36m[Knote: [m[K  template argument deduction/substitution failed:
[10.380s] In file included from [01m[K/usr/include/aarch64-linux-gnu/c++/9/bits/c++allocator.h:33[m[K,
[10.380s]                  from [01m[K/usr/include/c++/9/bits/allocator.h:46[m[K,
[10.380s]                  from [01m[K/usr/include/c++/9/memory:63[m[K,
[10.380s]                  from [01m[K/opt/ros/foxy/include/rclcpp/rclcpp.hpp:144[m[K,
[10.381s]                  from [01m[K/home/avees/coordinator_node/src/coordinator/include/coordinator/coordinator.hpp:5[m[K,
[10.381s]                  from [01m[K/home/avees/coordinator_node/src/coordinator/src/coordinator.cpp:1[m[K:
[10.381s] [01m[K/usr/include/c++/9/ext/new_allocator.h:146:4:[m[K [01;36m[Knote: [m[K  candidate expects 0 arguments, 2 provided
[10.381s]   146 |  { [01;36m[K::new((void *)__p) _Up(std::forward<_Args>(__args)...)[m[K; }
[10.381s]       |    [01;36m[K^~~~~~~~~~~~~~~~~~~~~~~~~~~~~~~~~~~~~~~~~~~~~~~~~~~~~~[m[K
[10.381s] In file included from [01m[K/usr/include/c++/9/bits/stl_algobase.h:64[m[K,
[10.381s]                  from [01m[K/usr/include/c++/9/memory:62[m[K,
[10.381s]                  from [01m[K/opt/ros/foxy/include/rclcpp/rclcpp.hpp:144[m[K,
[10.382s]                  from [01m[K/home/avees/coordinator_node/src/coordinator/include/coordinator/coordinator.hpp:5[m[K,
[10.382s]                  from [01m[K/home/avees/coordinator_node/src/coordinator/src/coordinator.cpp:1[m[K:
[10.382s] [01m[K/usr/include/c++/9/bits/stl_pair.h:229:26:[m[K [01;36m[Knote: [m[Kcandidate: ‘[01m[Ktemplate<class _U1, class _U2, typename std::enable_if<std::__and_<std::__is_implicitly_default_constructible<_U1>, std::__is_implicitly_default_constructible<_U2> >::value, bool>::type <anonymous> > constexpr std::pair<_T1, _T2>::pair()[m[K’
[10.382s]   229 |       _GLIBCXX_CONSTEXPR [01;36m[Kpair[m[K()
[10.382s]       |                          [01;36m[K^~~~[m[K
[10.382s] [01m[K/usr/include/c++/9/bits/stl_pair.h:229:26:[m[K [01;36m[Knote: [m[K  template argument deduction/substitution failed:
[10.382s] In file included from [01m[K/usr/include/aarch64-linux-gnu/c++/9/bits/c++allocator.h:33[m[K,
[10.382s]                  from [01m[K/usr/include/c++/9/bits/allocator.h:46[m[K,
[10.383s]                  from [01m[K/usr/include/c++/9/memory:63[m[K,
[10.383s]                  from [01m[K/opt/ros/foxy/include/rclcpp/rclcpp.hpp:144[m[K,
[10.383s]                  from [01m[K/home/avees/coordinator_node/src/coordinator/include/coordinator/coordinator.hpp:5[m[K,
[10.383s]                  from [01m[K/home/avees/coordinator_node/src/coordinator/src/coordinator.cpp:1[m[K:
[10.383s] [01m[K/usr/include/c++/9/ext/new_allocator.h:146:4:[m[K [01;36m[Knote: [m[K  candidate expects 0 arguments, 2 provided
[10.383s]   146 |  { [01;36m[K::new((void *)__p) _Up(std::forward<_Args>(__args)...)[m[K; }
[10.384s]       |    [01;36m[K^~~~~~~~~~~~~~~~~~~~~~~~~~~~~~~~~~~~~~~~~~~~~~~~~~~~~~[m[K
[15.188s] make[2]: *** [CMakeFiles/coordinator_node.dir/build.make:76: CMakeFiles/coordinator_node.dir/src/coordinator.cpp.o] Error 1
[15.188s] make[1]: *** [CMakeFiles/Makefile2:78: CMakeFiles/coordinator_node.dir/all] Error 2
[15.189s] make: *** [Makefile:141: all] Error 2
[15.196s] Invoked command in '/home/avees/coordinator_node/build/coordinator' returned '2': CMAKE_PREFIX_PATH=${CMAKE_PREFIX_PATH}:/opt/ros/foxy /usr/bin/cmake --build /home/avees/coordinator_node/build/coordinator -- -j6 -l6
