[01m[K/home/avees/coordinator_node/src/coordinator/src/coordinator.cpp:[m[K In lambda function:
[01m[K/home/avees/coordinator_node/src/coordinator/src/coordinator.cpp:42:122:[m[K [01;31m[Kerror: [m[K‘[01m[Kready_frame[m[K’ was not declared in this scope; did you mean ‘[01m[Kready_frame_[m[K’?
   42 |                 std::cout << "current frame: " << current_frame_ << "| new frame: " << new_frame_ << "| ready frame:" << [01;31m[Kready_frame[m[K << std::endl;
      |                                                                                                                          [01;31m[K^~~~~~~~~~~[m[K
      |                                                                                                                          [32m[Kready_frame_[m[K
[01m[K/home/avees/coordinator_node/src/coordinator/src/coordinator.cpp:[m[K In member function ‘[01m[Kvoid Coordinator::split_scheduling(const std::vector<int>&, uint64_t)[m[K’:
[01m[K/home/avees/coordinator_node/src/coordinator/src/coordinator.cpp:248:23:[m[K [01;35m[Kwarning: [m[Kcomparison of integer expressions of different signedness: ‘[01m[Kint[m[K’ and ‘[01m[Kstd::vector<int>::size_type[m[K’ {aka ‘[01m[Klong unsigned int[m[K’} [[01;35m[K-Wsign-compare[m[K]
  248 |     for (int i = 0; [01;35m[Ki < avail_nodes.size()[m[K; i++) {
      |                     [01;35m[K~~^~~~~~~~~~~~~~~~~~~~[m[K
[01m[K/home/avees/coordinator_node/src/coordinator/src/coordinator.cpp:289:26:[m[K [01;35m[Kwarning: [m[Knarrowing conversion of ‘[01m[Kframe_time[m[K’ from ‘[01m[Kuint64_t[m[K’ {aka ‘[01m[Klong unsigned int[m[K’} to ‘[01m[Klong int[m[K’ [[01;35m[K-Wnarrowing[m[K]
  289 |             roi_.data = {[01;35m[Kframe_time[m[K, x_offset, y_offset, w_offset, h_offset};
      |                          [01;35m[K^~~~~~~~~~[m[K
[01m[K/home/avees/coordinator_node/src/coordinator/src/coordinator.cpp:289:26:[m[K [01;35m[Kwarning: [m[Knarrowing conversion of ‘[01m[Kframe_time[m[K’ from ‘[01m[Kuint64_t[m[K’ {aka ‘[01m[Klong unsigned int[m[K’} to ‘[01m[Klong int[m[K’ [[01;35m[K-Wnarrowing[m[K]
[01m[K/home/avees/coordinator_node/src/coordinator/src/coordinator.cpp:293:66:[m[K [01;35m[Kwarning: [m[Knarrowing conversion of ‘[01m[Kframe_time[m[K’ from ‘[01m[Kuint64_t[m[K’ {aka ‘[01m[Klong unsigned int[m[K’} to ‘[01m[Klong int[m[K’ [[01;35m[K-Wnarrowing[m[K]
  293 |             total_roi_msg.data.insert(total_roi_msg.data.end(), {[01;35m[Kframe_time[m[K, x_offset, y_offset, w_offset, h_offset});
      |                                                                  [01;35m[K^~~~~~~~~~[m[K
[01m[K/home/avees/coordinator_node/src/coordinator/src/coordinator.cpp:293:66:[m[K [01;35m[Kwarning: [m[Knarrowing conversion of ‘[01m[Kframe_time[m[K’ from ‘[01m[Kuint64_t[m[K’ {aka ‘[01m[Klong unsigned int[m[K’} to ‘[01m[Klong int[m[K’ [[01;35m[K-Wnarrowing[m[K]
make[2]: *** [CMakeFiles/coordinator_node.dir/build.make:76: CMakeFiles/coordinator_node.dir/src/coordinator.cpp.o] Error 1
make[1]: *** [CMakeFiles/Makefile2:78: CMakeFiles/coordinator_node.dir/all] Error 2
make: *** [Makefile:141: all] Error 2
