[0.035s] Invoking command in '/home/avees/coordinator_node/build/coordinator': CMAKE_PREFIX_PATH=${CMAKE_PREFIX_PATH}:/opt/ros/foxy /usr/bin/cmake --build /home/avees/coordinator_node/build/coordinator -- -j6 -l6
[0.151s] [35m[1mScanning dependencies of target coordinator_node[0m
[0.263s] [  3%] [32mBuilding CXX object CMakeFiles/coordinator_node.dir/src/coordinator.cpp.o[0m
[7.599s] [01m[K/home/avees/coordinator_node/src/coordinator/src/coordinator.cpp:[m[K In lambda function:
[7.599s] [01m[K/home/avees/coordinator_node/src/coordinator/src/coordinator.cpp:42:122:[m[K [01;31m[Kerror: [m[K‘[01m[Kready_frame[m[K’ was not declared in this scope; did you mean ‘[01m[Kready_frame_[m[K’?
[7.599s]    42 |                 std::cout << "current frame: " << current_frame_ << "| new frame: " << new_frame_ << "| ready frame:" << [01;31m[Kready_frame[m[K << std::endl;
[7.599s]       |                                                                                                                          [01;31m[K^~~~~~~~~~~[m[K
[7.600s]       |                                                                                                                          [32m[Kready_frame_[m[K
[7.655s] [01m[K/home/avees/coordinator_node/src/coordinator/src/coordinator.cpp:[m[K In member function ‘[01m[Kvoid Coordinator::split_scheduling(const std::vector<int>&, uint64_t)[m[K’:
[7.655s] [01m[K/home/avees/coordinator_node/src/coordinator/src/coordinator.cpp:248:23:[m[K [01;35m[Kwarning: [m[Kcomparison of integer expressions of different signedness: ‘[01m[Kint[m[K’ and ‘[01m[Kstd::vector<int>::size_type[m[K’ {aka ‘[01m[Klong unsigned int[m[K’} [[01;35m[K-Wsign-compare[m[K]
[7.655s]   248 |     for (int i = 0; [01;35m[Ki < avail_nodes.size()[m[K; i++) {
[7.656s]       |                     [01;35m[K~~^~~~~~~~~~~~~~~~~~~~[m[K
[7.669s] [01m[K/home/avees/coordinator_node/src/coordinator/src/coordinator.cpp:289:26:[m[K [01;35m[Kwarning: [m[Knarrowing conversion of ‘[01m[Kframe_time[m[K’ from ‘[01m[Kuint64_t[m[K’ {aka ‘[01m[Klong unsigned int[m[K’} to ‘[01m[Klong int[m[K’ [[01;35m[K-Wnarrowing[m[K]
[7.669s]   289 |             roi_.data = {[01;35m[Kframe_time[m[K, x_offset, y_offset, w_offset, h_offset};
[7.669s]       |                          [01;35m[K^~~~~~~~~~[m[K
[7.669s] [01m[K/home/avees/coordinator_node/src/coordinator/src/coordinator.cpp:289:26:[m[K [01;35m[Kwarning: [m[Knarrowing conversion of ‘[01m[Kframe_time[m[K’ from ‘[01m[Kuint64_t[m[K’ {aka ‘[01m[Klong unsigned int[m[K’} to ‘[01m[Klong int[m[K’ [[01;35m[K-Wnarrowing[m[K]
[7.674s] [01m[K/home/avees/coordinator_node/src/coordinator/src/coordinator.cpp:293:66:[m[K [01;35m[Kwarning: [m[Knarrowing conversion of ‘[01m[Kframe_time[m[K’ from ‘[01m[Kuint64_t[m[K’ {aka ‘[01m[Klong unsigned int[m[K’} to ‘[01m[Klong int[m[K’ [[01;35m[K-Wnarrowing[m[K]
[7.674s]   293 |             total_roi_msg.data.insert(total_roi_msg.data.end(), {[01;35m[Kframe_time[m[K, x_offset, y_offset, w_offset, h_offset});
[7.674s]       |                                                                  [01;35m[K^~~~~~~~~~[m[K
[7.675s] [01m[K/home/avees/coordinator_node/src/coordinator/src/coordinator.cpp:293:66:[m[K [01;35m[Kwarning: [m[Knarrowing conversion of ‘[01m[Kframe_time[m[K’ from ‘[01m[Kuint64_t[m[K’ {aka ‘[01m[Klong unsigned int[m[K’} to ‘[01m[Klong int[m[K’ [[01;35m[K-Wnarrowing[m[K]
[14.439s] make[2]: *** [CMakeFiles/coordinator_node.dir/build.make:76: CMakeFiles/coordinator_node.dir/src/coordinator.cpp.o] Error 1
[14.441s] make[1]: *** [CMakeFiles/Makefile2:78: CMakeFiles/coordinator_node.dir/all] Error 2
[14.441s] make: *** [Makefile:141: all] Error 2
[14.448s] Invoked command in '/home/avees/coordinator_node/build/coordinator' returned '2': CMAKE_PREFIX_PATH=${CMAKE_PREFIX_PATH}:/opt/ros/foxy /usr/bin/cmake --build /home/avees/coordinator_node/build/coordinator -- -j6 -l6
